<?xml version="1.0" encoding="UTF-8"?>
<coverage generated="1764040854844" clover="3.2.0">
  <project timestamp="1764040854844" name="All files">
    <metrics statements="553" coveredstatements="502" conditionals="65" coveredconditionals="51" methods="128" coveredmethods="114" elements="746" coveredelements="667" complexity="0" loc="553" ncloc="553" packages="1" files="20" classes="20"/>
    <file name="accountValueDisplay.ts" path="/Users/quentincorrea/Documents/Projects/Keychain/hive-keychain-mobile/src/actions/accountValueDisplay.ts">
      <metrics statements="3" coveredstatements="3" conditionals="0" coveredconditionals="0" methods="1" coveredmethods="1"/>
      <line num="2" count="2" type="stmt"/>
      <line num="4" count="2" type="stmt"/>
      <line num="7" count="3" type="stmt"/>
    </file>
    <file name="accounts.ts" path="/Users/quentincorrea/Documents/Projects/Keychain/hive-keychain-mobile/src/actions/accounts.ts">
      <metrics statements="98" coveredstatements="98" conditionals="25" coveredconditionals="25" methods="20" coveredmethods="20"/>
      <line num="1" count="3" type="stmt"/>
      <line num="2" count="2" type="stmt"/>
      <line num="3" count="2" type="stmt"/>
      <line num="4" count="2" type="stmt"/>
      <line num="6" count="2" type="stmt"/>
      <line num="7" count="2" type="stmt"/>
      <line num="8" count="2" type="stmt"/>
      <line num="9" count="2" type="stmt"/>
      <line num="10" count="2" type="stmt"/>
      <line num="11" count="2" type="stmt"/>
      <line num="12" count="2" type="stmt"/>
      <line num="20" count="2" type="stmt"/>
      <line num="21" count="2" type="stmt"/>
      <line num="28" count="2" type="stmt"/>
      <line num="29" count="2" type="stmt"/>
      <line num="37" count="10" type="stmt"/>
      <line num="38" count="10" type="stmt"/>
      <line num="39" count="10" type="stmt"/>
      <line num="40" count="10" type="cond" truecount="1" falsecount="0"/>
      <line num="41" count="5" type="stmt"/>
      <line num="46" count="10" type="cond" truecount="1" falsecount="0"/>
      <line num="47" count="4" type="stmt"/>
      <line num="48" count="4" type="cond" truecount="1" falsecount="0"/>
      <line num="49" count="3" type="cond" truecount="1" falsecount="0"/>
      <line num="50" count="3" type="cond" truecount="2" falsecount="0"/>
      <line num="52" count="3" type="stmt"/>
      <line num="54" count="6" type="stmt"/>
      <line num="58" count="6" type="stmt"/>
      <line num="59" count="6" type="stmt"/>
      <line num="60" count="6" type="stmt"/>
      <line num="66" count="6" type="stmt"/>
      <line num="68" count="7" type="stmt"/>
      <line num="71" count="6" type="cond" truecount="1" falsecount="0"/>
      <line num="72" count="1" type="stmt"/>
      <line num="73" count="1" type="stmt"/>
      <line num="75" count="5" type="cond" truecount="1" falsecount="0"/>
      <line num="76" count="5" type="stmt"/>
      <line num="77" count="5" type="cond" truecount="2" falsecount="0"/>
      <line num="85" count="2" type="stmt"/>
      <line num="86" count="2" type="stmt"/>
      <line num="87" count="2" type="stmt"/>
      <line num="90" count="2" type="stmt"/>
      <line num="93" count="2" type="stmt"/>
      <line num="94" count="2" type="stmt"/>
      <line num="95" count="3" type="stmt"/>
      <line num="96" count="2" type="stmt"/>
      <line num="97" count="2" type="stmt"/>
      <line num="98" count="3" type="stmt"/>
      <line num="99" count="2" type="cond" truecount="2" falsecount="0"/>
      <line num="100" count="1" type="stmt"/>
      <line num="105" count="1" type="stmt"/>
      <line num="109" count="1" type="stmt"/>
      <line num="110" count="1" type="stmt"/>
      <line num="112" count="1" type="stmt"/>
      <line num="116" count="2" type="stmt"/>
      <line num="117" count="2" type="stmt"/>
      <line num="118" count="3" type="stmt"/>
      <line num="120" count="3" type="stmt"/>
      <line num="121" count="4" type="stmt"/>
      <line num="124" count="3" type="cond" truecount="2" falsecount="0"/>
      <line num="125" count="1" type="stmt"/>
      <line num="126" count="1" type="stmt"/>
      <line num="130" count="2" type="stmt"/>
      <line num="132" count="3" type="cond" truecount="2" falsecount="0"/>
      <line num="133" count="2" type="stmt"/>
      <line num="134" count="2" type="stmt"/>
      <line num="135" count="2" type="stmt"/>
      <line num="136" count="2" type="stmt"/>
      <line num="137" count="2" type="stmt"/>
      <line num="139" count="1" type="stmt"/>
      <line num="143" count="2" type="stmt"/>
      <line num="151" count="2" type="stmt"/>
      <line num="152" count="2" type="stmt"/>
      <line num="153" count="4" type="stmt"/>
      <line num="154" count="4" type="stmt"/>
      <line num="155" count="4" type="cond" truecount="2" falsecount="0"/>
      <line num="156" count="1" type="stmt"/>
      <line num="157" count="3" type="cond" truecount="2" falsecount="0"/>
      <line num="158" count="1" type="stmt"/>
      <line num="162" count="2" type="stmt"/>
      <line num="164" count="4" type="cond" truecount="2" falsecount="0"/>
      <line num="165" count="2" type="stmt"/>
      <line num="167" count="2" type="stmt"/>
      <line num="171" count="2" type="stmt"/>
      <line num="177" count="2" type="stmt"/>
      <line num="178" count="2" type="stmt"/>
      <line num="179" count="1" type="stmt"/>
      <line num="180" count="1" type="stmt"/>
      <line num="181" count="1" type="stmt"/>
      <line num="186" count="1" type="stmt"/>
      <line num="193" count="2" type="stmt"/>
      <line num="194" count="4" type="stmt"/>
      <line num="195" count="4" type="stmt"/>
      <line num="196" count="4" type="stmt"/>
      <line num="197" count="4" type="stmt"/>
      <line num="198" count="4" type="stmt"/>
      <line num="203" count="4" type="stmt"/>
      <line num="207" count="4" type="stmt"/>
    </file>
    <file name="browser.ts" path="/Users/quentincorrea/Documents/Projects/Keychain/hive-keychain-mobile/src/actions/browser.ts">
      <metrics statements="64" coveredstatements="64" conditionals="6" coveredconditionals="6" methods="19" coveredmethods="19"/>
      <line num="2" count="2" type="stmt"/>
      <line num="3" count="2" type="stmt"/>
      <line num="5" count="2" type="stmt"/>
      <line num="22" count="2" type="stmt"/>
      <line num="23" count="1" type="stmt"/>
      <line num="27" count="1" type="stmt"/>
      <line num="30" count="2" type="stmt"/>
      <line num="31" count="1" type="stmt"/>
      <line num="35" count="1" type="stmt"/>
      <line num="38" count="2" type="stmt"/>
      <line num="39" count="1" type="stmt"/>
      <line num="42" count="1" type="stmt"/>
      <line num="45" count="2" type="stmt"/>
      <line num="46" count="1" type="stmt"/>
      <line num="50" count="1" type="stmt"/>
      <line num="53" count="2" type="stmt"/>
      <line num="54" count="1" type="stmt"/>
      <line num="58" count="1" type="stmt"/>
      <line num="61" count="2" type="stmt"/>
      <line num="62" count="1" type="stmt"/>
      <line num="66" count="1" type="stmt"/>
      <line num="69" count="2" type="stmt"/>
      <line num="70" count="2" type="stmt"/>
      <line num="71" count="4" type="stmt"/>
      <line num="72" count="4" type="stmt"/>
      <line num="73" count="4" type="cond" truecount="2" falsecount="0"/>
      <line num="74" count="1" type="stmt"/>
      <line num="76" count="3" type="stmt"/>
      <line num="77" count="3" type="stmt"/>
      <line num="81" count="3" type="stmt"/>
      <line num="83" count="4" type="stmt"/>
      <line num="84" count="4" type="cond" truecount="2" falsecount="0"/>
      <line num="85" count="3" type="stmt"/>
      <line num="87" count="1" type="stmt"/>
      <line num="91" count="2" type="stmt"/>
      <line num="92" count="4" type="stmt"/>
      <line num="96" count="4" type="stmt"/>
      <line num="99" count="2" type="stmt"/>
      <line num="100" count="1" type="stmt"/>
      <line num="104" count="1" type="stmt"/>
      <line num="107" count="2" type="stmt"/>
      <line num="108" count="1" type="stmt"/>
      <line num="112" count="1" type="stmt"/>
      <line num="115" count="2" type="stmt"/>
      <line num="116" count="1" type="stmt"/>
      <line num="121" count="2" type="stmt"/>
      <line num="122" count="6" type="stmt"/>
      <line num="128" count="2" type="stmt"/>
      <line num="129" count="2" type="stmt"/>
      <line num="130" count="4" type="cond" truecount="1" falsecount="0"/>
      <line num="131" count="3" type="cond" truecount="1" falsecount="0"/>
      <line num="132" count="1" type="stmt"/>
      <line num="133" count="1" type="stmt"/>
      <line num="134" count="1" type="stmt"/>
      <line num="137" count="3" type="stmt"/>
      <line num="141" count="3" type="stmt"/>
      <line num="144" count="2" type="stmt"/>
      <line num="145" count="8" type="stmt"/>
      <line num="149" count="8" type="stmt"/>
      <line num="152" count="2" type="stmt"/>
      <line num="153" count="2" type="stmt"/>
      <line num="154" count="1" type="stmt"/>
      <line num="155" count="1" type="stmt"/>
      <line num="156" count="1" type="stmt"/>
    </file>
    <file name="colors.ts" path="/Users/quentincorrea/Documents/Projects/Keychain/hive-keychain-mobile/src/actions/colors.ts">
      <metrics statements="5" coveredstatements="5" conditionals="0" coveredconditionals="0" methods="2" coveredmethods="2"/>
      <line num="2" count="2" type="stmt"/>
      <line num="4" count="2" type="stmt"/>
      <line num="6" count="2" type="stmt"/>
      <line num="7" count="1" type="stmt"/>
      <line num="11" count="1" type="stmt"/>
    </file>
    <file name="floatingBar.ts" path="/Users/quentincorrea/Documents/Projects/Keychain/hive-keychain-mobile/src/actions/floatingBar.ts">
      <metrics statements="11" coveredstatements="11" conditionals="0" coveredconditionals="0" methods="5" coveredmethods="5"/>
      <line num="2" count="1" type="stmt"/>
      <line num="10" count="1" type="stmt"/>
      <line num="13" count="2" type="stmt"/>
      <line num="19" count="1" type="stmt"/>
      <line num="22" count="1" type="stmt"/>
      <line num="28" count="1" type="stmt"/>
      <line num="31" count="1" type="stmt"/>
      <line num="37" count="1" type="stmt"/>
      <line num="40" count="1" type="stmt"/>
      <line num="46" count="1" type="stmt"/>
      <line num="47" count="1" type="stmt"/>
    </file>
    <file name="hive-uri.ts" path="/Users/quentincorrea/Documents/Projects/Keychain/hive-keychain-mobile/src/actions/hive-uri.ts">
      <metrics statements="5" coveredstatements="5" conditionals="0" coveredconditionals="0" methods="2" coveredmethods="2"/>
      <line num="3" count="2" type="stmt"/>
      <line num="5" count="2" type="stmt"/>
      <line num="9" count="1" type="stmt"/>
      <line num="15" count="2" type="stmt"/>
      <line num="16" count="1" type="stmt"/>
    </file>
    <file name="hive.ts" path="/Users/quentincorrea/Documents/Projects/Keychain/hive-keychain-mobile/src/actions/hive.ts">
      <metrics statements="81" coveredstatements="81" conditionals="4" coveredconditionals="4" methods="30" coveredmethods="30"/>
      <line num="2" count="3" type="stmt"/>
      <line num="3" count="2" type="stmt"/>
      <line num="9" count="2" type="stmt"/>
      <line num="10" count="2" type="stmt"/>
      <line num="11" count="2" type="stmt"/>
      <line num="12" count="2" type="stmt"/>
      <line num="13" count="2" type="stmt"/>
      <line num="14" count="2" type="stmt"/>
      <line num="20" count="2" type="stmt"/>
      <line num="36" count="2" type="stmt"/>
      <line num="37" count="2" type="stmt"/>
      <line num="38" count="3" type="stmt"/>
      <line num="39" count="3" type="stmt"/>
      <line num="45" count="3" type="stmt"/>
      <line num="46" count="3" type="stmt"/>
      <line num="47" count="3" type="cond" truecount="1" falsecount="0"/>
      <line num="48" count="1" type="stmt"/>
      <line num="50" count="3" type="stmt"/>
      <line num="51" count="3" type="stmt"/>
      <line num="52" count="3" type="stmt"/>
      <line num="62" count="2" type="stmt"/>
      <line num="63" count="3" type="stmt"/>
      <line num="64" count="1" type="stmt"/>
      <line num="65" count="1" type="stmt"/>
      <line num="71" count="2" type="stmt"/>
      <line num="72" count="1" type="stmt"/>
      <line num="77" count="1" type="stmt"/>
      <line num="78" count="1" type="stmt"/>
      <line num="82" count="1" type="stmt"/>
      <line num="85" count="2" type="stmt"/>
      <line num="86" count="2" type="stmt"/>
      <line num="87" count="2" type="stmt"/>
      <line num="88" count="1" type="stmt"/>
      <line num="93" count="1" type="stmt"/>
      <line num="97" count="2" type="stmt"/>
      <line num="98" count="1" type="stmt"/>
      <line num="103" count="2" type="stmt"/>
      <line num="104" count="2" type="stmt"/>
      <line num="105" count="2" type="stmt"/>
      <line num="106" count="2" type="stmt"/>
      <line num="108" count="2" type="stmt"/>
      <line num="114" count="2" type="stmt"/>
      <line num="120" count="2" type="stmt"/>
      <line num="121" count="2" type="stmt"/>
      <line num="122" count="2" type="stmt"/>
      <line num="123" count="2" type="stmt"/>
      <line num="125" count="2" type="stmt"/>
      <line num="131" count="2" type="cond" truecount="1" falsecount="0"/>
      <line num="132" count="1" type="stmt"/>
      <line num="139" count="2" type="stmt"/>
      <line num="140" count="2" type="stmt"/>
      <line num="141" count="2" type="stmt"/>
      <line num="142" count="2" type="stmt"/>
      <line num="143" count="2" type="stmt"/>
      <line num="147" count="1" type="stmt"/>
      <line num="149" count="1" type="stmt"/>
      <line num="153" count="2" type="stmt"/>
      <line num="154" count="2" type="stmt"/>
      <line num="155" count="2" type="stmt"/>
      <line num="156" count="2" type="stmt"/>
      <line num="157" count="2" type="stmt"/>
      <line num="161" count="1" type="stmt"/>
      <line num="163" count="1" type="stmt"/>
      <line num="167" count="2" type="stmt"/>
      <line num="168" count="1" type="stmt"/>
      <line num="174" count="2" type="stmt"/>
      <line num="175" count="2" type="stmt"/>
      <line num="176" count="3" type="stmt"/>
      <line num="177" count="3" type="stmt"/>
      <line num="178" count="3" type="stmt"/>
      <line num="184" count="2" type="stmt"/>
      <line num="185" count="2" type="stmt"/>
      <line num="186" count="1" type="stmt"/>
      <line num="187" count="1" type="stmt"/>
      <line num="190" count="4" type="cond" truecount="2" falsecount="0"/>
      <line num="192" count="1" type="stmt"/>
      <line num="198" count="2" type="stmt"/>
      <line num="199" count="2" type="stmt"/>
      <line num="200" count="1" type="stmt"/>
      <line num="201" count="1" type="stmt"/>
      <line num="202" count="1" type="stmt"/>
    </file>
    <file name="hiveAuthenticationService.ts" path="/Users/quentincorrea/Documents/Projects/Keychain/hive-keychain-mobile/src/actions/hiveAuthenticationService.ts">
      <metrics statements="19" coveredstatements="19" conditionals="0" coveredconditionals="0" methods="8" coveredmethods="8"/>
      <line num="4" count="1" type="stmt"/>
      <line num="6" count="1" type="stmt"/>
      <line num="7" count="1" type="stmt"/>
      <line num="8" count="1" type="stmt"/>
      <line num="9" count="1" type="stmt"/>
      <line num="15" count="1" type="stmt"/>
      <line num="16" count="1" type="stmt"/>
      <line num="22" count="1" type="stmt"/>
      <line num="23" count="1" type="stmt"/>
      <line num="26" count="1" type="stmt"/>
      <line num="27" count="1" type="stmt"/>
      <line num="33" count="1" type="stmt"/>
      <line num="37" count="2" type="stmt"/>
      <line num="43" count="1" type="stmt"/>
      <line num="44" count="1" type="stmt"/>
      <line num="49" count="1" type="stmt"/>
      <line num="50" count="1" type="stmt"/>
      <line num="56" count="1" type="stmt"/>
      <line num="60" count="1" type="stmt"/>
    </file>
    <file name="hiveEngine.ts" path="/Users/quentincorrea/Documents/Projects/Keychain/hive-keychain-mobile/src/actions/hiveEngine.ts">
      <metrics statements="71" coveredstatements="20" conditionals="14" coveredconditionals="0" methods="14" coveredmethods="0"/>
      <line num="1" count="1" type="stmt"/>
      <line num="2" count="1" type="stmt"/>
      <line num="3" count="1" type="stmt"/>
      <line num="4" count="1" type="stmt"/>
      <line num="6" count="1" type="stmt"/>
      <line num="7" count="1" type="stmt"/>
      <line num="14" count="1" type="stmt"/>
      <line num="15" count="1" type="stmt"/>
      <line num="16" count="1" type="stmt"/>
      <line num="17" count="1" type="stmt"/>
      <line num="19" count="1" type="stmt"/>
      <line num="20" count="1" type="stmt"/>
      <line num="21" count="1" type="stmt"/>
      <line num="31" count="1" type="stmt"/>
      <line num="32" count="0" type="stmt"/>
      <line num="33" count="0" type="stmt"/>
      <line num="37" count="0" type="stmt"/>
      <line num="40" count="1" type="stmt"/>
      <line num="41" count="0" type="stmt"/>
      <line num="42" count="0" type="stmt"/>
      <line num="44" count="0" type="stmt"/>
      <line num="45" count="0" type="stmt"/>
      <line num="53" count="0" type="stmt"/>
      <line num="54" count="0" type="stmt"/>
      <line num="56" count="0" type="stmt"/>
      <line num="60" count="0" type="stmt"/>
      <line num="63" count="1" type="stmt"/>
      <line num="64" count="1" type="stmt"/>
      <line num="65" count="0" type="stmt"/>
      <line num="66" count="0" type="stmt"/>
      <line num="67" count="0" type="stmt"/>
      <line num="71" count="0" type="stmt"/>
      <line num="72" count="0" type="stmt"/>
      <line num="73" count="0" type="stmt"/>
      <line num="75" count="0" type="stmt"/>
      <line num="79" count="0" type="stmt"/>
      <line num="80" count="0" type="stmt"/>
      <line num="81" count="0" type="stmt"/>
      <line num="86" count="0" type="stmt"/>
      <line num="89" count="0" type="cond" truecount="0" falsecount="2"/>
      <line num="94" count="0" type="stmt"/>
      <line num="95" count="0" type="stmt"/>
      <line num="96" count="0" type="stmt"/>
      <line num="98" count="0" type="stmt"/>
      <line num="102" count="1" type="stmt"/>
      <line num="103" count="1" type="stmt"/>
      <line num="104" count="0" type="stmt"/>
      <line num="105" count="0" type="stmt"/>
      <line num="106" count="0" type="stmt"/>
      <line num="108" count="0" type="stmt"/>
      <line num="110" count="0" type="stmt"/>
      <line num="111" count="0" type="stmt"/>
      <line num="113" count="0" type="stmt"/>
      <line num="114" count="0" type="stmt"/>
      <line num="115" count="0" type="stmt"/>
      <line num="125" count="0" type="stmt"/>
      <line num="126" count="0" type="stmt"/>
      <line num="129" count="0" type="stmt"/>
      <line num="130" count="0" type="stmt"/>
      <line num="131" count="0" type="cond" truecount="0" falsecount="9"/>
      <line num="134" count="0" type="stmt"/>
      <line num="139" count="0" type="stmt"/>
      <line num="141" count="0" type="stmt"/>
      <line num="148" count="0" type="stmt"/>
      <line num="154" count="0" type="stmt"/>
      <line num="161" count="0" type="stmt"/>
      <line num="167" count="0" type="stmt"/>
      <line num="171" count="0" type="stmt"/>
      <line num="175" count="0" type="stmt"/>
      <line num="178" count="1" type="stmt"/>
      <line num="179" count="0" type="stmt"/>
    </file>
    <file name="index.ts" path="/Users/quentincorrea/Documents/Projects/Keychain/hive-keychain-mobile/src/actions/index.ts">
      <metrics statements="52" coveredstatements="52" conditionals="8" coveredconditionals="8" methods="4" coveredmethods="4"/>
      <line num="1" count="2" type="stmt"/>
      <line num="2" count="2" type="stmt"/>
      <line num="3" count="2" type="stmt"/>
      <line num="4" count="2" type="stmt"/>
      <line num="6" count="2" type="stmt"/>
      <line num="7" count="2" type="stmt"/>
      <line num="8" count="2" type="stmt"/>
      <line num="9" count="2" type="stmt"/>
      <line num="11" count="2" type="stmt"/>
      <line num="13" count="2" type="stmt"/>
      <line num="14" count="1" type="stmt"/>
      <line num="15" count="1" type="stmt"/>
      <line num="16" count="1" type="stmt"/>
      <line num="17" count="1" type="stmt"/>
      <line num="20" count="2" type="stmt"/>
      <line num="21" count="2" type="stmt"/>
      <line num="22" count="9" type="stmt"/>
      <line num="23" count="9" type="stmt"/>
      <line num="25" count="9" type="stmt"/>
      <line num="26" count="9" type="cond" truecount="1" falsecount="0"/>
      <line num="27" count="1" type="cond" truecount="1" falsecount="0"/>
      <line num="28" count="1" type="stmt"/>
      <line num="31" count="8" type="stmt"/>
      <line num="33" count="4" type="cond" truecount="3" falsecount="0"/>
      <line num="34" count="2" type="stmt"/>
      <line num="38" count="2" type="stmt"/>
      <line num="39" count="2" type="stmt"/>
      <line num="43" count="2" type="stmt"/>
      <line num="44" count="2" type="stmt"/>
      <line num="47" count="2" type="stmt"/>
      <line num="49" count="4" type="cond" truecount="1" falsecount="0"/>
      <line num="50" count="1" type="stmt"/>
      <line num="53" count="4" type="cond" truecount="2" falsecount="0"/>
      <line num="54" count="1" type="stmt"/>
      <line num="56" count="3" type="stmt"/>
      <line num="59" count="3" type="stmt"/>
      <line num="61" count="3" type="stmt"/>
      <line num="62" count="3" type="stmt"/>
      <line num="64" count="1" type="stmt"/>
      <line num="67" count="3" type="stmt"/>
      <line num="72" count="2" type="stmt"/>
      <line num="73" count="1" type="stmt"/>
      <line num="74" count="1" type="stmt"/>
      <line num="77" count="2" type="stmt"/>
      <line num="78" count="1" type="stmt"/>
      <line num="79" count="1" type="stmt"/>
      <line num="80" count="1" type="stmt"/>
      <line num="81" count="1" type="stmt"/>
      <line num="82" count="1" type="stmt"/>
      <line num="83" count="1" type="stmt"/>
      <line num="84" count="1" type="stmt"/>
      <line num="85" count="1" type="stmt"/>
    </file>
    <file name="interfaces.ts" path="/Users/quentincorrea/Documents/Projects/Keychain/hive-keychain-mobile/src/actions/interfaces.ts">
      <metrics statements="8" coveredstatements="8" conditionals="4" coveredconditionals="4" methods="2" coveredmethods="2"/>
      <line num="186" count="12" type="cond" truecount="2" falsecount="0"/>
      <line num="187" count="12" type="stmt"/>
      <line num="188" count="12" type="stmt"/>
      <line num="189" count="12" type="stmt"/>
      <line num="192" count="12" type="cond" truecount="2" falsecount="0"/>
      <line num="193" count="12" type="stmt"/>
      <line num="194" count="12" type="stmt"/>
      <line num="195" count="12" type="stmt"/>
    </file>
    <file name="message.ts" path="/Users/quentincorrea/Documents/Projects/Keychain/hive-keychain-mobile/src/actions/message.ts">
      <metrics statements="5" coveredstatements="5" conditionals="0" coveredconditionals="0" methods="2" coveredmethods="2"/>
      <line num="3" count="2" type="stmt"/>
      <line num="5" count="2" type="stmt"/>
      <line num="12" count="3" type="stmt"/>
      <line num="24" count="2" type="stmt"/>
      <line num="25" count="1" type="stmt"/>
    </file>
    <file name="navigation.ts" path="/Users/quentincorrea/Documents/Projects/Keychain/hive-keychain-mobile/src/actions/navigation.ts">
      <metrics statements="3" coveredstatements="3" conditionals="0" coveredconditionals="0" methods="1" coveredmethods="1"/>
      <line num="2" count="1" type="stmt"/>
      <line num="4" count="1" type="stmt"/>
      <line num="7" count="3" type="stmt"/>
    </file>
    <file name="notifications.ts" path="/Users/quentincorrea/Documents/Projects/Keychain/hive-keychain-mobile/src/actions/notifications.ts">
      <metrics statements="9" coveredstatements="9" conditionals="0" coveredconditionals="0" methods="3" coveredmethods="3"/>
      <line num="3" count="1" type="stmt"/>
      <line num="5" count="1" type="stmt"/>
      <line num="7" count="1" type="stmt"/>
      <line num="8" count="1" type="stmt"/>
      <line num="9" count="2" type="stmt"/>
      <line num="10" count="2" type="stmt"/>
      <line num="15" count="2" type="stmt"/>
      <line num="21" count="1" type="stmt"/>
      <line num="22" count="1" type="stmt"/>
    </file>
    <file name="preferences.ts" path="/Users/quentincorrea/Documents/Projects/Keychain/hive-keychain-mobile/src/actions/preferences.ts">
      <metrics statements="5" coveredstatements="5" conditionals="0" coveredconditionals="0" methods="2" coveredmethods="2"/>
      <line num="3" count="2" type="stmt"/>
      <line num="5" count="2" type="stmt"/>
      <line num="10" count="1" type="stmt"/>
      <line num="20" count="2" type="stmt"/>
      <line num="25" count="1" type="stmt"/>
    </file>
    <file name="rpc-switcher.ts" path="/Users/quentincorrea/Documents/Projects/Keychain/hive-keychain-mobile/src/actions/rpc-switcher.ts">
      <metrics statements="5" coveredstatements="5" conditionals="0" coveredconditionals="0" methods="2" coveredmethods="2"/>
      <line num="2" count="2" type="stmt"/>
      <line num="4" count="2" type="stmt"/>
      <line num="5" count="1" type="stmt"/>
      <line num="11" count="2" type="stmt"/>
      <line num="12" count="2" type="stmt"/>
    </file>
    <file name="settings.ts" path="/Users/quentincorrea/Documents/Projects/Keychain/hive-keychain-mobile/src/actions/settings.ts">
      <metrics statements="15" coveredstatements="15" conditionals="0" coveredconditionals="0" methods="5" coveredmethods="5"/>
      <line num="1" count="2" type="stmt"/>
      <line num="9" count="2" type="stmt"/>
      <line num="15" count="2" type="stmt"/>
      <line num="16" count="1" type="stmt"/>
      <line num="20" count="1" type="stmt"/>
      <line num="23" count="2" type="stmt"/>
      <line num="24" count="1" type="stmt"/>
      <line num="28" count="1" type="stmt"/>
      <line num="31" count="2" type="stmt"/>
      <line num="32" count="1" type="stmt"/>
      <line num="36" count="1" type="stmt"/>
      <line num="39" count="2" type="stmt"/>
      <line num="40" count="1" type="stmt"/>
      <line num="43" count="1" type="stmt"/>
      <line num="47" count="1" type="stmt"/>
    </file>
    <file name="tokensFilters.ts" path="/Users/quentincorrea/Documents/Projects/Keychain/hive-keychain-mobile/src/actions/tokensFilters.ts">
      <metrics statements="7" coveredstatements="7" conditionals="0" coveredconditionals="0" methods="2" coveredmethods="2"/>
      <line num="3" count="1" type="stmt"/>
      <line num="5" count="1" type="stmt"/>
      <line num="6" count="1" type="stmt"/>
      <line num="10" count="1" type="stmt"/>
      <line num="13" count="1" type="stmt"/>
      <line num="14" count="1" type="stmt"/>
      <line num="17" count="1" type="stmt"/>
    </file>
    <file name="types.ts" path="/Users/quentincorrea/Documents/Projects/Keychain/hive-keychain-mobile/src/actions/types.ts">
      <metrics statements="80" coveredstatements="80" conditionals="4" coveredconditionals="4" methods="2" coveredmethods="2"/>
      <line num="2" count="41" type="stmt"/>
      <line num="3" count="41" type="stmt"/>
      <line num="4" count="41" type="stmt"/>
      <line num="5" count="41" type="stmt"/>
      <line num="8" count="41" type="stmt"/>
      <line num="9" count="41" type="stmt"/>
      <line num="10" count="41" type="stmt"/>
      <line num="11" count="41" type="stmt"/>
      <line num="14" count="41" type="stmt"/>
      <line num="15" count="41" type="stmt"/>
      <line num="16" count="41" type="stmt"/>
      <line num="17" count="41" type="stmt"/>
      <line num="18" count="41" type="stmt"/>
      <line num="19" count="41" type="stmt"/>
      <line num="20" count="41" type="stmt"/>
      <line num="21" count="41" type="stmt"/>
      <line num="22" count="41" type="stmt"/>
      <line num="23" count="41" type="stmt"/>
      <line num="24" count="41" type="stmt"/>
      <line num="25" count="41" type="stmt"/>
      <line num="27" count="41" type="stmt"/>
      <line num="28" count="41" type="stmt"/>
      <line num="29" count="41" type="stmt"/>
      <line num="30" count="41" type="stmt"/>
      <line num="31" count="41" type="stmt"/>
      <line num="32" count="41" type="stmt"/>
      <line num="33" count="41" type="stmt"/>
      <line num="34" count="41" type="stmt"/>
      <line num="37" count="41" type="stmt"/>
      <line num="38" count="41" type="stmt"/>
      <line num="40" count="41" type="stmt"/>
      <line num="41" count="41" type="stmt"/>
      <line num="42" count="41" type="stmt"/>
      <line num="43" count="41" type="stmt"/>
      <line num="44" count="41" type="stmt"/>
      <line num="45" count="41" type="stmt"/>
      <line num="47" count="41" type="stmt"/>
      <line num="48" count="41" type="stmt"/>
      <line num="49" count="41" type="stmt"/>
      <line num="50" count="41" type="stmt"/>
      <line num="51" count="41" type="stmt"/>
      <line num="52" count="41" type="stmt"/>
      <line num="53" count="41" type="stmt"/>
      <line num="54" count="41" type="stmt"/>
      <line num="55" count="41" type="stmt"/>
      <line num="56" count="41" type="stmt"/>
      <line num="57" count="41" type="stmt"/>
      <line num="58" count="41" type="stmt"/>
      <line num="59" count="41" type="stmt"/>
      <line num="60" count="41" type="stmt"/>
      <line num="61" count="41" type="stmt"/>
      <line num="63" count="41" type="stmt"/>
      <line num="64" count="41" type="stmt"/>
      <line num="67" count="41" type="stmt"/>
      <line num="68" count="41" type="stmt"/>
      <line num="71" count="41" type="stmt"/>
      <line num="72" count="41" type="stmt"/>
      <line num="73" count="41" type="stmt"/>
      <line num="74" count="41" type="stmt"/>
      <line num="75" count="41" type="stmt"/>
      <line num="77" count="41" type="cond" truecount="2" falsecount="0"/>
      <line num="78" count="41" type="stmt"/>
      <line num="79" count="41" type="stmt"/>
      <line num="80" count="41" type="stmt"/>
      <line num="81" count="41" type="stmt"/>
      <line num="82" count="41" type="stmt"/>
      <line num="83" count="41" type="stmt"/>
      <line num="84" count="41" type="stmt"/>
      <line num="85" count="41" type="stmt"/>
      <line num="88" count="41" type="cond" truecount="2" falsecount="0"/>
      <line num="89" count="41" type="stmt"/>
      <line num="90" count="41" type="stmt"/>
      <line num="94" count="41" type="stmt"/>
      <line num="95" count="41" type="stmt"/>
      <line num="98" count="41" type="stmt"/>
      <line num="99" count="41" type="stmt"/>
      <line num="102" count="41" type="stmt"/>
      <line num="105" count="41" type="stmt"/>
      <line num="108" count="41" type="stmt"/>
      <line num="109" count="41" type="stmt"/>
    </file>
    <file name="walletFilters.ts" path="/Users/quentincorrea/Documents/Projects/Keychain/hive-keychain-mobile/src/actions/walletFilters.ts">
      <metrics statements="7" coveredstatements="7" conditionals="0" coveredconditionals="0" methods="2" coveredmethods="2"/>
      <line num="3" count="1" type="stmt"/>
      <line num="5" count="1" type="stmt"/>
      <line num="6" count="1" type="stmt"/>
      <line num="10" count="1" type="stmt"/>
      <line num="13" count="1" type="stmt"/>
      <line num="14" count="1" type="stmt"/>
      <line num="17" count="1" type="stmt"/>
    </file>
  </project>
</coverage>
