<?xml version="1.0" encoding="UTF-8"?>
<coverage generated="1774321683942" clover="3.2.0">
  <project timestamp="1774321683942" name="All files">
    <metrics statements="4388" coveredstatements="3655" conditionals="1866" coveredconditionals="1169" methods="820" coveredmethods="698" elements="7074" coveredelements="5522" complexity="0" loc="4388" ncloc="4388" packages="10" files="128" classes="128"/>
    <package name="actions">
      <metrics statements="602" coveredstatements="536" conditionals="71" coveredconditionals="51" methods="132" coveredmethods="114"/>
      <file name="accountValueDisplay.ts" path="/Users/quentincorrea/Documents/Projects/Keychain/hive-keychain-mobile/src/actions/accountValueDisplay.ts">
        <metrics statements="3" coveredstatements="3" conditionals="0" coveredconditionals="0" methods="1" coveredmethods="1"/>
        <line num="2" count="10" type="stmt"/>
        <line num="4" count="10" type="stmt"/>
        <line num="7" count="3" type="stmt"/>
      </file>
      <file name="accounts.ts" path="/Users/quentincorrea/Documents/Projects/Keychain/hive-keychain-mobile/src/actions/accounts.ts">
        <metrics statements="102" coveredstatements="91" conditionals="25" coveredconditionals="19" methods="20" coveredmethods="17"/>
        <line num="1" count="9" type="stmt"/>
        <line num="2" count="9" type="stmt"/>
        <line num="3" count="9" type="stmt"/>
        <line num="4" count="9" type="stmt"/>
        <line num="6" count="9" type="stmt"/>
        <line num="7" count="9" type="stmt"/>
        <line num="8" count="9" type="stmt"/>
        <line num="9" count="9" type="stmt"/>
        <line num="10" count="9" type="stmt"/>
        <line num="11" count="9" type="stmt"/>
        <line num="12" count="9" type="stmt"/>
        <line num="13" count="9" type="stmt"/>
        <line num="14" count="9" type="stmt"/>
        <line num="22" count="9" type="stmt"/>
        <line num="23" count="9" type="stmt"/>
        <line num="30" count="9" type="stmt"/>
        <line num="31" count="9" type="stmt"/>
        <line num="39" count="10" type="stmt"/>
        <line num="40" count="10" type="stmt"/>
        <line num="41" count="10" type="stmt"/>
        <line num="42" count="10" type="cond" truecount="1" falsecount="0"/>
        <line num="43" count="5" type="stmt"/>
        <line num="48" count="10" type="cond" truecount="1" falsecount="0"/>
        <line num="49" count="4" type="stmt"/>
        <line num="50" count="4" type="cond" truecount="1" falsecount="0"/>
        <line num="51" count="3" type="cond" truecount="1" falsecount="0"/>
        <line num="52" count="3" type="cond" truecount="2" falsecount="0"/>
        <line num="54" count="3" type="stmt"/>
        <line num="56" count="6" type="stmt"/>
        <line num="60" count="6" type="stmt"/>
        <line num="61" count="6" type="stmt"/>
        <line num="62" count="6" type="stmt"/>
        <line num="68" count="6" type="stmt"/>
        <line num="70" count="7" type="stmt"/>
        <line num="73" count="6" type="cond" truecount="1" falsecount="0"/>
        <line num="74" count="1" type="stmt"/>
        <line num="75" count="1" type="stmt"/>
        <line num="77" count="5" type="cond" truecount="1" falsecount="0"/>
        <line num="78" count="5" type="stmt"/>
        <line num="79" count="5" type="cond" truecount="2" falsecount="0"/>
        <line num="87" count="9" type="stmt"/>
        <line num="89" count="2" type="stmt"/>
        <line num="90" count="2" type="stmt"/>
        <line num="91" count="2" type="stmt"/>
        <line num="92" count="2" type="stmt"/>
        <line num="95" count="2" type="stmt"/>
        <line num="98" count="9" type="stmt"/>
        <line num="99" count="9" type="stmt"/>
        <line num="100" count="3" type="stmt"/>
        <line num="101" count="2" type="stmt"/>
        <line num="102" count="2" type="stmt"/>
        <line num="103" count="3" type="stmt"/>
        <line num="104" count="2" type="cond" truecount="2" falsecount="0"/>
        <line num="105" count="1" type="stmt"/>
        <line num="110" count="1" type="stmt"/>
        <line num="114" count="1" type="stmt"/>
        <line num="115" count="1" type="stmt"/>
        <line num="117" count="1" type="stmt"/>
        <line num="121" count="9" type="stmt"/>
        <line num="122" count="9" type="stmt"/>
        <line num="123" count="3" type="stmt"/>
        <line num="125" count="3" type="stmt"/>
        <line num="126" count="4" type="stmt"/>
        <line num="129" count="3" type="cond" truecount="2" falsecount="0"/>
        <line num="130" count="1" type="stmt"/>
        <line num="131" count="1" type="stmt"/>
        <line num="135" count="2" type="stmt"/>
        <line num="137" count="3" type="cond" truecount="2" falsecount="0"/>
        <line num="138" count="2" type="stmt"/>
        <line num="139" count="2" type="stmt"/>
        <line num="140" count="2" type="stmt"/>
        <line num="141" count="2" type="stmt"/>
        <line num="142" count="2" type="stmt"/>
        <line num="144" count="1" type="stmt"/>
        <line num="148" count="2" type="stmt"/>
        <line num="156" count="9" type="stmt"/>
        <line num="157" count="9" type="stmt"/>
        <line num="158" count="0" type="stmt"/>
        <line num="159" count="0" type="stmt"/>
        <line num="160" count="0" type="cond" truecount="0" falsecount="2"/>
        <line num="161" count="0" type="stmt"/>
        <line num="162" count="0" type="cond" truecount="0" falsecount="2"/>
        <line num="163" count="0" type="stmt"/>
        <line num="167" count="0" type="stmt"/>
        <line num="169" count="0" type="cond" truecount="0" falsecount="2"/>
        <line num="170" count="0" type="stmt"/>
        <line num="172" count="0" type="stmt"/>
        <line num="176" count="0" type="stmt"/>
        <line num="182" count="9" type="stmt"/>
        <line num="183" count="9" type="stmt"/>
        <line num="184" count="1" type="stmt"/>
        <line num="185" count="1" type="stmt"/>
        <line num="186" count="1" type="stmt"/>
        <line num="191" count="1" type="stmt"/>
        <line num="198" count="9" type="stmt"/>
        <line num="199" count="2" type="stmt"/>
        <line num="200" count="2" type="stmt"/>
        <line num="201" count="2" type="stmt"/>
        <line num="202" count="2" type="stmt"/>
        <line num="203" count="2" type="stmt"/>
        <line num="208" count="2" type="stmt"/>
        <line num="212" count="2" type="stmt"/>
      </file>
      <file name="browser.ts" path="/Users/quentincorrea/Documents/Projects/Keychain/hive-keychain-mobile/src/actions/browser.ts">
        <metrics statements="64" coveredstatements="64" conditionals="6" coveredconditionals="6" methods="19" coveredmethods="19"/>
        <line num="2" count="10" type="stmt"/>
        <line num="3" count="10" type="stmt"/>
        <line num="5" count="10" type="stmt"/>
        <line num="22" count="10" type="stmt"/>
        <line num="23" count="1" type="stmt"/>
        <line num="27" count="1" type="stmt"/>
        <line num="30" count="10" type="stmt"/>
        <line num="31" count="1" type="stmt"/>
        <line num="35" count="1" type="stmt"/>
        <line num="38" count="10" type="stmt"/>
        <line num="39" count="1" type="stmt"/>
        <line num="42" count="1" type="stmt"/>
        <line num="45" count="10" type="stmt"/>
        <line num="46" count="1" type="stmt"/>
        <line num="50" count="1" type="stmt"/>
        <line num="53" count="10" type="stmt"/>
        <line num="54" count="1" type="stmt"/>
        <line num="58" count="1" type="stmt"/>
        <line num="61" count="10" type="stmt"/>
        <line num="62" count="1" type="stmt"/>
        <line num="66" count="1" type="stmt"/>
        <line num="69" count="10" type="stmt"/>
        <line num="70" count="10" type="stmt"/>
        <line num="71" count="4" type="stmt"/>
        <line num="72" count="4" type="stmt"/>
        <line num="73" count="4" type="cond" truecount="2" falsecount="0"/>
        <line num="74" count="1" type="stmt"/>
        <line num="76" count="3" type="stmt"/>
        <line num="77" count="3" type="stmt"/>
        <line num="81" count="3" type="stmt"/>
        <line num="83" count="4" type="stmt"/>
        <line num="84" count="4" type="cond" truecount="2" falsecount="0"/>
        <line num="85" count="3" type="stmt"/>
        <line num="87" count="1" type="stmt"/>
        <line num="91" count="10" type="stmt"/>
        <line num="92" count="4" type="stmt"/>
        <line num="96" count="4" type="stmt"/>
        <line num="99" count="10" type="stmt"/>
        <line num="100" count="1" type="stmt"/>
        <line num="104" count="1" type="stmt"/>
        <line num="107" count="10" type="stmt"/>
        <line num="108" count="1" type="stmt"/>
        <line num="112" count="1" type="stmt"/>
        <line num="115" count="10" type="stmt"/>
        <line num="116" count="1" type="stmt"/>
        <line num="121" count="10" type="stmt"/>
        <line num="122" count="6" type="stmt"/>
        <line num="128" count="10" type="stmt"/>
        <line num="129" count="10" type="stmt"/>
        <line num="130" count="4" type="cond" truecount="1" falsecount="0"/>
        <line num="131" count="3" type="cond" truecount="1" falsecount="0"/>
        <line num="132" count="1" type="stmt"/>
        <line num="133" count="1" type="stmt"/>
        <line num="134" count="1" type="stmt"/>
        <line num="137" count="3" type="stmt"/>
        <line num="141" count="3" type="stmt"/>
        <line num="144" count="10" type="stmt"/>
        <line num="145" count="8" type="stmt"/>
        <line num="149" count="8" type="stmt"/>
        <line num="152" count="10" type="stmt"/>
        <line num="153" count="10" type="stmt"/>
        <line num="154" count="1" type="stmt"/>
        <line num="155" count="1" type="stmt"/>
        <line num="156" count="1" type="stmt"/>
      </file>
      <file name="colors.ts" path="/Users/quentincorrea/Documents/Projects/Keychain/hive-keychain-mobile/src/actions/colors.ts">
        <metrics statements="5" coveredstatements="5" conditionals="0" coveredconditionals="0" methods="2" coveredmethods="2"/>
        <line num="2" count="10" type="stmt"/>
        <line num="4" count="10" type="stmt"/>
        <line num="6" count="10" type="stmt"/>
        <line num="7" count="1" type="stmt"/>
        <line num="11" count="1" type="stmt"/>
      </file>
      <file name="floatingBar.ts" path="/Users/quentincorrea/Documents/Projects/Keychain/hive-keychain-mobile/src/actions/floatingBar.ts">
        <metrics statements="11" coveredstatements="11" conditionals="0" coveredconditionals="0" methods="5" coveredmethods="5"/>
        <line num="2" count="1" type="stmt"/>
        <line num="10" count="1" type="stmt"/>
        <line num="13" count="2" type="stmt"/>
        <line num="19" count="1" type="stmt"/>
        <line num="22" count="1" type="stmt"/>
        <line num="28" count="1" type="stmt"/>
        <line num="31" count="1" type="stmt"/>
        <line num="37" count="1" type="stmt"/>
        <line num="40" count="1" type="stmt"/>
        <line num="46" count="1" type="stmt"/>
        <line num="47" count="1" type="stmt"/>
      </file>
      <file name="hive-uri.ts" path="/Users/quentincorrea/Documents/Projects/Keychain/hive-keychain-mobile/src/actions/hive-uri.ts">
        <metrics statements="5" coveredstatements="5" conditionals="0" coveredconditionals="0" methods="2" coveredmethods="2"/>
        <line num="3" count="10" type="stmt"/>
        <line num="5" count="10" type="stmt"/>
        <line num="9" count="1" type="stmt"/>
        <line num="15" count="10" type="stmt"/>
        <line num="16" count="1" type="stmt"/>
      </file>
      <file name="hive.ts" path="/Users/quentincorrea/Documents/Projects/Keychain/hive-keychain-mobile/src/actions/hive.ts">
        <metrics statements="81" coveredstatements="81" conditionals="4" coveredconditionals="4" methods="30" coveredmethods="30"/>
        <line num="2" count="9" type="stmt"/>
        <line num="3" count="9" type="stmt"/>
        <line num="9" count="9" type="stmt"/>
        <line num="10" count="9" type="stmt"/>
        <line num="11" count="9" type="stmt"/>
        <line num="12" count="9" type="stmt"/>
        <line num="13" count="9" type="stmt"/>
        <line num="14" count="9" type="stmt"/>
        <line num="20" count="9" type="stmt"/>
        <line num="36" count="9" type="stmt"/>
        <line num="37" count="9" type="stmt"/>
        <line num="38" count="3" type="stmt"/>
        <line num="39" count="3" type="stmt"/>
        <line num="45" count="3" type="stmt"/>
        <line num="46" count="3" type="stmt"/>
        <line num="47" count="3" type="cond" truecount="1" falsecount="0"/>
        <line num="48" count="1" type="stmt"/>
        <line num="50" count="3" type="stmt"/>
        <line num="51" count="3" type="stmt"/>
        <line num="52" count="3" type="stmt"/>
        <line num="62" count="9" type="stmt"/>
        <line num="63" count="3" type="stmt"/>
        <line num="64" count="1" type="stmt"/>
        <line num="65" count="1" type="stmt"/>
        <line num="71" count="9" type="stmt"/>
        <line num="72" count="1" type="stmt"/>
        <line num="77" count="1" type="stmt"/>
        <line num="78" count="1" type="stmt"/>
        <line num="82" count="1" type="stmt"/>
        <line num="85" count="9" type="stmt"/>
        <line num="86" count="2" type="stmt"/>
        <line num="87" count="2" type="stmt"/>
        <line num="88" count="1" type="stmt"/>
        <line num="93" count="1" type="stmt"/>
        <line num="97" count="9" type="stmt"/>
        <line num="98" count="1" type="stmt"/>
        <line num="103" count="9" type="stmt"/>
        <line num="104" count="9" type="stmt"/>
        <line num="105" count="2" type="stmt"/>
        <line num="106" count="2" type="stmt"/>
        <line num="108" count="2" type="stmt"/>
        <line num="114" count="2" type="stmt"/>
        <line num="120" count="9" type="stmt"/>
        <line num="121" count="9" type="stmt"/>
        <line num="122" count="2" type="stmt"/>
        <line num="123" count="2" type="stmt"/>
        <line num="125" count="2" type="stmt"/>
        <line num="131" count="2" type="cond" truecount="1" falsecount="0"/>
        <line num="132" count="1" type="stmt"/>
        <line num="139" count="9" type="stmt"/>
        <line num="140" count="9" type="stmt"/>
        <line num="141" count="2" type="stmt"/>
        <line num="142" count="2" type="stmt"/>
        <line num="143" count="2" type="stmt"/>
        <line num="147" count="1" type="stmt"/>
        <line num="149" count="1" type="stmt"/>
        <line num="153" count="9" type="stmt"/>
        <line num="154" count="9" type="stmt"/>
        <line num="155" count="2" type="stmt"/>
        <line num="156" count="2" type="stmt"/>
        <line num="157" count="2" type="stmt"/>
        <line num="161" count="1" type="stmt"/>
        <line num="163" count="1" type="stmt"/>
        <line num="167" count="9" type="stmt"/>
        <line num="168" count="1" type="stmt"/>
        <line num="174" count="9" type="stmt"/>
        <line num="175" count="9" type="stmt"/>
        <line num="176" count="3" type="stmt"/>
        <line num="177" count="3" type="stmt"/>
        <line num="178" count="3" type="stmt"/>
        <line num="184" count="9" type="stmt"/>
        <line num="185" count="9" type="stmt"/>
        <line num="186" count="1" type="stmt"/>
        <line num="187" count="1" type="stmt"/>
        <line num="190" count="4" type="cond" truecount="2" falsecount="0"/>
        <line num="192" count="1" type="stmt"/>
        <line num="198" count="9" type="stmt"/>
        <line num="199" count="9" type="stmt"/>
        <line num="200" count="1" type="stmt"/>
        <line num="201" count="1" type="stmt"/>
        <line num="202" count="1" type="stmt"/>
      </file>
      <file name="hiveAuthenticationService.ts" path="/Users/quentincorrea/Documents/Projects/Keychain/hive-keychain-mobile/src/actions/hiveAuthenticationService.ts">
        <metrics statements="19" coveredstatements="19" conditionals="0" coveredconditionals="0" methods="8" coveredmethods="8"/>
        <line num="4" count="1" type="stmt"/>
        <line num="6" count="1" type="stmt"/>
        <line num="7" count="1" type="stmt"/>
        <line num="8" count="1" type="stmt"/>
        <line num="9" count="1" type="stmt"/>
        <line num="15" count="1" type="stmt"/>
        <line num="16" count="1" type="stmt"/>
        <line num="22" count="1" type="stmt"/>
        <line num="23" count="1" type="stmt"/>
        <line num="26" count="1" type="stmt"/>
        <line num="27" count="1" type="stmt"/>
        <line num="33" count="1" type="stmt"/>
        <line num="37" count="2" type="stmt"/>
        <line num="43" count="1" type="stmt"/>
        <line num="44" count="1" type="stmt"/>
        <line num="49" count="1" type="stmt"/>
        <line num="50" count="1" type="stmt"/>
        <line num="56" count="1" type="stmt"/>
        <line num="60" count="1" type="stmt"/>
      </file>
      <file name="hiveEngine.ts" path="/Users/quentincorrea/Documents/Projects/Keychain/hive-keychain-mobile/src/actions/hiveEngine.ts">
        <metrics statements="71" coveredstatements="18" conditionals="14" coveredconditionals="0" methods="14" coveredmethods="0"/>
        <line num="1" count="9" type="stmt"/>
        <line num="2" count="9" type="stmt"/>
        <line num="3" count="9" type="stmt"/>
        <line num="6" count="9" type="stmt"/>
        <line num="7" count="9" type="stmt"/>
        <line num="14" count="9" type="stmt"/>
        <line num="15" count="9" type="stmt"/>
        <line num="16" count="9" type="stmt"/>
        <line num="17" count="9" type="stmt"/>
        <line num="20" count="9" type="stmt"/>
        <line num="21" count="9" type="stmt"/>
        <line num="31" count="9" type="stmt"/>
        <line num="32" count="0" type="stmt"/>
        <line num="33" count="0" type="stmt"/>
        <line num="37" count="0" type="stmt"/>
        <line num="40" count="9" type="stmt"/>
        <line num="41" count="0" type="stmt"/>
        <line num="42" count="0" type="stmt"/>
        <line num="44" count="0" type="stmt"/>
        <line num="45" count="0" type="stmt"/>
        <line num="53" count="0" type="stmt"/>
        <line num="54" count="0" type="stmt"/>
        <line num="56" count="0" type="stmt"/>
        <line num="60" count="0" type="stmt"/>
        <line num="63" count="9" type="stmt"/>
        <line num="64" count="9" type="stmt"/>
        <line num="65" count="0" type="stmt"/>
        <line num="66" count="0" type="stmt"/>
        <line num="67" count="0" type="stmt"/>
        <line num="71" count="0" type="stmt"/>
        <line num="73" count="0" type="stmt"/>
        <line num="74" count="0" type="stmt"/>
        <line num="75" count="0" type="stmt"/>
        <line num="77" count="0" type="stmt"/>
        <line num="81" count="0" type="stmt"/>
        <line num="82" count="0" type="stmt"/>
        <line num="83" count="0" type="stmt"/>
        <line num="88" count="0" type="stmt"/>
        <line num="91" count="0" type="cond" truecount="0" falsecount="2"/>
        <line num="96" count="0" type="stmt"/>
        <line num="97" count="0" type="stmt"/>
        <line num="98" count="0" type="stmt"/>
        <line num="101" count="0" type="stmt"/>
        <line num="103" count="0" type="stmt"/>
        <line num="110" count="9" type="stmt"/>
        <line num="111" count="9" type="stmt"/>
        <line num="112" count="0" type="stmt"/>
        <line num="113" count="0" type="stmt"/>
        <line num="114" count="0" type="stmt"/>
        <line num="116" count="0" type="stmt"/>
        <line num="118" count="0" type="stmt"/>
        <line num="119" count="0" type="stmt"/>
        <line num="121" count="0" type="stmt"/>
        <line num="122" count="0" type="stmt"/>
        <line num="123" count="0" type="stmt"/>
        <line num="133" count="0" type="stmt"/>
        <line num="134" count="0" type="stmt"/>
        <line num="137" count="0" type="stmt"/>
        <line num="138" count="0" type="stmt"/>
        <line num="139" count="0" type="cond" truecount="0" falsecount="9"/>
        <line num="142" count="0" type="stmt"/>
        <line num="147" count="0" type="stmt"/>
        <line num="149" count="0" type="stmt"/>
        <line num="156" count="0" type="stmt"/>
        <line num="162" count="0" type="stmt"/>
        <line num="169" count="0" type="stmt"/>
        <line num="175" count="0" type="stmt"/>
        <line num="179" count="0" type="stmt"/>
        <line num="183" count="0" type="stmt"/>
        <line num="186" count="9" type="stmt"/>
        <line num="187" count="0" type="stmt"/>
      </file>
      <file name="index.ts" path="/Users/quentincorrea/Documents/Projects/Keychain/hive-keychain-mobile/src/actions/index.ts">
        <metrics statements="93" coveredstatements="93" conditionals="14" coveredconditionals="14" methods="7" coveredmethods="7"/>
        <line num="1" count="9" type="stmt"/>
        <line num="2" count="9" type="stmt"/>
        <line num="3" count="9" type="stmt"/>
        <line num="4" count="9" type="stmt"/>
        <line num="6" count="9" type="stmt"/>
        <line num="7" count="9" type="stmt"/>
        <line num="8" count="9" type="stmt"/>
        <line num="9" count="9" type="stmt"/>
        <line num="10" count="9" type="stmt"/>
        <line num="12" count="9" type="stmt"/>
        <line num="14" count="9" type="stmt"/>
        <line num="15" count="9" type="stmt"/>
        <line num="16" count="1" type="stmt"/>
        <line num="17" count="1" type="stmt"/>
        <line num="18" count="1" type="stmt"/>
        <line num="20" count="1" type="stmt"/>
        <line num="21" count="1" type="stmt"/>
        <line num="22" count="1" type="stmt"/>
        <line num="27" count="1" type="stmt"/>
        <line num="31" count="1" type="stmt"/>
        <line num="34" count="9" type="stmt"/>
        <line num="35" count="9" type="stmt"/>
        <line num="36" count="12" type="stmt"/>
        <line num="37" count="9" type="stmt"/>
        <line num="39" count="9" type="stmt"/>
        <line num="40" count="9" type="cond" truecount="1" falsecount="0"/>
        <line num="41" count="1" type="stmt"/>
        <line num="42" count="1" type="stmt"/>
        <line num="45" count="8" type="stmt"/>
        <line num="47" count="4" type="cond" truecount="3" falsecount="0"/>
        <line num="48" count="2" type="stmt"/>
        <line num="52" count="2" type="stmt"/>
        <line num="53" count="2" type="stmt"/>
        <line num="57" count="2" type="stmt"/>
        <line num="58" count="2" type="stmt"/>
        <line num="61" count="2" type="stmt"/>
        <line num="63" count="4" type="cond" truecount="1" falsecount="0"/>
        <line num="64" count="1" type="stmt"/>
        <line num="67" count="4" type="cond" truecount="2" falsecount="0"/>
        <line num="68" count="1" type="stmt"/>
        <line num="70" count="3" type="stmt"/>
        <line num="74" count="3" type="stmt"/>
        <line num="75" count="3" type="stmt"/>
        <line num="78" count="3" type="stmt"/>
        <line num="83" count="9" type="stmt"/>
        <line num="84" count="9" type="stmt"/>
        <line num="85" count="7" type="stmt"/>
        <line num="86" count="7" type="stmt"/>
        <line num="87" count="7" type="stmt"/>
        <line num="88" count="6" type="cond" truecount="1" falsecount="0"/>
        <line num="89" count="1" type="stmt"/>
        <line num="90" count="1" type="stmt"/>
        <line num="93" count="5" type="stmt"/>
        <line num="95" count="5" type="cond" truecount="1" falsecount="0"/>
        <line num="96" count="2" type="stmt"/>
        <line num="97" count="2" type="cond" truecount="1" falsecount="0"/>
        <line num="98" count="1" type="stmt"/>
        <line num="101" count="1" type="stmt"/>
        <line num="102" count="1" type="stmt"/>
        <line num="103" count="1" type="stmt"/>
        <line num="105" count="1" type="stmt"/>
        <line num="106" count="1" type="stmt"/>
        <line num="107" count="1" type="stmt"/>
        <line num="110" count="3" type="stmt"/>
        <line num="111" count="3" type="stmt"/>
        <line num="112" count="3" type="stmt"/>
        <line num="115" count="3" type="cond" truecount="3" falsecount="0"/>
        <line num="117" count="2" type="stmt"/>
        <line num="118" count="2" type="cond" truecount="1" falsecount="0"/>
        <line num="119" count="1" type="stmt"/>
        <line num="120" count="1" type="stmt"/>
        <line num="123" count="1" type="stmt"/>
        <line num="126" count="1" type="stmt"/>
        <line num="127" count="1" type="stmt"/>
        <line num="128" count="1" type="stmt"/>
        <line num="131" count="1" type="stmt"/>
        <line num="132" count="1" type="stmt"/>
        <line num="133" count="1" type="stmt"/>
        <line num="135" count="1" type="stmt"/>
        <line num="137" count="1" type="stmt"/>
        <line num="138" count="1" type="stmt"/>
        <line num="142" count="9" type="stmt"/>
        <line num="143" count="1" type="stmt"/>
        <line num="144" count="1" type="stmt"/>
        <line num="147" count="9" type="stmt"/>
        <line num="148" count="9" type="stmt"/>
        <line num="149" count="9" type="stmt"/>
        <line num="150" count="9" type="stmt"/>
        <line num="151" count="9" type="stmt"/>
        <line num="152" count="9" type="stmt"/>
        <line num="153" count="9" type="stmt"/>
        <line num="154" count="9" type="stmt"/>
        <line num="155" count="9" type="stmt"/>
      </file>
      <file name="interfaces.ts" path="/Users/quentincorrea/Documents/Projects/Keychain/hive-keychain-mobile/src/actions/interfaces.ts">
        <metrics statements="8" coveredstatements="8" conditionals="4" coveredconditionals="4" methods="2" coveredmethods="2"/>
        <line num="192" count="13" type="cond" truecount="2" falsecount="0"/>
        <line num="193" count="13" type="stmt"/>
        <line num="194" count="13" type="stmt"/>
        <line num="195" count="13" type="stmt"/>
        <line num="198" count="13" type="cond" truecount="2" falsecount="0"/>
        <line num="199" count="13" type="stmt"/>
        <line num="200" count="13" type="stmt"/>
        <line num="201" count="13" type="stmt"/>
      </file>
      <file name="message.ts" path="/Users/quentincorrea/Documents/Projects/Keychain/hive-keychain-mobile/src/actions/message.ts">
        <metrics statements="5" coveredstatements="5" conditionals="0" coveredconditionals="0" methods="2" coveredmethods="2"/>
        <line num="3" count="9" type="stmt"/>
        <line num="5" count="9" type="stmt"/>
        <line num="12" count="3" type="stmt"/>
        <line num="24" count="9" type="stmt"/>
        <line num="25" count="1" type="stmt"/>
      </file>
      <file name="navigation.ts" path="/Users/quentincorrea/Documents/Projects/Keychain/hive-keychain-mobile/src/actions/navigation.ts">
        <metrics statements="3" coveredstatements="3" conditionals="0" coveredconditionals="0" methods="1" coveredmethods="1"/>
        <line num="2" count="1" type="stmt"/>
        <line num="4" count="1" type="stmt"/>
        <line num="7" count="3" type="stmt"/>
      </file>
      <file name="notifications.ts" path="/Users/quentincorrea/Documents/Projects/Keychain/hive-keychain-mobile/src/actions/notifications.ts">
        <metrics statements="9" coveredstatements="9" conditionals="0" coveredconditionals="0" methods="3" coveredmethods="3"/>
        <line num="3" count="1" type="stmt"/>
        <line num="5" count="1" type="stmt"/>
        <line num="7" count="1" type="stmt"/>
        <line num="8" count="1" type="stmt"/>
        <line num="9" count="2" type="stmt"/>
        <line num="10" count="2" type="stmt"/>
        <line num="15" count="2" type="stmt"/>
        <line num="21" count="1" type="stmt"/>
        <line num="22" count="1" type="stmt"/>
      </file>
      <file name="preferences.ts" path="/Users/quentincorrea/Documents/Projects/Keychain/hive-keychain-mobile/src/actions/preferences.ts">
        <metrics statements="5" coveredstatements="5" conditionals="0" coveredconditionals="0" methods="2" coveredmethods="2"/>
        <line num="3" count="2" type="stmt"/>
        <line num="5" count="2" type="stmt"/>
        <line num="10" count="1" type="stmt"/>
        <line num="20" count="2" type="stmt"/>
        <line num="25" count="1" type="stmt"/>
      </file>
      <file name="rpc-switcher.ts" path="/Users/quentincorrea/Documents/Projects/Keychain/hive-keychain-mobile/src/actions/rpc-switcher.ts">
        <metrics statements="5" coveredstatements="5" conditionals="0" coveredconditionals="0" methods="2" coveredmethods="2"/>
        <line num="2" count="10" type="stmt"/>
        <line num="4" count="10" type="stmt"/>
        <line num="5" count="1" type="stmt"/>
        <line num="11" count="10" type="stmt"/>
        <line num="12" count="2" type="stmt"/>
      </file>
      <file name="settings.ts" path="/Users/quentincorrea/Documents/Projects/Keychain/hive-keychain-mobile/src/actions/settings.ts">
        <metrics statements="18" coveredstatements="16" conditionals="0" coveredconditionals="0" methods="6" coveredmethods="5"/>
        <line num="1" count="10" type="stmt"/>
        <line num="9" count="10" type="stmt"/>
        <line num="16" count="10" type="stmt"/>
        <line num="17" count="3" type="stmt"/>
        <line num="21" count="3" type="stmt"/>
        <line num="24" count="10" type="stmt"/>
        <line num="25" count="1" type="stmt"/>
        <line num="29" count="1" type="stmt"/>
        <line num="32" count="10" type="stmt"/>
        <line num="33" count="0" type="stmt"/>
        <line num="37" count="0" type="stmt"/>
        <line num="40" count="10" type="stmt"/>
        <line num="41" count="1" type="stmt"/>
        <line num="45" count="1" type="stmt"/>
        <line num="48" count="10" type="stmt"/>
        <line num="49" count="1" type="stmt"/>
        <line num="52" count="1" type="stmt"/>
        <line num="56" count="1" type="stmt"/>
      </file>
      <file name="tokensFilters.ts" path="/Users/quentincorrea/Documents/Projects/Keychain/hive-keychain-mobile/src/actions/tokensFilters.ts">
        <metrics statements="7" coveredstatements="7" conditionals="0" coveredconditionals="0" methods="2" coveredmethods="2"/>
        <line num="3" count="1" type="stmt"/>
        <line num="5" count="1" type="stmt"/>
        <line num="6" count="1" type="stmt"/>
        <line num="10" count="1" type="stmt"/>
        <line num="13" count="1" type="stmt"/>
        <line num="14" count="1" type="stmt"/>
        <line num="17" count="1" type="stmt"/>
      </file>
      <file name="types.ts" path="/Users/quentincorrea/Documents/Projects/Keychain/hive-keychain-mobile/src/actions/types.ts">
        <metrics statements="81" coveredstatements="81" conditionals="4" coveredconditionals="4" methods="2" coveredmethods="2"/>
        <line num="2" count="47" type="stmt"/>
        <line num="3" count="47" type="stmt"/>
        <line num="4" count="47" type="stmt"/>
        <line num="5" count="47" type="stmt"/>
        <line num="8" count="47" type="stmt"/>
        <line num="9" count="47" type="stmt"/>
        <line num="10" count="47" type="stmt"/>
        <line num="11" count="47" type="stmt"/>
        <line num="14" count="47" type="stmt"/>
        <line num="15" count="47" type="stmt"/>
        <line num="16" count="47" type="stmt"/>
        <line num="17" count="47" type="stmt"/>
        <line num="18" count="47" type="stmt"/>
        <line num="19" count="47" type="stmt"/>
        <line num="20" count="47" type="stmt"/>
        <line num="21" count="47" type="stmt"/>
        <line num="22" count="47" type="stmt"/>
        <line num="23" count="47" type="stmt"/>
        <line num="24" count="47" type="stmt"/>
        <line num="25" count="47" type="stmt"/>
        <line num="27" count="47" type="stmt"/>
        <line num="28" count="47" type="stmt"/>
        <line num="29" count="47" type="stmt"/>
        <line num="30" count="47" type="stmt"/>
        <line num="31" count="47" type="stmt"/>
        <line num="32" count="47" type="stmt"/>
        <line num="33" count="47" type="stmt"/>
        <line num="34" count="47" type="stmt"/>
        <line num="37" count="47" type="stmt"/>
        <line num="38" count="47" type="stmt"/>
        <line num="40" count="47" type="stmt"/>
        <line num="41" count="47" type="stmt"/>
        <line num="42" count="47" type="stmt"/>
        <line num="43" count="47" type="stmt"/>
        <line num="44" count="47" type="stmt"/>
        <line num="45" count="47" type="stmt"/>
        <line num="46" count="47" type="stmt"/>
        <line num="48" count="47" type="stmt"/>
        <line num="49" count="47" type="stmt"/>
        <line num="50" count="47" type="stmt"/>
        <line num="51" count="47" type="stmt"/>
        <line num="52" count="47" type="stmt"/>
        <line num="53" count="47" type="stmt"/>
        <line num="54" count="47" type="stmt"/>
        <line num="55" count="47" type="stmt"/>
        <line num="56" count="47" type="stmt"/>
        <line num="57" count="47" type="stmt"/>
        <line num="58" count="47" type="stmt"/>
        <line num="59" count="47" type="stmt"/>
        <line num="60" count="47" type="stmt"/>
        <line num="61" count="47" type="stmt"/>
        <line num="62" count="47" type="stmt"/>
        <line num="64" count="47" type="stmt"/>
        <line num="65" count="47" type="stmt"/>
        <line num="68" count="47" type="stmt"/>
        <line num="69" count="47" type="stmt"/>
        <line num="72" count="47" type="stmt"/>
        <line num="73" count="47" type="stmt"/>
        <line num="74" count="47" type="stmt"/>
        <line num="75" count="47" type="stmt"/>
        <line num="76" count="47" type="stmt"/>
        <line num="78" count="47" type="cond" truecount="2" falsecount="0"/>
        <line num="79" count="47" type="stmt"/>
        <line num="80" count="47" type="stmt"/>
        <line num="81" count="47" type="stmt"/>
        <line num="82" count="47" type="stmt"/>
        <line num="83" count="47" type="stmt"/>
        <line num="84" count="47" type="stmt"/>
        <line num="85" count="47" type="stmt"/>
        <line num="86" count="47" type="stmt"/>
        <line num="89" count="47" type="cond" truecount="2" falsecount="0"/>
        <line num="90" count="47" type="stmt"/>
        <line num="91" count="47" type="stmt"/>
        <line num="95" count="47" type="stmt"/>
        <line num="96" count="47" type="stmt"/>
        <line num="99" count="47" type="stmt"/>
        <line num="100" count="47" type="stmt"/>
        <line num="103" count="47" type="stmt"/>
        <line num="106" count="47" type="stmt"/>
        <line num="109" count="47" type="stmt"/>
        <line num="110" count="47" type="stmt"/>
      </file>
      <file name="walletFilters.ts" path="/Users/quentincorrea/Documents/Projects/Keychain/hive-keychain-mobile/src/actions/walletFilters.ts">
        <metrics statements="7" coveredstatements="7" conditionals="0" coveredconditionals="0" methods="2" coveredmethods="2"/>
        <line num="3" count="1" type="stmt"/>
        <line num="5" count="1" type="stmt"/>
        <line num="6" count="1" type="stmt"/>
        <line num="10" count="1" type="stmt"/>
        <line num="13" count="1" type="stmt"/>
        <line num="14" count="1" type="stmt"/>
        <line num="17" count="1" type="stmt"/>
      </file>
    </package>
    <package name="api">
      <metrics statements="81" coveredstatements="74" conditionals="20" coveredconditionals="17" methods="24" coveredmethods="23"/>
      <file name="base.api.ts" path="/Users/quentincorrea/Documents/Projects/Keychain/hive-keychain-mobile/src/api/base.api.ts">
        <metrics statements="19" coveredstatements="17" conditionals="6" coveredconditionals="6" methods="10" coveredmethods="10"/>
        <line num="1" count="3" type="stmt"/>
        <line num="2" count="4" type="stmt"/>
        <line num="3" count="4" type="stmt"/>
        <line num="4" count="4" type="stmt"/>
        <line num="9" count="3" type="cond" truecount="3" falsecount="0"/>
        <line num="10" count="2" type="stmt"/>
        <line num="14" count="2" type="stmt"/>
        <line num="17" count="2" type="stmt"/>
        <line num="20" count="0" type="stmt"/>
        <line num="25" count="3" type="stmt"/>
        <line num="26" count="3" type="stmt"/>
        <line num="27" count="3" type="stmt"/>
        <line num="28" count="3" type="stmt"/>
        <line num="34" count="2" type="cond" truecount="3" falsecount="0"/>
        <line num="35" count="1" type="stmt"/>
        <line num="39" count="2" type="stmt"/>
        <line num="42" count="1" type="stmt"/>
        <line num="45" count="0" type="stmt"/>
        <line num="50" count="3" type="stmt"/>
      </file>
      <file name="hiveEngine.api.ts" path="/Users/quentincorrea/Documents/Projects/Keychain/hive-keychain-mobile/src/api/hiveEngine.api.ts">
        <metrics statements="35" coveredstatements="30" conditionals="10" coveredconditionals="7" methods="8" coveredmethods="7"/>
        <line num="1" count="12" type="stmt"/>
        <line num="2" count="12" type="stmt"/>
        <line num="4" count="12" type="stmt"/>
        <line num="6" count="12" type="stmt"/>
        <line num="7" count="1" type="stmt"/>
        <line num="9" count="1" type="stmt"/>
        <line num="12" count="12" type="stmt"/>
        <line num="13" count="1" type="stmt"/>
        <line num="15" count="1" type="stmt"/>
        <line num="20" count="12" type="stmt"/>
        <line num="21" count="2" type="stmt"/>
        <line num="23" count="2" type="stmt"/>
        <line num="24" count="2" type="stmt"/>
        <line num="25" count="2" type="stmt"/>
        <line num="26" count="2" type="stmt"/>
        <line num="27" count="2" type="stmt"/>
        <line num="28" count="2" type="stmt"/>
        <line num="40" count="2" type="cond" truecount="0" falsecount="1"/>
        <line num="41" count="0" type="stmt"/>
        <line num="43" count="2" type="cond" truecount="1" falsecount="0"/>
        <line num="44" count="1" type="stmt"/>
        <line num="46" count="1" type="stmt"/>
        <line num="49" count="1" type="stmt"/>
        <line num="50" count="1" type="cond" truecount="2" falsecount="1"/>
        <line num="51" count="0" type="stmt"/>
        <line num="52" count="0" type="stmt"/>
        <line num="54" count="1" type="stmt"/>
        <line num="58" count="1" type="stmt"/>
        <line num="59" count="1" type="stmt"/>
        <line num="60" count="1" type="stmt"/>
        <line num="61" count="1" type="cond" truecount="1" falsecount="1"/>
        <line num="65" count="0" type="stmt"/>
        <line num="66" count="0" type="stmt"/>
        <line num="68" count="1" type="stmt"/>
        <line num="74" count="12" type="stmt"/>
      </file>
      <file name="keychain.api.ts" path="/Users/quentincorrea/Documents/Projects/Keychain/hive-keychain-mobile/src/api/keychain.api.ts">
        <metrics statements="2" coveredstatements="2" conditionals="0" coveredconditionals="0" methods="0" coveredmethods="0"/>
        <line num="1" count="18" type="stmt"/>
        <line num="3" count="18" type="stmt"/>
      </file>
      <file name="keychainSwap.api.ts" path="/Users/quentincorrea/Documents/Projects/Keychain/hive-keychain-mobile/src/api/keychainSwap.api.ts">
        <metrics statements="16" coveredstatements="16" conditionals="4" coveredconditionals="4" methods="3" coveredmethods="3"/>
        <line num="1" count="2" type="stmt"/>
        <line num="2" count="2" type="stmt"/>
        <line num="4" count="2" type="stmt"/>
        <line num="5" count="7" type="stmt"/>
        <line num="6" count="7" type="stmt"/>
        <line num="9" count="2" type="stmt"/>
        <line num="10" count="4" type="stmt"/>
        <line num="11" count="4" type="stmt"/>
        <line num="13" count="3" type="cond" truecount="1" falsecount="0"/>
        <line num="17" count="2" type="stmt"/>
        <line num="28" count="2" type="stmt"/>
        <line num="29" count="3" type="stmt"/>
        <line num="30" count="3" type="stmt"/>
        <line num="32" count="2" type="cond" truecount="1" falsecount="0"/>
        <line num="33" count="1" type="stmt"/>
        <line num="44" count="2" type="stmt"/>
      </file>
      <file name="peakdNotifications.api.ts" path="/Users/quentincorrea/Documents/Projects/Keychain/hive-keychain-mobile/src/api/peakdNotifications.api.ts">
        <metrics statements="9" coveredstatements="9" conditionals="0" coveredconditionals="0" methods="3" coveredmethods="3"/>
        <line num="1" count="2" type="stmt"/>
        <line num="2" count="2" type="stmt"/>
        <line num="4" count="2" type="stmt"/>
        <line num="5" count="2" type="stmt"/>
        <line num="8" count="2" type="stmt"/>
        <line num="9" count="1" type="stmt"/>
        <line num="12" count="2" type="stmt"/>
        <line num="13" count="1" type="stmt"/>
        <line num="16" count="2" type="stmt"/>
      </file>
    </package>
    <package name="hooks">
      <metrics statements="109" coveredstatements="104" conditionals="29" coveredconditionals="22" methods="37" coveredmethods="33"/>
      <file name="domainCheck.ts" path="/Users/quentincorrea/Documents/Projects/Keychain/hive-keychain-mobile/src/hooks/domainCheck.ts">
        <metrics statements="18" coveredstatements="17" conditionals="7" coveredconditionals="6" methods="3" coveredmethods="3"/>
        <line num="2" count="2" type="stmt"/>
        <line num="3" count="2" type="stmt"/>
        <line num="4" count="2" type="stmt"/>
        <line num="5" count="2" type="stmt"/>
        <line num="7" count="2" type="stmt"/>
        <line num="8" count="7" type="stmt"/>
        <line num="9" count="7" type="stmt"/>
        <line num="10" count="4" type="stmt"/>
        <line num="12" count="4" type="stmt"/>
        <line num="14" count="4" type="cond" truecount="1" falsecount="0"/>
        <line num="15" count="4" type="cond" truecount="1" falsecount="0"/>
        <line num="16" count="4" type="cond" truecount="1" falsecount="0"/>
        <line num="17" count="4" type="cond" truecount="0" falsecount="1"/>
        <line num="18" count="0" type="stmt"/>
        <line num="19" count="4" type="cond" truecount="1" falsecount="0"/>
        <line num="20" count="3" type="stmt"/>
        <line num="24" count="4" type="cond" truecount="2" falsecount="0"/>
        <line num="27" count="7" type="stmt"/>
      </file>
      <file name="redux.ts" path="/Users/quentincorrea/Documents/Projects/Keychain/hive-keychain-mobile/src/hooks/redux.ts">
        <metrics statements="3" coveredstatements="3" conditionals="0" coveredconditionals="0" methods="1" coveredmethods="1"/>
        <line num="1" count="1" type="stmt"/>
        <line num="7" count="1" type="stmt"/>
        <line num="8" count="1" type="stmt"/>
      </file>
      <file name="toggle.ts" path="/Users/quentincorrea/Documents/Projects/Keychain/hive-keychain-mobile/src/hooks/toggle.ts">
        <metrics statements="4" coveredstatements="4" conditionals="2" coveredconditionals="2" methods="2" coveredmethods="2"/>
        <line num="3" count="1" type="stmt"/>
        <line num="4" count="11" type="stmt"/>
        <line num="7" count="1" type="stmt"/>
        <line num="8" count="6" type="cond" truecount="2" falsecount="0"/>
      </file>
      <file name="useBackButtonNavigate.ts" path="/Users/quentincorrea/Documents/Projects/Keychain/hive-keychain-mobile/src/hooks/useBackButtonNavigate.ts">
        <metrics statements="11" coveredstatements="11" conditionals="1" coveredconditionals="1" methods="4" coveredmethods="3"/>
        <line num="1" count="1" type="stmt"/>
        <line num="2" count="1" type="stmt"/>
        <line num="3" count="1" type="stmt"/>
        <line num="4" count="1" type="stmt"/>
        <line num="10" count="1" type="stmt"/>
        <line num="14" count="3" type="stmt"/>
        <line num="16" count="3" type="stmt"/>
        <line num="17" count="2" type="cond" truecount="1" falsecount="0"/>
        <line num="18" count="2" type="stmt"/>
        <line num="21" count="3" type="stmt"/>
        <line num="26" count="3" type="stmt"/>
      </file>
      <file name="useCheckForMultisig.ts" path="/Users/quentincorrea/Documents/Projects/Keychain/hive-keychain-mobile/src/hooks/useCheckForMultisig.ts">
        <metrics statements="23" coveredstatements="23" conditionals="6" coveredconditionals="6" methods="6" coveredmethods="6"/>
        <line num="2" count="2" type="stmt"/>
        <line num="3" count="2" type="stmt"/>
        <line num="4" count="2" type="stmt"/>
        <line num="6" count="2" type="stmt"/>
        <line num="12" count="6" type="stmt"/>
        <line num="13" count="6" type="stmt"/>
        <line num="14" count="6" type="stmt"/>
        <line num="16" count="6" type="stmt"/>
        <line num="17" count="2" type="stmt"/>
        <line num="20" count="6" type="stmt"/>
        <line num="21" count="2" type="cond" truecount="5" falsecount="0"/>
        <line num="22" count="1" type="stmt"/>
        <line num="23" count="1" type="stmt"/>
        <line num="24" count="1" type="stmt"/>
        <line num="27" count="1" type="stmt"/>
        <line num="30" count="6" type="stmt"/>
        <line num="31" count="3" type="cond" truecount="1" falsecount="0"/>
        <line num="34" count="6" type="stmt"/>
        <line num="35" count="2" type="stmt"/>
        <line num="36" count="2" type="stmt"/>
        <line num="37" count="2" type="stmt"/>
        <line num="38" count="2" type="stmt"/>
        <line num="40" count="6" type="stmt"/>
      </file>
      <file name="useHasExpiration.ts" path="/Users/quentincorrea/Documents/Projects/Keychain/hive-keychain-mobile/src/hooks/useHasExpiration.ts">
        <metrics statements="8" coveredstatements="8" conditionals="3" coveredconditionals="3" methods="3" coveredmethods="3"/>
        <line num="1" count="1" type="stmt"/>
        <line num="2" count="1" type="stmt"/>
        <line num="4" count="1" type="stmt"/>
        <line num="5" count="4" type="cond" truecount="1" falsecount="0"/>
        <line num="6" count="3" type="stmt"/>
        <line num="7" count="3" type="cond" truecount="2" falsecount="0"/>
        <line num="8" count="3" type="stmt"/>
        <line num="9" count="3" type="stmt"/>
      </file>
      <file name="useLockedPortrait.ts" path="/Users/quentincorrea/Documents/Projects/Keychain/hive-keychain-mobile/src/hooks/useLockedPortrait.ts">
        <metrics statements="9" coveredstatements="9" conditionals="0" coveredconditionals="0" methods="3" coveredmethods="3"/>
        <line num="2" count="1" type="stmt"/>
        <line num="3" count="1" type="stmt"/>
        <line num="4" count="1" type="stmt"/>
        <line num="6" count="1" type="stmt"/>
        <line num="7" count="2" type="stmt"/>
        <line num="8" count="2" type="stmt"/>
        <line num="9" count="1" type="stmt"/>
        <line num="12" count="1" type="stmt"/>
        <line num="15" count="2" type="stmt"/>
      </file>
      <file name="usePotentiallyAnonymousRequest.tsx" path="/Users/quentincorrea/Documents/Projects/Keychain/hive-keychain-mobile/src/hooks/usePotentiallyAnonymousRequest.tsx">
        <metrics statements="33" coveredstatements="29" conditionals="10" coveredconditionals="4" methods="15" coveredmethods="12"/>
        <line num="2" count="2" type="stmt"/>
        <line num="3" count="2" type="stmt"/>
        <line num="4" count="2" type="stmt"/>
        <line num="8" count="2" type="stmt"/>
        <line num="9" count="2" type="stmt"/>
        <line num="14" count="2" type="stmt"/>
        <line num="15" count="5" type="stmt"/>
        <line num="16" count="5" type="stmt"/>
        <line num="17" count="5" type="stmt"/>
        <line num="18" count="5" type="stmt"/>
        <line num="22" count="5" type="stmt"/>
        <line num="24" count="5" type="stmt"/>
        <line num="25" count="5" type="cond" truecount="2" falsecount="0"/>
        <line num="27" count="1" type="stmt"/>
        <line num="28" count="1" type="stmt"/>
        <line num="30" count="1" type="cond" truecount="1" falsecount="0"/>
        <line num="31" count="1" type="stmt"/>
        <line num="34" count="0" type="stmt"/>
        <line num="35" count="0" type="cond" truecount="0" falsecount="2"/>
        <line num="39" count="4" type="stmt"/>
        <line num="40" count="4" type="cond" truecount="1" falsecount="0"/>
        <line num="41" count="4" type="stmt"/>
        <line num="44" count="0" type="cond" truecount="0" falsecount="2"/>
        <line num="48" count="5" type="stmt"/>
        <line num="50" count="5" type="stmt"/>
        <line num="51" count="1" type="stmt"/>
        <line num="56" count="5" type="stmt"/>
        <line num="57" count="1" type="stmt"/>
        <line num="60" count="5" type="stmt"/>
        <line num="61" count="1" type="stmt"/>
        <line num="65" count="5" type="stmt"/>
        <line num="67" count="5" type="stmt"/>
        <line num="73" count="0" type="stmt"/>
      </file>
    </package>
    <package name="reducers">
      <metrics statements="351" coveredstatements="326" conditionals="202" coveredconditionals="180" methods="49" coveredmethods="48"/>
      <file name="accountValueDisplay.ts" path="/Users/quentincorrea/Documents/Projects/Keychain/hive-keychain-mobile/src/reducers/accountValueDisplay.ts">
        <metrics statements="5" coveredstatements="4" conditionals="3" coveredconditionals="2" methods="1" coveredmethods="1"/>
        <line num="2" count="7" type="stmt"/>
        <line num="4" count="7" type="cond" truecount="1" falsecount="0"/>
        <line num="5" count="65" type="cond" truecount="1" falsecount="1"/>
        <line num="7" count="0" type="stmt"/>
        <line num="9" count="65" type="stmt"/>
      </file>
      <file name="accounts.ts" path="/Users/quentincorrea/Documents/Projects/Keychain/hive-keychain-mobile/src/reducers/accounts.ts">
        <metrics statements="9" coveredstatements="9" conditionals="8" coveredconditionals="8" methods="2" coveredmethods="2"/>
        <line num="2" count="8" type="stmt"/>
        <line num="11" count="8" type="stmt"/>
        <line num="15" count="73" type="cond" truecount="7" falsecount="0"/>
        <line num="17" count="1" type="stmt"/>
        <line num="19" count="2" type="stmt"/>
        <line num="22" count="2" type="stmt"/>
        <line num="24" count="1" type="stmt"/>
        <line num="26" count="1" type="stmt"/>
        <line num="28" count="67" type="stmt"/>
      </file>
      <file name="activeAccount.ts" path="/Users/quentincorrea/Documents/Projects/Keychain/hive-keychain-mobile/src/reducers/activeAccount.ts">
        <metrics statements="8" coveredstatements="8" conditionals="6" coveredconditionals="6" methods="1" coveredmethods="1"/>
        <line num="8" count="8" type="stmt"/>
        <line num="15" count="8" type="stmt"/>
        <line num="23" count="71" type="cond" truecount="5" falsecount="0"/>
        <line num="25" count="1" type="stmt"/>
        <line num="27" count="1" type="stmt"/>
        <line num="30" count="2" type="stmt"/>
        <line num="32" count="67" type="stmt"/>
        <line num="36" count="8" type="stmt"/>
      </file>
      <file name="auth.ts" path="/Users/quentincorrea/Documents/Projects/Keychain/hive-keychain-mobile/src/reducers/auth.ts">
        <metrics statements="8" coveredstatements="8" conditionals="5" coveredconditionals="5" methods="1" coveredmethods="1"/>
        <line num="2" count="8" type="stmt"/>
        <line num="4" count="8" type="stmt"/>
        <line num="8" count="70" type="cond" truecount="4" falsecount="0"/>
        <line num="10" count="1" type="stmt"/>
        <line num="12" count="1" type="stmt"/>
        <line num="14" count="1" type="stmt"/>
        <line num="16" count="67" type="stmt"/>
        <line num="20" count="8" type="stmt"/>
      </file>
      <file name="browser.ts" path="/Users/quentincorrea/Documents/Projects/Keychain/hive-keychain-mobile/src/reducers/browser.ts">
        <metrics statements="106" coveredstatements="92" conditionals="79" coveredconditionals="68" methods="18" coveredmethods="17"/>
        <line num="7" count="8" type="stmt"/>
        <line num="22" count="8" type="stmt"/>
        <line num="24" count="8" type="stmt"/>
        <line num="26" count="8" type="stmt"/>
        <line num="27" count="11" type="stmt"/>
        <line num="29" count="8" type="stmt"/>
        <line num="30" count="20" type="cond" truecount="2" falsecount="1"/>
        <line num="31" count="20" type="cond" truecount="3" falsecount="0"/>
        <line num="34" count="8" type="stmt"/>
        <line num="35" count="0" type="stmt"/>
        <line num="36" count="0" type="cond" truecount="0" falsecount="1"/>
        <line num="37" count="0" type="stmt"/>
        <line num="40" count="0" type="stmt"/>
        <line num="43" count="8" type="stmt"/>
        <line num="47" count="14" type="cond" truecount="1" falsecount="0"/>
        <line num="48" count="14" type="stmt"/>
        <line num="50" count="0" type="stmt"/>
        <line num="51" count="0" type="stmt"/>
        <line num="57" count="8" type="stmt"/>
        <line num="58" count="11" type="cond" truecount="1" falsecount="1"/>
        <line num="60" count="11" type="cond" truecount="4" falsecount="0"/>
        <line num="62" count="14" type="cond" truecount="2" falsecount="0"/>
        <line num="65" count="11" type="cond" truecount="1" falsecount="1"/>
        <line num="67" count="11" type="cond" truecount="2" falsecount="0"/>
        <line num="70" count="11" type="stmt"/>
        <line num="71" count="11" type="cond" truecount="2" falsecount="1"/>
        <line num="72" count="0" type="stmt"/>
        <line num="73" count="0" type="cond" truecount="0" falsecount="2"/>
        <line num="74" count="0" type="stmt"/>
        <line num="76" count="0" type="stmt"/>
        <line num="80" count="0" type="stmt"/>
        <line num="83" count="11" type="stmt"/>
        <line num="84" count="11" type="stmt"/>
        <line num="85" count="11" type="stmt"/>
        <line num="86" count="11" type="stmt"/>
        <line num="95" count="8" type="stmt"/>
        <line num="96" count="4" type="stmt"/>
        <line num="97" count="4" type="cond" truecount="1" falsecount="1"/>
        <line num="98" count="4" type="cond" truecount="2" falsecount="0"/>
        <line num="99" count="4" type="stmt"/>
        <line num="101" count="4" type="cond" truecount="1" falsecount="0"/>
        <line num="102" count="1" type="stmt"/>
        <line num="108" count="3" type="cond" truecount="2" falsecount="0"/>
        <line num="112" count="1" type="stmt"/>
        <line num="113" count="2" type="cond" truecount="1" falsecount="1"/>
        <line num="117" count="0" type="stmt"/>
        <line num="119" count="2" type="stmt"/>
        <line num="120" count="2" type="cond" truecount="1" falsecount="1"/>
        <line num="126" count="2" type="stmt"/>
        <line num="128" count="0" type="stmt"/>
        <line num="130" count="2" type="stmt"/>
        <line num="133" count="3" type="stmt"/>
        <line num="134" count="3" type="stmt"/>
        <line num="135" count="3" type="stmt"/>
        <line num="136" count="3" type="stmt"/>
        <line num="146" count="8" type="stmt"/>
        <line num="157" count="95" type="cond" truecount="14" falsecount="0"/>
        <line num="159" count="4" type="cond" truecount="1" falsecount="0"/>
        <line num="160" count="1" type="stmt"/>
        <line num="162" count="3" type="stmt"/>
        <line num="163" count="1" type="cond" truecount="1" falsecount="0"/>
        <line num="164" count="1" type="stmt"/>
        <line num="166" count="0" type="stmt"/>
        <line num="168" count="3" type="stmt"/>
        <line num="171" count="1" type="stmt"/>
        <line num="177" count="2" type="stmt"/>
        <line num="178" count="2" type="stmt"/>
        <line num="179" count="1" type="stmt"/>
        <line num="182" count="2" type="cond" truecount="2" falsecount="0"/>
        <line num="184" count="1" type="cond" truecount="1" falsecount="1"/>
        <line num="187" count="2" type="stmt"/>
        <line num="193" count="1" type="stmt"/>
        <line num="194" count="1" type="stmt"/>
        <line num="196" count="1" type="stmt"/>
        <line num="198" count="1" type="stmt"/>
        <line num="200" count="1" type="stmt"/>
        <line num="203" count="1" type="stmt"/>
        <line num="205" count="1" type="stmt"/>
        <line num="209" count="3" type="stmt"/>
        <line num="210" count="3" type="stmt"/>
        <line num="211" count="9" type="cond" truecount="3" falsecount="0"/>
        <line num="212" count="6" type="cond" truecount="1" falsecount="0"/>
        <line num="213" count="5" type="stmt"/>
        <line num="214" count="5" type="stmt"/>
        <line num="216" count="3" type="stmt"/>
        <line num="222" count="1" type="stmt"/>
        <line num="227" count="1" type="stmt"/>
        <line num="232" count="3" type="cond" truecount="4" falsecount="0"/>
        <line num="233" count="2" type="stmt"/>
        <line num="239" count="2" type="stmt"/>
        <line num="245" count="1" type="stmt"/>
        <line num="247" count="1" type="stmt"/>
        <line num="248" count="1" type="stmt"/>
        <line num="253" count="1" type="stmt"/>
        <line num="258" count="6" type="stmt"/>
        <line num="261" count="6" type="cond" truecount="1" falsecount="0"/>
        <line num="262" count="5" type="stmt"/>
        <line num="263" count="5" type="stmt"/>
        <line num="265" count="5" type="cond" truecount="4" falsecount="0"/>
        <line num="268" count="5" type="stmt"/>
        <line num="277" count="1" type="stmt"/>
        <line num="281" count="2" type="cond" truecount="2" falsecount="0"/>
        <line num="285" count="2" type="cond" truecount="2" falsecount="0"/>
        <line num="289" count="67" type="cond" truecount="1" falsecount="0"/>
        <line num="290" count="1" type="stmt"/>
        <line num="293" count="8" type="stmt"/>
      </file>
      <file name="colors.ts" path="/Users/quentincorrea/Documents/Projects/Keychain/hive-keychain-mobile/src/reducers/colors.ts">
        <metrics statements="6" coveredstatements="5" conditionals="3" coveredconditionals="2" methods="1" coveredmethods="1"/>
        <line num="2" count="7" type="stmt"/>
        <line num="5" count="7" type="stmt"/>
        <line num="9" count="65" type="cond" truecount="1" falsecount="1"/>
        <line num="11" count="0" type="stmt"/>
        <line num="13" count="65" type="stmt"/>
        <line num="16" count="7" type="stmt"/>
      </file>
      <file name="conversions.ts" path="/Users/quentincorrea/Documents/Projects/Keychain/hive-keychain-mobile/src/reducers/conversions.ts">
        <metrics statements="5" coveredstatements="5" conditionals="3" coveredconditionals="3" methods="1" coveredmethods="1"/>
        <line num="2" count="8" type="stmt"/>
        <line num="4" count="8" type="stmt"/>
        <line num="8" count="71" type="cond" truecount="2" falsecount="0"/>
        <line num="10" count="4" type="stmt"/>
        <line num="12" count="67" type="stmt"/>
      </file>
      <file name="currencyPrices.ts" path="/Users/quentincorrea/Documents/Projects/Keychain/hive-keychain-mobile/src/reducers/currencyPrices.ts">
        <metrics statements="6" coveredstatements="6" conditionals="3" coveredconditionals="3" methods="1" coveredmethods="1"/>
        <line num="2" count="8" type="stmt"/>
        <line num="4" count="8" type="stmt"/>
        <line num="8" count="70" type="cond" truecount="2" falsecount="0"/>
        <line num="10" count="3" type="stmt"/>
        <line num="12" count="67" type="stmt"/>
        <line num="16" count="8" type="stmt"/>
      </file>
      <file name="delegations.ts" path="/Users/quentincorrea/Documents/Projects/Keychain/hive-keychain-mobile/src/reducers/delegations.ts">
        <metrics statements="7" coveredstatements="7" conditionals="4" coveredconditionals="4" methods="1" coveredmethods="1"/>
        <line num="2" count="8" type="stmt"/>
        <line num="4" count="8" type="stmt"/>
        <line num="8" count="70" type="cond" truecount="3" falsecount="0"/>
        <line num="10" count="2" type="stmt"/>
        <line num="12" count="1" type="stmt"/>
        <line num="14" count="67" type="stmt"/>
        <line num="18" count="8" type="stmt"/>
      </file>
      <file name="ecosystem.ts" path="/Users/quentincorrea/Documents/Projects/Keychain/hive-keychain-mobile/src/reducers/ecosystem.ts">
        <metrics statements="6" coveredstatements="5" conditionals="3" coveredconditionals="2" methods="1" coveredmethods="1"/>
        <line num="2" count="7" type="stmt"/>
        <line num="5" count="7" type="stmt"/>
        <line num="9" count="65" type="cond" truecount="1" falsecount="1"/>
        <line num="11" count="0" type="stmt"/>
        <line num="13" count="65" type="stmt"/>
        <line num="17" count="7" type="stmt"/>
      </file>
      <file name="floatingBar.ts" path="/Users/quentincorrea/Documents/Projects/Keychain/hive-keychain-mobile/src/reducers/floatingBar.ts">
        <metrics statements="10" coveredstatements="10" conditionals="7" coveredconditionals="7" methods="1" coveredmethods="1"/>
        <line num="2" count="8" type="stmt"/>
        <line num="10" count="8" type="stmt"/>
        <line num="18" count="8" type="stmt"/>
        <line num="22" count="74" type="cond" truecount="6" falsecount="0"/>
        <line num="24" count="1" type="stmt"/>
        <line num="26" count="1" type="stmt"/>
        <line num="28" count="1" type="stmt"/>
        <line num="30" count="1" type="stmt"/>
        <line num="32" count="3" type="stmt"/>
        <line num="38" count="67" type="stmt"/>
      </file>
      <file name="globalProperties.ts" path="/Users/quentincorrea/Documents/Projects/Keychain/hive-keychain-mobile/src/reducers/globalProperties.ts">
        <metrics statements="6" coveredstatements="6" conditionals="3" coveredconditionals="3" methods="1" coveredmethods="1"/>
        <line num="2" count="8" type="stmt"/>
        <line num="4" count="8" type="stmt"/>
        <line num="8" count="70" type="cond" truecount="2" falsecount="0"/>
        <line num="10" count="3" type="stmt"/>
        <line num="12" count="67" type="stmt"/>
        <line num="16" count="8" type="stmt"/>
      </file>
      <file name="historyFilters.ts" path="/Users/quentincorrea/Documents/Projects/Keychain/hive-keychain-mobile/src/reducers/historyFilters.ts">
        <metrics statements="10" coveredstatements="8" conditionals="4" coveredconditionals="2" methods="1" coveredmethods="1"/>
        <line num="2" count="8" type="stmt"/>
        <line num="3" count="8" type="stmt"/>
        <line num="5" count="8" type="stmt"/>
        <line num="7" count="8" type="stmt"/>
        <line num="26" count="8" type="stmt"/>
        <line num="30" count="65" type="cond" truecount="1" falsecount="2"/>
        <line num="32" count="0" type="stmt"/>
        <line num="34" count="0" type="stmt"/>
        <line num="36" count="65" type="stmt"/>
        <line num="40" count="8" type="stmt"/>
      </file>
      <file name="hiveUri.ts" path="/Users/quentincorrea/Documents/Projects/Keychain/hive-keychain-mobile/src/reducers/hiveUri.ts">
        <metrics statements="6" coveredstatements="6" conditionals="4" coveredconditionals="4" methods="1" coveredmethods="1"/>
        <line num="2" count="8" type="stmt"/>
        <line num="6" count="8" type="stmt"/>
        <line num="15" count="69" type="cond" truecount="3" falsecount="0"/>
        <line num="17" count="1" type="stmt"/>
        <line num="19" count="1" type="stmt"/>
        <line num="21" count="67" type="stmt"/>
      </file>
      <file name="index.ts" path="/Users/quentincorrea/Documents/Projects/Keychain/hive-keychain-mobile/src/reducers/index.ts">
        <metrics statements="32" coveredstatements="32" conditionals="0" coveredconditionals="0" methods="0" coveredmethods="0"/>
        <line num="1" count="7" type="stmt"/>
        <line num="2" count="7" type="stmt"/>
        <line num="3" count="7" type="stmt"/>
        <line num="4" count="7" type="stmt"/>
        <line num="5" count="7" type="stmt"/>
        <line num="6" count="7" type="stmt"/>
        <line num="7" count="7" type="stmt"/>
        <line num="8" count="7" type="stmt"/>
        <line num="9" count="7" type="stmt"/>
        <line num="10" count="7" type="stmt"/>
        <line num="11" count="7" type="stmt"/>
        <line num="12" count="7" type="stmt"/>
        <line num="13" count="7" type="stmt"/>
        <line num="14" count="7" type="stmt"/>
        <line num="15" count="7" type="stmt"/>
        <line num="16" count="7" type="stmt"/>
        <line num="17" count="7" type="stmt"/>
        <line num="18" count="7" type="stmt"/>
        <line num="19" count="7" type="stmt"/>
        <line num="20" count="7" type="stmt"/>
        <line num="21" count="7" type="stmt"/>
        <line num="22" count="7" type="stmt"/>
        <line num="23" count="7" type="stmt"/>
        <line num="24" count="7" type="stmt"/>
        <line num="25" count="7" type="stmt"/>
        <line num="26" count="7" type="stmt"/>
        <line num="27" count="7" type="stmt"/>
        <line num="28" count="7" type="stmt"/>
        <line num="29" count="7" type="stmt"/>
        <line num="30" count="7" type="stmt"/>
        <line num="31" count="7" type="stmt"/>
        <line num="33" count="7" type="stmt"/>
      </file>
      <file name="lastAccount.ts" path="/Users/quentincorrea/Documents/Projects/Keychain/hive-keychain-mobile/src/reducers/lastAccount.ts">
        <metrics statements="13" coveredstatements="13" conditionals="8" coveredconditionals="8" methods="1" coveredmethods="1"/>
        <line num="2" count="8" type="stmt"/>
        <line num="3" count="8" type="stmt"/>
        <line num="9" count="8" type="stmt"/>
        <line num="11" count="8" type="stmt"/>
        <line num="15" count="72" type="cond" truecount="5" falsecount="0"/>
        <line num="17" count="1" type="stmt"/>
        <line num="19" count="1" type="stmt"/>
        <line num="21" count="1" type="stmt"/>
        <line num="23" count="2" type="cond" truecount="2" falsecount="0"/>
        <line num="24" count="1" type="stmt"/>
        <line num="26" count="1" type="stmt"/>
        <line num="29" count="67" type="stmt"/>
        <line num="33" count="8" type="stmt"/>
      </file>
      <file name="message.ts" path="/Users/quentincorrea/Documents/Projects/Keychain/hive-keychain-mobile/src/reducers/message.ts">
        <metrics statements="8" coveredstatements="8" conditionals="4" coveredconditionals="4" methods="1" coveredmethods="1"/>
        <line num="2" count="8" type="stmt"/>
        <line num="3" count="8" type="stmt"/>
        <line num="5" count="8" type="stmt"/>
        <line num="10" count="8" type="stmt"/>
        <line num="14" count="69" type="cond" truecount="3" falsecount="0"/>
        <line num="16" count="1" type="stmt"/>
        <line num="18" count="1" type="stmt"/>
        <line num="20" count="67" type="stmt"/>
      </file>
      <file name="navigation.ts" path="/Users/quentincorrea/Documents/Projects/Keychain/hive-keychain-mobile/src/reducers/navigation.ts">
        <metrics statements="6" coveredstatements="6" conditionals="3" coveredconditionals="3" methods="1" coveredmethods="1"/>
        <line num="2" count="8" type="stmt"/>
        <line num="3" count="8" type="stmt"/>
        <line num="5" count="8" type="stmt"/>
        <line num="9" count="68" type="cond" truecount="2" falsecount="0"/>
        <line num="11" count="1" type="stmt"/>
        <line num="13" count="67" type="stmt"/>
      </file>
      <file name="notifications.ts" path="/Users/quentincorrea/Documents/Projects/Keychain/hive-keychain-mobile/src/reducers/notifications.ts">
        <metrics statements="7" coveredstatements="7" conditionals="4" coveredconditionals="4" methods="2" coveredmethods="2"/>
        <line num="2" count="8" type="stmt"/>
        <line num="12" count="8" type="stmt"/>
        <line num="16" count="74" type="cond" truecount="3" falsecount="0"/>
        <line num="18" count="3" type="stmt"/>
        <line num="20" count="4" type="stmt"/>
        <line num="21" count="4" type="stmt"/>
        <line num="25" count="67" type="stmt"/>
      </file>
      <file name="phishing.ts" path="/Users/quentincorrea/Documents/Projects/Keychain/hive-keychain-mobile/src/reducers/phishing.ts">
        <metrics statements="5" coveredstatements="4" conditionals="3" coveredconditionals="2" methods="1" coveredmethods="1"/>
        <line num="2" count="7" type="stmt"/>
        <line num="4" count="7" type="stmt"/>
        <line num="8" count="65" type="cond" truecount="1" falsecount="1"/>
        <line num="10" count="0" type="stmt"/>
        <line num="12" count="65" type="stmt"/>
      </file>
      <file name="preferences.ts" path="/Users/quentincorrea/Documents/Projects/Keychain/hive-keychain-mobile/src/reducers/preferences.ts">
        <metrics statements="10" coveredstatements="10" conditionals="4" coveredconditionals="4" methods="1" coveredmethods="1"/>
        <line num="2" count="8" type="stmt"/>
        <line num="3" count="8" type="stmt"/>
        <line num="9" count="8" type="stmt"/>
        <line num="13" count="73" type="cond" truecount="3" falsecount="0"/>
        <line num="15" count="4" type="stmt"/>
        <line num="16" count="4" type="stmt"/>
        <line num="18" count="2" type="stmt"/>
        <line num="19" count="2" type="stmt"/>
        <line num="22" count="67" type="stmt"/>
        <line num="25" count="8" type="stmt"/>
      </file>
      <file name="recurrentTransfers.ts" path="/Users/quentincorrea/Documents/Projects/Keychain/hive-keychain-mobile/src/reducers/recurrentTransfers.ts">
        <metrics statements="5" coveredstatements="4" conditionals="3" coveredconditionals="2" methods="1" coveredmethods="1"/>
        <line num="2" count="7" type="stmt"/>
        <line num="5" count="7" type="stmt"/>
        <line num="9" count="65" type="cond" truecount="1" falsecount="1"/>
        <line num="11" count="0" type="stmt"/>
        <line num="13" count="65" type="stmt"/>
      </file>
      <file name="rpcSwitcher.ts" path="/Users/quentincorrea/Documents/Projects/Keychain/hive-keychain-mobile/src/reducers/rpcSwitcher.ts">
        <metrics statements="7" coveredstatements="7" conditionals="4" coveredconditionals="4" methods="1" coveredmethods="1"/>
        <line num="2" count="8" type="stmt"/>
        <line num="8" count="8" type="stmt"/>
        <line num="12" count="70" type="cond" truecount="3" falsecount="0"/>
        <line num="14" count="1" type="stmt"/>
        <line num="16" count="2" type="stmt"/>
        <line num="18" count="67" type="stmt"/>
        <line num="22" count="8" type="stmt"/>
      </file>
      <file name="settings.ts" path="/Users/quentincorrea/Documents/Projects/Keychain/hive-keychain-mobile/src/reducers/settings.ts">
        <metrics statements="11" coveredstatements="10" conditionals="7" coveredconditionals="6" methods="1" coveredmethods="1"/>
        <line num="2" count="8" type="stmt"/>
        <line num="9" count="8" type="stmt"/>
        <line num="10" count="8" type="stmt"/>
        <line num="15" count="8" type="stmt"/>
        <line num="30" count="71" type="cond" truecount="5" falsecount="1"/>
        <line num="32" count="3" type="stmt"/>
        <line num="34" count="1" type="stmt"/>
        <line num="36" count="0" type="stmt"/>
        <line num="38" count="1" type="stmt"/>
        <line num="40" count="1" type="stmt"/>
        <line num="42" count="65" type="stmt"/>
      </file>
      <file name="tokenHistory.ts" path="/Users/quentincorrea/Documents/Projects/Keychain/hive-keychain-mobile/src/reducers/tokenHistory.ts">
        <metrics statements="6" coveredstatements="6" conditionals="4" coveredconditionals="4" methods="1" coveredmethods="1"/>
        <line num="2" count="8" type="stmt"/>
        <line num="5" count="8" type="stmt"/>
        <line num="9" count="72" type="cond" truecount="3" falsecount="0"/>
        <line num="11" count="3" type="stmt"/>
        <line num="13" count="2" type="stmt"/>
        <line num="15" count="67" type="stmt"/>
      </file>
      <file name="tokens.ts" path="/Users/quentincorrea/Documents/Projects/Keychain/hive-keychain-mobile/src/reducers/tokens.ts">
        <metrics statements="5" coveredstatements="5" conditionals="3" coveredconditionals="3" methods="1" coveredmethods="1"/>
        <line num="2" count="8" type="stmt"/>
        <line num="5" count="8" type="stmt"/>
        <line num="9" count="70" type="cond" truecount="2" falsecount="0"/>
        <line num="11" count="3" type="stmt"/>
        <line num="13" count="67" type="stmt"/>
      </file>
      <file name="tokensFilters.ts" path="/Users/quentincorrea/Documents/Projects/Keychain/hive-keychain-mobile/src/reducers/tokensFilters.ts">
        <metrics statements="17" coveredstatements="15" conditionals="6" coveredconditionals="4" methods="2" coveredmethods="2"/>
        <line num="2" count="8" type="stmt"/>
        <line num="3" count="8" type="stmt"/>
        <line num="5" count="8" type="stmt"/>
        <line num="7" count="8" type="cond" truecount="2" falsecount="0"/>
        <line num="8" count="8" type="stmt"/>
        <line num="9" count="8" type="stmt"/>
        <line num="10" count="8" type="stmt"/>
        <line num="11" count="8" type="stmt"/>
        <line num="12" count="8" type="stmt"/>
        <line num="13" count="8" type="stmt"/>
        <line num="15" count="8" type="stmt"/>
        <line num="29" count="8" type="stmt"/>
        <line num="33" count="65" type="cond" truecount="1" falsecount="2"/>
        <line num="35" count="0" type="stmt"/>
        <line num="37" count="0" type="stmt"/>
        <line num="39" count="65" type="stmt"/>
        <line num="43" count="8" type="stmt"/>
      </file>
      <file name="tokensMarket.ts" path="/Users/quentincorrea/Documents/Projects/Keychain/hive-keychain-mobile/src/reducers/tokensMarket.ts">
        <metrics statements="5" coveredstatements="4" conditionals="3" coveredconditionals="2" methods="1" coveredmethods="1"/>
        <line num="2" count="7" type="stmt"/>
        <line num="5" count="7" type="stmt"/>
        <line num="9" count="65" type="cond" truecount="1" falsecount="1"/>
        <line num="11" count="0" type="stmt"/>
        <line num="13" count="65" type="stmt"/>
      </file>
      <file name="transactions.ts" path="/Users/quentincorrea/Documents/Projects/Keychain/hive-keychain-mobile/src/reducers/transactions.ts">
        <metrics statements="9" coveredstatements="9" conditionals="6" coveredconditionals="6" methods="1" coveredmethods="1"/>
        <line num="2" count="8" type="stmt"/>
        <line num="9" count="8" type="stmt"/>
        <line num="11" count="8" type="stmt"/>
        <line num="15" count="72" type="cond" truecount="5" falsecount="0"/>
        <line num="17" count="1" type="stmt"/>
        <line num="19" count="1" type="stmt"/>
        <line num="21" count="1" type="stmt"/>
        <line num="23" count="2" type="stmt"/>
        <line num="29" count="67" type="stmt"/>
      </file>
      <file name="userTokens.ts" path="/Users/quentincorrea/Documents/Projects/Keychain/hive-keychain-mobile/src/reducers/userTokens.ts">
        <metrics statements="7" coveredstatements="7" conditionals="5" coveredconditionals="5" methods="1" coveredmethods="1"/>
        <line num="2" count="8" type="stmt"/>
        <line num="9" count="8" type="stmt"/>
        <line num="13" count="73" type="cond" truecount="4" falsecount="0"/>
        <line num="15" count="1" type="stmt"/>
        <line num="17" count="3" type="stmt"/>
        <line num="19" count="2" type="stmt"/>
        <line num="21" count="67" type="stmt"/>
      </file>
    </package>
    <package name="reducers.configs">
      <metrics statements="3" coveredstatements="3" conditionals="0" coveredconditionals="0" methods="1" coveredmethods="1"/>
      <file name="index.ts" path="/Users/quentincorrea/Documents/Projects/Keychain/hive-keychain-mobile/src/reducers/configs/index.ts">
        <metrics statements="3" coveredstatements="3" conditionals="0" coveredconditionals="0" methods="1" coveredmethods="1"/>
        <line num="1" count="10" type="stmt"/>
        <line num="3" count="10" type="stmt"/>
        <line num="5" count="24" type="stmt"/>
      </file>
    </package>
    <package name="reducers.hiveAuthenticationService">
      <metrics statements="47" coveredstatements="47" conditionals="13" coveredconditionals="13" methods="17" coveredmethods="17"/>
      <file name="index.ts" path="/Users/quentincorrea/Documents/Projects/Keychain/hive-keychain-mobile/src/reducers/hiveAuthenticationService/index.ts">
        <metrics statements="47" coveredstatements="47" conditionals="13" coveredconditionals="13" methods="17" coveredmethods="17"/>
        <line num="1" count="8" type="stmt"/>
        <line num="13" count="8" type="stmt"/>
        <line num="17" count="87" type="cond" truecount="9" falsecount="0"/>
        <line num="19" count="4" type="stmt"/>
        <line num="20" count="4" type="stmt"/>
        <line num="21" count="4" type="cond" truecount="1" falsecount="0"/>
        <line num="22" count="2" type="stmt"/>
        <line num="24" count="4" type="stmt"/>
        <line num="32" count="2" type="stmt"/>
        <line num="34" count="2" type="stmt"/>
        <line num="36" count="2" type="stmt"/>
        <line num="38" count="1" type="stmt"/>
        <line num="39" count="1" type="stmt"/>
        <line num="43" count="2" type="stmt"/>
        <line num="45" count="2" type="stmt"/>
        <line num="47" count="1" type="stmt"/>
        <line num="48" count="1" type="stmt"/>
        <line num="53" count="2" type="stmt"/>
        <line num="54" count="2" type="stmt"/>
        <line num="55" count="2" type="stmt"/>
        <line num="57" count="2" type="cond" truecount="1" falsecount="0"/>
        <line num="58" count="1" type="stmt"/>
        <line num="59" count="1" type="stmt"/>
        <line num="62" count="2" type="stmt"/>
        <line num="63" count="1" type="stmt"/>
        <line num="65" count="2" type="stmt"/>
        <line num="66" count="1" type="stmt"/>
        <line num="67" count="1" type="stmt"/>
        <line num="70" count="1" type="stmt"/>
        <line num="76" count="1" type="stmt"/>
        <line num="78" count="2" type="stmt"/>
        <line num="79" count="1" type="stmt"/>
        <line num="81" count="2" type="cond" truecount="1" falsecount="0"/>
        <line num="82" count="1" type="stmt"/>
        <line num="83" count="1" type="stmt"/>
        <line num="86" count="1" type="stmt"/>
        <line num="91" count="3" type="stmt"/>
        <line num="92" count="5" type="stmt"/>
        <line num="94" count="3" type="stmt"/>
        <line num="95" count="4" type="stmt"/>
        <line num="97" count="3" type="stmt"/>
        <line num="103" count="4" type="stmt"/>
        <line num="104" count="4" type="stmt"/>
        <line num="105" count="4" type="stmt"/>
        <line num="106" count="4" type="stmt"/>
        <line num="107" count="4" type="stmt"/>
        <line num="110" count="67" type="stmt"/>
      </file>
    </package>
    <package name="store">
[...]
        <line num="117" count="3" type="stmt"/>
        <line num="118" count="2" type="stmt"/>
        <line num="119" count="2" type="stmt"/>
        <line num="120" count="1" type="stmt"/>
        <line num="122" count="2" type="cond" truecount="1" falsecount="1"/>
        <line num="123" count="0" type="cond" truecount="0" falsecount="1"/>
        <line num="124" count="0" type="cond" truecount="0" falsecount="1"/>
        <line num="127" count="0" type="cond" truecount="0" falsecount="2"/>
        <line num="131" count="0" type="stmt"/>
        <line num="137" count="2" type="stmt"/>
        <line num="139" count="2" type="cond" truecount="3" falsecount="0"/>
        <line num="140" count="2" type="stmt"/>
        <line num="145" count="5" type="cond" truecount="1" falsecount="0"/>
        <line num="147" count="3" type="stmt"/>
        <line num="150" count="4" type="stmt"/>
        <line num="156" count="5" type="cond" truecount="5" falsecount="0"/>
        <line num="158" count="3" type="stmt"/>
        <line num="163" count="1" type="stmt"/>
        <line num="164" count="6" type="stmt"/>
        <line num="170" count="1" type="stmt"/>
        <line num="177" count="1" type="stmt"/>
        <line num="187" count="1" type="stmt"/>
        <line num="193" count="7" type="stmt"/>
        <line num="204" count="1" type="stmt"/>
        <line num="208" count="3" type="stmt"/>
        <line num="209" count="3" type="stmt"/>
        <line num="210" count="3" type="stmt"/>
        <line num="211" count="3" type="cond" truecount="4" falsecount="0"/>
        <line num="212" count="1" type="stmt"/>
        <line num="213" count="1" type="stmt"/>
        <line num="215" count="1" type="cond" truecount="3" falsecount="0"/>
        <line num="216" count="1" type="stmt"/>
        <line num="218" count="2" type="cond" truecount="2" falsecount="0"/>
        <line num="219" count="1" type="stmt"/>
        <line num="220" count="1" type="cond" truecount="1" falsecount="0"/>
        <line num="221" count="1" type="stmt"/>
        <line num="222" count="1" type="stmt"/>
        <line num="226" count="3" type="stmt"/>
        <line num="229" count="1" type="stmt"/>
        <line num="234" count="4" type="stmt"/>
        <line num="235" count="4" type="stmt"/>
        <line num="236" count="4" type="cond" truecount="1" falsecount="0"/>
        <line num="237" count="3" type="stmt"/>
        <line num="238" count="3" type="cond" truecount="2" falsecount="0"/>
        <line num="239" count="2" type="stmt"/>
        <line num="240" count="2" type="stmt"/>
        <line num="243" count="1" type="cond" truecount="1" falsecount="0"/>
        <line num="244" count="1" type="stmt"/>
        <line num="245" count="1" type="stmt"/>
        <line num="250" count="3" type="stmt"/>
        <line num="251" count="3" type="stmt"/>
        <line num="253" count="1" type="stmt"/>
        <line num="258" count="1" type="stmt"/>
      </file>
      <file name="walletHistoryUtils.ts" path="/Users/quentincorrea/Documents/Projects/Keychain/hive-keychain-mobile/src/utils/walletHistoryUtils.ts">
        <metrics statements="31" coveredstatements="20" conditionals="66" coveredconditionals="7" methods="12" coveredmethods="7"/>
        <line num="2" count="1" type="stmt"/>
        <line num="3" count="1" type="stmt"/>
        <line num="25" count="1" type="stmt"/>
        <line num="30" count="1" type="stmt"/>
        <line num="35" count="3" type="stmt"/>
        <line num="45" count="1" type="stmt"/>
        <line num="46" count="1" type="stmt"/>
        <line num="52" count="1" type="stmt"/>
        <line num="56" count="1" type="stmt"/>
        <line num="59" count="1" type="stmt"/>
        <line num="63" count="1" type="stmt"/>
        <line num="66" count="1" type="stmt"/>
        <line num="71" count="1" type="stmt"/>
        <line num="82" count="1" type="stmt"/>
        <line num="86" count="1" type="stmt"/>
        <line num="89" count="1" type="stmt"/>
        <line num="93" count="1" type="stmt"/>
        <line num="99" count="1" type="stmt"/>
        <line num="103" count="0" type="stmt"/>
        <line num="115" count="1" type="stmt"/>
        <line num="120" count="0" type="stmt"/>
        <line num="123" count="0" type="stmt"/>
        <line num="125" count="0" type="stmt"/>
        <line num="127" count="0" type="cond" truecount="0" falsecount="2"/>
        <line num="128" count="0" type="cond" truecount="0" falsecount="1"/>
        <line num="132" count="0" type="cond" truecount="0" falsecount="2"/>
        <line num="136" count="0" type="stmt"/>
        <line num="151" count="0" type="stmt"/>
        <line num="157" count="0" type="stmt"/>
        <line num="158" count="0" type="stmt"/>
        <line num="249" count="1" type="stmt"/>
      </file>
      <file name="whatsNew.utils.ts" path="/Users/quentincorrea/Documents/Projects/Keychain/hive-keychain-mobile/src/utils/whatsNew.utils.ts">
        <metrics statements="7" coveredstatements="7" conditionals="0" coveredconditionals="0" methods="1" coveredmethods="1"/>
        <line num="1" count="1" type="stmt"/>
        <line num="2" count="1" type="stmt"/>
        <line num="3" count="1" type="stmt"/>
        <line num="5" count="1" type="stmt"/>
        <line num="6" count="3" type="stmt"/>
        <line num="11" count="3" type="stmt"/>
        <line num="17" count="1" type="stmt"/>
      </file>
      <file name="widget.utils.ts" path="/Users/quentincorrea/Documents/Projects/Keychain/hive-keychain-mobile/src/utils/widget.utils.ts">
        <metrics statements="36" coveredstatements="27" conditionals="10" coveredconditionals="8" methods="9" coveredmethods="8"/>
        <line num="1" count="9" type="stmt"/>
        <line num="3" count="9" type="stmt"/>
        <line num="4" count="9" type="stmt"/>
        <line num="6" count="9" type="stmt"/>
        <line num="16" count="9" type="stmt"/>
        <line num="17" count="0" type="stmt"/>
        <line num="18" count="0" type="stmt"/>
        <line num="20" count="0" type="cond" truecount="0" falsecount="1"/>
        <line num="21" count="0" type="stmt"/>
        <line num="25" count="0" type="stmt"/>
        <line num="26" count="0" type="stmt"/>
        <line num="32" count="0" type="stmt"/>
        <line num="33" count="0" type="stmt"/>
        <line num="37" count="9" type="stmt"/>
        <line num="41" count="2" type="stmt"/>
        <line num="44" count="2" type="cond" truecount="2" falsecount="0"/>
        <line num="46" count="1" type="stmt"/>
        <line num="47" count="1" type="cond" truecount="1" falsecount="0"/>
        <line num="48" count="1" type="stmt"/>
        <line num="49" count="1" type="stmt"/>
        <line num="54" count="1" type="cond" truecount="3" falsecount="1"/>
        <line num="55" count="0" type="stmt"/>
        <line num="57" count="1" type="stmt"/>
        <line num="64" count="9" type="stmt"/>
        <line num="65" count="1" type="stmt"/>
        <line num="69" count="2" type="stmt"/>
        <line num="78" count="9" type="stmt"/>
        <line num="79" count="1" type="stmt"/>
        <line num="82" count="1" type="cond" truecount="1" falsecount="0"/>
        <line num="84" count="1" type="stmt"/>
        <line num="85" count="1" type="cond" truecount="1" falsecount="0"/>
        <line num="86" count="1" type="stmt"/>
        <line num="88" count="2" type="stmt"/>
        <line num="94" count="9" type="stmt"/>
        <line num="95" count="1" type="stmt"/>
        <line num="98" count="9" type="stmt"/>
      </file>
      <file name="witness.utils.ts" path="/Users/quentincorrea/Documents/Projects/Keychain/hive-keychain-mobile/src/utils/witness.utils.ts">
        <metrics statements="31" coveredstatements="24" conditionals="25" coveredconditionals="18" methods="5" coveredmethods="3"/>
        <line num="2" count="1" type="stmt"/>
        <line num="4" count="1" type="stmt"/>
        <line num="5" count="1" type="stmt"/>
        <line num="6" count="1" type="stmt"/>
        <line num="13" count="1" type="stmt"/>
        <line num="14" count="1" type="stmt"/>
        <line num="22" count="1" type="stmt"/>
        <line num="24" count="1" type="stmt"/>
        <line num="26" count="1" type="stmt"/>
        <line num="29" count="1" type="stmt"/>
        <line num="35" count="1" type="stmt"/>
        <line num="41" count="1" type="stmt"/>
        <line num="42" count="1" type="stmt"/>
        <line num="44" count="1" type="stmt"/>
        <line num="107" count="1" type="stmt"/>
        <line num="109" count="1" type="stmt"/>
        <line num="110" count="1" type="stmt"/>
        <line num="111" count="1" type="stmt"/>
        <line num="112" count="1" type="stmt"/>
        <line num="114" count="1" type="stmt"/>
        <line num="117" count="1" type="stmt"/>
        <line num="121" count="0" type="stmt"/>
        <line num="124" count="0" type="cond" truecount="0" falsecount="1"/>
        <line num="125" count="0" type="stmt"/>
        <line num="127" count="0" type="stmt"/>
        <line num="128" count="0" type="stmt"/>
        <line num="134" count="1" type="stmt"/>
        <line num="135" count="0" type="stmt"/>
        <line num="138" count="0" type="cond" truecount="0" falsecount="2"/>
        <line num="141" count="1" type="stmt"/>
        <line num="146" count="1" type="stmt"/>
      </file>
    </package>
    <package name="utils.hiveAuthenticationService">
      <metrics statements="16" coveredstatements="16" conditionals="9" coveredconditionals="9" methods="5" coveredmethods="5"/>
      <file name="static.ts" path="/Users/quentincorrea/Documents/Projects/Keychain/hive-keychain-mobile/src/utils/hiveAuthenticationService/static.ts">
        <metrics statements="16" coveredstatements="16" conditionals="9" coveredconditionals="9" methods="5" coveredmethods="5"/>
        <line num="1" count="1" type="stmt"/>
        <line num="2" count="1" type="stmt"/>
        <line num="5" count="1" type="stmt"/>
        <line num="6" count="10" type="cond" truecount="1" falsecount="0"/>
        <line num="8" count="8" type="stmt"/>
        <line num="12" count="7" type="stmt"/>
        <line num="16" count="5" type="stmt"/>
        <line num="20" count="3" type="stmt"/>
        <line num="27" count="1" type="stmt"/>
        <line num="28" count="3" type="stmt"/>
        <line num="29" count="3" type="stmt"/>
        <line num="33" count="1" type="stmt"/>
        <line num="34" count="4" type="stmt"/>
        <line num="36" count="5" type="cond" truecount="2" falsecount="0"/>
        <line num="37" count="1" type="stmt"/>
        <line num="42" count="1" type="stmt"/>
      </file>
    </package>
    <package name="utils.storage">
      <metrics statements="151" coveredstatements="100" conditionals="43" coveredconditionals="16" methods="22" coveredmethods="17"/>
      <file name="encryptedStorage.utils.ts" path="/Users/quentincorrea/Documents/Projects/Keychain/hive-keychain-mobile/src/utils/storage/encryptedStorage.utils.ts">
        <metrics statements="14" coveredstatements="14" conditionals="2" coveredconditionals="2" methods="4" coveredmethods="4"/>
        <line num="1" count="10" type="stmt"/>
        <line num="3" count="10" type="stmt"/>
        <line num="5" count="10" type="stmt"/>
        <line num="9" count="2" type="stmt"/>
        <line num="10" count="2" type="cond" truecount="2" falsecount="0"/>
        <line num="11" count="2" type="stmt"/>
        <line num="14" count="10" type="stmt"/>
        <line num="19" count="1" type="stmt"/>
        <line num="20" count="1" type="stmt"/>
        <line num="23" count="10" type="stmt"/>
        <line num="24" count="1" type="stmt"/>
        <line num="27" count="10" type="stmt"/>
        <line num="28" count="1" type="stmt"/>
        <line num="31" count="10" type="stmt"/>
      </file>
      <file name="keychainStorage.utils.ts" path="/Users/quentincorrea/Documents/Projects/Keychain/hive-keychain-mobile/src/utils/storage/keychainStorage.utils.ts">
        <metrics statements="40" coveredstatements="35" conditionals="7" coveredconditionals="6" methods="4" coveredmethods="4"/>
        <line num="1" count="11" type="stmt"/>
        <line num="2" count="11" type="stmt"/>
        <line num="3" count="11" type="stmt"/>
        <line num="5" count="11" type="stmt"/>
        <line num="6" count="1" type="stmt"/>
        <line num="7" count="2" type="stmt"/>
        <line num="8" count="1" type="stmt"/>
        <line num="11" count="1" type="stmt"/>
        <line num="12" count="2" type="stmt"/>
        <line num="16" count="2" type="cond" truecount="2" falsecount="1"/>
        <line num="17" count="0" type="stmt"/>
        <line num="19" count="0" type="stmt"/>
        <line num="20" count="0" type="stmt"/>
        <line num="22" count="0" type="stmt"/>
        <line num="24" count="2" type="stmt"/>
        <line num="28" count="11" type="stmt"/>
        <line num="29" count="2" type="stmt"/>
        <line num="30" count="2" type="stmt"/>
        <line num="31" count="2" type="stmt"/>
        <line num="34" count="2" type="cond" truecount="1" falsecount="0"/>
        <line num="35" count="1" type="stmt"/>
        <line num="36" count="1" type="stmt"/>
        <line num="37" count="2" type="stmt"/>
        <line num="40" count="2" type="cond" truecount="1" falsecount="0"/>
        <line num="41" count="1" type="stmt"/>
        <line num="45" count="2" type="stmt"/>
        <line num="46" count="2" type="stmt"/>
        <line num="47" count="2" type="cond" truecount="1" falsecount="0"/>
        <line num="48" count="2" type="stmt"/>
        <line num="50" count="0" type="stmt"/>
        <line num="53" count="1" type="stmt"/>
        <line num="57" count="11" type="stmt"/>
        <line num="58" count="3" type="stmt"/>
        <line num="61" count="3" type="cond" truecount="1" falsecount="0"/>
        <line num="62" count="1" type="stmt"/>
        <line num="63" count="1" type="stmt"/>
        <line num="64" count="1" type="stmt"/>
        <line num="65" count="2" type="stmt"/>
        <line num="66" count="2" type="stmt"/>
        <line num="68" count="1" type="stmt"/>
      </file>
      <file name="secureStore.utils.ts" path="/Users/quentincorrea/Documents/Projects/Keychain/hive-keychain-mobile/src/utils/storage/secureStore.utils.ts">
        <metrics statements="19" coveredstatements="19" conditionals="8" coveredconditionals="5" methods="6" coveredmethods="6"/>
        <line num="1" count="10" type="stmt"/>
        <line num="2" count="10" type="stmt"/>
        <line num="3" count="10" type="stmt"/>
        <line num="10" count="10" type="stmt"/>
        <line num="16" count="2" type="cond" truecount="1" falsecount="1"/>
        <line num="19" count="2" type="stmt"/>
        <line num="33" count="10" type="stmt"/>
        <line num="39" count="1" type="stmt"/>
        <line num="46" count="10" type="stmt"/>
        <line num="51" count="1" type="stmt"/>
        <line num="57" count="10" type="stmt"/>
        <line num="58" count="1" type="stmt"/>
        <line num="63" count="10" type="stmt"/>
        <line num="64" count="3" type="stmt"/>
        <line num="72" count="3" type="stmt"/>
        <line num="74" count="3" type="stmt"/>
        <line num="76" count="15" type="stmt"/>
        <line num="81" count="10" type="stmt"/>
        <line num="88" count="10" type="stmt"/>
      </file>
      <file name="storage.utils.ts" path="/Users/quentincorrea/Documents/Projects/Keychain/hive-keychain-mobile/src/utils/storage/storage.utils.ts">
        <metrics statements="78" coveredstatements="32" conditionals="26" coveredconditionals="3" methods="8" coveredmethods="3"/>
        <line num="1" count="8" type="stmt"/>
        <line num="2" count="8" type="stmt"/>
        <line num="3" count="8" type="stmt"/>
        <line num="4" count="8" type="stmt"/>
        <line num="5" count="8" type="stmt"/>
        <line num="6" count="8" type="stmt"/>
        <line num="7" count="8" type="stmt"/>
        <line num="8" count="8" type="stmt"/>
        <line num="9" count="8" type="stmt"/>
        <line num="10" count="8" type="stmt"/>
        <line num="11" count="8" type="stmt"/>
        <line num="12" count="8" type="stmt"/>
        <line num="13" count="8" type="stmt"/>
        <line num="15" count="8" type="stmt"/>
        <line num="17" count="8" type="stmt"/>
        <line num="18" count="0" type="stmt"/>
        <line num="21" count="0" type="cond" truecount="0" falsecount="2"/>
        <line num="24" count="8" type="stmt"/>
        <line num="25" count="0" type="stmt"/>
        <line num="26" count="0" type="cond" truecount="0" falsecount="1"/>
        <line num="27" count="0" type="stmt"/>
        <line num="33" count="0" type="cond" truecount="0" falsecount="1"/>
        <line num="34" count="0" type="stmt"/>
        <line num="40" count="0" type="stmt"/>
        <line num="41" count="0" type="stmt"/>
        <line num="45" count="0" type="stmt"/>
        <line num="46" count="0" type="stmt"/>
        <line num="47" count="0" type="stmt"/>
        <line num="50" count="8" type="stmt"/>
        <line num="51" count="1" type="stmt"/>
        <line num="52" count="1" type="cond" truecount="1" falsecount="1"/>
        <line num="53" count="0" type="cond" truecount="0" falsecount="1"/>
        <line num="54" count="0" type="stmt"/>
        <line num="60" count="1" type="stmt"/>
        <line num="65" count="8" type="stmt"/>
        <line num="66" count="1" type="stmt"/>
        <line num="71" count="1" type="stmt"/>
        <line num="77" count="8" type="stmt"/>
        <line num="82" count="0" type="stmt"/>
        <line num="83" count="0" type="cond" truecount="0" falsecount="1"/>
        <line num="86" count="0" type="cond" truecount="0" falsecount="2"/>
        <line num="92" count="0" type="cond" truecount="0" falsecount="1"/>
        <line num="93" count="0" type="stmt"/>
        <line num="101" count="0" type="stmt"/>
        <line num="104" count="0" type="stmt"/>
        <line num="105" count="0" type="stmt"/>
        <line num="107" count="0" type="stmt"/>
        <line num="112" count="0" type="stmt"/>
        <line num="118" count="8" type="stmt"/>
        <line num="119" count="0" type="stmt"/>
        <line num="120" count="0" type="cond" truecount="0" falsecount="1"/>
        <line num="121" count="0" type="stmt"/>
        <line num="122" count="0" type="stmt"/>
        <line num="126" count="0" type="cond" truecount="0" falsecount="1"/>
        <line num="127" count="0" type="stmt"/>
        <line num="128" count="0" type="stmt"/>
        <line num="129" count="0" type="cond" truecount="0" falsecount="1"/>
        <line num="130" count="0" type="stmt"/>
        <line num="135" count="0" type="stmt"/>
        <line num="137" count="0" type="stmt"/>
        <line num="140" count="8" type="cond" truecount="2" falsecount="0"/>
        <line num="141" count="8" type="stmt"/>
        <line num="142" count="8" type="stmt"/>
        <line num="143" count="8" type="stmt"/>
        <line num="146" count="8" type="stmt"/>
        <line num="150" count="0" type="cond" truecount="0" falsecount="1"/>
        <line num="151" count="0" type="stmt"/>
        <line num="152" count="0" type="cond" truecount="0" falsecount="2"/>
        <line num="153" count="0" type="stmt"/>
        <line num="154" count="0" type="cond" truecount="0" falsecount="1"/>
        <line num="155" count="0" type="stmt"/>
        <line num="160" count="0" type="cond" truecount="0" falsecount="1"/>
        <line num="161" count="0" type="stmt"/>
        <line num="166" count="0" type="cond" truecount="0" falsecount="2"/>
        <line num="170" count="0" type="stmt"/>
        <line num="174" count="0" type="cond" truecount="0" falsecount="2"/>
        <line num="180" count="8" type="stmt"/>
        <line num="190" count="8" type="stmt"/>
      </file>
    </package>
  </project>
</coverage>
