{"/Users/quentincorrea/Documents/Projects/Keychain/hive-keychain-mobile/src/actions/accountValueDisplay.ts": {"path":"/Users/quentincorrea/Documents/Projects/Keychain/hive-keychain-mobile/src/actions/accountValueDisplay.ts","statementMap":{"0":{"start":{"line":2,"column":0},"end":{"line":2,"column":50}},"1":{"start":{"line":4,"column":38},"end":{"line":11,"column":1}},"2":{"start":{"line":7,"column":2},"end":{"line":10,"column":4}},"3":{"start":{"line":4,"column":13},"end":{"line":4,"column":38}}},"fnMap":{"0":{"name":"(anonymous_0)","decl":{"start":{"line":4,"column":38},"end":{"line":4,"column":null}},"loc":{"start":{"line":6,"column":27},"end":{"line":11,"column":1}}}},"branchMap":{},"s":{"0":10,"1":10,"2":3,"3":10},"f":{"0":3},"b":{}}
,"/Users/quentincorrea/Documents/Projects/Keychain/hive-keychain-mobile/src/actions/accounts.ts": {"path":"/Users/quentincorrea/Documents/Projects/Keychain/hive-keychain-mobile/src/actions/accounts.ts","statementMap":{"0":{"start":{"line":1,"column":0},"end":{"line":1,"column":41}},"1":{"start":{"line":2,"column":0},"end":{"line":2,"column":44}},"2":{"start":{"line":3,"column":0},"end":{"line":3,"column":73}},"3":{"start":{"line":4,"column":0},"end":{"line":4,"column":61}},"4":{"start":{"line":6,"column":0},"end":{"line":6,"column":53}},"5":{"start":{"line":7,"column":0},"end":{"line":7,"column":41}},"6":{"start":{"line":8,"column":0},"end":{"line":8,"column":79}},"7":{"start":{"line":9,"column":0},"end":{"line":9,"column":75}},"8":{"start":{"line":10,"column":0},"end":{"line":10,"column":66}},"9":{"start":{"line":11,"column":0},"end":{"line":11,"column":63}},"10":{"start":{"line":12,"column":0},"end":{"line":12,"column":55}},"11":{"start":{"line":13,"column":0},"end":{"line":13,"column":47}},"12":{"start":{"line":14,"column":0},"end":{"line":14,"column":null}},"13":{"start":{"line":22,"column":0},"end":{"line":22,"column":36}},"14":{"start":{"line":23,"column":0},"end":{"line":23,"column":null}},"15":{"start":{"line":31,"column":2},"end":{"line":85,"column":3}},"16":{"start":{"line":39,"column":2},"end":{"line":85,"column":3}},"17":{"start":{"line":40,"column":15},"end":{"line":40,"column":33}},"18":{"start":{"line":41,"column":29},"end":{"line":41,"column":48}},"19":{"start":{"line":42,"column":4},"end":{"line":47,"column":5}},"20":{"start":{"line":43,"column":6},"end":{"line":46,"column":8}},"21":{"start":{"line":48,"column":4},"end":{"line":55,"column":5}},"22":{"start":{"line":48,"column":37},"end":{"line":48,"column":52}},"23":{"start":{"line":49,"column":6},"end":{"line":49,"column":70}},"24":{"start":{"line":50,"column":6},"end":{"line":50,"column":35}},"25":{"start":{"line":50,"column":28},"end":{"line":50,"column":35}},"26":{"start":{"line":51,"column":6},"end":{"line":53,"column":7}},"27":{"start":{"line":52,"column":8},"end":{"line":52,"column":43}},"28":{"start":{"line":54,"column":6},"end":{"line":54,"column":13}},"29":{"start":{"line":56,"column":51},"end":{"line":59,"column":6}},"30":{"start":{"line":60,"column":4},"end":{"line":60,"column":21}},"31":{"start":{"line":61,"column":21},"end":{"line":61,"column":56}},"32":{"start":{"line":62,"column":4},"end":{"line":66,"column":6}},"33":{"start":{"line":68,"column":4},"end":{"line":71,"column":6}},"34":{"start":{"line":70,"column":28},"end":{"line":70,"column":36}},"35":{"start":{"line":73,"column":4},"end":{"line":76,"column":5}},"36":{"start":{"line":74,"column":6},"end":{"line":74,"column":68}},"37":{"start":{"line":75,"column":6},"end":{"line":75,"column":13}},"38":{"start":{"line":77,"column":4},"end":{"line":84,"column":5}},"39":{"start":{"line":78,"column":6},"end":{"line":78,"column":34}},"40":{"start":{"line":79,"column":6},"end":{"line":83,"column":29}},"41":{"start":{"line":30,"column":13},"end":{"line":30,"column":null}},"42":{"start":{"line":87,"column":30},"end":{"line":96,"column":1}},"43":{"start":{"line":87,"column":46},"end":{"line":96,"column":1}},"44":{"start":{"line":89,"column":2},"end":{"line":89,"column":54}},"45":{"start":{"line":90,"column":2},"end":{"line":90,"column":44}},"46":{"start":{"line":91,"column":2},"end":{"line":91,"column":34}},"47":{"start":{"line":92,"column":2},"end":{"line":94,"column":5}},"48":{"start":{"line":95,"column":2},"end":{"line":95,"column":46}},"49":{"start":{"line":87,"column":13},"end":{"line":87,"column":30}},"50":{"start":{"line":99,"column":2},"end":{"line":119,"column":3}},"51":{"start":{"line":100,"column":2},"end":{"line":119,"column":3}},"52":{"start":{"line":101,"column":15},"end":{"line":101,"column":33}},"53":{"start":{"line":102,"column":29},"end":{"line":102,"column":48}},"54":{"start":{"line":103,"column":21},"end":{"line":103,"column":72}},"55":{"start":{"line":103,"column":52},"end":{"line":103,"column":71}},"56":{"start":{"line":104,"column":4},"end":{"line":118,"column":5}},"57":{"start":{"line":105,"column":6},"end":{"line":109,"column":8}},"58":{"start":{"line":110,"column":53},"end":{"line":113,"column":8}},"59":{"start":{"line":114,"column":6},"end":{"line":114,"column":23}},"60":{"start":{"line":115,"column":6},"end":{"line":115,"column":59}},"61":{"start":{"line":117,"column":6},"end":{"line":117,"column":33}},"62":{"start":{"line":98,"column":13},"end":{"line":98,"column":null}},"63":{"start":{"line":122,"column":2},"end":{"line":154,"column":3}},"64":{"start":{"line":123,"column":2},"end":{"line":154,"column":3}},"65":{"start":{"line":125,"column":6},"end":{"line":127,"column":18}},"66":{"start":{"line":126,"column":44},"end":{"line":126,"column":65}},"67":{"start":{"line":129,"column":4},"end":{"line":153,"column":5}},"68":{"start":{"line":130,"column":6},"end":{"line":130,"column":40}},"69":{"start":{"line":131,"column":6},"end":{"line":133,"column":9}},"70":{"start":{"line":135,"column":6},"end":{"line":147,"column":8}},"71":{"start":{"line":137,"column":10},"end":{"line":145,"column":11}},"72":{"start":{"line":138,"column":25},"end":{"line":138,"column":42}},"73":{"start":{"line":139,"column":12},"end":{"line":139,"column":29}},"74":{"start":{"line":140,"column":40},"end":{"line":140,"column":56}},"75":{"start":{"line":141,"column":12},"end":{"line":141,"column":32}},"76":{"start":{"line":142,"column":12},"end":{"line":142,"column":38}},"77":{"start":{"line":144,"column":12},"end":{"line":144,"column":27}},"78":{"start":{"line":148,"column":6},"end":{"line":152,"column":8}},"79":{"start":{"line":121,"column":13},"end":{"line":121,"column":null}},"80":{"start":{"line":157,"column":2},"end":{"line":180,"column":3}},"81":{"start":{"line":158,"column":2},"end":{"line":180,"column":3}},"82":{"start":{"line":159,"column":17},"end":{"line":159,"column":50}},"83":{"start":{"line":160,"column":4},"end":{"line":179,"column":5}},"84":{"start":{"line":161,"column":6},"end":{"line":161,"column":74}},"85":{"start":{"line":162,"column":11},"end":{"line":179,"column":5}},"86":{"start":{"line":163,"column":6},"end":{"line":165,"column":8}},"87":{"start":{"line":167,"column":6},"end":{"line":175,"column":8}},"88":{"start":{"line":169,"column":10},"end":{"line":173,"column":11}},"89":{"start":{"line":170,"column":12},"end":{"line":170,"column":66}},"90":{"start":{"line":172,"column":12},"end":{"line":172,"column":27}},"91":{"start":{"line":176,"column":6},"end":{"line":178,"column":8}},"92":{"start":{"line":156,"column":13},"end":{"line":156,"column":null}},"93":{"start":{"line":183,"column":2},"end":{"line":195,"column":3}},"94":{"start":{"line":184,"column":2},"end":{"line":195,"column":3}},"95":{"start":{"line":185,"column":15},"end":{"line":185,"column":33}},"96":{"start":{"line":186,"column":4},"end":{"line":190,"column":6}},"97":{"start":{"line":191,"column":4},"end":{"line":194,"column":7}},"98":{"start":{"line":182,"column":13},"end":{"line":182,"column":null}},"99":{"start":{"line":198,"column":2},"end":{"line":213,"column":3}},"100":{"start":{"line":199,"column":2},"end":{"line":213,"column":3}},"101":{"start":{"line":200,"column":15},"end":{"line":200,"column":33}},"102":{"start":{"line":201,"column":29},"end":{"line":201,"column":48}},"103":{"start":{"line":202,"column":21},"end":{"line":202,"column":49}},"104":{"start":{"line":203,"column":4},"end":{"line":207,"column":6}},"105":{"start":{"line":208,"column":52},"end":{"line":211,"column":6}},"106":{"start":{"line":212,"column":4},"end":{"line":212,"column":22}}},"fnMap":{"0":{"name":"(anonymous_1)","decl":{"start":{"line":31,"column":2},"end":{"line":31,"column":null}},"loc":{"start":{"line":39,"column":2},"end":{"line":85,"column":3}}},"1":{"name":"(anonymous_2)","decl":{"start":{"line":39,"column":2},"end":{"line":39,"column":7}},"loc":{"start":{"line":39,"column":31},"end":{"line":85,"column":3}}},"2":{"name":"(anonymous_3)","decl":{"start":{"line":48,"column":30},"end":{"line":48,"column":31}},"loc":{"start":{"line":48,"column":37},"end":{"line":48,"column":52}}},"3":{"name":"(anonymous_4)","decl":{"start":{"line":70,"column":19},"end":{"line":70,"column":20}},"loc":{"start":{"line":70,"column":28},"end":{"line":70,"column":36}}},"4":{"name":"(anonymous_5)","decl":{"start":{"line":87,"column":30},"end":{"line":87,"column":43}},"loc":{"start":{"line":87,"column":46},"end":{"line":96,"column":1}}},"5":{"name":"(anonymous_6)","decl":{"start":{"line":87,"column":46},"end":{"line":87,"column":51}},"loc":{"start":{"line":87,"column":65},"end":{"line":96,"column":1}}},"6":{"name":"(anonymous_7)","decl":{"start":{"line":99,"column":2},"end":{"line":99,"column":3}},"loc":{"start":{"line":100,"column":2},"end":{"line":119,"column":3}}},"7":{"name":"(anonymous_8)","decl":{"start":{"line":100,"column":2},"end":{"line":100,"column":7}},"loc":{"start":{"line":100,"column":31},"end":{"line":119,"column":3}}},"8":{"name":"(anonymous_9)","decl":{"start":{"line":103,"column":45},"end":{"line":103,"column":46}},"loc":{"start":{"line":103,"column":52},"end":{"line":103,"column":71}}},"9":{"name":"(anonymous_10)","decl":{"start":{"line":122,"column":2},"end":{"line":122,"column":3}},"loc":{"start":{"line":123,"column":2},"end":{"line":154,"column":3}}},"10":{"name":"(anonymous_11)","decl":{"start":{"line":123,"column":2},"end":{"line":123,"column":7}},"loc":{"start":{"line":123,"column":31},"end":{"line":154,"column":3}}},"11":{"name":"(anonymous_12)","decl":{"start":{"line":126,"column":35},"end":{"line":126,"column":36}},"loc":{"start":{"line":126,"column":44},"end":{"line":126,"column":65}}},"12":{"name":"(anonymous_13)","decl":{"start":{"line":136,"column":23},"end":{"line":136,"column":24}},"loc":{"start":{"line":136,"column":44},"end":{"line":146,"column":9}}},"13":{"name":"(anonymous_14)","decl":{"start":{"line":157,"column":2},"end":{"line":157,"column":3}},"loc":{"start":{"line":158,"column":2},"end":{"line":180,"column":3}}},"14":{"name":"(anonymous_15)","decl":{"start":{"line":158,"column":2},"end":{"line":158,"column":7}},"loc":{"start":{"line":158,"column":21},"end":{"line":180,"column":3}}},"15":{"name":"(anonymous_16)","decl":{"start":{"line":168,"column":23},"end":{"line":168,"column":24}},"loc":{"start":{"line":168,"column":44},"end":{"line":174,"column":9}}},"16":{"name":"(anonymous_17)","decl":{"start":{"line":183,"column":2},"end":{"line":183,"column":3}},"loc":{"start":{"line":184,"column":2},"end":{"line":195,"column":3}}},"17":{"name":"(anonymous_18)","decl":{"start":{"line":184,"column":2},"end":{"line":184,"column":7}},"loc":{"start":{"line":184,"column":31},"end":{"line":195,"column":3}}},"18":{"name":"(anonymous_19)","decl":{"start":{"line":198,"column":2},"end":{"line":198,"column":3}},"loc":{"start":{"line":199,"column":2},"end":{"line":213,"column":3}}},"19":{"name":"(anonymous_20)","decl":{"start":{"line":199,"column":2},"end":{"line":199,"column":7}},"loc":{"start":{"line":199,"column":31},"end":{"line":213,"column":3}}}},"branchMap":{"0":{"loc":{"start":{"line":37,"column":4},"end":{"line":37,"column":21}},"type":"default-arg","locations":[{"start":{"line":37,"column":16},"end":{"line":37,"column":21}}]},"1":{"loc":{"start":{"line":42,"column":4},"end":{"line":47,"column":5}},"type":"if","locations":[{"start":{"line":42,"column":4},"end":{"line":47,"column":5}}]},"2":{"loc":{"start":{"line":48,"column":4},"end":{"line":55,"column":5}},"type":"if","locations":[{"start":{"line":48,"column":4},"end":{"line":55,"column":5}}]},"3":{"loc":{"start":{"line":50,"column":6},"end":{"line":50,"column":35}},"type":"if","locations":[{"start":{"line":50,"column":6},"end":{"line":50,"column":35}}]},"4":{"loc":{"start":{"line":51,"column":6},"end":{"line":53,"column":7}},"type":"if","locations":[{"start":{"line":51,"column":6},"end":{"line":53,"column":7}}]},"5":{"loc":{"start":{"line":52,"column":8},"end":{"line":52,"column":42}},"type":"cond-expr","locations":[{"start":{"line":52,"column":13},"end":{"line":52,"column":21}},{"start":{"line":52,"column":24},"end":{"line":52,"column":42}}]},"6":{"loc":{"start":{"line":73,"column":4},"end":{"line":76,"column":5}},"type":"if","locations":[{"start":{"line":73,"column":4},"end":{"line":76,"column":5}}]},"7":{"loc":{"start":{"line":77,"column":4},"end":{"line":84,"column":5}},"type":"if","locations":[{"start":{"line":77,"column":4},"end":{"line":84,"column":5}}]},"8":{"loc":{"start":{"line":79,"column":6},"end":{"line":83,"column":28}},"type":"cond-expr","locations":[{"start":{"line":80,"column":10},"end":{"line":82,"column":43}},{"start":{"line":83,"column":10},"end":{"line":83,"column":28}}]},"9":{"loc":{"start":{"line":80,"column":10},"end":{"line":82,"column":43}},"type":"cond-expr","locations":[{"start":{"line":81,"column":12},"end":{"line":81,"column":20}},{"start":{"line":82,"column":12},"end":{"line":82,"column":43}}]},"10":{"loc":{"start":{"line":104,"column":4},"end":{"line":118,"column":5}},"type":"if","locations":[{"start":{"line":104,"column":4},"end":{"line":118,"column":5}},{"start":{"line":116,"column":11},"end":{"line":118,"column":5}}]},"11":{"loc":{"start":{"line":129,"column":4},"end":{"line":153,"column":5}},"type":"if","locations":[{"start":{"line":129,"column":4},"end":{"line":153,"column":5}},{"start":{"line":134,"column":11},"end":{"line":153,"column":5}}]},"12":{"loc":{"start":{"line":137,"column":10},"end":{"line":145,"column":11}},"type":"if","locations":[{"start":{"line":137,"column":10},"end":{"line":145,"column":11}},{"start":{"line":143,"column":17},"end":{"line":145,"column":11}}]},"13":{"loc":{"start":{"line":160,"column":4},"end":{"line":179,"column":5}},"type":"if","locations":[{"start":{"line":160,"column":4},"end":{"line":179,"column":5}},{"start":{"line":162,"column":11},"end":{"line":179,"column":5}}]},"14":{"loc":{"start":{"line":162,"column":11},"end":{"line":179,"column":5}},"type":"if","locations":[{"start":{"line":162,"column":11},"end":{"line":179,"column":5}},{"start":{"line":166,"column":11},"end":{"line":179,"column":5}}]},"15":{"loc":{"start":{"line":169,"column":10},"end":{"line":173,"column":11}},"type":"if","locations":[{"start":{"line":169,"column":10},"end":{"line":173,"column":11}},{"start":{"line":171,"column":17},"end":{"line":173,"column":11}}]}},"s":{"0":9,"1":9,"2":9,"3":9,"4":9,"5":9,"6":9,"7":9,"8":9,"9":9,"10":9,"11":9,"12":9,"13":9,"14":9,"15":9,"16":10,"17":10,"18":10,"19":10,"20":5,"21":10,"22":5,"23":4,"24":4,"25":1,"26":3,"27":3,"28":3,"29":6,"30":6,"31":6,"32":6,"33":6,"34":7,"35":6,"36":1,"37":1,"38":5,"39":5,"40":5,"41":9,"42":9,"43":2,"44":2,"45":2,"46":2,"47":2,"48":2,"49":9,"50":9,"51":3,"52":2,"53":2,"54":2,"55":3,"56":2,"57":1,"58":1,"59":1,"60":1,"61":1,"62":9,"63":9,"64":3,"65":3,"66":4,"67":3,"68":1,"69":1,"70":2,"71":3,"72":2,"73":2,"74":2,"75":2,"76":2,"77":1,"78":2,"79":9,"80":9,"81":0,"82":0,"83":0,"84":0,"85":0,"86":0,"87":0,"88":0,"89":0,"90":0,"91":0,"92":9,"93":9,"94":1,"95":1,"96":1,"97":1,"98":9,"99":9,"100":2,"101":2,"102":2,"103":2,"104":2,"105":2,"106":2},"f":{"0":10,"1":10,"2":5,"3":7,"4":2,"5":2,"6":3,"7":2,"8":3,"9":3,"10":3,"11":4,"12":3,"13":0,"14":0,"15":0,"16":1,"17":1,"18":2,"19":2},"b":{"0":[8],"1":[5],"2":[4],"3":[1],"4":[3],"5":[1,2],"6":[1],"7":[5],"8":[2,3],"9":[1,1],"10":[1,1],"11":[1,2],"12":[2,1],"13":[0,0],"14":[0,0],"15":[0,0]}}
,"/Users/quentincorrea/Documents/Projects/Keychain/hive-keychain-mobile/src/actions/browser.ts": {"path":"/Users/quentincorrea/Documents/Projects/Keychain/hive-keychain-mobile/src/actions/browser.ts","statementMap":{"0":{"start":{"line":2,"column":0},"end":{"line":2,"column":53}},"1":{"start":{"line":3,"column":0},"end":{"line":3,"column":48}},"2":{"start":{"line":5,"column":0},"end":{"line":5,"column":null}},"3":{"start":{"line":22,"column":28},"end":{"line":28,"column":1}},"4":{"start":{"line":23,"column":48},"end":{"line":26,"column":4}},"5":{"start":{"line":27,"column":2},"end":{"line":27,"column":16}},"6":{"start":{"line":22,"column":13},"end":{"line":22,"column":28}},"7":{"start":{"line":30,"column":33},"end":{"line":36,"column":1}},"8":{"start":{"line":31,"column":48},"end":{"line":34,"column":4}},"9":{"start":{"line":35,"column":2},"end":{"line":35,"column":16}},"10":{"start":{"line":30,"column":13},"end":{"line":30,"column":33}},"11":{"start":{"line":38,"column":28},"end":{"line":43,"column":1}},"12":{"start":{"line":39,"column":48},"end":{"line":41,"column":4}},"13":{"start":{"line":42,"column":2},"end":{"line":42,"column":16}},"14":{"start":{"line":38,"column":13},"end":{"line":38,"column":28}},"15":{"start":{"line":45,"column":30},"end":{"line":51,"column":1}},"16":{"start":{"line":46,"column":48},"end":{"line":49,"column":4}},"17":{"start":{"line":50,"column":2},"end":{"line":50,"column":16}},"18":{"start":{"line":45,"column":13},"end":{"line":45,"column":30}},"19":{"start":{"line":53,"column":31},"end":{"line":59,"column":1}},"20":{"start":{"line":54,"column":48},"end":{"line":57,"column":4}},"21":{"start":{"line":58,"column":2},"end":{"line":58,"column":16}},"22":{"start":{"line":53,"column":13},"end":{"line":53,"column":31}},"23":{"start":{"line":61,"column":35},"end":{"line":67,"column":1}},"24":{"start":{"line":62,"column":48},"end":{"line":65,"column":4}},"25":{"start":{"line":66,"column":2},"end":{"line":66,"column":16}},"26":{"start":{"line":61,"column":13},"end":{"line":61,"column":35}},"27":{"start":{"line":70,"column":2},"end":{"line":89,"column":3}},"28":{"start":{"line":71,"column":2},"end":{"line":89,"column":3}},"29":{"start":{"line":72,"column":24},"end":{"line":72,"column":74}},"30":{"start":{"line":72,"column":60},"end":{"line":72,"column":73}},"31":{"start":{"line":73,"column":4},"end":{"line":82,"column":5}},"32":{"start":{"line":74,"column":6},"end":{"line":74,"column":42}},"33":{"start":{"line":76,"column":17},"end":{"line":76,"column":27}},"34":{"start":{"line":77,"column":6},"end":{"line":80,"column":9}},"35":{"start":{"line":81,"column":6},"end":{"line":81,"column":30}},"36":{"start":{"line":83,"column":4},"end":{"line":83,"column":42}},"37":{"start":{"line":84,"column":4},"end":{"line":88,"column":5}},"38":{"start":{"line":85,"column":6},"end":{"line":85,"column":26}},"39":{"start":{"line":87,"column":6},"end":{"line":87,"column":38}},"40":{"start":{"line":69,"column":13},"end":{"line":69,"column":null}},"41":{"start":{"line":91,"column":31},"end":{"line":97,"column":1}},"42":{"start":{"line":92,"column":48},"end":{"line":95,"column":4}},"43":{"start":{"line":96,"column":2},"end":{"line":96,"column":16}},"44":{"start":{"line":91,"column":13},"end":{"line":91,"column":31}},"45":{"start":{"line":99,"column":22},"end":{"line":105,"column":1}},"46":{"start":{"line":100,"column":48},"end":{"line":103,"column":4}},"47":{"start":{"line":104,"column":2},"end":{"line":104,"column":16}},"48":{"start":{"line":99,"column":13},"end":{"line":99,"column":22}},"49":{"start":{"line":107,"column":24},"end":{"line":113,"column":1}},"50":{"start":{"line":108,"column":48},"end":{"line":111,"column":4}},"51":{"start":{"line":112,"column":2},"end":{"line":112,"column":16}},"52":{"start":{"line":107,"column":13},"end":{"line":107,"column":24}},"53":{"start":{"line":115,"column":28},"end":{"line":119,"column":1}},"54":{"start":{"line":116,"column":2},"end":{"line":118,"column":4}},"55":{"start":{"line":115,"column":13},"end":{"line":115,"column":28}},"56":{"start":{"line":121,"column":25},"end":{"line":126,"column":1}},"57":{"start":{"line":122,"column":2},"end":{"line":125,"column":4}},"58":{"start":{"line":121,"column":13},"end":{"line":121,"column":25}},"59":{"start":{"line":128,"column":22},"end":{"line":128,"column":26}},"60":{"start":{"line":129,"column":25},"end":{"line":142,"column":1}},"61":{"start":{"line":130,"column":2},"end":{"line":130,"column":49}},"62":{"start":{"line":130,"column":24},"end":{"line":130,"column":49}},"63":{"start":{"line":131,"column":2},"end":{"line":136,"column":3}},"64":{"start":{"line":132,"column":4},"end":{"line":132,"column":28}},"65":{"start":{"line":133,"column":4},"end":{"line":135,"column":13}},"66":{"start":{"line":134,"column":6},"end":{"line":134,"column":29}},"67":{"start":{"line":137,"column":48},"end":{"line":140,"column":4}},"68":{"start":{"line":141,"column":2},"end":{"line":141,"column":16}},"69":{"start":{"line":129,"column":13},"end":{"line":129,"column":25}},"70":{"start":{"line":144,"column":36},"end":{"line":150,"column":1}},"71":{"start":{"line":145,"column":48},"end":{"line":148,"column":4}},"72":{"start":{"line":149,"column":2},"end":{"line":149,"column":16}},"73":{"start":{"line":144,"column":13},"end":{"line":144,"column":36}},"74":{"start":{"line":153,"column":2},"end":{"line":160,"column":3}},"75":{"start":{"line":154,"column":2},"end":{"line":160,"column":3}},"76":{"start":{"line":155,"column":16},"end":{"line":155,"column":55}},"77":{"start":{"line":156,"column":4},"end":{"line":159,"column":7}},"78":{"start":{"line":152,"column":13},"end":{"line":152,"column":null}}},"fnMap":{"0":{"name":"(anonymous_0)","decl":{"start":{"line":22,"column":28},"end":{"line":22,"column":29}},"loc":{"start":{"line":22,"column":46},"end":{"line":28,"column":1}}},"1":{"name":"(anonymous_1)","decl":{"start":{"line":30,"column":33},"end":{"line":30,"column":34}},"loc":{"start":{"line":30,"column":49},"end":{"line":36,"column":1}}},"2":{"name":"(anonymous_2)","decl":{"start":{"line":38,"column":28},"end":{"line":38,"column":31}},"loc":{"start":{"line":38,"column":33},"end":{"line":43,"column":1}}},"3":{"name":"(anonymous_3)","decl":{"start":{"line":45,"column":30},"end":{"line":45,"column":31}},"loc":{"start":{"line":45,"column":45},"end":{"line":51,"column":1}}},"4":{"name":"(anonymous_4)","decl":{"start":{"line":53,"column":31},"end":{"line":53,"column":32}},"loc":{"start":{"line":53,"column":53},"end":{"line":59,"column":1}}},"5":{"name":"(anonymous_5)","decl":{"start":{"line":61,"column":35},"end":{"line":61,"column":36}},"loc":{"start":{"line":61,"column":51},"end":{"line":67,"column":1}}},"6":{"name":"(anonymous_6)","decl":{"start":{"line":70,"column":2},"end":{"line":70,"column":3}},"loc":{"start":{"line":71,"column":2},"end":{"line":89,"column":3}}},"7":{"name":"(anonymous_7)","decl":{"start":{"line":71,"column":2},"end":{"line":71,"column":3}},"loc":{"start":{"line":71,"column":25},"end":{"line":89,"column":3}}},"8":{"name":"(anonymous_8)","decl":{"start":{"line":72,"column":53},"end":{"line":72,"column":54}},"loc":{"start":{"line":72,"column":60},"end":{"line":72,"column":73}}},"9":{"name":"(anonymous_9)","decl":{"start":{"line":91,"column":31},"end":{"line":91,"column":32}},"loc":{"start":{"line":91,"column":56},"end":{"line":97,"column":1}}},"10":{"name":"(anonymous_10)","decl":{"start":{"line":99,"column":22},"end":{"line":99,"column":23}},"loc":{"start":{"line":99,"column":38},"end":{"line":105,"column":1}}},"11":{"name":"(anonymous_11)","decl":{"start":{"line":107,"column":24},"end":{"line":107,"column":25}},"loc":{"start":{"line":107,"column":39},"end":{"line":113,"column":1}}},"12":{"name":"(anonymous_12)","decl":{"start":{"line":115,"column":28},"end":{"line":115,"column":31}},"loc":{"start":{"line":115,"column":33},"end":{"line":119,"column":1}}},"13":{"name":"(anonymous_13)","decl":{"start":{"line":121,"column":25},"end":{"line":121,"column":26}},"loc":{"start":{"line":121,"column":40},"end":{"line":126,"column":1}}},"14":{"name":"(anonymous_14)","decl":{"start":{"line":129,"column":25},"end":{"line":129,"column":26}},"loc":{"start":{"line":129,"column":77},"end":{"line":142,"column":1}}},"15":{"name":"(anonymous_15)","decl":{"start":{"line":133,"column":15},"end":{"line":133,"column":18}},"loc":{"start":{"line":133,"column":20},"end":{"line":135,"column":5}}},"16":{"name":"(anonymous_16)","decl":{"start":{"line":144,"column":36},"end":{"line":144,"column":37}},"loc":{"start":{"line":144,"column":64},"end":{"line":150,"column":1}}},"17":{"name":"(anonymous_17)","decl":{"start":{"line":153,"column":2},"end":{"line":153,"column":3}},"loc":{"start":{"line":154,"column":2},"end":{"line":160,"column":3}}},"18":{"name":"(anonymous_18)","decl":{"start":{"line":154,"column":2},"end":{"line":154,"column":7}},"loc":{"start":{"line":154,"column":21},"end":{"line":160,"column":3}}}},"branchMap":{"0":{"loc":{"start":{"line":73,"column":4},"end":{"line":82,"column":5}},"type":"if","locations":[{"start":{"line":73,"column":4},"end":{"line":82,"column":5}},{"start":{"line":75,"column":11},"end":{"line":82,"column":5}}]},"1":{"loc":{"start":{"line":84,"column":4},"end":{"line":88,"column":5}},"type":"if","locations":[{"start":{"line":84,"column":4},"end":{"line":88,"column":5}},{"start":{"line":86,"column":11},"end":{"line":88,"column":5}}]},"2":{"loc":{"start":{"line":130,"column":2},"end":{"line":130,"column":49}},"type":"if","locations":[{"start":{"line":130,"column":2},"end":{"line":130,"column":49}}]},"3":{"loc":{"start":{"line":131,"column":2},"end":{"line":136,"column":3}},"type":"if","locations":[{"start":{"line":131,"column":2},"end":{"line":136,"column":3}}]}},"s":{"0":10,"1":10,"2":10,"3":10,"4":1,"5":1,"6":10,"7":10,"8":1,"9":1,"10":10,"11":10,"12":1,"13":1,"14":10,"15":10,"16":1,"17":1,"18":10,"19":10,"20":1,"21":1,"22":10,"23":10,"24":1,"25":1,"26":10,"27":10,"28":4,"29":4,"30":1,"31":4,"32":1,"33":3,"34":3,"35":3,"36":4,"37":4,"38":3,"39":1,"40":10,"41":10,"42":4,"43":4,"44":10,"45":10,"46":1,"47":1,"48":10,"49":10,"50":1,"51":1,"52":10,"53":10,"54":1,"55":10,"56":10,"57":6,"58":10,"59":10,"60":10,"61":4,"62":1,"63":3,"64":1,"65":1,"66":1,"67":3,"68":3,"69":10,"70":10,"71":8,"72":8,"73":10,"74":10,"75":1,"76":1,"77":1,"78":10},"f":{"0":1,"1":1,"2":1,"3":1,"4":1,"5":1,"6":4,"7":4,"8":1,"9":4,"10":1,"11":1,"12":1,"13":6,"14":4,"15":1,"16":8,"17":1,"18":1},"b":{"0":[1,3],"1":[3,1],"2":[1],"3":[1]}}
,"/Users/quentincorrea/Documents/Projects/Keychain/hive-keychain-mobile/src/actions/colors.ts": {"path":"/Users/quentincorrea/Documents/Projects/Keychain/hive-keychain-mobile/src/actions/colors.ts","statementMap":{"0":{"start":{"line":2,"column":0},"end":{"line":2,"column":73}},"1":{"start":{"line":4,"column":0},"end":{"line":4,"column":46}},"2":{"start":{"line":6,"column":41},"end":{"line":12,"column":1}},"3":{"start":{"line":6,"column":57},"end":{"line":12,"column":1}},"4":{"start":{"line":7,"column":40},"end":{"line":10,"column":4}},"5":{"start":{"line":11,"column":2},"end":{"line":11,"column":19}},"6":{"start":{"line":6,"column":13},"end":{"line":6,"column":41}}},"fnMap":{"0":{"name":"(anonymous_0)","decl":{"start":{"line":6,"column":41},"end":{"line":6,"column":54}},"loc":{"start":{"line":6,"column":57},"end":{"line":12,"column":1}}},"1":{"name":"(anonymous_1)","decl":{"start":{"line":6,"column":57},"end":{"line":6,"column":62}},"loc":{"start":{"line":6,"column":76},"end":{"line":12,"column":1}}}},"branchMap":{},"s":{"0":10,"1":10,"2":10,"3":1,"4":1,"5":1,"6":10},"f":{"0":1,"1":1},"b":{}}
,"/Users/quentincorrea/Documents/Projects/Keychain/hive-keychain-mobile/src/actions/floatingBar.ts": {"path":"/Users/quentincorrea/Documents/Projects/Keychain/hive-keychain-mobile/src/actions/floatingBar.ts","statementMap":{"0":{"start":{"line":2,"column":0},"end":{"line":2,"column":null}},"1":{"start":{"line":10,"column":31},"end":{"line":17,"column":1}},"2":{"start":{"line":13,"column":2},"end":{"line":16,"column":4}},"3":{"start":{"line":10,"column":13},"end":{"line":10,"column":31}},"4":{"start":{"line":19,"column":42},"end":{"line":26,"column":1}},"5":{"start":{"line":22,"column":2},"end":{"line":25,"column":4}},"6":{"start":{"line":19,"column":13},"end":{"line":19,"column":42}},"7":{"start":{"line":28,"column":34},"end":{"line":35,"column":1}},"8":{"start":{"line":31,"column":2},"end":{"line":34,"column":4}},"9":{"start":{"line":28,"column":13},"end":{"line":28,"column":34}},"10":{"start":{"line":37,"column":31},"end":{"line":44,"column":1}},"11":{"start":{"line":40,"column":2},"end":{"line":43,"column":4}},"12":{"start":{"line":37,"column":13},"end":{"line":37,"column":31}},"13":{"start":{"line":46,"column":37},"end":{"line":50,"column":1}},"14":{"start":{"line":47,"column":2},"end":{"line":49,"column":4}},"15":{"start":{"line":46,"column":13},"end":{"line":46,"column":37}}},"fnMap":{"0":{"name":"(anonymous_0)","decl":{"start":{"line":10,"column":31},"end":{"line":10,"column":null}},"loc":{"start":{"line":12,"column":49},"end":{"line":17,"column":1}}},"1":{"name":"(anonymous_1)","decl":{"start":{"line":19,"column":42},"end":{"line":19,"column":null}},"loc":{"start":{"line":21,"column":58},"end":{"line":26,"column":1}}},"2":{"name":"(anonymous_2)","decl":{"start":{"line":28,"column":34},"end":{"line":28,"column":null}},"loc":{"start":{"line":30,"column":47},"end":{"line":35,"column":1}}},"3":{"name":"(anonymous_3)","decl":{"start":{"line":37,"column":31},"end":{"line":37,"column":null}},"loc":{"start":{"line":39,"column":46},"end":{"line":44,"column":1}}},"4":{"name":"(anonymous_4)","decl":{"start":{"line":46,"column":37},"end":{"line":46,"column":40}},"loc":{"start":{"line":46,"column":42},"end":{"line":50,"column":1}}}},"branchMap":{},"s":{"0":1,"1":1,"2":2,"3":1,"4":1,"5":1,"6":1,"7":1,"8":1,"9":1,"10":1,"11":1,"12":1,"13":1,"14":1,"15":1},"f":{"0":2,"1":1,"2":1,"3":1,"4":1},"b":{}}
,"/Users/quentincorrea/Documents/Projects/Keychain/hive-keychain-mobile/src/actions/hive-uri.ts": {"path":"/Users/quentincorrea/Documents/Projects/Keychain/hive-keychain-mobile/src/actions/hive-uri.ts","statementMap":{"0":{"start":{"line":3,"column":0},"end":{"line":3,"column":43}},"1":{"start":{"line":5,"column":38},"end":{"line":13,"column":1}},"2":{"start":{"line":9,"column":2},"end":{"line":12,"column":4}},"3":{"start":{"line":5,"column":13},"end":{"line":5,"column":38}},"4":{"start":{"line":15,"column":40},"end":{"line":19,"column":1}},"5":{"start":{"line":16,"column":2},"end":{"line":18,"column":4}},"6":{"start":{"line":15,"column":13},"end":{"line":15,"column":40}}},"fnMap":{"0":{"name":"(anonymous_0)","decl":{"start":{"line":5,"column":38},"end":{"line":5,"column":null}},"loc":{"start":{"line":8,"column":4},"end":{"line":13,"column":1}}},"1":{"name":"(anonymous_1)","decl":{"start":{"line":15,"column":40},"end":{"line":15,"column":43}},"loc":{"start":{"line":15,"column":45},"end":{"line":19,"column":1}}}},"branchMap":{},"s":{"0":10,"1":10,"2":1,"3":10,"4":10,"5":1,"6":10},"f":{"0":1,"1":1},"b":{}}
,"/Users/quentincorrea/Documents/Projects/Keychain/hive-keychain-mobile/src/actions/hive.ts": {"path":"/Users/quentincorrea/Documents/Projects/Keychain/hive-keychain-mobile/src/actions/hive.ts","statementMap":{"0":{"start":{"line":2,"column":0},"end":{"line":2,"column":47}},"1":{"start":{"line":3,"column":0},"end":{"line":3,"column":null}},"2":{"start":{"line":9,"column":0},"end":{"line":9,"column":47}},"3":{"start":{"line":10,"column":0},"end":{"line":10,"column":49}},"4":{"start":{"line":11,"column":0},"end":{"line":11,"column":44}},"5":{"start":{"line":12,"column":0},"end":{"line":12,"column":56}},"6":{"start":{"line":13,"column":0},"end":{"line":13,"column":51}},"7":{"start":{"line":14,"column":0},"end":{"line":14,"column":44}},"8":{"start":{"line":20,"column":0},"end":{"line":20,"column":null}},"9":{"start":{"line":37,"column":2},"end":{"line":59,"column":3}},"10":{"start":{"line":38,"column":2},"end":{"line":59,"column":3}},"11":{"start":{"line":39,"column":4},"end":{"line":44,"column":7}},"12":{"start":{"line":45,"column":4},"end":{"line":45,"column":35}},"13":{"start":{"line":46,"column":4},"end":{"line":46,"column":33}},"14":{"start":{"line":47,"column":4},"end":{"line":49,"column":5}},"15":{"start":{"line":48,"column":6},"end":{"line":48,"column":46}},"16":{"start":{"line":50,"column":20},"end":{"line":50,"column":71}},"17":{"start":{"line":51,"column":17},"end":{"line":51,"column":71}},"18":{"start":{"line":51,"column":49},"end":{"line":51,"column":64}},"19":{"start":{"line":52,"column":4},"end":{"line":58,"column":7}},"20":{"start":{"line":36,"column":13},"end":{"line":36,"column":null}},"21":{"start":{"line":62,"column":2},"end":{"line":69,"column":3}},"22":{"start":{"line":63,"column":2},"end":{"line":69,"column":3}},"23":{"start":{"line":64,"column":15},"end":{"line":64,"column":53}},"24":{"start":{"line":65,"column":4},"end":{"line":68,"column":7}},"25":{"start":{"line":71,"column":30},"end":{"line":83,"column":1}},"26":{"start":{"line":71,"column":46},"end":{"line":83,"column":1}},"27":{"start":{"line":72,"column":39},"end":{"line":76,"column":4}},"28":{"start":{"line":77,"column":16},"end":{"line":77,"column":44}},"29":{"start":{"line":78,"column":50},"end":{"line":81,"column":4}},"30":{"start":{"line":82,"column":2},"end":{"line":82,"column":19}},"31":{"start":{"line":71,"column":13},"end":{"line":71,"column":30}},"32":{"start":{"line":85,"column":26},"end":{"line":95,"column":1}},"33":{"start":{"line":85,"column":42},"end":{"line":95,"column":1}},"34":{"start":{"line":86,"column":2},"end":{"line":94,"column":3}},"35":{"start":{"line":87,"column":19},"end":{"line":87,"column":36}},"36":{"start":{"line":88,"column":4},"end":{"line":91,"column":7}},"37":{"start":{"line":93,"column":4},"end":{"line":93,"column":34}},"38":{"start":{"line":85,"column":13},"end":{"line":85,"column":26}},"39":{"start":{"line":97,"column":37},"end":{"line":101,"column":1}},"40":{"start":{"line":97,"column":53},"end":{"line":101,"column":1}},"41":{"start":{"line":98,"column":2},"end":{"line":100,"column":5}},"42":{"start":{"line":97,"column":13},"end":{"line":97,"column":37}},"43":{"start":{"line":104,"column":2},"end":{"line":118,"column":3}},"44":{"start":{"line":105,"column":2},"end":{"line":118,"column":3}},"45":{"start":{"line":106,"column":20},"end":{"line":107,"column":16}},"46":{"start":{"line":106,"column":52},"end":{"line":106,"column":74}},"47":{"start":{"line":108,"column":25},"end":{"line":112,"column":null}},"48":{"start":{"line":114,"column":4},"end":{"line":117,"column":7}},"49":{"start":{"line":103,"column":13},"end":{"line":103,"column":null}},"50":{"start":{"line":121,"column":2},"end":{"line":137,"column":3}},"51":{"start":{"line":122,"column":2},"end":{"line":137,"column":3}},"52":{"start":{"line":123,"column":20},"end":{"line":124,"column":16}},"53":{"start":{"line":123,"column":52},"end":{"line":123,"column":74}},"54":{"start":{"line":125,"column":22},"end":{"line":129,"column":null}},"55":{"start":{"line":131,"column":4},"end":{"line":136,"column":5}},"56":{"start":{"line":132,"column":6},"end":{"line":135,"column":9}},"57":{"start":{"line":120,"column":13},"end":{"line":120,"column":null}},"58":{"start":{"line":140,"column":2},"end":{"line":151,"column":3}},"59":{"start":{"line":141,"column":2},"end":{"line":151,"column":3}},"60":{"start":{"line":142,"column":4},"end":{"line":150,"column":5}},"61":{"start":{"line":143,"column":56},"end":{"line":146,"column":8}},"62":{"start":{"line":147,"column":6},"end":{"line":147,"column":23}},"63":{"start":{"line":149,"column":6},"end":{"line":149,"column":21}},"64":{"start":{"line":139,"column":13},"end":{"line":139,"column":null}},"65":{"start":{"line":154,"column":2},"end":{"line":165,"column":3}},"66":{"start":{"line":155,"column":2},"end":{"line":165,"column":3}},"67":{"start":{"line":156,"column":4},"end":{"line":164,"column":5}},"68":{"start":{"line":157,"column":56},"end":{"line":160,"column":8}},"69":{"start":{"line":161,"column":6},"end":{"line":161,"column":23}},"70":{"start":{"line":163,"column":6},"end":{"line":163,"column":21}},"71":{"start":{"line":153,"column":13},"end":{"line":153,"column":null}},"72":{"start":{"line":167,"column":37},"end":{"line":172,"column":1}},"73":{"start":{"line":167,"column":53},"end":{"line":172,"column":1}},"74":{"start":{"line":168,"column":2},"end":{"line":171,"column":5}},"75":{"start":{"line":167,"column":13},"end":{"line":167,"column":37}},"76":{"start":{"line":175,"column":2},"end":{"line":182,"column":3}},"77":{"start":{"line":176,"column":2},"end":{"line":182,"column":3}},"78":{"start":{"line":177,"column":24},"end":{"line":177,"column":72}},"79":{"start":{"line":178,"column":4},"end":{"line":181,"column":7}},"80":{"start":{"line":174,"column":13},"end":{"line":174,"column":null}},"81":{"start":{"line":185,"column":2},"end":{"line":196,"column":3}},"82":{"start":{"line":186,"column":2},"end":{"line":196,"column":3}},"83":{"start":{"line":187,"column":31},"end":{"line":190,"column":null}},"84":{"start":{"line":190,"column":16},"end":{"line":190,"column":65}},"85":{"start":{"line":192,"column":4},"end":{"line":195,"column":7}},"86":{"start":{"line":184,"column":13},"end":{"line":184,"column":null}},"87":{"start":{"line":199,"column":2},"end":{"line":206,"column":3}},"88":{"start":{"line":200,"column":2},"end":{"line":206,"column":3}},"89":{"start":{"line":201,"column":20},"end":{"line":201,"column":50}},"90":{"start":{"line":202,"column":4},"end":{"line":205,"column":7}},"91":{"start":{"line":198,"column":13},"end":{"line":198,"column":null}}},"fnMap":{"0":{"name":"(anonymous_1)","decl":{"start":{"line":37,"column":2},"end":{"line":37,"column":3}},"loc":{"start":{"line":38,"column":2},"end":{"line":59,"column":3}}},"1":{"name":"(anonymous_2)","decl":{"start":{"line":38,"column":2},"end":{"line":38,"column":7}},"loc":{"start":{"line":38,"column":31},"end":{"line":59,"column":3}}},"2":{"name":"(anonymous_3)","decl":{"start":{"line":51,"column":42},"end":{"line":51,"column":43}},"loc":{"start":{"line":51,"column":49},"end":{"line":51,"column":64}}},"3":{"name":"(anonymous_4)","decl":{"start":{"line":62,"column":2},"end":{"line":62,"column":3}},"loc":{"start":{"line":63,"column":2},"end":{"line":69,"column":3}}},"4":{"name":"(anonymous_5)","decl":{"start":{"line":63,"column":2},"end":{"line":63,"column":7}},"loc":{"start":{"line":63,"column":21},"end":{"line":69,"column":3}}},"5":{"name":"(anonymous_6)","decl":{"start":{"line":71,"column":30},"end":{"line":71,"column":43}},"loc":{"start":{"line":71,"column":46},"end":{"line":83,"column":1}}},"6":{"name":"(anonymous_7)","decl":{"start":{"line":71,"column":46},"end":{"line":71,"column":51}},"loc":{"start":{"line":71,"column":65},"end":{"line":83,"column":1}}},"7":{"name":"(anonymous_8)","decl":{"start":{"line":85,"column":26},"end":{"line":85,"column":39}},"loc":{"start":{"line":85,"column":42},"end":{"line":95,"column":1}}},"8":{"name":"(anonymous_9)","decl":{"start":{"line":85,"column":42},"end":{"line":85,"column":47}},"loc":{"start":{"line":85,"column":61},"end":{"line":95,"column":1}}},"9":{"name":"(anonymous_10)","decl":{"start":{"line":97,"column":37},"end":{"line":97,"column":50}},"loc":{"start":{"line":97,"column":53},"end":{"line":101,"column":1}}},"10":{"name":"(anonymous_11)","decl":{"start":{"line":97,"column":53},"end":{"line":97,"column":58}},"loc":{"start":{"line":97,"column":72},"end":{"line":101,"column":1}}},"11":{"name":"(anonymous_12)","decl":{"start":{"line":104,"column":2},"end":{"line":104,"column":3}},"loc":{"start":{"line":105,"column":2},"end":{"line":118,"column":3}}},"12":{"name":"(anonymous_13)","decl":{"start":{"line":105,"column":2},"end":{"line":105,"column":7}},"loc":{"start":{"line":105,"column":31},"end":{"line":118,"column":3}}},"13":{"name":"(anonymous_14)","decl":{"start":{"line":106,"column":45},"end":{"line":106,"column":46}},"loc":{"start":{"line":106,"column":52},"end":{"line":106,"column":74}}},"14":{"name":"(anonymous_15)","decl":{"start":{"line":121,"column":2},"end":{"line":121,"column":3}},"loc":{"start":{"line":122,"column":2},"end":{"line":137,"column":3}}},"15":{"name":"(anonymous_16)","decl":{"start":{"line":122,"column":2},"end":{"line":122,"column":7}},"loc":{"start":{"line":122,"column":31},"end":{"line":137,"column":3}}},"16":{"name":"(anonymous_17)","decl":{"start":{"line":123,"column":45},"end":{"line":123,"column":46}},"loc":{"start":{"line":123,"column":52},"end":{"line":123,"column":74}}},"17":{"name":"(anonymous_18)","decl":{"start":{"line":140,"column":2},"end":{"line":140,"column":3}},"loc":{"start":{"line":141,"column":2},"end":{"line":151,"column":3}}},"18":{"name":"(anonymous_19)","decl":{"start":{"line":141,"column":2},"end":{"line":141,"column":7}},"loc":{"start":{"line":141,"column":21},"end":{"line":151,"column":3}}},"19":{"name":"(anonymous_20)","decl":{"start":{"line":154,"column":2},"end":{"line":154,"column":3}},"loc":{"start":{"line":155,"column":2},"end":{"line":165,"column":3}}},"20":{"name":"(anonymous_21)","decl":{"start":{"line":155,"column":2},"end":{"line":155,"column":7}},"loc":{"start":{"line":155,"column":21},"end":{"line":165,"column":3}}},"21":{"name":"(anonymous_22)","decl":{"start":{"line":167,"column":37},"end":{"line":167,"column":50}},"loc":{"start":{"line":167,"column":53},"end":{"line":172,"column":1}}},"22":{"name":"(anonymous_23)","decl":{"start":{"line":167,"column":53},"end":{"line":167,"column":58}},"loc":{"start":{"line":167,"column":72},"end":{"line":172,"column":1}}},"23":{"name":"(anonymous_24)","decl":{"start":{"line":175,"column":2},"end":{"line":175,"column":3}},"loc":{"start":{"line":176,"column":2},"end":{"line":182,"column":3}}},"24":{"name":"(anonymous_25)","decl":{"start":{"line":176,"column":2},"end":{"line":176,"column":7}},"loc":{"start":{"line":176,"column":21},"end":{"line":182,"column":3}}},"25":{"name":"(anonymous_26)","decl":{"start":{"line":185,"column":2},"end":{"line":185,"column":3}},"loc":{"start":{"line":186,"column":2},"end":{"line":196,"column":3}}},"26":{"name":"(anonymous_27)","decl":{"start":{"line":186,"column":2},"end":{"line":186,"column":7}},"loc":{"start":{"line":186,"column":21},"end":{"line":196,"column":3}}},"27":{"name":"(anonymous_28)","decl":{"start":{"line":190,"column":6},"end":{"line":190,"column":7}},"loc":{"start":{"line":190,"column":16},"end":{"line":190,"column":65}}},"28":{"name":"(anonymous_29)","decl":{"start":{"line":199,"column":2},"end":{"line":199,"column":3}},"loc":{"start":{"line":200,"column":2},"end":{"line":206,"column":3}}},"29":{"name":"(anonymous_30)","decl":{"start":{"line":200,"column":2},"end":{"line":200,"column":7}},"loc":{"start":{"line":200,"column":21},"end":{"line":206,"column":3}}}},"branchMap":{"0":{"loc":{"start":{"line":47,"column":4},"end":{"line":49,"column":5}},"type":"if","locations":[{"start":{"line":47,"column":4},"end":{"line":49,"column":5}}]},"1":{"loc":{"start":{"line":131,"column":4},"end":{"line":136,"column":5}},"type":"if","locations":[{"start":{"line":131,"column":4},"end":{"line":136,"column":5}}]},"2":{"loc":{"start":{"line":190,"column":16},"end":{"line":190,"column":65}},"type":"binary-expr","locations":[{"start":{"line":190,"column":16},"end":{"line":190,"column":40}},{"start":{"line":190,"column":44},"end":{"line":190,"column":65}}]}},"s":{"0":9,"1":9,"2":9,"3":9,"4":9,"5":9,"6":9,"7":9,"8":9,"9":9,"10":3,"11":3,"12":3,"13":3,"14":3,"15":1,"16":3,"17":3,"18":3,"19":3,"20":9,"21":9,"22":3,"23":1,"24":1,"25":9,"26":1,"27":1,"28":1,"29":1,"30":1,"31":9,"32":9,"33":2,"34":2,"35":2,"36":1,"37":1,"38":9,"39":9,"40":1,"41":1,"42":9,"43":9,"44":2,"45":2,"46":2,"47":2,"48":2,"49":9,"50":9,"51":2,"52":2,"53":2,"54":2,"55":2,"56":1,"57":9,"58":9,"59":2,"60":2,"61":2,"62":1,"63":1,"64":9,"65":9,"66":2,"67":2,"68":2,"69":1,"70":1,"71":9,"72":9,"73":1,"74":1,"75":9,"76":9,"77":3,"78":3,"79":3,"80":9,"81":9,"82":1,"83":1,"84":4,"85":1,"86":9,"87":9,"88":1,"89":1,"90":1,"91":9},"f":{"0":3,"1":3,"2":3,"3":3,"4":1,"5":1,"6":1,"7":2,"8":2,"9":1,"10":1,"11":2,"12":2,"13":2,"14":2,"15":2,"16":2,"17":2,"18":2,"19":2,"20":2,"21":1,"22":1,"23":3,"24":3,"25":1,"26":1,"27":4,"28":1,"29":1},"b":{"0":[1],"1":[1],"2":[4,2]}}
,"/Users/quentincorrea/Documents/Projects/Keychain/hive-keychain-mobile/src/actions/hiveAuthenticationService.ts": {"path":"/Users/quentincorrea/Documents/Projects/Keychain/hive-keychain-mobile/src/actions/hiveAuthenticationService.ts","statementMap":{"0":{"start":{"line":4,"column":0},"end":{"line":4,"column":41}},"1":{"start":{"line":6,"column":31},"end":{"line":13,"column":1}},"2":{"start":{"line":7,"column":2},"end":{"line":7,"column":27}},"3":{"start":{"line":8,"column":2},"end":{"line":8,"column":18}},"4":{"start":{"line":9,"column":2},"end":{"line":12,"column":4}},"5":{"start":{"line":6,"column":13},"end":{"line":6,"column":31}},"6":{"start":{"line":15,"column":43},"end":{"line":20,"column":1}},"7":{"start":{"line":16,"column":2},"end":{"line":19,"column":4}},"8":{"start":{"line":15,"column":13},"end":{"line":15,"column":43}},"9":{"start":{"line":22,"column":31},"end":{"line":24,"column":1}},"10":{"start":{"line":23,"column":2},"end":{"line":23,"column":68}},"11":{"start":{"line":22,"column":13},"end":{"line":22,"column":31}},"12":{"start":{"line":26,"column":28},"end":{"line":31,"column":1}},"13":{"start":{"line":27,"column":2},"end":{"line":30,"column":4}},"14":{"start":{"line":26,"column":13},"end":{"line":26,"column":28}},"15":{"start":{"line":33,"column":46},"end":{"line":41,"column":1}},"16":{"start":{"line":37,"column":2},"end":{"line":40,"column":4}},"17":{"start":{"line":33,"column":13},"end":{"line":33,"column":46}},"18":{"start":{"line":43,"column":29},"end":{"line":47,"column":1}},"19":{"start":{"line":44,"column":2},"end":{"line":46,"column":4}},"20":{"start":{"line":43,"column":13},"end":{"line":43,"column":29}},"21":{"start":{"line":49,"column":32},"end":{"line":54,"column":1}},"22":{"start":{"line":50,"column":2},"end":{"line":53,"column":4}},"23":{"start":{"line":49,"column":13},"end":{"line":49,"column":32}},"24":{"start":{"line":56,"column":48},"end":{"line":64,"column":1}},"25":{"start":{"line":60,"column":2},"end":{"line":63,"column":4}},"26":{"start":{"line":56,"column":13},"end":{"line":56,"column":48}}},"fnMap":{"0":{"name":"(anonymous_0)","decl":{"start":{"line":6,"column":31},"end":{"line":6,"column":32}},"loc":{"start":{"line":6,"column":76},"end":{"line":13,"column":1}}},"1":{"name":"(anonymous_1)","decl":{"start":{"line":15,"column":43},"end":{"line":15,"column":44}},"loc":{"start":{"line":15,"column":60},"end":{"line":20,"column":1}}},"2":{"name":"(anonymous_2)","decl":{"start":{"line":22,"column":31},"end":{"line":22,"column":32}},"loc":{"start":{"line":22,"column":66},"end":{"line":24,"column":1}}},"3":{"name":"(anonymous_3)","decl":{"start":{"line":26,"column":28},"end":{"line":26,"column":29}},"loc":{"start":{"line":26,"column":65},"end":{"line":31,"column":1}}},"4":{"name":"(anonymous_4)","decl":{"start":{"line":33,"column":46},"end":{"line":33,"column":null}},"loc":{"start":{"line":36,"column":4},"end":{"line":41,"column":1}}},"5":{"name":"(anonymous_5)","decl":{"start":{"line":43,"column":29},"end":{"line":43,"column":32}},"loc":{"start":{"line":43,"column":34},"end":{"line":47,"column":1}}},"6":{"name":"(anonymous_6)","decl":{"start":{"line":49,"column":32},"end":{"line":49,"column":33}},"loc":{"start":{"line":49,"column":49},"end":{"line":54,"column":1}}},"7":{"name":"(anonymous_7)","decl":{"start":{"line":56,"column":48},"end":{"line":56,"column":null}},"loc":{"start":{"line":59,"column":4},"end":{"line":64,"column":1}}}},"branchMap":{},"s":{"0":1,"1":1,"2":1,"3":1,"4":1,"5":1,"6":1,"7":1,"8":1,"9":1,"10":1,"11":1,"12":1,"13":1,"14":1,"15":1,"16":2,"17":1,"18":1,"19":1,"20":1,"21":1,"22":1,"23":1,"24":1,"25":1,"26":1},"f":{"0":1,"1":1,"2":1,"3":1,"4":2,"5":1,"6":1,"7":1},"b":{}}
,"/Users/quentincorrea/Documents/Projects/Keychain/hive-keychain-mobile/src/actions/hiveEngine.ts": {"path":"/Users/quentincorrea/Documents/Projects/Keychain/hive-keychain-mobile/src/actions/hiveEngine.ts","statementMap":{"0":{"start":{"line":1,"column":0},"end":{"line":1,"column":69}},"1":{"start":{"line":2,"column":0},"end":{"line":2,"column":49}},"2":{"start":{"line":3,"column":0},"end":{"line":3,"column":73}},"3":{"start":{"line":6,"column":0},"end":{"line":6,"column":75}},"4":{"start":{"line":7,"column":0},"end":{"line":7,"column":null}},"5":{"start":{"line":14,"column":0},"end":{"line":14,"column":39}},"6":{"start":{"line":15,"column":0},"end":{"line":15,"column":58}},"7":{"start":{"line":16,"column":0},"end":{"line":16,"column":67}},"8":{"start":{"line":17,"column":0},"end":{"line":17,"column":64}},"9":{"start":{"line":20,"column":0},"end":{"line":20,"column":67}},"10":{"start":{"line":21,"column":0},"end":{"line":21,"column":null}},"11":{"start":{"line":31,"column":26},"end":{"line":38,"column":1}},"12":{"start":{"line":31,"column":42},"end":{"line":38,"column":1}},"13":{"start":{"line":32,"column":17},"end":{"line":32,"column":37}},"14":{"start":{"line":33,"column":41},"end":{"line":36,"column":4}},"15":{"start":{"line":37,"column":2},"end":{"line":37,"column":19}},"16":{"start":{"line":31,"column":13},"end":{"line":31,"column":26}},"17":{"start":{"line":40,"column":32},"end":{"line":61,"column":1}},"18":{"start":{"line":40,"column":48},"end":{"line":61,"column":1}},"19":{"start":{"line":41,"column":36},"end":{"line":41,"column":38}},"20":{"start":{"line":42,"column":15},"end":{"line":42,"column":16}},"21":{"start":{"line":44,"column":2},"end":{"line":55,"column":35}},"22":{"start":{"line":45,"column":4},"end":{"line":52,"column":6}},"23":{"start":{"line":53,"column":4},"end":{"line":53,"column":19}},"24":{"start":{"line":54,"column":4},"end":{"line":54,"column":48}},"25":{"start":{"line":56,"column":47},"end":{"line":59,"column":4}},"26":{"start":{"line":60,"column":2},"end":{"line":60,"column":19}},"27":{"start":{"line":40,"column":13},"end":{"line":40,"column":32}},"28":{"start":{"line":64,"column":2},"end":{"line":108,"column":3}},"29":{"start":{"line":65,"column":2},"end":{"line":108,"column":3}},"30":{"start":{"line":66,"column":4},"end":{"line":107,"column":5}},"31":{"start":{"line":67,"column":6},"end":{"line":69,"column":9}},"32":{"start":{"line":71,"column":6},"end":{"line":71,"column":44}},"33":{"start":{"line":73,"column":42},"end":{"line":73,"column":71}},"34":{"start":{"line":74,"column":6},"end":{"line":76,"column":8}},"35":{"start":{"line":75,"column":18},"end":{"line":75,"column":63}},"36":{"start":{"line":77,"column":52},"end":{"line":80,"column":8}},"37":{"start":{"line":81,"column":6},"end":{"line":81,"column":23}},"38":{"start":{"line":82,"column":6},"end":{"line":86,"column":15}},"39":{"start":{"line":83,"column":8},"end":{"line":85,"column":11}},"40":{"start":{"line":88,"column":25},"end":{"line":89,"column":null}},"41":{"start":{"line":91,"column":6},"end":{"line":106,"column":7}},"42":{"start":{"line":96,"column":23},"end":{"line":96,"column":68}},"43":{"start":{"line":97,"column":8},"end":{"line":97,"column":43}},"44":{"start":{"line":98,"column":8},"end":{"line":98,"column":42}},"45":{"start":{"line":101,"column":8},"end":{"line":101,"column":64}},"46":{"start":{"line":103,"column":8},"end":{"line":105,"column":11}},"47":{"start":{"line":63,"column":13},"end":{"line":63,"column":null}},"48":{"start":{"line":111,"column":2},"end":{"line":184,"column":3}},"49":{"start":{"line":112,"column":2},"end":{"line":184,"column":3}},"50":{"start":{"line":113,"column":21},"end":{"line":115,"column":16}},"51":{"start":{"line":114,"column":13},"end":{"line":114,"column":31}},"52":{"start":{"line":116,"column":43},"end":{"line":116,"column":45}},"53":{"start":{"line":118,"column":16},"end":{"line":118,"column":17}},"54":{"start":{"line":119,"column":37},"end":{"line":119,"column":38}},"55":{"start":{"line":121,"column":4},"end":{"line":135,"column":65}},"56":{"start":{"line":122,"column":6},"end":{"line":122,"column":55}},"57":{"start":{"line":123,"column":39},"end":{"line":132,"column":12}},"58":{"start":{"line":133,"column":6},"end":{"line":133,"column":20}},"59":{"start":{"line":134,"column":6},"end":{"line":134,"column":50}},"60":{"start":{"line":137,"column":4},"end":{"line":177,"column":7}},"61":{"start":{"line":138,"column":6},"end":{"line":138,"column":45}},"62":{"start":{"line":139,"column":6},"end":{"line":176,"column":7}},"63":{"start":{"line":142,"column":10},"end":{"line":145,"column":12}},"64":{"start":{"line":147,"column":10},"end":{"line":147,"column":64}},"65":{"start":{"line":149,"column":10},"end":{"line":154,"column":12}},"66":{"start":{"line":156,"column":10},"end":{"line":160,"column":12}},"67":{"start":{"line":162,"column":10},"end":{"line":166,"column":12}},"68":{"start":{"line":169,"column":10},"end":{"line":173,"column":12}},"69":{"start":{"line":175,"column":10},"end":{"line":175,"column":39}},"70":{"start":{"line":179,"column":54},"end":{"line":182,"column":6}},"71":{"start":{"line":183,"column":4},"end":{"line":183,"column":21}},"72":{"start":{"line":110,"column":13},"end":{"line":110,"column":null}},"73":{"start":{"line":186,"column":33},"end":{"line":190,"column":1}},"74":{"start":{"line":186,"column":49},"end":{"line":190,"column":1}},"75":{"start":{"line":187,"column":2},"end":{"line":189,"column":5}},"76":{"start":{"line":186,"column":13},"end":{"line":186,"column":33}}},"fnMap":{"0":{"name":"(anonymous_1)","decl":{"start":{"line":31,"column":26},"end":{"line":31,"column":39}},"loc":{"start":{"line":31,"column":42},"end":{"line":38,"column":1}}},"1":{"name":"(anonymous_2)","decl":{"start":{"line":31,"column":42},"end":{"line":31,"column":47}},"loc":{"start":{"line":31,"column":61},"end":{"line":38,"column":1}}},"2":{"name":"(anonymous_3)","decl":{"start":{"line":40,"column":32},"end":{"line":40,"column":45}},"loc":{"start":{"line":40,"column":48},"end":{"line":61,"column":1}}},"3":{"name":"(anonymous_4)","decl":{"start":{"line":40,"column":48},"end":{"line":40,"column":53}},"loc":{"start":{"line":40,"column":67},"end":{"line":61,"column":1}}},"4":{"name":"(anonymous_5)","decl":{"start":{"line":64,"column":2},"end":{"line":64,"column":3}},"loc":{"start":{"line":65,"column":2},"end":{"line":108,"column":3}}},"5":{"name":"(anonymous_6)","decl":{"start":{"line":65,"column":2},"end":{"line":65,"column":7}},"loc":{"start":{"line":65,"column":21},"end":{"line":108,"column":3}}},"6":{"name":"(anonymous_7)","decl":{"start":{"line":75,"column":8},"end":{"line":75,"column":9}},"loc":{"start":{"line":75,"column":18},"end":{"line":75,"column":63}}},"7":{"name":"(anonymous_8)","decl":{"start":{"line":82,"column":17},"end":{"line":82,"column":20}},"loc":{"start":{"line":82,"column":22},"end":{"line":86,"column":7}}},"8":{"name":"(anonymous_9)","decl":{"start":{"line":111,"column":2},"end":{"line":111,"column":3}},"loc":{"start":{"line":112,"column":2},"end":{"line":184,"column":3}}},"9":{"name":"(anonymous_10)","decl":{"start":{"line":112,"column":2},"end":{"line":112,"column":7}},"loc":{"start":{"line":112,"column":21},"end":{"line":184,"column":3}}},"10":{"name":"(anonymous_11)","decl":{"start":{"line":114,"column":6},"end":{"line":114,"column":7}},"loc":{"start":{"line":114,"column":13},"end":{"line":114,"column":31}}},"11":{"name":"(anonymous_12)","decl":{"start":{"line":137,"column":36},"end":{"line":137,"column":37}},"loc":{"start":{"line":137,"column":47},"end":{"line":177,"column":5}}},"12":{"name":"(anonymous_13)","decl":{"start":{"line":186,"column":33},"end":{"line":186,"column":46}},"loc":{"start":{"line":186,"column":49},"end":{"line":190,"column":1}}},"13":{"name":"(anonymous_14)","decl":{"start":{"line":186,"column":49},"end":{"line":186,"column":54}},"loc":{"start":{"line":186,"column":68},"end":{"line":190,"column":1}}}},"branchMap":{"0":{"loc":{"start":{"line":91,"column":6},"end":{"line":106,"column":7}},"type":"if","locations":[{"start":{"line":91,"column":6},"end":{"line":106,"column":7}},{"start":{"line":99,"column":13},"end":{"line":106,"column":7}}]},"1":{"loc":{"start":{"line":92,"column":8},"end":{"line":94,"column":65}},"type":"binary-expr","locations":[{"start":{"line":92,"column":8},"end":{"line":92,"column":29}},{"start":{"line":93,"column":9},"end":{"line":93,"column":28}},{"start":{"line":94,"column":10},"end":{"line":94,"column":64}}]},"2":{"loc":{"start":{"line":139,"column":6},"end":{"line":176,"column":7}},"type":"switch","locations":[{"start":{"line":140,"column":8},"end":{"line":140,"column":58}},{"start":{"line":141,"column":8},"end":{"line":145,"column":12}},{"start":{"line":146,"column":8},"end":{"line":147,"column":64}},{"start":{"line":148,"column":8},"end":{"line":154,"column":12}},{"start":{"line":155,"column":8},"end":{"line":160,"column":12}},{"start":{"line":161,"column":8},"end":{"line":166,"column":12}},{"start":{"line":167,"column":8},"end":{"line":167,"column":57}},{"start":{"line":168,"column":8},"end":{"line":173,"column":12}},{"start":{"line":174,"column":8},"end":{"line":175,"column":39}}]}},"s":{"0":9,"1":9,"2":9,"3":9,"4":9,"5":9,"6":9,"7":9,"8":9,"9":9,"10":9,"11":9,"12":0,"13":0,"14":0,"15":0,"16":9,"17":9,"18":0,"19":0,"20":0,"21":0,"22":0,"23":0,"24":0,"25":0,"26":0,"27":9,"28":9,"29":0,"30":0,"31":0,"32":0,"33":0,"34":0,"35":0,"36":0,"37":0,"38":0,"39":0,"40":0,"41":0,"42":0,"43":0,"44":0,"45":0,"46":0,"47":9,"48":9,"49":0,"50":0,"51":0,"52":0,"53":0,"54":0,"55":0,"56":0,"57":0,"58":0,"59":0,"60":0,"61":0,"62":0,"63":0,"64":0,"65":0,"66":0,"67":0,"68":0,"69":0,"70":0,"71":0,"72":9,"73":9,"74":0,"75":0,"76":9},"f":{"0":0,"1":0,"2":0,"3":0,"4":0,"5":0,"6":0,"7":0,"8":0,"9":0,"10":0,"11":0,"12":0,"13":0},"b":{"0":[0,0],"1":[0,0,0],"2":[0,0,0,0,0,0,0,0,0]}}
,"/Users/quentincorrea/Documents/Projects/Keychain/hive-keychain-mobile/src/actions/index.ts": {"path":"/Users/quentincorrea/Documents/Projects/Keychain/hive-keychain-mobile/src/actions/index.ts","statementMap":{"0":{"start":{"line":1,"column":0},"end":{"line":1,"column":69}},"1":{"start":{"line":2,"column":0},"end":{"line":2,"column":44}},"2":{"start":{"line":3,"column":0},"end":{"line":3,"column":45}},"3":{"start":{"line":4,"column":0},"end":{"line":4,"column":73}},"4":{"start":{"line":6,"column":0},"end":{"line":6,"column":51}},"5":{"start":{"line":7,"column":0},"end":{"line":7,"column":41}},"6":{"start":{"line":8,"column":0},"end":{"line":8,"column":47}},"7":{"start":{"line":9,"column":0},"end":{"line":9,"column":48}},"8":{"start":{"line":10,"column":0},"end":{"line":10,"column":55}},"9":{"start":{"line":12,"column":0},"end":{"line":12,"column":61}},"10":{"start":{"line":15,"column":2},"end":{"line":32,"column":3}},"11":{"start":{"line":16,"column":2},"end":{"line":32,"column":3}},"12":{"start":{"line":17,"column":4},"end":{"line":17,"column":43}},"13":{"start":{"line":18,"column":22},"end":{"line":18,"column":51}},"14":{"start":{"line":20,"column":4},"end":{"line":20,"column":42}},"15":{"start":{"line":21,"column":4},"end":{"line":21,"column":55}},"16":{"start":{"line":22,"column":4},"end":{"line":25,"column":6}},"17":{"start":{"line":27,"column":50},"end":{"line":30,"column":6}},"18":{"start":{"line":31,"column":4},"end":{"line":31,"column":21}},"19":{"start":{"line":14,"column":13},"end":{"line":14,"column":null}},"20":{"start":{"line":35,"column":2},"end":{"line":81,"column":3}},"21":{"start":{"line":36,"column":2},"end":{"line":81,"column":3}},"22":{"start":{"line":37,"column":4},"end":{"line":80,"column":5}},"23":{"start":{"line":39,"column":23},"end":{"line":39,"column":62}},"24":{"start":{"line":40,"column":6},"end":{"line":43,"column":7}},"25":{"start":{"line":41,"column":8},"end":{"line":41,"column":26}},"26":{"start":{"line":42,"column":8},"end":{"line":42,"column":15}},"27":{"start":{"line":45,"column":23},"end":{"line":45,"column":57}},"28":{"start":{"line":47,"column":6},"end":{"line":62,"column":7}},"29":{"start":{"line":48,"column":54},"end":{"line":51,"column":10}},"30":{"start":{"line":52,"column":8},"end":{"line":52,"column":25}},"31":{"start":{"line":53,"column":53},"end":{"line":56,"column":10}},"32":{"start":{"line":57,"column":8},"end":{"line":57,"column":23}},"33":{"start":{"line":58,"column":8},"end":{"line":58,"column":44}},"34":{"start":{"line":61,"column":8},"end":{"line":61,"column":35}},"35":{"start":{"line":63,"column":6},"end":{"line":65,"column":7}},"36":{"start":{"line":64,"column":8},"end":{"line":64,"column":28}},"37":{"start":{"line":67,"column":6},"end":{"line":79,"column":7}},"38":{"start":{"line":68,"column":8},"end":{"line":68,"column":30}},"39":{"start":{"line":70,"column":8},"end":{"line":72,"column":11}},"40":{"start":{"line":74,"column":8},"end":{"line":76,"column":18}},"41":{"start":{"line":75,"column":10},"end":{"line":75,"column":45}},"42":{"start":{"line":78,"column":8},"end":{"line":78,"column":26}},"43":{"start":{"line":34,"column":13},"end":{"line":34,"column":null}},"44":{"start":{"line":84,"column":2},"end":{"line":140,"column":3}},"45":{"start":{"line":85,"column":2},"end":{"line":140,"column":3}},"46":{"start":{"line":86,"column":4},"end":{"line":139,"column":5}},"47":{"start":{"line":87,"column":23},"end":{"line":87,"column":62}},"48":{"start":{"line":88,"column":6},"end":{"line":91,"column":7}},"49":{"start":{"line":89,"column":8},"end":{"line":89,"column":26}},"50":{"start":{"line":90,"column":8},"end":{"line":90,"column":15}},"51":{"start":{"line":93,"column":22},"end":{"line":93,"column":67}},"52":{"start":{"line":95,"column":6},"end":{"line":108,"column":7}},"53":{"start":{"line":96,"column":24},"end":{"line":96,"column":54}},"54":{"start":{"line":97,"column":8},"end":{"line":104,"column":9}},"55":{"start":{"line":98,"column":10},"end":{"line":100,"column":13}},"56":{"start":{"line":101,"column":10},"end":{"line":101,"column":45}},"57":{"start":{"line":102,"column":10},"end":{"line":102,"column":28}},"58":{"start":{"line":103,"column":10},"end":{"line":103,"column":17}},"59":{"start":{"line":105,"column":26},"end":{"line":105,"column":59}},"60":{"start":{"line":106,"column":8},"end":{"line":106,"column":57}},"61":{"start":{"line":107,"column":8},"end":{"line":107,"column":15}},"62":{"start":{"line":110,"column":32},"end":{"line":110,"column":36}},"63":{"start":{"line":111,"column":6},"end":{"line":113,"column":16}},"64":{"start":{"line":112,"column":8},"end":{"line":112,"column":61}},"65":{"start":{"line":115,"column":6},"end":{"line":129,"column":7}},"66":{"start":{"line":117,"column":10},"end":{"line":117,"column":61}},"67":{"start":{"line":118,"column":8},"end":{"line":121,"column":9}},"68":{"start":{"line":119,"column":10},"end":{"line":119,"column":67}},"69":{"start":{"line":120,"column":10},"end":{"line":120,"column":17}},"70":{"start":{"line":123,"column":8},"end":{"line":125,"column":11}},"71":{"start":{"line":126,"column":8},"end":{"line":126,"column":43}},"72":{"start":{"line":127,"column":8},"end":{"line":127,"column":26}},"73":{"start":{"line":128,"column":8},"end":{"line":128,"column":15}},"74":{"start":{"line":131,"column":24},"end":{"line":131,"column":57}},"75":{"start":{"line":132,"column":6},"end":{"line":132,"column":44}},"76":{"start":{"line":133,"column":6},"end":{"line":133,"column":77}},"77":{"start":{"line":135,"column":6},"end":{"line":135,"column":55}},"78":{"start":{"line":137,"column":6},"end":{"line":137,"column":41}},"79":{"start":{"line":138,"column":6},"end":{"line":138,"column":24}},"80":{"start":{"line":83,"column":13},"end":{"line":83,"column":null}},"81":{"start":{"line":142,"column":20},"end":{"line":145,"column":1}},"82":{"start":{"line":143,"column":37},"end":{"line":143,"column":49}},"83":{"start":{"line":144,"column":2},"end":{"line":144,"column":16}},"84":{"start":{"line":142,"column":13},"end":{"line":142,"column":20}},"85":{"start":{"line":147,"column":0},"end":{"line":147,"column":33}},"86":{"start":{"line":148,"column":0},"end":{"line":148,"column":44}},"87":{"start":{"line":149,"column":0},"end":{"line":149,"column":32}},"88":{"start":{"line":150,"column":0},"end":{"line":150,"column":31}},"89":{"start":{"line":151,"column":0},"end":{"line":151,"column":29}},"90":{"start":{"line":152,"column":0},"end":{"line":152,"column":33}},"91":{"start":{"line":153,"column":0},"end":{"line":153,"column":35}},"92":{"start":{"line":154,"column":0},"end":{"line":154,"column":37}},"93":{"start":{"line":155,"column":0},"end":{"line":155,"column":33}}},"fnMap":{"0":{"name":"(anonymous_5)","decl":{"start":{"line":15,"column":2},"end":{"line":15,"column":3}},"loc":{"start":{"line":16,"column":2},"end":{"line":32,"column":3}}},"1":{"name":"(anonymous_6)","decl":{"start":{"line":16,"column":2},"end":{"line":16,"column":7}},"loc":{"start":{"line":16,"column":21},"end":{"line":32,"column":3}}},"2":{"name":"(anonymous_7)","decl":{"start":{"line":35,"column":2},"end":{"line":35,"column":3}},"loc":{"start":{"line":36,"column":2},"end":{"line":81,"column":3}}},"3":{"name":"(anonymous_8)","decl":{"start":{"line":36,"column":2},"end":{"line":36,"column":7}},"loc":{"start":{"line":36,"column":31},"end":{"line":81,"column":3}}},"4":{"name":"(anonymous_9)","decl":{"start":{"line":84,"column":2},"end":{"line":84,"column":3}},"loc":{"start":{"line":85,"column":2},"end":{"line":140,"column":3}}},"5":{"name":"(anonymous_10)","decl":{"start":{"line":85,"column":2},"end":{"line":85,"column":7}},"loc":{"start":{"line":85,"column":21},"end":{"line":140,"column":3}}},"6":{"name":"(anonymous_11)","decl":{"start":{"line":142,"column":20},"end":{"line":142,"column":23}},"loc":{"start":{"line":142,"column":25},"end":{"line":145,"column":1}}}},"branchMap":{"0":{"loc":{"start":{"line":40,"column":6},"end":{"line":43,"column":7}},"type":"if","locations":[{"start":{"line":40,"column":6},"end":{"line":43,"column":7}}]},"1":{"loc":{"start":{"line":47,"column":6},"end":{"line":62,"column":7}},"type":"if","locations":[{"start":{"line":47,"column":6},"end":{"line":62,"column":7}}]},"2":{"loc":{"start":{"line":47,"column":10},"end":{"line":47,"column":35}},"type":"binary-expr","locations":[{"start":{"line":47,"column":10},"end":{"line":47,"column":18}},{"start":{"line":47,"column":22},"end":{"line":47,"column":35}}]},"3":{"loc":{"start":{"line":63,"column":6},"end":{"line":65,"column":7}},"type":"if","locations":[{"start":{"line":63,"column":6},"end":{"line":65,"column":7}}]},"4":{"loc":{"start":{"line":67,"column":6},"end":{"line":79,"column":7}},"type":"if","locations":[{"start":{"line":67,"column":6},"end":{"line":79,"column":7}},{"start":{"line":69,"column":13},"end":{"line":79,"column":7}}]},"5":{"loc":{"start":{"line":88,"column":6},"end":{"line":91,"column":7}},"type":"if","locations":[{"start":{"line":88,"column":6},"end":{"line":91,"column":7}}]},"6":{"loc":{"start":{"line":95,"column":6},"end":{"line":108,"column":7}},"type":"if","locations":[{"start":{"line":95,"column":6},"end":{"line":108,"column":7}}]},"7":{"loc":{"start":{"line":97,"column":8},"end":{"line":104,"column":9}},"type":"if","locations":[{"start":{"line":97,"column":8},"end":{"line":104,"column":9}}]},"8":{"loc":{"start":{"line":115,"column":6},"end":{"line":129,"column":7}},"type":"if","locations":[{"start":{"line":115,"column":6},"end":{"line":129,"column":7}}]},"9":{"loc":{"start":{"line":115,"column":10},"end":{"line":115,"column":49}},"type":"binary-expr","locations":[{"start":{"line":115,"column":10},"end":{"line":115,"column":25}},{"start":{"line":115,"column":29},"end":{"line":115,"column":49}}]},"10":{"loc":{"start":{"line":118,"column":8},"end":{"line":121,"column":9}},"type":"if","locations":[{"start":{"line":118,"column":8},"end":{"line":121,"column":9}}]}},"s":{"0":9,"1":9,"2":9,"3":9,"4":9,"5":9,"6":9,"7":9,"8":9,"9":9,"10":9,"11":1,"12":1,"13":1,"14":1,"15":1,"16":1,"17":1,"18":1,"19":9,"20":9,"21":12,"22":9,"23":9,"24":9,"25":1,"26":1,"27":8,"28":4,"29":2,"30":2,"31":2,"32":2,"33":2,"34":2,"35":4,"36":1,"37":4,"38":1,"39":3,"40":3,"41":3,"42":3,"43":9,"44":9,"45":7,"46":7,"47":7,"48":6,"49":1,"50":1,"51":5,"52":5,"53":2,"54":2,"55":1,"56":1,"57":1,"58":1,"59":1,"60":1,"61":1,"62":3,"63":3,"64":3,"65":3,"66":2,"67":2,"68":1,"69":1,"70":1,"71":1,"72":1,"73":1,"74":1,"75":1,"76":1,"77":1,"78":1,"79":1,"80":9,"81":9,"82":1,"83":1,"84":9,"85":9,"86":9,"87":9,"88":9,"89":9,"90":9,"91":9,"92":9,"93":9},"f":{"0":1,"1":1,"2":12,"3":9,"4":7,"5":7,"6":1},"b":{"0":[1],"1":[2],"2":[4,3],"3":[1],"4":[1,3],"5":[1],"6":[2],"7":[1],"8":[2],"9":[3,1],"10":[1]}}
,"/Users/quentincorrea/Documents/Projects/Keychain/hive-keychain-mobile/src/actions/interfaces.ts": {"path":"/Users/quentincorrea/Documents/Projects/Keychain/hive-keychain-mobile/src/actions/interfaces.ts","statementMap":{"0":{"start":{"line":192,"column":0},"end":{"line":192,"column":null}},"1":{"start":{"line":193,"column":2},"end":{"line":193,"column":null}},"2":{"start":{"line":194,"column":2},"end":{"line":194,"column":null}},"3":{"start":{"line":195,"column":2},"end":{"line":195,"column":null}},"4":{"start":{"line":198,"column":0},"end":{"line":198,"column":null}},"5":{"start":{"line":199,"column":2},"end":{"line":199,"column":null}},"6":{"start":{"line":200,"column":2},"end":{"line":200,"column":null}},"7":{"start":{"line":201,"column":2},"end":{"line":201,"column":null}}},"fnMap":{"0":{"name":"(anonymous_0)","decl":{"start":{"line":192,"column":0},"end":{"line":192,"column":12}},"loc":{"start":{"line":192,"column":20},"end":{"line":196,"column":1}}},"1":{"name":"(anonymous_1)","decl":{"start":{"line":198,"column":0},"end":{"line":198,"column":12}},"loc":{"start":{"line":198,"column":23},"end":{"line":202,"column":1}}}},"branchMap":{"0":{"loc":{"start":{"line":192,"column":12},"end":{"line":192,"column":null}},"type":"binary-expr","locations":[{"start":{"line":192,"column":12},"end":{"line":192,"column":20}},{"start":{"line":192,"column":20},"end":{"line":192,"column":null}}]},"1":{"loc":{"start":{"line":198,"column":12},"end":{"line":198,"column":null}},"type":"binary-expr","locations":[{"start":{"line":198,"column":12},"end":{"line":198,"column":23}},{"start":{"line":198,"column":23},"end":{"line":198,"column":null}}]}},"s":{"0":13,"1":13,"2":13,"3":13,"4":13,"5":13,"6":13,"7":13},"f":{"0":13,"1":13},"b":{"0":[13,13],"1":[13,13]}}
,"/Users/quentincorrea/Documents/Projects/Keychain/hive-keychain-mobile/src/actions/message.ts": {"path":"/Users/quentincorrea/Documents/Projects/Keychain/hive-keychain-mobile/src/actions/message.ts","statementMap":{"0":{"start":{"line":3,"column":0},"end":{"line":3,"column":48}},"1":{"start":{"line":5,"column":25},"end":{"line":22,"column":1}},"2":{"start":{"line":12,"column":2},"end":{"line":21,"column":4}},"3":{"start":{"line":5,"column":13},"end":{"line":5,"column":25}},"4":{"start":{"line":24,"column":26},"end":{"line":28,"column":1}},"5":{"start":{"line":25,"column":2},"end":{"line":27,"column":4}},"6":{"start":{"line":24,"column":13},"end":{"line":24,"column":26}}},"fnMap":{"0":{"name":"(anonymous_0)","decl":{"start":{"line":5,"column":25},"end":{"line":5,"column":null}},"loc":{"start":{"line":11,"column":40},"end":{"line":22,"column":1}}},"1":{"name":"(anonymous_1)","decl":{"start":{"line":24,"column":26},"end":{"line":24,"column":65}},"loc":{"start":{"line":24,"column":67},"end":{"line":28,"column":1}}}},"branchMap":{},"s":{"0":9,"1":9,"2":3,"3":9,"4":9,"5":1,"6":9},"f":{"0":3,"1":1},"b":{}}
,"/Users/quentincorrea/Documents/Projects/Keychain/hive-keychain-mobile/src/actions/navigation.ts": {"path":"/Users/quentincorrea/Documents/Projects/Keychain/hive-keychain-mobile/src/actions/navigation.ts","statementMap":{"0":{"start":{"line":2,"column":0},"end":{"line":2,"column":49}},"1":{"start":{"line":4,"column":44},"end":{"line":11,"column":1}},"2":{"start":{"line":7,"column":2},"end":{"line":10,"column":4}},"3":{"start":{"line":4,"column":13},"end":{"line":4,"column":44}}},"fnMap":{"0":{"name":"(anonymous_0)","decl":{"start":{"line":4,"column":44},"end":{"line":4,"column":null}},"loc":{"start":{"line":6,"column":27},"end":{"line":11,"column":1}}}},"branchMap":{},"s":{"0":1,"1":1,"2":3,"3":1},"f":{"0":3},"b":{}}
,"/Users/quentincorrea/Documents/Projects/Keychain/hive-keychain-mobile/src/actions/notifications.ts": {"path":"/Users/quentincorrea/Documents/Projects/Keychain/hive-keychain-mobile/src/actions/notifications.ts","statementMap":{"0":{"start":{"line":3,"column":0},"end":{"line":3,"column":66}},"1":{"start":{"line":5,"column":0},"end":{"line":5,"column":75}},"2":{"start":{"line":8,"column":2},"end":{"line":19,"column":3}},"3":{"start":{"line":9,"column":2},"end":{"line":19,"column":3}},"4":{"start":{"line":10,"column":26},"end":{"line":13,"column":null}},"5":{"start":{"line":15,"column":4},"end":{"line":18,"column":7}},"6":{"start":{"line":7,"column":13},"end":{"line":7,"column":null}},"7":{"start":{"line":21,"column":42},"end":{"line":25,"column":1}},"8":{"start":{"line":22,"column":2},"end":{"line":24,"column":4}},"9":{"start":{"line":21,"column":13},"end":{"line":21,"column":42}}},"fnMap":{"0":{"name":"(anonymous_0)","decl":{"start":{"line":8,"column":2},"end":{"line":8,"column":3}},"loc":{"start":{"line":9,"column":2},"end":{"line":19,"column":3}}},"1":{"name":"(anonymous_1)","decl":{"start":{"line":9,"column":2},"end":{"line":9,"column":7}},"loc":{"start":{"line":9,"column":53},"end":{"line":19,"column":3}}},"2":{"name":"(anonymous_2)","decl":{"start":{"line":21,"column":42},"end":{"line":21,"column":66}},"loc":{"start":{"line":21,"column":68},"end":{"line":25,"column":1}}}},"branchMap":{},"s":{"0":1,"1":1,"2":1,"3":2,"4":2,"5":2,"6":1,"7":1,"8":1,"9":1},"f":{"0":2,"1":2,"2":1},"b":{}}
,"/Users/quentincorrea/Documents/Projects/Keychain/hive-keychain-mobile/src/actions/preferences.ts": {"path":"/Users/quentincorrea/Documents/Projects/Keychain/hive-keychain-mobile/src/actions/preferences.ts","statementMap":{"0":{"start":{"line":3,"column":0},"end":{"line":3,"column":58}},"1":{"start":{"line":5,"column":29},"end":{"line":18,"column":1}},"2":{"start":{"line":10,"column":2},"end":{"line":17,"column":4}},"3":{"start":{"line":5,"column":13},"end":{"line":5,"column":29}},"4":{"start":{"line":20,"column":32},"end":{"line":33,"column":1}},"5":{"start":{"line":25,"column":2},"end":{"line":32,"column":4}},"6":{"start":{"line":20,"column":13},"end":{"line":20,"column":32}}},"fnMap":{"0":{"name":"(anonymous_0)","decl":{"start":{"line":5,"column":29},"end":{"line":5,"column":null}},"loc":{"start":{"line":9,"column":38},"end":{"line":18,"column":1}}},"1":{"name":"(anonymous_1)","decl":{"start":{"line":20,"column":32},"end":{"line":20,"column":null}},"loc":{"start":{"line":24,"column":38},"end":{"line":33,"column":1}}}},"branchMap":{},"s":{"0":2,"1":2,"2":1,"3":2,"4":2,"5":1,"6":2},"f":{"0":1,"1":1},"b":{}}
,"/Users/quentincorrea/Documents/Projects/Keychain/hive-keychain-mobile/src/actions/rpc-switcher.ts": {"path":"/Users/quentincorrea/Documents/Projects/Keychain/hive-keychain-mobile/src/actions/rpc-switcher.ts","statementMap":{"0":{"start":{"line":2,"column":0},"end":{"line":2,"column":66}},"1":{"start":{"line":4,"column":30},"end":{"line":9,"column":1}},"2":{"start":{"line":5,"column":2},"end":{"line":8,"column":4}},"3":{"start":{"line":4,"column":13},"end":{"line":4,"column":30}},"4":{"start":{"line":11,"column":40},"end":{"line":16,"column":1}},"5":{"start":{"line":12,"column":2},"end":{"line":15,"column":4}},"6":{"start":{"line":11,"column":13},"end":{"line":11,"column":40}}},"fnMap":{"0":{"name":"(anonymous_0)","decl":{"start":{"line":4,"column":30},"end":{"line":4,"column":31}},"loc":{"start":{"line":4,"column":43},"end":{"line":9,"column":1}}},"1":{"name":"(anonymous_1)","decl":{"start":{"line":11,"column":40},"end":{"line":11,"column":41}},"loc":{"start":{"line":11,"column":61},"end":{"line":16,"column":1}}}},"branchMap":{},"s":{"0":10,"1":10,"2":1,"3":10,"4":10,"5":2,"6":10},"f":{"0":1,"1":2},"b":{}}
,"/Users/quentincorrea/Documents/Projects/Keychain/hive-keychain-mobile/src/actions/settings.ts": {"path":"/Users/quentincorrea/Documents/Projects/Keychain/hive-keychain-mobile/src/actions/settings.ts","statementMap":{"0":{"start":{"line":1,"column":0},"end":{"line":1,"column":43}},"1":{"start":{"line":9,"column":0},"end":{"line":9,"column":null}},"2":{"start":{"line":16,"column":22},"end":{"line":22,"column":1}},"3":{"start":{"line":17,"column":49},"end":{"line":20,"column":4}},"4":{"start":{"line":21,"column":2},"end":{"line":21,"column":16}},"5":{"start":{"line":16,"column":13},"end":{"line":16,"column":22}},"6":{"start":{"line":24,"column":32},"end":{"line":30,"column":1}},"7":{"start":{"line":25,"column":49},"end":{"line":28,"column":4}},"8":{"start":{"line":29,"column":2},"end":{"line":29,"column":16}},"9":{"start":{"line":24,"column":13},"end":{"line":24,"column":32}},"10":{"start":{"line":32,"column":37},"end":{"line":38,"column":1}},"11":{"start":{"line":33,"column":49},"end":{"line":36,"column":4}},"12":{"start":{"line":37,"column":2},"end":{"line":37,"column":16}},"13":{"start":{"line":32,"column":13},"end":{"line":32,"column":37}},"14":{"start":{"line":40,"column":36},"end":{"line":46,"column":1}},"15":{"start":{"line":41,"column":49},"end":{"line":44,"column":4}},"16":{"start":{"line":45,"column":2},"end":{"line":45,"column":16}},"17":{"start":{"line":40,"column":13},"end":{"line":40,"column":36}},"18":{"start":{"line":48,"column":27},"end":{"line":57,"column":1}},"19":{"start":{"line":48,"column":43},"end":{"line":57,"column":1}},"20":{"start":{"line":49,"column":41},"end":{"line":51,"column":8}},"21":{"start":{"line":52,"column":49},"end":{"line":55,"column":4}},"22":{"start":{"line":56,"column":2},"end":{"line":56,"column":19}},"23":{"start":{"line":48,"column":13},"end":{"line":48,"column":27}}},"fnMap":{"0":{"name":"(anonymous_1)","decl":{"start":{"line":16,"column":22},"end":{"line":16,"column":23}},"loc":{"start":{"line":16,"column":35},"end":{"line":22,"column":1}}},"1":{"name":"(anonymous_2)","decl":{"start":{"line":24,"column":32},"end":{"line":24,"column":33}},"loc":{"start":{"line":24,"column":58},"end":{"line":30,"column":1}}},"2":{"name":"(anonymous_3)","decl":{"start":{"line":32,"column":37},"end":{"line":32,"column":38}},"loc":{"start":{"line":32,"column":75},"end":{"line":38,"column":1}}},"3":{"name":"(anonymous_4)","decl":{"start":{"line":40,"column":36},"end":{"line":40,"column":37}},"loc":{"start":{"line":40,"column":69},"end":{"line":46,"column":1}}},"4":{"name":"(anonymous_5)","decl":{"start":{"line":48,"column":27},"end":{"line":48,"column":40}},"loc":{"start":{"line":48,"column":43},"end":{"line":57,"column":1}}},"5":{"name":"(anonymous_6)","decl":{"start":{"line":48,"column":43},"end":{"line":48,"column":48}},"loc":{"start":{"line":48,"column":62},"end":{"line":57,"column":1}}}},"branchMap":{},"s":{"0":10,"1":10,"2":10,"3":3,"4":3,"5":10,"6":10,"7":1,"8":1,"9":10,"10":10,"11":0,"12":0,"13":10,"14":10,"15":1,"16":1,"17":10,"18":10,"19":1,"20":1,"21":1,"22":1,"23":10},"f":{"0":3,"1":1,"2":0,"3":1,"4":1,"5":1},"b":{}}
[...]
7,"column":6},"end":{"line":18,"column":64}},"12":{"start":{"line":19,"column":6},"end":{"line":19,"column":50}},"13":{"start":{"line":20,"column":6},"end":{"line":21,"column":67}},"14":{"start":{"line":22,"column":6},"end":{"line":22,"column":61}},"15":{"start":{"line":24,"column":4},"end":{"line":24,"column":61}},"16":{"start":{"line":5,"column":13},"end":{"line":5,"column":30}},"17":{"start":{"line":28,"column":31},"end":{"line":55,"column":1}},"18":{"start":{"line":29,"column":15},"end":{"line":29,"column":17}},"19":{"start":{"line":30,"column":10},"end":{"line":30,"column":11}},"20":{"start":{"line":31,"column":19},"end":{"line":33,"column":4}},"21":{"start":{"line":34,"column":2},"end":{"line":54,"column":3}},"22":{"start":{"line":35,"column":19},"end":{"line":35,"column":37}},"23":{"start":{"line":36,"column":4},"end":{"line":52,"column":5}},"24":{"start":{"line":37,"column":40},"end":{"line":39,"column":8}},"25":{"start":{"line":40,"column":6},"end":{"line":44,"column":7}},"26":{"start":{"line":41,"column":8},"end":{"line":43,"column":10}},"27":{"start":{"line":45,"column":6},"end":{"line":51,"column":7}},"28":{"start":{"line":46,"column":21},"end":{"line":46,"column":63}},"29":{"start":{"line":47,"column":8},"end":{"line":47,"column":42}},"30":{"start":{"line":47,"column":18},"end":{"line":47,"column":42}},"31":{"start":{"line":48,"column":8},"end":{"line":48,"column":12}},"32":{"start":{"line":50,"column":8},"end":{"line":50,"column":16}},"33":{"start":{"line":53,"column":4},"end":{"line":53,"column":18}},"34":{"start":{"line":28,"column":13},"end":{"line":28,"column":31}},"35":{"start":{"line":57,"column":29},"end":{"line":70,"column":1}},"36":{"start":{"line":58,"column":19},"end":{"line":60,"column":4}},"37":{"start":{"line":61,"column":2},"end":{"line":69,"column":3}},"38":{"start":{"line":62,"column":19},"end":{"line":62,"column":46}},"39":{"start":{"line":63,"column":12},"end":{"line":63,"column":13}},"40":{"start":{"line":64,"column":4},"end":{"line":67,"column":5}},"41":{"start":{"line":65,"column":6},"end":{"line":65,"column":64}},"42":{"start":{"line":66,"column":6},"end":{"line":66,"column":10}},"43":{"start":{"line":68,"column":4},"end":{"line":68,"column":58}},"44":{"start":{"line":57,"column":13},"end":{"line":57,"column":29}}},"fnMap":{"0":{"name":"(anonymous_9)","decl":{"start":{"line":5,"column":30},"end":{"line":5,"column":35}},"loc":{"start":{"line":5,"column":70},"end":{"line":26,"column":1}}},"1":{"name":"(anonymous_10)","decl":{"start":{"line":7,"column":55},"end":{"line":7,"column":56}},"loc":{"start":{"line":7,"column":62},"end":{"line":7,"column":72}}},"2":{"name":"(anonymous_11)","decl":{"start":{"line":28,"column":31},"end":{"line":28,"column":36}},"loc":{"start":{"line":28,"column":55},"end":{"line":55,"column":1}}},"3":{"name":"(anonymous_12)","decl":{"start":{"line":57,"column":29},"end":{"line":57,"column":34}},"loc":{"start":{"line":57,"column":53},"end":{"line":70,"column":1}}}},"branchMap":{"0":{"loc":{"start":{"line":16,"column":4},"end":{"line":23,"column":5}},"type":"if","locations":[{"start":{"line":16,"column":4},"end":{"line":23,"column":5}}]},"1":{"loc":{"start":{"line":16,"column":8},"end":{"line":16,"column":29}},"type":"binary-expr","locations":[{"start":{"line":16,"column":8},"end":{"line":16,"column":15}},{"start":{"line":16,"column":19},"end":{"line":16,"column":29}}]},"2":{"loc":{"start":{"line":34,"column":2},"end":{"line":54,"column":3}},"type":"if","locations":[{"start":{"line":34,"column":2},"end":{"line":54,"column":3}}]},"3":{"loc":{"start":{"line":40,"column":6},"end":{"line":44,"column":7}},"type":"if","locations":[{"start":{"line":40,"column":6},"end":{"line":44,"column":7}}]},"4":{"loc":{"start":{"line":47,"column":8},"end":{"line":47,"column":42}},"type":"if","locations":[{"start":{"line":47,"column":8},"end":{"line":47,"column":42}}]},"5":{"loc":{"start":{"line":61,"column":2},"end":{"line":69,"column":3}},"type":"if","locations":[{"start":{"line":61,"column":2},"end":{"line":69,"column":3}}]}},"s":{"0":11,"1":11,"2":11,"3":11,"4":1,"5":1,"6":2,"7":1,"8":1,"9":2,"10":2,"11":0,"12":0,"13":0,"14":0,"15":2,"16":11,"17":11,"18":2,"19":2,"20":2,"21":2,"22":1,"23":1,"24":2,"25":2,"26":1,"27":2,"28":2,"29":2,"30":2,"31":2,"32":0,"33":1,"34":11,"35":11,"36":3,"37":3,"38":1,"39":1,"40":1,"41":2,"42":2,"43":1,"44":11},"f":{"0":1,"1":2,"2":2,"3":3},"b":{"0":[0],"1":[2,1],"2":[1],"3":[1],"4":[2],"5":[1]}}
,"/Users/quentincorrea/Documents/Projects/Keychain/hive-keychain-mobile/src/utils/storage/secureStore.utils.ts": {"path":"/Users/quentincorrea/Documents/Projects/Keychain/hive-keychain-mobile/src/utils/storage/secureStore.utils.ts","statementMap":{"0":{"start":{"line":1,"column":0},"end":{"line":1,"column":49}},"1":{"start":{"line":2,"column":0},"end":{"line":2,"column":75}},"2":{"start":{"line":3,"column":0},"end":{"line":3,"column":40}},"3":{"start":{"line":10,"column":21},"end":{"line":31,"column":1}},"4":{"start":{"line":16,"column":4},"end":{"line":18,"column":37}},"5":{"start":{"line":19,"column":2},"end":{"line":30,"column":4}},"6":{"start":{"line":33,"column":26},"end":{"line":44,"column":1}},"7":{"start":{"line":39,"column":2},"end":{"line":43,"column":4}},"8":{"start":{"line":46,"column":27},"end":{"line":55,"column":1}},"9":{"start":{"line":51,"column":2},"end":{"line":54,"column":4}},"10":{"start":{"line":57,"column":30},"end":{"line":61,"column":1}},"11":{"start":{"line":58,"column":2},"end":{"line":60,"column":5}},"12":{"start":{"line":63,"column":25},"end":{"line":79,"column":1}},"13":{"start":{"line":64,"column":30},"end":{"line":70,"column":4}},"14":{"start":{"line":72,"column":28},"end":{"line":72,"column":42}},"15":{"start":{"line":74,"column":2},"end":{"line":78,"column":4}},"16":{"start":{"line":76,"column":6},"end":{"line":76,"column":62}},"17":{"start":{"line":81,"column":25},"end":{"line":86,"column":2}},"18":{"start":{"line":88,"column":0},"end":{"line":88,"column":32}}},"fnMap":{"0":{"name":"(anonymous_9)","decl":{"start":{"line":10,"column":21},"end":{"line":10,"column":null}},"loc":{"start":{"line":14,"column":4},"end":{"line":31,"column":1}}},"1":{"name":"(anonymous_10)","decl":{"start":{"line":33,"column":26},"end":{"line":33,"column":31}},"loc":{"start":{"line":38,"column":4},"end":{"line":44,"column":1}}},"2":{"name":"(anonymous_11)","decl":{"start":{"line":46,"column":27},"end":{"line":46,"column":32}},"loc":{"start":{"line":50,"column":4},"end":{"line":55,"column":1}}},"3":{"name":"(anonymous_12)","decl":{"start":{"line":57,"column":30},"end":{"line":57,"column":35}},"loc":{"start":{"line":57,"column":54},"end":{"line":61,"column":1}}},"4":{"name":"(anonymous_13)","decl":{"start":{"line":63,"column":25},"end":{"line":63,"column":30}},"loc":{"start":{"line":63,"column":36},"end":{"line":79,"column":1}}},"5":{"name":"(anonymous_14)","decl":{"start":{"line":75,"column":16},"end":{"line":75,"column":17}},"loc":{"start":{"line":76,"column":6},"end":{"line":76,"column":62}}}},"branchMap":{"0":{"loc":{"start":{"line":16,"column":4},"end":{"line":18,"column":37}},"type":"cond-expr","locations":[{"start":{"line":17,"column":8},"end":{"line":17,"column":12}},{"start":{"line":18,"column":8},"end":{"line":18,"column":37}}]},"1":{"loc":{"start":{"line":23,"column":8},"end":{"line":29,"column":10}},"type":"cond-expr","locations":[{"start":{"line":24,"column":8},"end":{"line":28,"column":null}},{"start":{"line":29,"column":8},"end":{"line":29,"column":10}}]},"2":{"loc":{"start":{"line":26,"column":12},"end":{"line":26,"column":75}},"type":"binary-expr","locations":[{"start":{"line":26,"column":12},"end":{"line":26,"column":41}},{"start":{"line":26,"column":45},"end":{"line":26,"column":50}},{"start":{"line":26,"column":54},"end":{"line":26,"column":75}}]},"3":{"loc":{"start":{"line":49,"column":2},"end":{"line":49,"column":39}},"type":"default-arg","locations":[{"start":{"line":49,"column":18},"end":{"line":49,"column":39}}]}},"s":{"0":10,"1":10,"2":10,"3":10,"4":2,"5":2,"6":10,"7":1,"8":10,"9":1,"10":10,"11":1,"12":10,"13":3,"14":3,"15":3,"16":15,"17":10,"18":10},"f":{"0":2,"1":1,"2":1,"3":1,"4":3,"5":15},"b":{"0":[2,0],"1":[2,0],"2":[2,2,0],"3":[1]}}
,"/Users/quentincorrea/Documents/Projects/Keychain/hive-keychain-mobile/src/utils/storage/storage.utils.ts": {"path":"/Users/quentincorrea/Documents/Projects/Keychain/hive-keychain-mobile/src/utils/storage/storage.utils.ts","statementMap":{"0":{"start":{"line":1,"column":0},"end":{"line":1,"column":69}},"1":{"start":{"line":2,"column":0},"end":{"line":2,"column":38}},"2":{"start":{"line":3,"column":0},"end":{"line":3,"column":65}},"3":{"start":{"line":4,"column":0},"end":{"line":4,"column":38}},"4":{"start":{"line":5,"column":0},"end":{"line":5,"column":73}},"5":{"start":{"line":6,"column":0},"end":{"line":6,"column":52}},"6":{"start":{"line":7,"column":0},"end":{"line":7,"column":51}},"7":{"start":{"line":8,"column":0},"end":{"line":8,"column":50}},"8":{"start":{"line":9,"column":0},"end":{"line":9,"column":41}},"9":{"start":{"line":10,"column":0},"end":{"line":10,"column":48}},"10":{"start":{"line":11,"column":0},"end":{"line":11,"column":63}},"11":{"start":{"line":12,"column":0},"end":{"line":12,"column":71}},"12":{"start":{"line":13,"column":0},"end":{"line":13,"column":51}},"13":{"start":{"line":15,"column":39},"end":{"line":15,"column":40}},"14":{"start":{"line":17,"column":33},"end":{"line":22,"column":1}},"15":{"start":{"line":18,"column":18},"end":{"line":19,"column":null}},"16":{"start":{"line":21,"column":2},"end":{"line":21,"column":38}},"17":{"start":{"line":24,"column":20},"end":{"line":48,"column":1}},"18":{"start":{"line":25,"column":18},"end":{"line":25,"column":50}},"19":{"start":{"line":26,"column":2},"end":{"line":31,"column":3}},"20":{"start":{"line":27,"column":4},"end":{"line":30,"column":6}},"21":{"start":{"line":33,"column":2},"end":{"line":38,"column":3}},"22":{"start":{"line":34,"column":4},"end":{"line":37,"column":6}},"23":{"start":{"line":40,"column":28},"end":{"line":40,"column":61}},"24":{"start":{"line":41,"column":2},"end":{"line":44,"column":5}},"25":{"start":{"line":45,"column":2},"end":{"line":45,"column":34}},"26":{"start":{"line":46,"column":2},"end":{"line":46,"column":54}},"27":{"start":{"line":47,"column":2},"end":{"line":47,"column":46}},"28":{"start":{"line":50,"column":31},"end":{"line":63,"column":1}},"29":{"start":{"line":51,"column":2},"end":{"line":62,"column":12}},"30":{"start":{"line":52,"column":4},"end":{"line":61,"column":5}},"31":{"start":{"line":53,"column":6},"end":{"line":53,"column":65}},"32":{"start":{"line":53,"column":58},"end":{"line":53,"column":65}},"33":{"start":{"line":54,"column":6},"end":{"line":58,"column":9}},"34":{"start":{"line":60,"column":6},"end":{"line":60,"column":29}},"35":{"start":{"line":65,"column":20},"end":{"line":75,"column":1}},"36":{"start":{"line":66,"column":2},"end":{"line":70,"column":4}},"37":{"start":{"line":71,"column":2},"end":{"line":74,"column":4}},"38":{"start":{"line":77,"column":28},"end":{"line":116,"column":1}},"39":{"start":{"line":82,"column":18},"end":{"line":82,"column":50}},"40":{"start":{"line":83,"column":2},"end":{"line":83,"column":56}},"41":{"start":{"line":83,"column":49},"end":{"line":83,"column":56}},"42":{"start":{"line":86,"column":4},"end":{"line":90,"column":6}},"43":{"start":{"line":92,"column":2},"end":{"line":98,"column":3}},"44":{"start":{"line":93,"column":4},"end":{"line":97,"column":6}},"45":{"start":{"line":101,"column":4},"end":{"line":103,"column":17}},"46":{"start":{"line":104,"column":2},"end":{"line":111,"column":3}},"47":{"start":{"line":105,"column":4},"end":{"line":105,"column":67}},"48":{"start":{"line":107,"column":4},"end":{"line":110,"column":6}},"49":{"start":{"line":112,"column":2},"end":{"line":115,"column":4}},"50":{"start":{"line":118,"column":36},"end":{"line":139,"column":1}},"51":{"start":{"line":119,"column":28},"end":{"line":119,"column":63}},"52":{"start":{"line":120,"column":2},"end":{"line":120,"column":38}},"53":{"start":{"line":120,"column":26},"end":{"line":120,"column":38}},"54":{"start":{"line":121,"column":2},"end":{"line":138,"column":3}},"55":{"start":{"line":122,"column":29},"end":{"line":124,"column":null}},"56":{"start":{"line":126,"column":4},"end":{"line":126,"column":45}},"57":{"start":{"line":126,"column":33},"end":{"line":126,"column":45}},"58":{"start":{"line":127,"column":4},"end":{"line":127,"column":42}},"59":{"start":{"line":128,"column":20},"end":{"line":128,"column":52}},"60":{"start":{"line":129,"column":4},"end":{"line":134,"column":5}},"61":{"start":{"line":130,"column":6},"end":{"line":133,"column":8}},"62":{"start":{"line":135,"column":4},"end":{"line":135,"column":29}},"63":{"start":{"line":137,"column":4},"end":{"line":137,"column":16}},"64":{"start":{"line":140,"column":0},"end":{"line":140,"column":null}},"65":{"start":{"line":141,"column":2},"end":{"line":141,"column":null}},"66":{"start":{"line":142,"column":2},"end":{"line":142,"column":null}},"67":{"start":{"line":143,"column":2},"end":{"line":143,"column":null}},"68":{"start":{"line":146,"column":34},"end":{"line":178,"column":1}},"69":{"start":{"line":150,"column":2},"end":{"line":150,"column":66}},"70":{"start":{"line":150,"column":29},"end":{"line":150,"column":66}},"71":{"start":{"line":151,"column":32},"end":{"line":151,"column":75}},"72":{"start":{"line":152,"column":2},"end":{"line":177,"column":3}},"73":{"start":{"line":153,"column":17},"end":{"line":153,"column":32}},"74":{"start":{"line":154,"column":4},"end":{"line":159,"column":5}},"75":{"start":{"line":155,"column":6},"end":{"line":158,"column":9}},"76":{"start":{"line":160,"column":4},"end":{"line":165,"column":5}},"77":{"start":{"line":161,"column":6},"end":{"line":164,"column":8}},"78":{"start":{"line":166,"column":4},"end":{"line":168,"column":39}},"79":{"start":{"line":170,"column":37},"end":{"line":171,"column":null}},"80":{"start":{"line":174,"column":4},"end":{"line":176,"column":39}},"81":{"start":{"line":180,"column":21},"end":{"line":188,"column":2}},"82":{"start":{"line":190,"column":0},"end":{"line":190,"column":28}}},"fnMap":{"0":{"name":"(anonymous_10)","decl":{"start":{"line":17,"column":33},"end":{"line":17,"column":38}},"loc":{"start":{"line":17,"column":44},"end":{"line":22,"column":1}}},"1":{"name":"(anonymous_11)","decl":{"start":{"line":24,"column":20},"end":{"line":24,"column":25}},"loc":{"start":{"line":24,"column":41},"end":{"line":48,"column":1}}},"2":{"name":"(anonymous_12)","decl":{"start":{"line":50,"column":31},"end":{"line":50,"column":36}},"loc":{"start":{"line":50,"column":67},"end":{"line":63,"column":1}}},"3":{"name":"(anonymous_13)","decl":{"start":{"line":65,"column":20},"end":{"line":65,"column":25}},"loc":{"start":{"line":65,"column":56},"end":{"line":75,"column":1}}},"4":{"name":"(anonymous_14)","decl":{"start":{"line":77,"column":28},"end":{"line":77,"column":33}},"loc":{"start":{"line":81,"column":4},"end":{"line":116,"column":1}}},"5":{"name":"(anonymous_15)","decl":{"start":{"line":118,"column":36},"end":{"line":118,"column":41}},"loc":{"start":{"line":118,"column":58},"end":{"line":139,"column":1}}},"6":{"name":"(anonymous_16)","decl":{"start":{"line":140,"column":0},"end":{"line":140,"column":12}},"loc":{"start":{"line":140,"column":33},"end":{"line":144,"column":1}}},"7":{"name":"(anonymous_17)","decl":{"start":{"line":146,"column":34},"end":{"line":146,"column":39}},"loc":{"start":{"line":149,"column":4},"end":{"line":178,"column":1}}}},"branchMap":{"0":{"loc":{"start":{"line":21,"column":18},"end":{"line":21,"column":32}},"type":"binary-expr","locations":[{"start":{"line":21,"column":18},"end":{"line":21,"column":25}},{"start":{"line":21,"column":29},"end":{"line":21,"column":32}}]},"1":{"loc":{"start":{"line":26,"column":2},"end":{"line":31,"column":3}},"type":"if","locations":[{"start":{"line":26,"column":2},"end":{"line":31,"column":3}}]},"2":{"loc":{"start":{"line":33,"column":2},"end":{"line":38,"column":3}},"type":"if","locations":[{"start":{"line":33,"column":2},"end":{"line":38,"column":3}}]},"3":{"loc":{"start":{"line":52,"column":4},"end":{"line":61,"column":5}},"type":"if","locations":[{"start":{"line":52,"column":4},"end":{"line":61,"column":5}},{"start":{"line":59,"column":11},"end":{"line":61,"column":5}}]},"4":{"loc":{"start":{"line":53,"column":6},"end":{"line":53,"column":65}},"type":"if","locations":[{"start":{"line":53,"column":6},"end":{"line":53,"column":65}}]},"5":{"loc":{"start":{"line":83,"column":2},"end":{"line":83,"column":56}},"type":"if","locations":[{"start":{"line":83,"column":2},"end":{"line":83,"column":56}}]},"6":{"loc":{"start":{"line":86,"column":4},"end":{"line":90,"column":6}},"type":"binary-expr","locations":[{"start":{"line":86,"column":4},"end":{"line":86,"column":20}},{"start":{"line":87,"column":5},"end":{"line":89,"column":null}}]},"7":{"loc":{"start":{"line":92,"column":2},"end":{"line":98,"column":3}},"type":"if","locations":[{"start":{"line":92,"column":2},"end":{"line":98,"column":3}}]},"8":{"loc":{"start":{"line":120,"column":2},"end":{"line":120,"column":38}},"type":"if","locations":[{"start":{"line":120,"column":2},"end":{"line":120,"column":38}}]},"9":{"loc":{"start":{"line":126,"column":4},"end":{"line":126,"column":45}},"type":"if","locations":[{"start":{"line":126,"column":4},"end":{"line":126,"column":45}}]},"10":{"loc":{"start":{"line":129,"column":4},"end":{"line":134,"column":5}},"type":"if","locations":[{"start":{"line":129,"column":4},"end":{"line":134,"column":5}}]},"11":{"loc":{"start":{"line":140,"column":12},"end":{"line":140,"column":null}},"type":"binary-expr","locations":[{"start":{"line":140,"column":12},"end":{"line":140,"column":33}},{"start":{"line":140,"column":33},"end":{"line":140,"column":null}}]},"12":{"loc":{"start":{"line":148,"column":2},"end":{"line":148,"column":28}},"type":"default-arg","locations":[{"start":{"line":148,"column":23},"end":{"line":148,"column":28}}]},"13":{"loc":{"start":{"line":150,"column":2},"end":{"line":150,"column":66}},"type":"if","locations":[{"start":{"line":150,"column":2},"end":{"line":150,"column":66}}]},"14":{"loc":{"start":{"line":152,"column":2},"end":{"line":177,"column":3}},"type":"if","locations":[{"start":{"line":152,"column":2},"end":{"line":177,"column":3}},{"start":{"line":169,"column":9},"end":{"line":177,"column":3}}]},"15":{"loc":{"start":{"line":154,"column":4},"end":{"line":159,"column":5}},"type":"if","locations":[{"start":{"line":154,"column":4},"end":{"line":159,"column":5}}]},"16":{"loc":{"start":{"line":160,"column":4},"end":{"line":165,"column":5}},"type":"if","locations":[{"start":{"line":160,"column":4},"end":{"line":165,"column":5}}]},"17":{"loc":{"start":{"line":166,"column":11},"end":{"line":168,"column":38}},"type":"cond-expr","locations":[{"start":{"line":167,"column":8},"end":{"line":167,"column":37}},{"start":{"line":168,"column":8},"end":{"line":168,"column":38}}]},"18":{"loc":{"start":{"line":174,"column":11},"end":{"line":176,"column":38}},"type":"cond-expr","locations":[{"start":{"line":175,"column":8},"end":{"line":175,"column":37}},{"start":{"line":176,"column":8},"end":{"line":176,"column":38}}]}},"s":{"0":8,"1":8,"2":8,"3":8,"4":8,"5":8,"6":8,"7":8,"8":8,"9":8,"10":8,"11":8,"12":8,"13":8,"14":8,"15":0,"16":0,"17":8,"18":0,"19":0,"20":0,"21":0,"22":0,"23":0,"24":0,"25":0,"26":0,"27":0,"28":8,"29":1,"30":1,"31":0,"32":0,"33":0,"34":1,"35":8,"36":1,"37":1,"38":8,"39":0,"40":0,"41":0,"42":0,"43":0,"44":0,"45":0,"46":0,"47":0,"48":0,"49":0,"50":8,"51":0,"52":0,"53":0,"54":0,"55":0,"56":0,"57":0,"58":0,"59":0,"60":0,"61":0,"62":0,"63":0,"64":8,"65":8,"66":8,"67":8,"68":8,"69":0,"70":0,"71":0,"72":0,"73":0,"74":0,"75":0,"76":0,"77":0,"78":0,"79":0,"80":0,"81":8,"82":8},"f":{"0":0,"1":0,"2":1,"3":1,"4":0,"5":0,"6":8,"7":0},"b":{"0":[0,0],"1":[0],"2":[0],"3":[0,1],"4":[0],"5":[0],"6":[0,0],"7":[0],"8":[0],"9":[0],"10":[0],"11":[8,8],"12":[0],"13":[0],"14":[0,0],"15":[0],"16":[0],"17":[0,0],"18":[0,0]}}
}
