{"/Users/quentincorrea/Documents/Projects/Keychain/hive-keychain-mobile/src/actions/accountValueDisplay.ts": {"path":"/Users/quentincorrea/Documents/Projects/Keychain/hive-keychain-mobile/src/actions/accountValueDisplay.ts","statementMap":{"0":{"start":{"line":2,"column":0},"end":{"line":2,"column":50}},"1":{"start":{"line":4,"column":38},"end":{"line":11,"column":1}},"2":{"start":{"line":7,"column":2},"end":{"line":10,"column":4}},"3":{"start":{"line":4,"column":13},"end":{"line":4,"column":38}}},"fnMap":{"0":{"name":"(anonymous_0)","decl":{"start":{"line":4,"column":38},"end":{"line":4,"column":null}},"loc":{"start":{"line":6,"column":27},"end":{"line":11,"column":1}}}},"branchMap":{},"s":{"0":2,"1":2,"2":3,"3":2},"f":{"0":3},"b":{}}
,"/Users/quentincorrea/Documents/Projects/Keychain/hive-keychain-mobile/src/actions/accounts.ts": {"path":"/Users/quentincorrea/Documents/Projects/Keychain/hive-keychain-mobile/src/actions/accounts.ts","statementMap":{"0":{"start":{"line":1,"column":0},"end":{"line":1,"column":41}},"1":{"start":{"line":2,"column":0},"end":{"line":2,"column":44}},"2":{"start":{"line":3,"column":0},"end":{"line":3,"column":73}},"3":{"start":{"line":4,"column":0},"end":{"line":4,"column":61}},"4":{"start":{"line":6,"column":0},"end":{"line":6,"column":53}},"5":{"start":{"line":7,"column":0},"end":{"line":7,"column":41}},"6":{"start":{"line":8,"column":0},"end":{"line":8,"column":79}},"7":{"start":{"line":9,"column":0},"end":{"line":9,"column":75}},"8":{"start":{"line":10,"column":0},"end":{"line":10,"column":55}},"9":{"start":{"line":11,"column":0},"end":{"line":11,"column":47}},"10":{"start":{"line":12,"column":0},"end":{"line":12,"column":null}},"11":{"start":{"line":20,"column":0},"end":{"line":20,"column":36}},"12":{"start":{"line":21,"column":0},"end":{"line":21,"column":null}},"13":{"start":{"line":29,"column":2},"end":{"line":83,"column":3}},"14":{"start":{"line":37,"column":2},"end":{"line":83,"column":3}},"15":{"start":{"line":38,"column":15},"end":{"line":38,"column":33}},"16":{"start":{"line":39,"column":29},"end":{"line":39,"column":48}},"17":{"start":{"line":40,"column":4},"end":{"line":45,"column":5}},"18":{"start":{"line":41,"column":6},"end":{"line":44,"column":8}},"19":{"start":{"line":46,"column":4},"end":{"line":53,"column":5}},"20":{"start":{"line":46,"column":37},"end":{"line":46,"column":52}},"21":{"start":{"line":47,"column":6},"end":{"line":47,"column":70}},"22":{"start":{"line":48,"column":6},"end":{"line":48,"column":35}},"23":{"start":{"line":48,"column":28},"end":{"line":48,"column":35}},"24":{"start":{"line":49,"column":6},"end":{"line":51,"column":7}},"25":{"start":{"line":50,"column":8},"end":{"line":50,"column":43}},"26":{"start":{"line":52,"column":6},"end":{"line":52,"column":13}},"27":{"start":{"line":54,"column":51},"end":{"line":57,"column":6}},"28":{"start":{"line":58,"column":4},"end":{"line":58,"column":21}},"29":{"start":{"line":59,"column":21},"end":{"line":59,"column":56}},"30":{"start":{"line":60,"column":4},"end":{"line":64,"column":6}},"31":{"start":{"line":66,"column":4},"end":{"line":69,"column":6}},"32":{"start":{"line":68,"column":28},"end":{"line":68,"column":36}},"33":{"start":{"line":71,"column":4},"end":{"line":74,"column":5}},"34":{"start":{"line":72,"column":6},"end":{"line":72,"column":68}},"35":{"start":{"line":73,"column":6},"end":{"line":73,"column":13}},"36":{"start":{"line":75,"column":4},"end":{"line":82,"column":5}},"37":{"start":{"line":76,"column":6},"end":{"line":76,"column":34}},"38":{"start":{"line":77,"column":6},"end":{"line":81,"column":29}},"39":{"start":{"line":28,"column":13},"end":{"line":28,"column":null}},"40":{"start":{"line":85,"column":30},"end":{"line":91,"column":1}},"41":{"start":{"line":85,"column":46},"end":{"line":91,"column":1}},"42":{"start":{"line":86,"column":2},"end":{"line":86,"column":48}},"43":{"start":{"line":87,"column":2},"end":{"line":89,"column":5}},"44":{"start":{"line":90,"column":2},"end":{"line":90,"column":46}},"45":{"start":{"line":85,"column":13},"end":{"line":85,"column":30}},"46":{"start":{"line":94,"column":2},"end":{"line":114,"column":3}},"47":{"start":{"line":95,"column":2},"end":{"line":114,"column":3}},"48":{"start":{"line":96,"column":15},"end":{"line":96,"column":33}},"49":{"start":{"line":97,"column":29},"end":{"line":97,"column":48}},"50":{"start":{"line":98,"column":21},"end":{"line":98,"column":72}},"51":{"start":{"line":98,"column":52},"end":{"line":98,"column":71}},"52":{"start":{"line":99,"column":4},"end":{"line":113,"column":5}},"53":{"start":{"line":100,"column":6},"end":{"line":104,"column":8}},"54":{"start":{"line":105,"column":53},"end":{"line":108,"column":8}},"55":{"start":{"line":109,"column":6},"end":{"line":109,"column":23}},"56":{"start":{"line":110,"column":6},"end":{"line":110,"column":59}},"57":{"start":{"line":112,"column":6},"end":{"line":112,"column":33}},"58":{"start":{"line":93,"column":13},"end":{"line":93,"column":null}},"59":{"start":{"line":117,"column":2},"end":{"line":149,"column":3}},"60":{"start":{"line":118,"column":2},"end":{"line":149,"column":3}},"61":{"start":{"line":120,"column":6},"end":{"line":122,"column":18}},"62":{"start":{"line":121,"column":44},"end":{"line":121,"column":65}},"63":{"start":{"line":124,"column":4},"end":{"line":148,"column":5}},"64":{"start":{"line":125,"column":6},"end":{"line":125,"column":40}},"65":{"start":{"line":126,"column":6},"end":{"line":128,"column":9}},"66":{"start":{"line":130,"column":6},"end":{"line":142,"column":8}},"67":{"start":{"line":132,"column":10},"end":{"line":140,"column":11}},"68":{"start":{"line":133,"column":25},"end":{"line":133,"column":42}},"69":{"start":{"line":134,"column":12},"end":{"line":134,"column":29}},"70":{"start":{"line":135,"column":40},"end":{"line":135,"column":56}},"71":{"start":{"line":136,"column":12},"end":{"line":136,"column":32}},"72":{"start":{"line":137,"column":12},"end":{"line":137,"column":38}},"73":{"start":{"line":139,"column":12},"end":{"line":139,"column":27}},"74":{"start":{"line":143,"column":6},"end":{"line":147,"column":8}},"75":{"start":{"line":116,"column":13},"end":{"line":116,"column":null}},"76":{"start":{"line":152,"column":2},"end":{"line":175,"column":3}},"77":{"start":{"line":153,"column":2},"end":{"line":175,"column":3}},"78":{"start":{"line":154,"column":17},"end":{"line":154,"column":50}},"79":{"start":{"line":155,"column":4},"end":{"line":174,"column":5}},"80":{"start":{"line":156,"column":6},"end":{"line":156,"column":74}},"81":{"start":{"line":157,"column":11},"end":{"line":174,"column":5}},"82":{"start":{"line":158,"column":6},"end":{"line":160,"column":8}},"83":{"start":{"line":162,"column":6},"end":{"line":170,"column":8}},"84":{"start":{"line":164,"column":10},"end":{"line":168,"column":11}},"85":{"start":{"line":165,"column":12},"end":{"line":165,"column":66}},"86":{"start":{"line":167,"column":12},"end":{"line":167,"column":27}},"87":{"start":{"line":171,"column":6},"end":{"line":173,"column":8}},"88":{"start":{"line":151,"column":13},"end":{"line":151,"column":null}},"89":{"start":{"line":178,"column":2},"end":{"line":190,"column":3}},"90":{"start":{"line":179,"column":2},"end":{"line":190,"column":3}},"91":{"start":{"line":180,"column":15},"end":{"line":180,"column":33}},"92":{"start":{"line":181,"column":4},"end":{"line":185,"column":6}},"93":{"start":{"line":186,"column":4},"end":{"line":189,"column":7}},"94":{"start":{"line":177,"column":13},"end":{"line":177,"column":null}},"95":{"start":{"line":193,"column":2},"end":{"line":208,"column":3}},"96":{"start":{"line":194,"column":2},"end":{"line":208,"column":3}},"97":{"start":{"line":195,"column":15},"end":{"line":195,"column":33}},"98":{"start":{"line":196,"column":29},"end":{"line":196,"column":48}},"99":{"start":{"line":197,"column":21},"end":{"line":197,"column":49}},"100":{"start":{"line":198,"column":4},"end":{"line":202,"column":6}},"101":{"start":{"line":203,"column":52},"end":{"line":206,"column":6}},"102":{"start":{"line":207,"column":4},"end":{"line":207,"column":22}}},"fnMap":{"0":{"name":"(anonymous_1)","decl":{"start":{"line":29,"column":2},"end":{"line":29,"column":null}},"loc":{"start":{"line":37,"column":2},"end":{"line":83,"column":3}}},"1":{"name":"(anonymous_2)","decl":{"start":{"line":37,"column":2},"end":{"line":37,"column":7}},"loc":{"start":{"line":37,"column":31},"end":{"line":83,"column":3}}},"2":{"name":"(anonymous_3)","decl":{"start":{"line":46,"column":30},"end":{"line":46,"column":31}},"loc":{"start":{"line":46,"column":37},"end":{"line":46,"column":52}}},"3":{"name":"(anonymous_4)","decl":{"start":{"line":68,"column":19},"end":{"line":68,"column":20}},"loc":{"start":{"line":68,"column":28},"end":{"line":68,"column":36}}},"4":{"name":"(anonymous_5)","decl":{"start":{"line":85,"column":30},"end":{"line":85,"column":43}},"loc":{"start":{"line":85,"column":46},"end":{"line":91,"column":1}}},"5":{"name":"(anonymous_6)","decl":{"start":{"line":85,"column":46},"end":{"line":85,"column":51}},"loc":{"start":{"line":85,"column":65},"end":{"line":91,"column":1}}},"6":{"name":"(anonymous_7)","decl":{"start":{"line":94,"column":2},"end":{"line":94,"column":3}},"loc":{"start":{"line":95,"column":2},"end":{"line":114,"column":3}}},"7":{"name":"(anonymous_8)","decl":{"start":{"line":95,"column":2},"end":{"line":95,"column":7}},"loc":{"start":{"line":95,"column":31},"end":{"line":114,"column":3}}},"8":{"name":"(anonymous_9)","decl":{"start":{"line":98,"column":45},"end":{"line":98,"column":46}},"loc":{"start":{"line":98,"column":52},"end":{"line":98,"column":71}}},"9":{"name":"(anonymous_10)","decl":{"start":{"line":117,"column":2},"end":{"line":117,"column":3}},"loc":{"start":{"line":118,"column":2},"end":{"line":149,"column":3}}},"10":{"name":"(anonymous_11)","decl":{"start":{"line":118,"column":2},"end":{"line":118,"column":7}},"loc":{"start":{"line":118,"column":31},"end":{"line":149,"column":3}}},"11":{"name":"(anonymous_12)","decl":{"start":{"line":121,"column":35},"end":{"line":121,"column":36}},"loc":{"start":{"line":121,"column":44},"end":{"line":121,"column":65}}},"12":{"name":"(anonymous_13)","decl":{"start":{"line":131,"column":23},"end":{"line":131,"column":24}},"loc":{"start":{"line":131,"column":44},"end":{"line":141,"column":9}}},"13":{"name":"(anonymous_14)","decl":{"start":{"line":152,"column":2},"end":{"line":152,"column":3}},"loc":{"start":{"line":153,"column":2},"end":{"line":175,"column":3}}},"14":{"name":"(anonymous_15)","decl":{"start":{"line":153,"column":2},"end":{"line":153,"column":7}},"loc":{"start":{"line":153,"column":21},"end":{"line":175,"column":3}}},"15":{"name":"(anonymous_16)","decl":{"start":{"line":163,"column":23},"end":{"line":163,"column":24}},"loc":{"start":{"line":163,"column":44},"end":{"line":169,"column":9}}},"16":{"name":"(anonymous_17)","decl":{"start":{"line":178,"column":2},"end":{"line":178,"column":3}},"loc":{"start":{"line":179,"column":2},"end":{"line":190,"column":3}}},"17":{"name":"(anonymous_18)","decl":{"start":{"line":179,"column":2},"end":{"line":179,"column":7}},"loc":{"start":{"line":179,"column":31},"end":{"line":190,"column":3}}},"18":{"name":"(anonymous_19)","decl":{"start":{"line":193,"column":2},"end":{"line":193,"column":3}},"loc":{"start":{"line":194,"column":2},"end":{"line":208,"column":3}}},"19":{"name":"(anonymous_20)","decl":{"start":{"line":194,"column":2},"end":{"line":194,"column":7}},"loc":{"start":{"line":194,"column":31},"end":{"line":208,"column":3}}}},"branchMap":{"0":{"loc":{"start":{"line":35,"column":4},"end":{"line":35,"column":21}},"type":"default-arg","locations":[{"start":{"line":35,"column":16},"end":{"line":35,"column":21}}]},"1":{"loc":{"start":{"line":40,"column":4},"end":{"line":45,"column":5}},"type":"if","locations":[{"start":{"line":40,"column":4},"end":{"line":45,"column":5}}]},"2":{"loc":{"start":{"line":46,"column":4},"end":{"line":53,"column":5}},"type":"if","locations":[{"start":{"line":46,"column":4},"end":{"line":53,"column":5}}]},"3":{"loc":{"start":{"line":48,"column":6},"end":{"line":48,"column":35}},"type":"if","locations":[{"start":{"line":48,"column":6},"end":{"line":48,"column":35}}]},"4":{"loc":{"start":{"line":49,"column":6},"end":{"line":51,"column":7}},"type":"if","locations":[{"start":{"line":49,"column":6},"end":{"line":51,"column":7}}]},"5":{"loc":{"start":{"line":50,"column":8},"end":{"line":50,"column":42}},"type":"cond-expr","locations":[{"start":{"line":50,"column":13},"end":{"line":50,"column":21}},{"start":{"line":50,"column":24},"end":{"line":50,"column":42}}]},"6":{"loc":{"start":{"line":71,"column":4},"end":{"line":74,"column":5}},"type":"if","locations":[{"start":{"line":71,"column":4},"end":{"line":74,"column":5}}]},"7":{"loc":{"start":{"line":75,"column":4},"end":{"line":82,"column":5}},"type":"if","locations":[{"start":{"line":75,"column":4},"end":{"line":82,"column":5}}]},"8":{"loc":{"start":{"line":77,"column":6},"end":{"line":81,"column":28}},"type":"cond-expr","locations":[{"start":{"line":78,"column":10},"end":{"line":80,"column":43}},{"start":{"line":81,"column":10},"end":{"line":81,"column":28}}]},"9":{"loc":{"start":{"line":78,"column":10},"end":{"line":80,"column":43}},"type":"cond-expr","locations":[{"start":{"line":79,"column":12},"end":{"line":79,"column":20}},{"start":{"line":80,"column":12},"end":{"line":80,"column":43}}]},"10":{"loc":{"start":{"line":99,"column":4},"end":{"line":113,"column":5}},"type":"if","locations":[{"start":{"line":99,"column":4},"end":{"line":113,"column":5}},{"start":{"line":111,"column":11},"end":{"line":113,"column":5}}]},"11":{"loc":{"start":{"line":124,"column":4},"end":{"line":148,"column":5}},"type":"if","locations":[{"start":{"line":124,"column":4},"end":{"line":148,"column":5}},{"start":{"line":129,"column":11},"end":{"line":148,"column":5}}]},"12":{"loc":{"start":{"line":132,"column":10},"end":{"line":140,"column":11}},"type":"if","locations":[{"start":{"line":132,"column":10},"end":{"line":140,"column":11}},{"start":{"line":138,"column":17},"end":{"line":140,"column":11}}]},"13":{"loc":{"start":{"line":155,"column":4},"end":{"line":174,"column":5}},"type":"if","locations":[{"start":{"line":155,"column":4},"end":{"line":174,"column":5}},{"start":{"line":157,"column":11},"end":{"line":174,"column":5}}]},"14":{"loc":{"start":{"line":157,"column":11},"end":{"line":174,"column":5}},"type":"if","locations":[{"start":{"line":157,"column":11},"end":{"line":174,"column":5}},{"start":{"line":161,"column":11},"end":{"line":174,"column":5}}]},"15":{"loc":{"start":{"line":164,"column":10},"end":{"line":168,"column":11}},"type":"if","locations":[{"start":{"line":164,"column":10},"end":{"line":168,"column":11}},{"start":{"line":166,"column":17},"end":{"line":168,"column":11}}]}},"s":{"0":3,"1":2,"2":2,"3":2,"4":2,"5":2,"6":2,"7":2,"8":2,"9":2,"10":2,"11":2,"12":2,"13":2,"14":10,"15":10,"16":10,"17":10,"18":5,"19":10,"20":5,"21":4,"22":4,"23":1,"24":3,"25":3,"26":3,"27":6,"28":6,"29":6,"30":6,"31":6,"32":7,"33":6,"34":1,"35":1,"36":5,"37":5,"38":5,"39":2,"40":2,"41":2,"42":2,"43":2,"44":2,"45":2,"46":2,"47":3,"48":2,"49":2,"50":2,"51":3,"52":2,"53":1,"54":1,"55":1,"56":1,"57":1,"58":2,"59":2,"60":3,"61":3,"62":4,"63":3,"64":1,"65":1,"66":2,"67":3,"68":2,"69":2,"70":2,"71":2,"72":2,"73":1,"74":2,"75":2,"76":2,"77":4,"78":4,"79":4,"80":1,"81":3,"82":1,"83":2,"84":4,"85":2,"86":2,"87":2,"88":2,"89":2,"90":1,"91":1,"92":1,"93":1,"94":2,"95":2,"96":4,"97":4,"98":4,"99":4,"100":4,"101":4,"102":4},"f":{"0":10,"1":10,"2":5,"3":7,"4":2,"5":2,"6":3,"7":2,"8":3,"9":3,"10":3,"11":4,"12":3,"13":4,"14":4,"15":4,"16":1,"17":1,"18":4,"19":4},"b":{"0":[8],"1":[5],"2":[4],"3":[1],"4":[3],"5":[1,2],"6":[1],"7":[5],"8":[2,3],"9":[1,1],"10":[1,1],"11":[1,2],"12":[2,1],"13":[1,3],"14":[1,2],"15":[2,2]}}
,"/Users/quentincorrea/Documents/Projects/Keychain/hive-keychain-mobile/src/actions/browser.ts": {"path":"/Users/quentincorrea/Documents/Projects/Keychain/hive-keychain-mobile/src/actions/browser.ts","statementMap":{"0":{"start":{"line":2,"column":0},"end":{"line":2,"column":53}},"1":{"start":{"line":3,"column":0},"end":{"line":3,"column":48}},"2":{"start":{"line":5,"column":0},"end":{"line":5,"column":null}},"3":{"start":{"line":22,"column":28},"end":{"line":28,"column":1}},"4":{"start":{"line":23,"column":48},"end":{"line":26,"column":4}},"5":{"start":{"line":27,"column":2},"end":{"line":27,"column":16}},"6":{"start":{"line":22,"column":13},"end":{"line":22,"column":28}},"7":{"start":{"line":30,"column":33},"end":{"line":36,"column":1}},"8":{"start":{"line":31,"column":48},"end":{"line":34,"column":4}},"9":{"start":{"line":35,"column":2},"end":{"line":35,"column":16}},"10":{"start":{"line":30,"column":13},"end":{"line":30,"column":33}},"11":{"start":{"line":38,"column":28},"end":{"line":43,"column":1}},"12":{"start":{"line":39,"column":48},"end":{"line":41,"column":4}},"13":{"start":{"line":42,"column":2},"end":{"line":42,"column":16}},"14":{"start":{"line":38,"column":13},"end":{"line":38,"column":28}},"15":{"start":{"line":45,"column":30},"end":{"line":51,"column":1}},"16":{"start":{"line":46,"column":48},"end":{"line":49,"column":4}},"17":{"start":{"line":50,"column":2},"end":{"line":50,"column":16}},"18":{"start":{"line":45,"column":13},"end":{"line":45,"column":30}},"19":{"start":{"line":53,"column":31},"end":{"line":59,"column":1}},"20":{"start":{"line":54,"column":48},"end":{"line":57,"column":4}},"21":{"start":{"line":58,"column":2},"end":{"line":58,"column":16}},"22":{"start":{"line":53,"column":13},"end":{"line":53,"column":31}},"23":{"start":{"line":61,"column":35},"end":{"line":67,"column":1}},"24":{"start":{"line":62,"column":48},"end":{"line":65,"column":4}},"25":{"start":{"line":66,"column":2},"end":{"line":66,"column":16}},"26":{"start":{"line":61,"column":13},"end":{"line":61,"column":35}},"27":{"start":{"line":70,"column":2},"end":{"line":89,"column":3}},"28":{"start":{"line":71,"column":2},"end":{"line":89,"column":3}},"29":{"start":{"line":72,"column":24},"end":{"line":72,"column":74}},"30":{"start":{"line":72,"column":60},"end":{"line":72,"column":73}},"31":{"start":{"line":73,"column":4},"end":{"line":82,"column":5}},"32":{"start":{"line":74,"column":6},"end":{"line":74,"column":42}},"33":{"start":{"line":76,"column":17},"end":{"line":76,"column":27}},"34":{"start":{"line":77,"column":6},"end":{"line":80,"column":9}},"35":{"start":{"line":81,"column":6},"end":{"line":81,"column":30}},"36":{"start":{"line":83,"column":4},"end":{"line":83,"column":42}},"37":{"start":{"line":84,"column":4},"end":{"line":88,"column":5}},"38":{"start":{"line":85,"column":6},"end":{"line":85,"column":26}},"39":{"start":{"line":87,"column":6},"end":{"line":87,"column":38}},"40":{"start":{"line":69,"column":13},"end":{"line":69,"column":null}},"41":{"start":{"line":91,"column":31},"end":{"line":97,"column":1}},"42":{"start":{"line":92,"column":48},"end":{"line":95,"column":4}},"43":{"start":{"line":96,"column":2},"end":{"line":96,"column":16}},"44":{"start":{"line":91,"column":13},"end":{"line":91,"column":31}},"45":{"start":{"line":99,"column":22},"end":{"line":105,"column":1}},"46":{"start":{"line":100,"column":48},"end":{"line":103,"column":4}},"47":{"start":{"line":104,"column":2},"end":{"line":104,"column":16}},"48":{"start":{"line":99,"column":13},"end":{"line":99,"column":22}},"49":{"start":{"line":107,"column":24},"end":{"line":113,"column":1}},"50":{"start":{"line":108,"column":48},"end":{"line":111,"column":4}},"51":{"start":{"line":112,"column":2},"end":{"line":112,"column":16}},"52":{"start":{"line":107,"column":13},"end":{"line":107,"column":24}},"53":{"start":{"line":115,"column":28},"end":{"line":119,"column":1}},"54":{"start":{"line":116,"column":2},"end":{"line":118,"column":4}},"55":{"start":{"line":115,"column":13},"end":{"line":115,"column":28}},"56":{"start":{"line":121,"column":25},"end":{"line":126,"column":1}},"57":{"start":{"line":122,"column":2},"end":{"line":125,"column":4}},"58":{"start":{"line":121,"column":13},"end":{"line":121,"column":25}},"59":{"start":{"line":128,"column":22},"end":{"line":128,"column":26}},"60":{"start":{"line":129,"column":25},"end":{"line":142,"column":1}},"61":{"start":{"line":130,"column":2},"end":{"line":130,"column":49}},"62":{"start":{"line":130,"column":24},"end":{"line":130,"column":49}},"63":{"start":{"line":131,"column":2},"end":{"line":136,"column":3}},"64":{"start":{"line":132,"column":4},"end":{"line":132,"column":28}},"65":{"start":{"line":133,"column":4},"end":{"line":135,"column":13}},"66":{"start":{"line":134,"column":6},"end":{"line":134,"column":29}},"67":{"start":{"line":137,"column":48},"end":{"line":140,"column":4}},"68":{"start":{"line":141,"column":2},"end":{"line":141,"column":16}},"69":{"start":{"line":129,"column":13},"end":{"line":129,"column":25}},"70":{"start":{"line":144,"column":36},"end":{"line":150,"column":1}},"71":{"start":{"line":145,"column":48},"end":{"line":148,"column":4}},"72":{"start":{"line":149,"column":2},"end":{"line":149,"column":16}},"73":{"start":{"line":144,"column":13},"end":{"line":144,"column":36}},"74":{"start":{"line":153,"column":2},"end":{"line":160,"column":3}},"75":{"start":{"line":154,"column":2},"end":{"line":160,"column":3}},"76":{"start":{"line":155,"column":16},"end":{"line":155,"column":55}},"77":{"start":{"line":156,"column":4},"end":{"line":159,"column":7}},"78":{"start":{"line":152,"column":13},"end":{"line":152,"column":null}}},"fnMap":{"0":{"name":"(anonymous_0)","decl":{"start":{"line":22,"column":28},"end":{"line":22,"column":29}},"loc":{"start":{"line":22,"column":46},"end":{"line":28,"column":1}}},"1":{"name":"(anonymous_1)","decl":{"start":{"line":30,"column":33},"end":{"line":30,"column":34}},"loc":{"start":{"line":30,"column":49},"end":{"line":36,"column":1}}},"2":{"name":"(anonymous_2)","decl":{"start":{"line":38,"column":28},"end":{"line":38,"column":31}},"loc":{"start":{"line":38,"column":33},"end":{"line":43,"column":1}}},"3":{"name":"(anonymous_3)","decl":{"start":{"line":45,"column":30},"end":{"line":45,"column":31}},"loc":{"start":{"line":45,"column":45},"end":{"line":51,"column":1}}},"4":{"name":"(anonymous_4)","decl":{"start":{"line":53,"column":31},"end":{"line":53,"column":32}},"loc":{"start":{"line":53,"column":53},"end":{"line":59,"column":1}}},"5":{"name":"(anonymous_5)","decl":{"start":{"line":61,"column":35},"end":{"line":61,"column":36}},"loc":{"start":{"line":61,"column":51},"end":{"line":67,"column":1}}},"6":{"name":"(anonymous_6)","decl":{"start":{"line":70,"column":2},"end":{"line":70,"column":3}},"loc":{"start":{"line":71,"column":2},"end":{"line":89,"column":3}}},"7":{"name":"(anonymous_7)","decl":{"start":{"line":71,"column":2},"end":{"line":71,"column":3}},"loc":{"start":{"line":71,"column":25},"end":{"line":89,"column":3}}},"8":{"name":"(anonymous_8)","decl":{"start":{"line":72,"column":53},"end":{"line":72,"column":54}},"loc":{"start":{"line":72,"column":60},"end":{"line":72,"column":73}}},"9":{"name":"(anonymous_9)","decl":{"start":{"line":91,"column":31},"end":{"line":91,"column":32}},"loc":{"start":{"line":91,"column":56},"end":{"line":97,"column":1}}},"10":{"name":"(anonymous_10)","decl":{"start":{"line":99,"column":22},"end":{"line":99,"column":23}},"loc":{"start":{"line":99,"column":38},"end":{"line":105,"column":1}}},"11":{"name":"(anonymous_11)","decl":{"start":{"line":107,"column":24},"end":{"line":107,"column":25}},"loc":{"start":{"line":107,"column":39},"end":{"line":113,"column":1}}},"12":{"name":"(anonymous_12)","decl":{"start":{"line":115,"column":28},"end":{"line":115,"column":31}},"loc":{"start":{"line":115,"column":33},"end":{"line":119,"column":1}}},"13":{"name":"(anonymous_13)","decl":{"start":{"line":121,"column":25},"end":{"line":121,"column":26}},"loc":{"start":{"line":121,"column":40},"end":{"line":126,"column":1}}},"14":{"name":"(anonymous_14)","decl":{"start":{"line":129,"column":25},"end":{"line":129,"column":26}},"loc":{"start":{"line":129,"column":77},"end":{"line":142,"column":1}}},"15":{"name":"(anonymous_15)","decl":{"start":{"line":133,"column":15},"end":{"line":133,"column":18}},"loc":{"start":{"line":133,"column":20},"end":{"line":135,"column":5}}},"16":{"name":"(anonymous_16)","decl":{"start":{"line":144,"column":36},"end":{"line":144,"column":37}},"loc":{"start":{"line":144,"column":64},"end":{"line":150,"column":1}}},"17":{"name":"(anonymous_17)","decl":{"start":{"line":153,"column":2},"end":{"line":153,"column":3}},"loc":{"start":{"line":154,"column":2},"end":{"line":160,"column":3}}},"18":{"name":"(anonymous_18)","decl":{"start":{"line":154,"column":2},"end":{"line":154,"column":7}},"loc":{"start":{"line":154,"column":21},"end":{"line":160,"column":3}}}},"branchMap":{"0":{"loc":{"start":{"line":73,"column":4},"end":{"line":82,"column":5}},"type":"if","locations":[{"start":{"line":73,"column":4},"end":{"line":82,"column":5}},{"start":{"line":75,"column":11},"end":{"line":82,"column":5}}]},"1":{"loc":{"start":{"line":84,"column":4},"end":{"line":88,"column":5}},"type":"if","locations":[{"start":{"line":84,"column":4},"end":{"line":88,"column":5}},{"start":{"line":86,"column":11},"end":{"line":88,"column":5}}]},"2":{"loc":{"start":{"line":130,"column":2},"end":{"line":130,"column":49}},"type":"if","locations":[{"start":{"line":130,"column":2},"end":{"line":130,"column":49}}]},"3":{"loc":{"start":{"line":131,"column":2},"end":{"line":136,"column":3}},"type":"if","locations":[{"start":{"line":131,"column":2},"end":{"line":136,"column":3}}]}},"s":{"0":2,"1":2,"2":2,"3":2,"4":1,"5":1,"6":2,"7":2,"8":1,"9":1,"10":2,"11":2,"12":1,"13":1,"14":2,"15":2,"16":1,"17":1,"18":2,"19":2,"20":1,"21":1,"22":2,"23":2,"24":1,"25":1,"26":2,"27":2,"28":4,"29":4,"30":1,"31":4,"32":1,"33":3,"34":3,"35":3,"36":4,"37":4,"38":3,"39":1,"40":2,"41":2,"42":4,"43":4,"44":2,"45":2,"46":1,"47":1,"48":2,"49":2,"50":1,"51":1,"52":2,"53":2,"54":1,"55":2,"56":2,"57":6,"58":2,"59":2,"60":2,"61":4,"62":1,"63":3,"64":1,"65":1,"66":1,"67":3,"68":3,"69":2,"70":2,"71":8,"72":8,"73":2,"74":2,"75":1,"76":1,"77":1,"78":2},"f":{"0":1,"1":1,"2":1,"3":1,"4":1,"5":1,"6":4,"7":4,"8":1,"9":4,"10":1,"11":1,"12":1,"13":6,"14":4,"15":1,"16":8,"17":1,"18":1},"b":{"0":[1,3],"1":[3,1],"2":[1],"3":[1]}}
,"/Users/quentincorrea/Documents/Projects/Keychain/hive-keychain-mobile/src/actions/colors.ts": {"path":"/Users/quentincorrea/Documents/Projects/Keychain/hive-keychain-mobile/src/actions/colors.ts","statementMap":{"0":{"start":{"line":2,"column":0},"end":{"line":2,"column":73}},"1":{"start":{"line":4,"column":0},"end":{"line":4,"column":46}},"2":{"start":{"line":6,"column":41},"end":{"line":12,"column":1}},"3":{"start":{"line":6,"column":57},"end":{"line":12,"column":1}},"4":{"start":{"line":7,"column":40},"end":{"line":10,"column":4}},"5":{"start":{"line":11,"column":2},"end":{"line":11,"column":19}},"6":{"start":{"line":6,"column":13},"end":{"line":6,"column":41}}},"fnMap":{"0":{"name":"(anonymous_0)","decl":{"start":{"line":6,"column":41},"end":{"line":6,"column":54}},"loc":{"start":{"line":6,"column":57},"end":{"line":12,"column":1}}},"1":{"name":"(anonymous_1)","decl":{"start":{"line":6,"column":57},"end":{"line":6,"column":62}},"loc":{"start":{"line":6,"column":76},"end":{"line":12,"column":1}}}},"branchMap":{},"s":{"0":2,"1":2,"2":2,"3":1,"4":1,"5":1,"6":2},"f":{"0":1,"1":1},"b":{}}
,"/Users/quentincorrea/Documents/Projects/Keychain/hive-keychain-mobile/src/actions/floatingBar.ts": {"path":"/Users/quentincorrea/Documents/Projects/Keychain/hive-keychain-mobile/src/actions/floatingBar.ts","statementMap":{"0":{"start":{"line":2,"column":0},"end":{"line":2,"column":null}},"1":{"start":{"line":10,"column":31},"end":{"line":17,"column":1}},"2":{"start":{"line":13,"column":2},"end":{"line":16,"column":4}},"3":{"start":{"line":10,"column":13},"end":{"line":10,"column":31}},"4":{"start":{"line":19,"column":42},"end":{"line":26,"column":1}},"5":{"start":{"line":22,"column":2},"end":{"line":25,"column":4}},"6":{"start":{"line":19,"column":13},"end":{"line":19,"column":42}},"7":{"start":{"line":28,"column":34},"end":{"line":35,"column":1}},"8":{"start":{"line":31,"column":2},"end":{"line":34,"column":4}},"9":{"start":{"line":28,"column":13},"end":{"line":28,"column":34}},"10":{"start":{"line":37,"column":31},"end":{"line":44,"column":1}},"11":{"start":{"line":40,"column":2},"end":{"line":43,"column":4}},"12":{"start":{"line":37,"column":13},"end":{"line":37,"column":31}},"13":{"start":{"line":46,"column":37},"end":{"line":50,"column":1}},"14":{"start":{"line":47,"column":2},"end":{"line":49,"column":4}},"15":{"start":{"line":46,"column":13},"end":{"line":46,"column":37}}},"fnMap":{"0":{"name":"(anonymous_0)","decl":{"start":{"line":10,"column":31},"end":{"line":10,"column":null}},"loc":{"start":{"line":12,"column":49},"end":{"line":17,"column":1}}},"1":{"name":"(anonymous_1)","decl":{"start":{"line":19,"column":42},"end":{"line":19,"column":null}},"loc":{"start":{"line":21,"column":58},"end":{"line":26,"column":1}}},"2":{"name":"(anonymous_2)","decl":{"start":{"line":28,"column":34},"end":{"line":28,"column":null}},"loc":{"start":{"line":30,"column":47},"end":{"line":35,"column":1}}},"3":{"name":"(anonymous_3)","decl":{"start":{"line":37,"column":31},"end":{"line":37,"column":null}},"loc":{"start":{"line":39,"column":46},"end":{"line":44,"column":1}}},"4":{"name":"(anonymous_4)","decl":{"start":{"line":46,"column":37},"end":{"line":46,"column":40}},"loc":{"start":{"line":46,"column":42},"end":{"line":50,"column":1}}}},"branchMap":{},"s":{"0":1,"1":1,"2":2,"3":1,"4":1,"5":1,"6":1,"7":1,"8":1,"9":1,"10":1,"11":1,"12":1,"13":1,"14":1,"15":1},"f":{"0":2,"1":1,"2":1,"3":1,"4":1},"b":{}}
,"/Users/quentincorrea/Documents/Projects/Keychain/hive-keychain-mobile/src/actions/hive-uri.ts": {"path":"/Users/quentincorrea/Documents/Projects/Keychain/hive-keychain-mobile/src/actions/hive-uri.ts","statementMap":{"0":{"start":{"line":3,"column":0},"end":{"line":3,"column":43}},"1":{"start":{"line":5,"column":38},"end":{"line":13,"column":1}},"2":{"start":{"line":9,"column":2},"end":{"line":12,"column":4}},"3":{"start":{"line":5,"column":13},"end":{"line":5,"column":38}},"4":{"start":{"line":15,"column":40},"end":{"line":19,"column":1}},"5":{"start":{"line":16,"column":2},"end":{"line":18,"column":4}},"6":{"start":{"line":15,"column":13},"end":{"line":15,"column":40}}},"fnMap":{"0":{"name":"(anonymous_0)","decl":{"start":{"line":5,"column":38},"end":{"line":5,"column":null}},"loc":{"start":{"line":8,"column":4},"end":{"line":13,"column":1}}},"1":{"name":"(anonymous_1)","decl":{"start":{"line":15,"column":40},"end":{"line":15,"column":43}},"loc":{"start":{"line":15,"column":45},"end":{"line":19,"column":1}}}},"branchMap":{},"s":{"0":2,"1":2,"2":1,"3":2,"4":2,"5":1,"6":2},"f":{"0":1,"1":1},"b":{}}
,"/Users/quentincorrea/Documents/Projects/Keychain/hive-keychain-mobile/src/actions/hive.ts": {"path":"/Users/quentincorrea/Documents/Projects/Keychain/hive-keychain-mobile/src/actions/hive.ts","statementMap":{"0":{"start":{"line":2,"column":0},"end":{"line":2,"column":47}},"1":{"start":{"line":3,"column":0},"end":{"line":3,"column":null}},"2":{"start":{"line":9,"column":0},"end":{"line":9,"column":47}},"3":{"start":{"line":10,"column":0},"end":{"line":10,"column":49}},"4":{"start":{"line":11,"column":0},"end":{"line":11,"column":44}},"5":{"start":{"line":12,"column":0},"end":{"line":12,"column":56}},"6":{"start":{"line":13,"column":0},"end":{"line":13,"column":51}},"7":{"start":{"line":14,"column":0},"end":{"line":14,"column":44}},"8":{"start":{"line":20,"column":0},"end":{"line":20,"column":null}},"9":{"start":{"line":37,"column":2},"end":{"line":59,"column":3}},"10":{"start":{"line":38,"column":2},"end":{"line":59,"column":3}},"11":{"start":{"line":39,"column":4},"end":{"line":44,"column":7}},"12":{"start":{"line":45,"column":4},"end":{"line":45,"column":35}},"13":{"start":{"line":46,"column":4},"end":{"line":46,"column":33}},"14":{"start":{"line":47,"column":4},"end":{"line":49,"column":5}},"15":{"start":{"line":48,"column":6},"end":{"line":48,"column":46}},"16":{"start":{"line":50,"column":20},"end":{"line":50,"column":71}},"17":{"start":{"line":51,"column":17},"end":{"line":51,"column":71}},"18":{"start":{"line":51,"column":49},"end":{"line":51,"column":64}},"19":{"start":{"line":52,"column":4},"end":{"line":58,"column":7}},"20":{"start":{"line":36,"column":13},"end":{"line":36,"column":null}},"21":{"start":{"line":62,"column":2},"end":{"line":69,"column":3}},"22":{"start":{"line":63,"column":2},"end":{"line":69,"column":3}},"23":{"start":{"line":64,"column":15},"end":{"line":64,"column":53}},"24":{"start":{"line":65,"column":4},"end":{"line":68,"column":7}},"25":{"start":{"line":71,"column":30},"end":{"line":83,"column":1}},"26":{"start":{"line":71,"column":46},"end":{"line":83,"column":1}},"27":{"start":{"line":72,"column":39},"end":{"line":76,"column":4}},"28":{"start":{"line":77,"column":16},"end":{"line":77,"column":44}},"29":{"start":{"line":78,"column":50},"end":{"line":81,"column":4}},"30":{"start":{"line":82,"column":2},"end":{"line":82,"column":19}},"31":{"start":{"line":71,"column":13},"end":{"line":71,"column":30}},"32":{"start":{"line":85,"column":26},"end":{"line":95,"column":1}},"33":{"start":{"line":85,"column":42},"end":{"line":95,"column":1}},"34":{"start":{"line":86,"column":2},"end":{"line":94,"column":3}},"35":{"start":{"line":87,"column":19},"end":{"line":87,"column":36}},"36":{"start":{"line":88,"column":4},"end":{"line":91,"column":7}},"37":{"start":{"line":93,"column":4},"end":{"line":93,"column":34}},"38":{"start":{"line":85,"column":13},"end":{"line":85,"column":26}},"39":{"start":{"line":97,"column":37},"end":{"line":101,"column":1}},"40":{"start":{"line":97,"column":53},"end":{"line":101,"column":1}},"41":{"start":{"line":98,"column":2},"end":{"line":100,"column":5}},"42":{"start":{"line":97,"column":13},"end":{"line":97,"column":37}},"43":{"start":{"line":104,"column":2},"end":{"line":118,"column":3}},"44":{"start":{"line":105,"column":2},"end":{"line":118,"column":3}},"45":{"start":{"line":106,"column":20},"end":{"line":107,"column":16}},"46":{"start":{"line":106,"column":52},"end":{"line":106,"column":74}},"47":{"start":{"line":108,"column":25},"end":{"line":112,"column":null}},"48":{"start":{"line":114,"column":4},"end":{"line":117,"column":7}},"49":{"start":{"line":103,"column":13},"end":{"line":103,"column":null}},"50":{"start":{"line":121,"column":2},"end":{"line":137,"column":3}},"51":{"start":{"line":122,"column":2},"end":{"line":137,"column":3}},"52":{"start":{"line":123,"column":20},"end":{"line":124,"column":16}},"53":{"start":{"line":123,"column":52},"end":{"line":123,"column":74}},"54":{"start":{"line":125,"column":22},"end":{"line":129,"column":null}},"55":{"start":{"line":131,"column":4},"end":{"line":136,"column":5}},"56":{"start":{"line":132,"column":6},"end":{"line":135,"column":9}},"57":{"start":{"line":120,"column":13},"end":{"line":120,"column":null}},"58":{"start":{"line":140,"column":2},"end":{"line":151,"column":3}},"59":{"start":{"line":141,"column":2},"end":{"line":151,"column":3}},"60":{"start":{"line":142,"column":4},"end":{"line":150,"column":5}},"61":{"start":{"line":143,"column":56},"end":{"line":146,"column":8}},"62":{"start":{"line":147,"column":6},"end":{"line":147,"column":23}},"63":{"start":{"line":149,"column":6},"end":{"line":149,"column":21}},"64":{"start":{"line":139,"column":13},"end":{"line":139,"column":null}},"65":{"start":{"line":154,"column":2},"end":{"line":165,"column":3}},"66":{"start":{"line":155,"column":2},"end":{"line":165,"column":3}},"67":{"start":{"line":156,"column":4},"end":{"line":164,"column":5}},"68":{"start":{"line":157,"column":56},"end":{"line":160,"column":8}},"69":{"start":{"line":161,"column":6},"end":{"line":161,"column":23}},"70":{"start":{"line":163,"column":6},"end":{"line":163,"column":21}},"71":{"start":{"line":153,"column":13},"end":{"line":153,"column":null}},"72":{"start":{"line":167,"column":37},"end":{"line":172,"column":1}},"73":{"start":{"line":167,"column":53},"end":{"line":172,"column":1}},"74":{"start":{"line":168,"column":2},"end":{"line":171,"column":5}},"75":{"start":{"line":167,"column":13},"end":{"line":167,"column":37}},"76":{"start":{"line":175,"column":2},"end":{"line":182,"column":3}},"77":{"start":{"line":176,"column":2},"end":{"line":182,"column":3}},"78":{"start":{"line":177,"column":24},"end":{"line":177,"column":72}},"79":{"start":{"line":178,"column":4},"end":{"line":181,"column":7}},"80":{"start":{"line":174,"column":13},"end":{"line":174,"column":null}},"81":{"start":{"line":185,"column":2},"end":{"line":196,"column":3}},"82":{"start":{"line":186,"column":2},"end":{"line":196,"column":3}},"83":{"start":{"line":187,"column":31},"end":{"line":190,"column":null}},"84":{"start":{"line":190,"column":16},"end":{"line":190,"column":65}},"85":{"start":{"line":192,"column":4},"end":{"line":195,"column":7}},"86":{"start":{"line":184,"column":13},"end":{"line":184,"column":null}},"87":{"start":{"line":199,"column":2},"end":{"line":206,"column":3}},"88":{"start":{"line":200,"column":2},"end":{"line":206,"column":3}},"89":{"start":{"line":201,"column":20},"end":{"line":201,"column":50}},"90":{"start":{"line":202,"column":4},"end":{"line":205,"column":7}},"91":{"start":{"line":198,"column":13},"end":{"line":198,"column":null}}},"fnMap":{"0":{"name":"(anonymous_1)","decl":{"start":{"line":37,"column":2},"end":{"line":37,"column":3}},"loc":{"start":{"line":38,"column":2},"end":{"line":59,"column":3}}},"1":{"name":"(anonymous_2)","decl":{"start":{"line":38,"column":2},"end":{"line":38,"column":7}},"loc":{"start":{"line":38,"column":31},"end":{"line":59,"column":3}}},"2":{"name":"(anonymous_3)","decl":{"start":{"line":51,"column":42},"end":{"line":51,"column":43}},"loc":{"start":{"line":51,"column":49},"end":{"line":51,"column":64}}},"3":{"name":"(anonymous_4)","decl":{"start":{"line":62,"column":2},"end":{"line":62,"column":3}},"loc":{"start":{"line":63,"column":2},"end":{"line":69,"column":3}}},"4":{"name":"(anonymous_5)","decl":{"start":{"line":63,"column":2},"end":{"line":63,"column":7}},"loc":{"start":{"line":63,"column":21},"end":{"line":69,"column":3}}},"5":{"name":"(anonymous_6)","decl":{"start":{"line":71,"column":30},"end":{"line":71,"column":43}},"loc":{"start":{"line":71,"column":46},"end":{"line":83,"column":1}}},"6":{"name":"(anonymous_7)","decl":{"start":{"line":71,"column":46},"end":{"line":71,"column":51}},"loc":{"start":{"line":71,"column":65},"end":{"line":83,"column":1}}},"7":{"name":"(anonymous_8)","decl":{"start":{"line":85,"column":26},"end":{"line":85,"column":39}},"loc":{"start":{"line":85,"column":42},"end":{"line":95,"column":1}}},"8":{"name":"(anonymous_9)","decl":{"start":{"line":85,"column":42},"end":{"line":85,"column":47}},"loc":{"start":{"line":85,"column":61},"end":{"line":95,"column":1}}},"9":{"name":"(anonymous_10)","decl":{"start":{"line":97,"column":37},"end":{"line":97,"column":50}},"loc":{"start":{"line":97,"column":53},"end":{"line":101,"column":1}}},"10":{"name":"(anonymous_11)","decl":{"start":{"line":97,"column":53},"end":{"line":97,"column":58}},"loc":{"start":{"line":97,"column":72},"end":{"line":101,"column":1}}},"11":{"name":"(anonymous_12)","decl":{"start":{"line":104,"column":2},"end":{"line":104,"column":3}},"loc":{"start":{"line":105,"column":2},"end":{"line":118,"column":3}}},"12":{"name":"(anonymous_13)","decl":{"start":{"line":105,"column":2},"end":{"line":105,"column":7}},"loc":{"start":{"line":105,"column":31},"end":{"line":118,"column":3}}},"13":{"name":"(anonymous_14)","decl":{"start":{"line":106,"column":45},"end":{"line":106,"column":46}},"loc":{"start":{"line":106,"column":52},"end":{"line":106,"column":74}}},"14":{"name":"(anonymous_15)","decl":{"start":{"line":121,"column":2},"end":{"line":121,"column":3}},"loc":{"start":{"line":122,"column":2},"end":{"line":137,"column":3}}},"15":{"name":"(anonymous_16)","decl":{"start":{"line":122,"column":2},"end":{"line":122,"column":7}},"loc":{"start":{"line":122,"column":31},"end":{"line":137,"column":3}}},"16":{"name":"(anonymous_17)","decl":{"start":{"line":123,"column":45},"end":{"line":123,"column":46}},"loc":{"start":{"line":123,"column":52},"end":{"line":123,"column":74}}},"17":{"name":"(anonymous_18)","decl":{"start":{"line":140,"column":2},"end":{"line":140,"column":3}},"loc":{"start":{"line":141,"column":2},"end":{"line":151,"column":3}}},"18":{"name":"(anonymous_19)","decl":{"start":{"line":141,"column":2},"end":{"line":141,"column":7}},"loc":{"start":{"line":141,"column":21},"end":{"line":151,"column":3}}},"19":{"name":"(anonymous_20)","decl":{"start":{"line":154,"column":2},"end":{"line":154,"column":3}},"loc":{"start":{"line":155,"column":2},"end":{"line":165,"column":3}}},"20":{"name":"(anonymous_21)","decl":{"start":{"line":155,"column":2},"end":{"line":155,"column":7}},"loc":{"start":{"line":155,"column":21},"end":{"line":165,"column":3}}},"21":{"name":"(anonymous_22)","decl":{"start":{"line":167,"column":37},"end":{"line":167,"column":50}},"loc":{"start":{"line":167,"column":53},"end":{"line":172,"column":1}}},"22":{"name":"(anonymous_23)","decl":{"start":{"line":167,"column":53},"end":{"line":167,"column":58}},"loc":{"start":{"line":167,"column":72},"end":{"line":172,"column":1}}},"23":{"name":"(anonymous_24)","decl":{"start":{"line":175,"column":2},"end":{"line":175,"column":3}},"loc":{"start":{"line":176,"column":2},"end":{"line":182,"column":3}}},"24":{"name":"(anonymous_25)","decl":{"start":{"line":176,"column":2},"end":{"line":176,"column":7}},"loc":{"start":{"line":176,"column":21},"end":{"line":182,"column":3}}},"25":{"name":"(anonymous_26)","decl":{"start":{"line":185,"column":2},"end":{"line":185,"column":3}},"loc":{"start":{"line":186,"column":2},"end":{"line":196,"column":3}}},"26":{"name":"(anonymous_27)","decl":{"start":{"line":186,"column":2},"end":{"line":186,"column":7}},"loc":{"start":{"line":186,"column":21},"end":{"line":196,"column":3}}},"27":{"name":"(anonymous_28)","decl":{"start":{"line":190,"column":6},"end":{"line":190,"column":7}},"loc":{"start":{"line":190,"column":16},"end":{"line":190,"column":65}}},"28":{"name":"(anonymous_29)","decl":{"start":{"line":199,"column":2},"end":{"line":199,"column":3}},"loc":{"start":{"line":200,"column":2},"end":{"line":206,"column":3}}},"29":{"name":"(anonymous_30)","decl":{"start":{"line":200,"column":2},"end":{"line":200,"column":7}},"loc":{"start":{"line":200,"column":21},"end":{"line":206,"column":3}}}},"branchMap":{"0":{"loc":{"start":{"line":47,"column":4},"end":{"line":49,"column":5}},"type":"if","locations":[{"start":{"line":47,"column":4},"end":{"line":49,"column":5}}]},"1":{"loc":{"start":{"line":131,"column":4},"end":{"line":136,"column":5}},"type":"if","locations":[{"start":{"line":131,"column":4},"end":{"line":136,"column":5}}]},"2":{"loc":{"start":{"line":190,"column":16},"end":{"line":190,"column":65}},"type":"binary-expr","locations":[{"start":{"line":190,"column":16},"end":{"line":190,"column":40}},{"start":{"line":190,"column":44},"end":{"line":190,"column":65}}]}},"s":{"0":3,"1":2,"2":2,"3":2,"4":2,"5":2,"6":2,"7":2,"8":2,"9":2,"10":3,"11":3,"12":3,"13":3,"14":3,"15":1,"16":3,"17":3,"18":3,"19":3,"20":2,"21":2,"22":3,"23":1,"24":1,"25":2,"26":1,"27":1,"28":1,"29":1,"30":1,"31":2,"32":2,"33":2,"34":2,"35":2,"36":1,"37":1,"38":2,"39":2,"40":1,"41":1,"42":2,"43":2,"44":2,"45":2,"46":2,"47":2,"48":2,"49":2,"50":2,"51":2,"52":2,"53":2,"54":2,"55":2,"56":1,"57":2,"58":2,"59":2,"60":2,"61":2,"62":1,"63":1,"64":2,"65":2,"66":2,"67":2,"68":2,"69":1,"70":1,"71":2,"72":2,"73":1,"74":1,"75":2,"76":2,"77":3,"78":3,"79":3,"80":2,"81":2,"82":1,"83":1,"84":4,"85":1,"86":2,"87":2,"88":1,"89":1,"90":1,"91":2},"f":{"0":3,"1":3,"2":3,"3":3,"4":1,"5":1,"6":1,"7":2,"8":2,"9":1,"10":1,"11":2,"12":2,"13":2,"14":2,"15":2,"16":2,"17":2,"18":2,"19":2,"20":2,"21":1,"22":1,"23":3,"24":3,"25":1,"26":1,"27":4,"28":1,"29":1},"b":{"0":[1],"1":[1],"2":[4,2]}}
,"/Users/quentincorrea/Documents/Projects/Keychain/hive-keychain-mobile/src/actions/hiveAuthenticationService.ts": {"path":"/Users/quentincorrea/Documents/Projects/Keychain/hive-keychain-mobile/src/actions/hiveAuthenticationService.ts","statementMap":{"0":{"start":{"line":4,"column":0},"end":{"line":4,"column":41}},"1":{"start":{"line":6,"column":31},"end":{"line":13,"column":1}},"2":{"start":{"line":7,"column":2},"end":{"line":7,"column":27}},"3":{"start":{"line":8,"column":2},"end":{"line":8,"column":18}},"4":{"start":{"line":9,"column":2},"end":{"line":12,"column":4}},"5":{"start":{"line":6,"column":13},"end":{"line":6,"column":31}},"6":{"start":{"line":15,"column":43},"end":{"line":20,"column":1}},"7":{"start":{"line":16,"column":2},"end":{"line":19,"column":4}},"8":{"start":{"line":15,"column":13},"end":{"line":15,"column":43}},"9":{"start":{"line":22,"column":31},"end":{"line":24,"column":1}},"10":{"start":{"line":23,"column":2},"end":{"line":23,"column":68}},"11":{"start":{"line":22,"column":13},"end":{"line":22,"column":31}},"12":{"start":{"line":26,"column":28},"end":{"line":31,"column":1}},"13":{"start":{"line":27,"column":2},"end":{"line":30,"column":4}},"14":{"start":{"line":26,"column":13},"end":{"line":26,"column":28}},"15":{"start":{"line":33,"column":46},"end":{"line":41,"column":1}},"16":{"start":{"line":37,"column":2},"end":{"line":40,"column":4}},"17":{"start":{"line":33,"column":13},"end":{"line":33,"column":46}},"18":{"start":{"line":43,"column":29},"end":{"line":47,"column":1}},"19":{"start":{"line":44,"column":2},"end":{"line":46,"column":4}},"20":{"start":{"line":43,"column":13},"end":{"line":43,"column":29}},"21":{"start":{"line":49,"column":32},"end":{"line":54,"column":1}},"22":{"start":{"line":50,"column":2},"end":{"line":53,"column":4}},"23":{"start":{"line":49,"column":13},"end":{"line":49,"column":32}},"24":{"start":{"line":56,"column":48},"end":{"line":64,"column":1}},"25":{"start":{"line":60,"column":2},"end":{"line":63,"column":4}},"26":{"start":{"line":56,"column":13},"end":{"line":56,"column":48}}},"fnMap":{"0":{"name":"(anonymous_0)","decl":{"start":{"line":6,"column":31},"end":{"line":6,"column":32}},"loc":{"start":{"line":6,"column":76},"end":{"line":13,"column":1}}},"1":{"name":"(anonymous_1)","decl":{"start":{"line":15,"column":43},"end":{"line":15,"column":44}},"loc":{"start":{"line":15,"column":60},"end":{"line":20,"column":1}}},"2":{"name":"(anonymous_2)","decl":{"start":{"line":22,"column":31},"end":{"line":22,"column":32}},"loc":{"start":{"line":22,"column":66},"end":{"line":24,"column":1}}},"3":{"name":"(anonymous_3)","decl":{"start":{"line":26,"column":28},"end":{"line":26,"column":29}},"loc":{"start":{"line":26,"column":65},"end":{"line":31,"column":1}}},"4":{"name":"(anonymous_4)","decl":{"start":{"line":33,"column":46},"end":{"line":33,"column":null}},"loc":{"start":{"line":36,"column":4},"end":{"line":41,"column":1}}},"5":{"name":"(anonymous_5)","decl":{"start":{"line":43,"column":29},"end":{"line":43,"column":32}},"loc":{"start":{"line":43,"column":34},"end":{"line":47,"column":1}}},"6":{"name":"(anonymous_6)","decl":{"start":{"line":49,"column":32},"end":{"line":49,"column":33}},"loc":{"start":{"line":49,"column":49},"end":{"line":54,"column":1}}},"7":{"name":"(anonymous_7)","decl":{"start":{"line":56,"column":48},"end":{"line":56,"column":null}},"loc":{"start":{"line":59,"column":4},"end":{"line":64,"column":1}}}},"branchMap":{},"s":{"0":1,"1":1,"2":1,"3":1,"4":1,"5":1,"6":1,"7":1,"8":1,"9":1,"10":1,"11":1,"12":1,"13":1,"14":1,"15":1,"16":2,"17":1,"18":1,"19":1,"20":1,"21":1,"22":1,"23":1,"24":1,"25":1,"26":1},"f":{"0":1,"1":1,"2":1,"3":1,"4":2,"5":1,"6":1,"7":1},"b":{}}
,"/Users/quentincorrea/Documents/Projects/Keychain/hive-keychain-mobile/src/actions/hiveEngine.ts": {"path":"/Users/quentincorrea/Documents/Projects/Keychain/hive-keychain-mobile/src/actions/hiveEngine.ts","statementMap":{"0":{"start":{"line":1,"column":0},"end":{"line":1,"column":69}},"1":{"start":{"line":2,"column":0},"end":{"line":2,"column":49}},"2":{"start":{"line":3,"column":0},"end":{"line":3,"column":73}},"3":{"start":{"line":4,"column":0},"end":{"line":4,"column":61}},"4":{"start":{"line":6,"column":0},"end":{"line":6,"column":75}},"5":{"start":{"line":7,"column":0},"end":{"line":7,"column":null}},"6":{"start":{"line":14,"column":0},"end":{"line":14,"column":39}},"7":{"start":{"line":15,"column":0},"end":{"line":15,"column":58}},"8":{"start":{"line":16,"column":0},"end":{"line":16,"column":67}},"9":{"start":{"line":17,"column":0},"end":{"line":17,"column":64}},"10":{"start":{"line":19,"column":0},"end":{"line":19,"column":36}},"11":{"start":{"line":20,"column":0},"end":{"line":20,"column":44}},"12":{"start":{"line":21,"column":0},"end":{"line":21,"column":null}},"13":{"start":{"line":31,"column":26},"end":{"line":38,"column":1}},"14":{"start":{"line":31,"column":42},"end":{"line":38,"column":1}},"15":{"start":{"line":32,"column":17},"end":{"line":32,"column":37}},"16":{"start":{"line":33,"column":41},"end":{"line":36,"column":4}},"17":{"start":{"line":37,"column":2},"end":{"line":37,"column":19}},"18":{"start":{"line":31,"column":13},"end":{"line":31,"column":26}},"19":{"start":{"line":40,"column":32},"end":{"line":61,"column":1}},"20":{"start":{"line":40,"column":48},"end":{"line":61,"column":1}},"21":{"start":{"line":41,"column":36},"end":{"line":41,"column":38}},"22":{"start":{"line":42,"column":15},"end":{"line":42,"column":16}},"23":{"start":{"line":44,"column":2},"end":{"line":55,"column":35}},"24":{"start":{"line":45,"column":4},"end":{"line":52,"column":6}},"25":{"start":{"line":53,"column":4},"end":{"line":53,"column":19}},"26":{"start":{"line":54,"column":4},"end":{"line":54,"column":48}},"27":{"start":{"line":56,"column":47},"end":{"line":59,"column":4}},"28":{"start":{"line":60,"column":2},"end":{"line":60,"column":19}},"29":{"start":{"line":40,"column":13},"end":{"line":40,"column":32}},"30":{"start":{"line":64,"column":2},"end":{"line":100,"column":3}},"31":{"start":{"line":65,"column":2},"end":{"line":100,"column":3}},"32":{"start":{"line":66,"column":4},"end":{"line":99,"column":5}},"33":{"start":{"line":67,"column":6},"end":{"line":69,"column":9}},"34":{"start":{"line":71,"column":42},"end":{"line":71,"column":71}},"35":{"start":{"line":72,"column":6},"end":{"line":74,"column":8}},"36":{"start":{"line":73,"column":18},"end":{"line":73,"column":63}},"37":{"start":{"line":75,"column":52},"end":{"line":78,"column":8}},"38":{"start":{"line":79,"column":6},"end":{"line":79,"column":23}},"39":{"start":{"line":80,"column":6},"end":{"line":84,"column":15}},"40":{"start":{"line":81,"column":8},"end":{"line":83,"column":11}},"41":{"start":{"line":86,"column":25},"end":{"line":87,"column":null}},"42":{"start":{"line":89,"column":6},"end":{"line":98,"column":76}},"43":{"start":{"line":94,"column":23},"end":{"line":94,"column":68}},"44":{"start":{"line":95,"column":8},"end":{"line":95,"column":43}},"45":{"start":{"line":96,"column":8},"end":{"line":96,"column":42}},"46":{"start":{"line":98,"column":8},"end":{"line":98,"column":76}},"47":{"start":{"line":63,"column":13},"end":{"line":63,"column":null}},"48":{"start":{"line":103,"column":2},"end":{"line":176,"column":3}},"49":{"start":{"line":104,"column":2},"end":{"line":176,"column":3}},"50":{"start":{"line":105,"column":21},"end":{"line":107,"column":16}},"51":{"start":{"line":106,"column":13},"end":{"line":106,"column":31}},"52":{"start":{"line":108,"column":43},"end":{"line":108,"column":45}},"53":{"start":{"line":110,"column":16},"end":{"line":110,"column":17}},"54":{"start":{"line":111,"column":37},"end":{"line":111,"column":38}},"55":{"start":{"line":113,"column":4},"end":{"line":127,"column":65}},"56":{"start":{"line":114,"column":6},"end":{"line":114,"column":55}},"57":{"start":{"line":115,"column":39},"end":{"line":124,"column":12}},"58":{"start":{"line":125,"column":6},"end":{"line":125,"column":20}},"59":{"start":{"line":126,"column":6},"end":{"line":126,"column":50}},"60":{"start":{"line":129,"column":4},"end":{"line":169,"column":7}},"61":{"start":{"line":130,"column":6},"end":{"line":130,"column":45}},"62":{"start":{"line":131,"column":6},"end":{"line":168,"column":7}},"63":{"start":{"line":134,"column":10},"end":{"line":137,"column":12}},"64":{"start":{"line":139,"column":10},"end":{"line":139,"column":64}},"65":{"start":{"line":141,"column":10},"end":{"line":146,"column":12}},"66":{"start":{"line":148,"column":10},"end":{"line":152,"column":12}},"67":{"start":{"line":154,"column":10},"end":{"line":158,"column":12}},"68":{"start":{"line":161,"column":10},"end":{"line":165,"column":12}},"69":{"start":{"line":167,"column":10},"end":{"line":167,"column":39}},"70":{"start":{"line":171,"column":54},"end":{"line":174,"column":6}},"71":{"start":{"line":175,"column":4},"end":{"line":175,"column":21}},"72":{"start":{"line":102,"column":13},"end":{"line":102,"column":null}},"73":{"start":{"line":178,"column":33},"end":{"line":182,"column":1}},"74":{"start":{"line":178,"column":49},"end":{"line":182,"column":1}},"75":{"start":{"line":179,"column":2},"end":{"line":181,"column":5}},"76":{"start":{"line":178,"column":13},"end":{"line":178,"column":33}}},"fnMap":{"0":{"name":"(anonymous_1)","decl":{"start":{"line":31,"column":26},"end":{"line":31,"column":39}},"loc":{"start":{"line":31,"column":42},"end":{"line":38,"column":1}}},"1":{"name":"(anonymous_2)","decl":{"start":{"line":31,"column":42},"end":{"line":31,"column":47}},"loc":{"start":{"line":31,"column":61},"end":{"line":38,"column":1}}},"2":{"name":"(anonymous_3)","decl":{"start":{"line":40,"column":32},"end":{"line":40,"column":45}},"loc":{"start":{"line":40,"column":48},"end":{"line":61,"column":1}}},"3":{"name":"(anonymous_4)","decl":{"start":{"line":40,"column":48},"end":{"line":40,"column":53}},"loc":{"start":{"line":40,"column":67},"end":{"line":61,"column":1}}},"4":{"name":"(anonymous_5)","decl":{"start":{"line":64,"column":2},"end":{"line":64,"column":3}},"loc":{"start":{"line":65,"column":2},"end":{"line":100,"column":3}}},"5":{"name":"(anonymous_6)","decl":{"start":{"line":65,"column":2},"end":{"line":65,"column":7}},"loc":{"start":{"line":65,"column":21},"end":{"line":100,"column":3}}},"6":{"name":"(anonymous_7)","decl":{"start":{"line":73,"column":8},"end":{"line":73,"column":9}},"loc":{"start":{"line":73,"column":18},"end":{"line":73,"column":63}}},"7":{"name":"(anonymous_8)","decl":{"start":{"line":80,"column":17},"end":{"line":80,"column":20}},"loc":{"start":{"line":80,"column":22},"end":{"line":84,"column":7}}},"8":{"name":"(anonymous_9)","decl":{"start":{"line":103,"column":2},"end":{"line":103,"column":3}},"loc":{"start":{"line":104,"column":2},"end":{"line":176,"column":3}}},"9":{"name":"(anonymous_10)","decl":{"start":{"line":104,"column":2},"end":{"line":104,"column":7}},"loc":{"start":{"line":104,"column":21},"end":{"line":176,"column":3}}},"10":{"name":"(anonymous_11)","decl":{"start":{"line":106,"column":6},"end":{"line":106,"column":7}},"loc":{"start":{"line":106,"column":13},"end":{"line":106,"column":31}}},"11":{"name":"(anonymous_12)","decl":{"start":{"line":129,"column":36},"end":{"line":129,"column":37}},"loc":{"start":{"line":129,"column":47},"end":{"line":169,"column":5}}},"12":{"name":"(anonymous_13)","decl":{"start":{"line":178,"column":33},"end":{"line":178,"column":46}},"loc":{"start":{"line":178,"column":49},"end":{"line":182,"column":1}}},"13":{"name":"(anonymous_14)","decl":{"start":{"line":178,"column":49},"end":{"line":178,"column":54}},"loc":{"start":{"line":178,"column":68},"end":{"line":182,"column":1}}}},"branchMap":{"0":{"loc":{"start":{"line":89,"column":6},"end":{"line":98,"column":76}},"type":"if","locations":[{"start":{"line":89,"column":6},"end":{"line":98,"column":76}},{"start":{"line":98,"column":8},"end":{"line":98,"column":76}}]},"1":{"loc":{"start":{"line":90,"column":8},"end":{"line":92,"column":65}},"type":"binary-expr","locations":[{"start":{"line":90,"column":8},"end":{"line":90,"column":29}},{"start":{"line":91,"column":9},"end":{"line":91,"column":28}},{"start":{"line":92,"column":10},"end":{"line":92,"column":64}}]},"2":{"loc":{"start":{"line":131,"column":6},"end":{"line":168,"column":7}},"type":"switch","locations":[{"start":{"line":132,"column":8},"end":{"line":132,"column":58}},{"start":{"line":133,"column":8},"end":{"line":137,"column":12}},{"start":{"line":138,"column":8},"end":{"line":139,"column":64}},{"start":{"line":140,"column":8},"end":{"line":146,"column":12}},{"start":{"line":147,"column":8},"end":{"line":152,"column":12}},{"start":{"line":153,"column":8},"end":{"line":158,"column":12}},{"start":{"line":159,"column":8},"end":{"line":159,"column":57}},{"start":{"line":160,"column":8},"end":{"line":165,"column":12}},{"start":{"line":166,"column":8},"end":{"line":167,"column":39}}]}},"s":{"0":1,"1":1,"2":1,"3":1,"4":1,"5":1,"6":1,"7":1,"8":1,"9":1,"10":1,"11":1,"12":1,"13":1,"14":0,"15":0,"16":0,"17":0,"18":1,"19":1,"20":0,"21":0,"22":0,"23":0,"24":0,"25":0,"26":0,"27":0,"28":0,"29":1,"30":1,"31":0,"32":0,"33":0,"34":0,"35":0,"36":0,"37":0,"38":0,"39":0,"40":0,"41":0,"42":0,"43":0,"44":0,"45":0,"46":0,"47":1,"48":1,"49":0,"50":0,"51":0,"52":0,"53":0,"54":0,"55":0,"56":0,"57":0,"58":0,"59":0,"60":0,"61":0,"62":0,"63":0,"64":0,"65":0,"66":0,"67":0,"68":0,"69":0,"70":0,"71":0,"72":1,"73":1,"74":0,"75":0,"76":1},"f":{"0":0,"1":0,"2":0,"3":0,"4":0,"5":0,"6":0,"7":0,"8":0,"9":0,"10":0,"11":0,"12":0,"13":0},"b":{"0":[0,0],"1":[0,0,0],"2":[0,0,0,0,0,0,0,0,0]}}
,"/Users/quentincorrea/Documents/Projects/Keychain/hive-keychain-mobile/src/actions/index.ts": {"path":"/Users/quentincorrea/Documents/Projects/Keychain/hive-keychain-mobile/src/actions/index.ts","statementMap":{"0":{"start":{"line":1,"column":0},"end":{"line":1,"column":69}},"1":{"start":{"line":2,"column":0},"end":{"line":2,"column":44}},"2":{"start":{"line":3,"column":0},"end":{"line":3,"column":45}},"3":{"start":{"line":4,"column":0},"end":{"line":4,"column":73}},"4":{"start":{"line":6,"column":0},"end":{"line":6,"column":41}},"5":{"start":{"line":7,"column":0},"end":{"line":7,"column":47}},"6":{"start":{"line":8,"column":0},"end":{"line":8,"column":48}},"7":{"start":{"line":9,"column":0},"end":{"line":9,"column":55}},"8":{"start":{"line":11,"column":0},"end":{"line":11,"column":61}},"9":{"start":{"line":13,"column":22},"end":{"line":18,"column":1}},"10":{"start":{"line":14,"column":2},"end":{"line":14,"column":41}},"11":{"start":{"line":15,"column":48},"end":{"line":15,"column":77}},"12":{"start":{"line":16,"column":2},"end":{"line":16,"column":76}},"13":{"start":{"line":17,"column":2},"end":{"line":17,"column":16}},"14":{"start":{"line":13,"column":13},"end":{"line":13,"column":22}},"15":{"start":{"line":21,"column":2},"end":{"line":70,"column":3}},"16":{"start":{"line":22,"column":2},"end":{"line":70,"column":3}},"17":{"start":{"line":23,"column":4},"end":{"line":69,"column":5}},"18":{"start":{"line":25,"column":23},"end":{"line":25,"column":62}},"19":{"start":{"line":26,"column":6},"end":{"line":29,"column":7}},"20":{"start":{"line":27,"column":8},"end":{"line":27,"column":43}},"21":{"start":{"line":27,"column":27},"end":{"line":27,"column":43}},"22":{"start":{"line":28,"column":8},"end":{"line":28,"column":15}},"23":{"start":{"line":31,"column":23},"end":{"line":31,"column":57}},"24":{"start":{"line":33,"column":6},"end":{"line":48,"column":7}},"25":{"start":{"line":34,"column":54},"end":{"line":37,"column":10}},"26":{"start":{"line":38,"column":8},"end":{"line":38,"column":25}},"27":{"start":{"line":39,"column":53},"end":{"line":42,"column":10}},"28":{"start":{"line":43,"column":8},"end":{"line":43,"column":23}},"29":{"start":{"line":44,"column":8},"end":{"line":44,"column":44}},"30":{"start":{"line":47,"column":8},"end":{"line":47,"column":35}},"31":{"start":{"line":49,"column":6},"end":{"line":51,"column":7}},"32":{"start":{"line":50,"column":8},"end":{"line":50,"column":28}},"33":{"start":{"line":53,"column":6},"end":{"line":68,"column":7}},"34":{"start":{"line":54,"column":8},"end":{"line":54,"column":28}},"35":{"start":{"line":56,"column":8},"end":{"line":58,"column":11}},"36":{"start":{"line":59,"column":8},"end":{"line":59,"column":31}},"37":{"start":{"line":61,"column":8},"end":{"line":65,"column":9}},"38":{"start":{"line":62,"column":10},"end":{"line":62,"column":45}},"39":{"start":{"line":64,"column":10},"end":{"line":64,"column":68}},"40":{"start":{"line":67,"column":8},"end":{"line":67,"column":24}},"41":{"start":{"line":20,"column":13},"end":{"line":20,"column":null}},"42":{"start":{"line":72,"column":20},"end":{"line":75,"column":1}},"43":{"start":{"line":73,"column":37},"end":{"line":73,"column":49}},"44":{"start":{"line":74,"column":2},"end":{"line":74,"column":16}},"45":{"start":{"line":72,"column":13},"end":{"line":72,"column":20}},"46":{"start":{"line":77,"column":0},"end":{"line":77,"column":33}},"47":{"start":{"line":78,"column":0},"end":{"line":78,"column":44}},"48":{"start":{"line":79,"column":0},"end":{"line":79,"column":32}},"49":{"start":{"line":80,"column":0},"end":{"line":80,"column":31}},"50":{"start":{"line":81,"column":0},"end":{"line":81,"column":29}},"51":{"start":{"line":82,"column":0},"end":{"line":82,"column":33}},"52":{"start":{"line":83,"column":0},"end":{"line":83,"column":35}},"53":{"start":{"line":84,"column":0},"end":{"line":84,"column":37}},"54":{"start":{"line":85,"column":0},"end":{"line":85,"column":33}}},"fnMap":{"0":{"name":"(anonymous_5)","decl":{"start":{"line":13,"column":22},"end":{"line":13,"column":23}},"loc":{"start":{"line":13,"column":38},"end":{"line":18,"column":1}}},"1":{"name":"(anonymous_6)","decl":{"start":{"line":21,"column":2},"end":{"line":21,"column":3}},"loc":{"start":{"line":22,"column":2},"end":{"line":70,"column":3}}},"2":{"name":"(anonymous_7)","decl":{"start":{"line":22,"column":2},"end":{"line":22,"column":7}},"loc":{"start":{"line":22,"column":31},"end":{"line":70,"column":3}}},"3":{"name":"(anonymous_8)","decl":{"start":{"line":72,"column":20},"end":{"line":72,"column":23}},"loc":{"start":{"line":72,"column":25},"end":{"line":75,"column":1}}}},"branchMap":{"0":{"loc":{"start":{"line":26,"column":6},"end":{"line":29,"column":7}},"type":"if","locations":[{"start":{"line":26,"column":6},"end":{"line":29,"column":7}}]},"1":{"loc":{"start":{"line":27,"column":8},"end":{"line":27,"column":43}},"type":"if","locations":[{"start":{"line":27,"column":8},"end":{"line":27,"column":43}}]},"2":{"loc":{"start":{"line":33,"column":6},"end":{"line":48,"column":7}},"type":"if","locations":[{"start":{"line":33,"column":6},"end":{"line":48,"column":7}}]},"3":{"loc":{"start":{"line":33,"column":10},"end":{"line":33,"column":35}},"type":"binary-expr","locations":[{"start":{"line":33,"column":10},"end":{"line":33,"column":18}},{"start":{"line":33,"column":22},"end":{"line":33,"column":35}}]},"4":{"loc":{"start":{"line":49,"column":6},"end":{"line":51,"column":7}},"type":"if","locations":[{"start":{"line":49,"column":6},"end":{"line":51,"column":7}}]},"5":{"loc":{"start":{"line":53,"column":6},"end":{"line":68,"column":7}},"type":"if","locations":[{"start":{"line":53,"column":6},"end":{"line":68,"column":7}},{"start":{"line":55,"column":13},"end":{"line":68,"column":7}}]}},"s":{"0":2,"1":2,"2":2,"3":2,"4":2,"5":2,"6":2,"7":2,"8":2,"9":2,"10":1,"11":1,"12":1,"13":1,"14":2,"15":2,"16":9,"17":9,"18":9,"19":9,"20":1,"21":1,"22":1,"23":8,"24":4,"25":2,"26":2,"27":2,"28":2,"29":2,"30":2,"31":4,"32":1,"33":4,"34":1,"35":3,"36":3,"37":3,"38":3,"39":1,"40":3,"41":2,"42":2,"43":1,"44":1,"45":2,"46":2,"47":1,"48":1,"49":1,"50":1,"51":1,"52":1,"53":1,"54":1},"f":{"0":1,"1":9,"2":9,"3":1},"b":{"0":[1],"1":[1],"2":[2],"3":[4,3],"4":[1],"5":[1,3]}}
,"/Users/quentincorrea/Documents/Projects/Keychain/hive-keychain-mobile/src/actions/interfaces.ts": {"path":"/Users/quentincorrea/Documents/Projects/Keychain/hive-keychain-mobile/src/actions/interfaces.ts","statementMap":{"0":{"start":{"line":186,"column":0},"end":{"line":186,"column":null}},"1":{"start":{"line":187,"column":2},"end":{"line":187,"column":null}},"2":{"start":{"line":188,"column":2},"end":{"line":188,"column":null}},"3":{"start":{"line":189,"column":2},"end":{"line":189,"column":null}},"4":{"start":{"line":192,"column":0},"end":{"line":192,"column":null}},"5":{"start":{"line":193,"column":2},"end":{"line":193,"column":null}},"6":{"start":{"line":194,"column":2},"end":{"line":194,"column":null}},"7":{"start":{"line":195,"column":2},"end":{"line":195,"column":null}}},"fnMap":{"0":{"name":"(anonymous_0)","decl":{"start":{"line":186,"column":0},"end":{"line":186,"column":12}},"loc":{"start":{"line":186,"column":20},"end":{"line":190,"column":1}}},"1":{"name":"(anonymous_1)","decl":{"start":{"line":192,"column":0},"end":{"line":192,"column":12}},"loc":{"start":{"line":192,"column":23},"end":{"line":196,"column":1}}}},"branchMap":{"0":{"loc":{"start":{"line":186,"column":12},"end":{"line":186,"column":null}},"type":"binary-expr","locations":[{"start":{"line":186,"column":12},"end":{"line":186,"column":20}},{"start":{"line":186,"column":20},"end":{"line":186,"column":null}}]},"1":{"loc":{"start":{"line":192,"column":12},"end":{"line":192,"column":null}},"type":"binary-expr","locations":[{"start":{"line":192,"column":12},"end":{"line":192,"column":23}},{"start":{"line":192,"column":23},"end":{"line":192,"column":null}}]}},"s":{"0":12,"1":12,"2":12,"3":12,"4":12,"5":12,"6":12,"7":12},"f":{"0":12,"1":12},"b":{"0":[12,12],"1":[12,12]}}
,"/Users/quentincorrea/Documents/Projects/Keychain/hive-keychain-mobile/src/actions/message.ts": {"path":"/Users/quentincorrea/Documents/Projects/Keychain/hive-keychain-mobile/src/actions/message.ts","statementMap":{"0":{"start":{"line":3,"column":0},"end":{"line":3,"column":48}},"1":{"start":{"line":5,"column":25},"end":{"line":22,"column":1}},"2":{"start":{"line":12,"column":2},"end":{"line":21,"column":4}},"3":{"start":{"line":5,"column":13},"end":{"line":5,"column":25}},"4":{"start":{"line":24,"column":26},"end":{"line":28,"column":1}},"5":{"start":{"line":25,"column":2},"end":{"line":27,"column":4}},"6":{"start":{"line":24,"column":13},"end":{"line":24,"column":26}}},"fnMap":{"0":{"name":"(anonymous_0)","decl":{"start":{"line":5,"column":25},"end":{"line":5,"column":null}},"loc":{"start":{"line":11,"column":40},"end":{"line":22,"column":1}}},"1":{"name":"(anonymous_1)","decl":{"start":{"line":24,"column":26},"end":{"line":24,"column":65}},"loc":{"start":{"line":24,"column":67},"end":{"line":28,"column":1}}}},"branchMap":{},"s":{"0":2,"1":2,"2":3,"3":2,"4":2,"5":1,"6":2},"f":{"0":3,"1":1},"b":{}}
,"/Users/quentincorrea/Documents/Projects/Keychain/hive-keychain-mobile/src/actions/navigation.ts": {"path":"/Users/quentincorrea/Documents/Projects/Keychain/hive-keychain-mobile/src/actions/navigation.ts","statementMap":{"0":{"start":{"line":2,"column":0},"end":{"line":2,"column":49}},"1":{"start":{"line":4,"column":44},"end":{"line":11,"column":1}},"2":{"start":{"line":7,"column":2},"end":{"line":10,"column":4}},"3":{"start":{"line":4,"column":13},"end":{"line":4,"column":44}}},"fnMap":{"0":{"name":"(anonymous_0)","decl":{"start":{"line":4,"column":44},"end":{"line":4,"column":null}},"loc":{"start":{"line":6,"column":27},"end":{"line":11,"column":1}}}},"branchMap":{},"s":{"0":1,"1":1,"2":3,"3":1},"f":{"0":3},"b":{}}
,"/Users/quentincorrea/Documents/Projects/Keychain/hive-keychain-mobile/src/actions/notifications.ts": {"path":"/Users/quentincorrea/Documents/Projects/Keychain/hive-keychain-mobile/src/actions/notifications.ts","statementMap":{"0":{"start":{"line":3,"column":0},"end":{"line":3,"column":66}},"1":{"start":{"line":5,"column":0},"end":{"line":5,"column":75}},"2":{"start":{"line":8,"column":2},"end":{"line":19,"column":3}},"3":{"start":{"line":9,"column":2},"end":{"line":19,"column":3}},"4":{"start":{"line":10,"column":26},"end":{"line":13,"column":null}},"5":{"start":{"line":15,"column":4},"end":{"line":18,"column":7}},"6":{"start":{"line":7,"column":13},"end":{"line":7,"column":null}},"7":{"start":{"line":21,"column":42},"end":{"line":25,"column":1}},"8":{"start":{"line":22,"column":2},"end":{"line":24,"column":4}},"9":{"start":{"line":21,"column":13},"end":{"line":21,"column":42}}},"fnMap":{"0":{"name":"(anonymous_0)","decl":{"start":{"line":8,"column":2},"end":{"line":8,"column":3}},"loc":{"start":{"line":9,"column":2},"end":{"line":19,"column":3}}},"1":{"name":"(anonymous_1)","decl":{"start":{"line":9,"column":2},"end":{"line":9,"column":7}},"loc":{"start":{"line":9,"column":53},"end":{"line":19,"column":3}}},"2":{"name":"(anonymous_2)","decl":{"start":{"line":21,"column":42},"end":{"line":21,"column":66}},"loc":{"start":{"line":21,"column":68},"end":{"line":25,"column":1}}}},"branchMap":{},"s":{"0":1,"1":1,"2":1,"3":2,"4":2,"5":2,"6":1,"7":1,"8":1,"9":1},"f":{"0":2,"1":2,"2":1},"b":{}}
,"/Users/quentincorrea/Documents/Projects/Keychain/hive-keychain-mobile/src/actions/preferences.ts": {"path":"/Users/quentincorrea/Documents/Projects/Keychain/hive-keychain-mobile/src/actions/preferences.ts","statementMap":{"0":{"start":{"line":3,"column":0},"end":{"line":3,"column":58}},"1":{"start":{"line":5,"column":29},"end":{"line":18,"column":1}},"2":{"start":{"line":10,"column":2},"end":{"line":17,"column":4}},"3":{"start":{"line":5,"column":13},"end":{"line":5,"column":29}},"4":{"start":{"line":20,"column":32},"end":{"line":33,"column":1}},"5":{"start":{"line":25,"column":2},"end":{"line":32,"column":4}},"6":{"start":{"line":20,"column":13},"end":{"line":20,"column":32}}},"fnMap":{"0":{"name":"(anonymous_0)","decl":{"start":{"line":5,"column":29},"end":{"line":5,"column":null}},"loc":{"start":{"line":9,"column":38},"end":{"line":18,"column":1}}},"1":{"name":"(anonymous_1)","decl":{"start":{"line":20,"column":32},"end":{"line":20,"column":null}},"loc":{"start":{"line":24,"column":38},"end":{"line":33,"column":1}}}},"branchMap":{},"s":{"0":2,"1":2,"2":1,"3":2,"4":2,"5":1,"6":2},"f":{"0":1,"1":1},"b":{}}
,"/Users/quentincorrea/Documents/Projects/Keychain/hive-keychain-mobile/src/actions/rpc-switcher.ts": {"path":"/Users/quentincorrea/Documents/Projects/Keychain/hive-keychain-mobile/src/actions/rpc-switcher.ts","statementMap":{"0":{"start":{"line":2,"column":0},"end":{"line":2,"column":66}},"1":{"start":{"line":4,"column":30},"end":{"line":9,"column":1}},"2":{"start":{"line":5,"column":2},"end":{"line":8,"column":4}},"3":{"start":{"line":4,"column":13},"end":{"line":4,"column":30}},"4":{"start":{"line":11,"column":40},"end":{"line":16,"column":1}},"5":{"start":{"line":12,"column":2},"end":{"line":15,"column":4}},"6":{"start":{"line":11,"column":13},"end":{"line":11,"column":40}}},"fnMap":{"0":{"name":"(anonymous_0)","decl":{"start":{"line":4,"column":30},"end":{"line":4,"column":31}},"loc":{"start":{"line":4,"column":43},"end":{"line":9,"column":1}}},"1":{"name":"(anonymous_1)","decl":{"start":{"line":11,"column":40},"end":{"line":11,"column":41}},"loc":{"start":{"line":11,"column":61},"end":{"line":16,"column":1}}}},"branchMap":{},"s":{"0":2,"1":2,"2":1,"3":2,"4":2,"5":2,"6":2},"f":{"0":1,"1":2},"b":{}}
,"/Users/quentincorrea/Documents/Projects/Keychain/hive-keychain-mobile/src/actions/settings.ts": {"path":"/Users/quentincorrea/Documents/Projects/Keychain/hive-keychain-mobile/src/actions/settings.ts","statementMap":{"0":{"start":{"line":1,"column":0},"end":{"line":1,"column":43}},"1":{"start":{"line":9,"column":0},"end":{"line":9,"column":null}},"2":{"start":{"line":15,"column":22},"end":{"line":21,"column":1}},"3":{"start":{"line":16,"column":49},"end":{"line":19,"column":4}},"4":{"start":{"line":20,"column":2},"end":{"line":20,"column":16}},"5":{"start":{"line":15,"column":13},"end":{"line":15,"column":22}},"6":{"start":{"line":23,"column":32},"end":{"line":29,"column":1}},"7":{"start":{"line":24,"column":49},"end":{"line":27,"column":4}},"8":{"start":{"line":28,"column":2},"end":{"line":28,"column":16}},"9":{"start":{"line":23,"column":13},"end":{"line":23,"column":32}},"10":{"start":{"line":31,"column":36},"end":{"line":37,"column":1}},"11":{"start":{"line":32,"column":49},"end":{"line":35,"column":4}},"12":{"start":{"line":36,"column":2},"end":{"line":36,"column":16}},"13":{"start":{"line":31,"column":13},"end":{"line":31,"column":36}},"14":{"start":{"line":39,"column":27},"end":{"line":48,"column":1}},"15":{"start":{"line":39,"column":43},"end":{"line":48,"column":1}},"16":{"start":{"line":40,"column":41},"end":{"line":42,"column":8}},"17":{"start":{"line":43,"column":49},"end":{"line":46,"column":4}},"18":{"start":{"line":47,"column":2},"end":{"line":47,"column":19}},"19":{"start":{"line":39,"column":13},"end":{"line":39,"column":27}}},"fnMap":{"0":{"name":"(anonymous_1)","decl":{"start":{"line":15,"column":22},"end":{"line":15,"column":23}},"loc":{"start":{"line":15,"column":35},"end":{"line":21,"column":1}}},"1":{"name":"(anonymous_2)","decl":{"start":{"line":23,"column":32},"end":{"line":23,"column":33}},"loc":{"start":{"line":23,"column":58},"end":{"line":29,"column":1}}},"2":{"name":"(anonymous_3)","decl":{"start":{"line":31,"column":36},"end":{"line":31,"column":37}},"loc":{"start":{"line":31,"column":69},"end":{"line":37,"column":1}}},"3":{"name":"(anonymous_4)","decl":{"start":{"line":39,"column":27},"end":{"line":39,"column":40}},"loc":{"start":{"line":39,"column":43},"end":{"line":48,"column":1}}},"4":{"name":"(anonymous_5)","decl":{"start":{"line":39,"column":43},"end":{"line":39,"column":48}},"loc":{"start":{"line":39,"column":62},"end":{"line":48,"column":1}}}},"branchMap":{},"s":{"0":2,"1":2,"2":2,"3":1,"4":1,"5":2,"6":2,"7":1,"8":1,"9":2,"10":2,"11":1,"12":1,"13":2,"14":2,"15":1,"16":1,"17":1,"18":1,"19":2},"f":{"0":1,"1":1,"2":1,"3":1,"4":1},"b":{}}
,"/Users/quentincorrea/Documents/Projects/Keychain/hive-keychain-mobile/src/actions/tokensFilters.ts": {"path":"/Users/quentincorrea/Documents/Projects/Keychain/hive-keychain-mobile/src/actions/tokensFilters.ts","statementMap":{"0":{"start":{"line":3,"column":0},"end":{"line":3,"column":67}},"1":{"start":{"line":5,"column":34},"end":{"line":11,"column":1}},"2":{"start":{"line":6,"column":52},"end":{"line":9,"column":4}},"3":{"start":{"line":10,"column":2},"end":{"line":10,"column":16}},"4":{"start":{"line":5,"column":13},"end":{"line":5,"column":34}},"5":{"start":{"line":13,"column":34},"end":{"line":18,"column":1}},"6":{"start":{"line":14,"column":52},"end":{"line":16,"column":4}},"7":{"start":{"line":17,"column":2},"end":{"line":17,"column":16}},"8":{"start":{"line":13,"column":13},"end":{"line":13,"column":34}}},"fnMap":{"0":{"name":"(anonymous_0)","decl":{"start":{"line":5,"column":34},"end":{"line":5,"column":35}},"loc":{"start":{"line":5,"column":72},"end":{"line":11,"column":1}}},"1":{"name":"(anonymous_1)","decl":{"start":{"line":13,"column":34},"end":{"line":13,"column":37}},"loc":{"start":{"line":13,"column":39},"end":{"line":18,"column":1}}}},"branchMap":{},"s":{"0":1,"1":1,"2":1,"3":1,"4":1,"5":1,"6":1,"7":1,"8":1},"f":{"0":1,"1":1},"b":{}}
,"/Users/quentincorrea/Documents/Projects/Keychain/hive-keychain-mobile/src/actions/types.ts": {"path":"/Users/quentincorrea/Documents/Projects/Keychain/hive-keychain-mobile/src/actions/types.ts","statementMap":{"0":{"start":{"line":2,"column":13},"end":{"line":2,"column":33}},"1":{"start":{"line":3,"column":13},"end":{"line":3,"column":31}},"2":{"start":{"line":4,"column":13},"end":{"line":4,"column":27}},"3":{"start":{"line":5,"column":13},"end":{"line":5,"column":45}},"4":{"start":{"line":8,"column":13},"end":{"line":8,"column":41}},"5":{"start":{"line":9,"column":13},"end":{"line":9,"column":49}},"6":{"start":{"line":10,"column":13},"end":{"line":10,"column":47}},"7":{"start":{"line":11,"column":13},"end":{"line":11,"column":49}},"8":{"start":{"line":14,"column":13},"end":{"line":14,"column":47}},"9":{"start":{"line":15,"column":13},"end":{"line":15,"column":43}},"10":{"start":{"line":16,"column":13},"end":{"line":16,"column":53}},"11":{"start":{"line":17,"column":13},"end":{"line":17,"column":57}},"12":{"start":{"line":18,"column":13},"end":{"line":18,"column":65}},"13":{"start":{"line":19,"column":13},"end":{"line":19,"column":53}},"14":{"start":{"line":20,"column":13},"end":{"line":20,"column":51}},"15":{"start":{"line":21,"column":13},"end":{"line":21,"column":51}},"16":{"start":{"line":22,"column":13},"end":{"line":22,"column":51}},"17":{"start":{"line":23,"column":13},"end":{"line":23,"column":65}},"18":{"start":{"line":24,"column":13},"end":{"line":24,"column":69}},"19":{"start":{"line":25,"column":13},"end":{"line":25,"column":69}},"20":{"start":{"line":27,"column":13},"end":{"line":27,"column":41}},"21":{"start":{"line":28,"column":13},"end":{"line":28,"column":51}},"22":{"start":{"line":29,"column":13},"end":{"line":29,"column":55}},"23":{"start":{"line":30,"column":13},"end":{"line":30,"column":55}},"24":{"start":{"line":31,"column":13},"end":{"line":31,"column":57}},"25":{"start":{"line":32,"column":13},"end":{"line":32,"column":53}},"26":{"start":{"line":33,"column":13},"end":{"line":33,"column":67}},"27":{"start":{"line":34,"column":13},"end":{"line":34,"column":61}},"28":{"start":{"line":37,"column":13},"end":{"line":37,"column":47}},"29":{"start":{"line":38,"column":13},"end":{"line":38,"column":47}},"30":{"start":{"line":40,"column":13},"end":{"line":40,"column":33}},"31":{"start":{"line":41,"column":13},"end":{"line":41,"column":57}},"32":{"start":{"line":42,"column":13},"end":{"line":42,"column":75}},"33":{"start":{"line":43,"column":13},"end":{"line":43,"column":47}},"34":{"start":{"line":44,"column":13},"end":{"line":44,"column":53}},"35":{"start":{"line":45,"column":13},"end":{"line":45,"column":57}},"36":{"start":{"line":47,"column":13},"end":{"line":47,"column":63}},"37":{"start":{"line":48,"column":13},"end":{"line":48,"column":73}},"38":{"start":{"line":49,"column":13},"end":{"line":49,"column":61}},"39":{"start":{"line":50,"column":13},"end":{"line":50,"column":67}},"40":{"start":{"line":51,"column":13},"end":{"line":51,"column":51}},"41":{"start":{"line":52,"column":13},"end":{"line":52,"column":77}},"42":{"start":{"line":53,"column":13},"end":{"line":53,"column":52}},"43":{"start":{"line":54,"column":13},"end":{"line":54,"column":53}},"44":{"start":{"line":55,"column":13},"end":{"line":55,"column":55}},"45":{"start":{"line":56,"column":13},"end":{"line":56,"column":63}},"46":{"start":{"line":57,"column":13},"end":{"line":57,"column":63}},"47":{"start":{"line":58,"column":13},"end":{"line":58,"column":45}},"48":{"start":{"line":59,"column":13},"end":{"line":59,"column":53}},"49":{"start":{"line":60,"column":13},"end":{"line":60,"column":63}},"50":{"start":{"line":61,"column":13},"end":{"line":61,"column":45}},"51":{"start":{"line":63,"column":13},"end":{"line":63,"column":39}},"52":{"start":{"line":64,"column":13},"end":{"line":64,"column":41}},"53":{"start":{"line":67,"column":13},"end":{"line":67,"column":53}},"54":{"start":{"line":68,"column":13},"end":{"line":68,"column":63}},"55":{"start":{"line":71,"column":13},"end":{"line":71,"column":67}},"56":{"start":{"line":72,"column":13},"end":{"line":72,"column":77}},"57":{"start":{"line":73,"column":13},"end":{"line":73,"column":67}},"58":{"start":{"line":74,"column":13},"end":{"line":74,"column":55}},"59":{"start":{"line":75,"column":13},"end":{"line":75,"column":53}},"60":{"start":{"line":77,"column":0},"end":{"line":77,"column":null}},"61":{"start":{"line":78,"column":2},"end":{"line":78,"column":null}},"62":{"start":{"line":79,"column":2},"end":{"line":79,"column":null}},"63":{"start":{"line":80,"column":2},"end":{"line":80,"column":null}},"64":{"start":{"line":81,"column":2},"end":{"line":81,"column":null}},"65":{"start":{"line":82,"column":2},"end":{"line":82,"column":null}},"66":{"start":{"line":83,"column":2},"end":{"line":83,"column":null}},"67":{"start":{"line":84,"column":2},"end":{"line":84,"column":null}},"68":{"start":{"line":85,"column":2},"end":{"line":85,"column":null}},"69":{"start":{"line":88,"column":0},"end":{"line":88,"column":null}},"70":{"start":{"line":89,"column":2},"end":{"line":89,"column":null}},"71":{"start":{"line":90,"column":2},"end":{"line":90,"column":null}},"72":{"start":{"line":94,"column":13},"end":{"line":94,"column":59}},"73":{"start":{"line":95,"column":13},"end":{"line":95,"column":59}},"74":{"start":{"line":98,"column":13},"end":{"line":98,"column":59}},"75":{"start":{"line":99,"column":13},"end":{"line":99,"column":59}},"76":{"start":{"line":102,"column":13},"end":{"line":102,"column":69}},"77":{"start":{"line":105,"column":13},"end":{"line":105,"column":67}},"78":{"start":{"line":108,"column":13},"end":{"line":108,"column":55}},"79":{"start":{"line":109,"column":13},"end":{"line":109,"column":79}}},"fnMap":{"0":{"name":"(anonymous_0)","decl":{"start":{"line":77,"column":0},"end":{"line":77,"column":12}},"loc":{"start":{"line":77,"column":28},"end":{"line":86,"column":1}}},"1":{"name":"(anonymous_1)","decl":{"start":{"line":88,"column":0},"end":{"line":88,"column":12}},"loc":{"start":{"line":88,"column":30},"end":{"line":91,"column":1}}}},"branchMap":{"0":{"loc":{"start":{"line":77,"column":12},"end":{"line":77,"column":null}},"type":"binary-expr","locations":[{"start":{"line":77,"column":12},"end":{"line":77,"column":28}},{"start":{"line":77,"column":28},"end":{"line":77,"column":null}}]},"1":{"loc":{"start":{"line":88,"column":12},"end":{"line":88,"column":null}},"type":"binary-expr","locations":[{"start":{"line":88,"column":12},"end":{"line":88,"column":30}},{"start":{"line":88,"column":30},"end":{"line":88,"column":null}}]}},"s":{"0":41,"1":41,"2":41,"3":41,"4":41,"5":41,"6":41,"7":41,"8":41,"9":41,"10":41,"11":41,"12":41,"13":41,"14":41,"15":41,"16":41,"17":41,"18":41,"19":41,"20":41,"21":41,"22":41,"23":41,"24":41,"25":41,"26":41,"27":41,"28":41,"29":41,"30":41,"31":41,"32":41,"33":41,"34":41,"35":41,"36":41,"37":41,"38":41,"39":41,"40":41,"41":41,"42":41,"43":41,"44":41,"45":41,"46":41,"47":41,"48":41,"49":41,"50":41,"51":41,"52":41,"53":41,"54":41,"55":41,"56":41,"57":41,"58":41,"59":41,"60":41,"61":41,"62":41,"63":41,"64":41,"65":41,"66":41,"67":41,"68":41,"69":41,"70":41,"71":41,"72":41,"73":41,"74":41,"75":41,"76":41,"77":41,"78":41,"79":41},"f":{"0":41,"1":41},"b":{"0":[41,41],"1":[41,41]}}
,"/Users/quentincorrea/Documents/Projects/Keychain/hive-keychain-mobile/src/actions/walletFilters.ts": {"path":"/Users/quentincorrea/Documents/Projects/Keychain/hive-keychain-mobile/src/actions/walletFilters.ts","statementMap":{"0":{"start":{"line":3,"column":0},"end":{"line":3,"column":67}},"1":{"start":{"line":5,"column":34},"end":{"line":11,"column":1}},"2":{"start":{"line":6,"column":53},"end":{"line":9,"column":4}},"3":{"start":{"line":10,"column":2},"end":{"line":10,"column":16}},"4":{"start":{"line":5,"column":13},"end":{"line":5,"column":34}},"5":{"start":{"line":13,"column":34},"end":{"line":18,"column":1}},"6":{"start":{"line":14,"column":53},"end":{"line":16,"column":4}},"7":{"start":{"line":17,"column":2},"end":{"line":17,"column":16}},"8":{"start":{"line":13,"column":13},"end":{"line":13,"column":34}}},"fnMap":{"0":{"name":"(anonymous_0)","decl":{"start":{"line":5,"column":34},"end":{"line":5,"column":35}},"loc":{"start":{"line":5,"column":73},"end":{"line":11,"column":1}}},"1":{"name":"(anonymous_1)","decl":{"start":{"line":13,"column":34},"end":{"line":13,"column":37}},"loc":{"start":{"line":13,"column":39},"end":{"line":18,"column":1}}}},"branchMap":{},"s":{"0":1,"1":1,"2":1,"3":1,"4":1,"5":1,"6":1,"7":1,"8":1},"f":{"0":1,"1":1},"b":{}}
}
