TN:
SF:src/actions/accountValueDisplay.ts
FN:4,(anonymous_0)
FNF:1
FNH:1
FNDA:3,(anonymous_0)
DA:2,10
DA:4,10
DA:7,3
LF:3
LH:3
BRF:0
BRH:0
end_of_record
TN:
SF:src/actions/accounts.ts
FN:31,(anonymous_1)
FN:39,(anonymous_2)
FN:48,(anonymous_3)
FN:70,(anonymous_4)
FN:87,(anonymous_5)
FN:87,(anonymous_6)
FN:99,(anonymous_7)
FN:100,(anonymous_8)
FN:103,(anonymous_9)
FN:122,(anonymous_10)
FN:123,(anonymous_11)
FN:126,(anonymous_12)
FN:136,(anonymous_13)
FN:157,(anonymous_14)
FN:158,(anonymous_15)
FN:168,(anonymous_16)
FN:183,(anonymous_17)
FN:184,(anonymous_18)
FN:198,(anonymous_19)
FN:199,(anonymous_20)
FNF:20
FNH:17
FNDA:10,(anonymous_1)
FNDA:10,(anonymous_2)
FNDA:5,(anonymous_3)
FNDA:7,(anonymous_4)
FNDA:2,(anonymous_5)
FNDA:2,(anonymous_6)
FNDA:3,(anonymous_7)
FNDA:2,(anonymous_8)
FNDA:3,(anonymous_9)
FNDA:3,(anonymous_10)
FNDA:3,(anonymous_11)
FNDA:4,(anonymous_12)
FNDA:3,(anonymous_13)
FNDA:0,(anonymous_14)
FNDA:0,(anonymous_15)
FNDA:0,(anonymous_16)
FNDA:1,(anonymous_17)
FNDA:1,(anonymous_18)
FNDA:2,(anonymous_19)
FNDA:2,(anonymous_20)
DA:1,9
DA:2,9
DA:3,9
DA:4,9
DA:6,9
DA:7,9
DA:8,9
DA:9,9
DA:10,9
DA:11,9
DA:12,9
DA:13,9
DA:14,9
DA:22,9
DA:23,9
DA:30,9
DA:31,9
DA:39,10
DA:40,10
DA:41,10
DA:42,10
DA:43,5
DA:48,10
DA:49,4
DA:50,4
DA:51,3
DA:52,3
DA:54,3
DA:56,6
DA:60,6
DA:61,6
DA:62,6
DA:68,6
DA:70,7
DA:73,6
DA:74,1
DA:75,1
DA:77,5
DA:78,5
DA:79,5
DA:87,9
DA:89,2
DA:90,2
DA:91,2
DA:92,2
DA:95,2
DA:98,9
DA:99,9
DA:100,3
DA:101,2
DA:102,2
DA:103,3
DA:104,2
DA:105,1
DA:110,1
DA:114,1
DA:115,1
DA:117,1
DA:121,9
DA:122,9
DA:123,3
DA:125,3
DA:126,4
DA:129,3
DA:130,1
DA:131,1
DA:135,2
DA:137,3
DA:138,2
DA:139,2
DA:140,2
DA:141,2
DA:142,2
DA:144,1
DA:148,2
DA:156,9
DA:157,9
DA:158,0
DA:159,0
DA:160,0
DA:161,0
DA:162,0
DA:163,0
DA:167,0
DA:169,0
DA:170,0
DA:172,0
DA:176,0
DA:182,9
DA:183,9
DA:184,1
DA:185,1
DA:186,1
DA:191,1
DA:198,9
DA:199,2
DA:200,2
DA:201,2
DA:202,2
DA:203,2
DA:208,2
DA:212,2
LF:102
LH:91
BRDA:37,0,0,8
BRDA:42,1,0,5
BRDA:48,2,0,4
BRDA:50,3,0,1
BRDA:51,4,0,3
BRDA:52,5,0,1
BRDA:52,5,1,2
BRDA:73,6,0,1
BRDA:77,7,0,5
BRDA:79,8,0,2
BRDA:79,8,1,3
BRDA:80,9,0,1
BRDA:80,9,1,1
BRDA:104,10,0,1
BRDA:104,10,1,1
BRDA:129,11,0,1
BRDA:129,11,1,2
BRDA:137,12,0,2
BRDA:137,12,1,1
BRDA:160,13,0,0
BRDA:160,13,1,0
BRDA:162,14,0,0
BRDA:162,14,1,0
BRDA:169,15,0,0
BRDA:169,15,1,0
BRF:25
BRH:19
end_of_record
TN:
SF:src/actions/browser.ts
FN:22,(anonymous_0)
FN:30,(anonymous_1)
FN:38,(anonymous_2)
FN:45,(anonymous_3)
FN:53,(anonymous_4)
FN:61,(anonymous_5)
FN:70,(anonymous_6)
FN:71,(anonymous_7)
FN:72,(anonymous_8)
FN:91,(anonymous_9)
FN:99,(anonymous_10)
FN:107,(anonymous_11)
FN:115,(anonymous_12)
FN:121,(anonymous_13)
FN:129,(anonymous_14)
FN:133,(anonymous_15)
FN:144,(anonymous_16)
FN:153,(anonymous_17)
FN:154,(anonymous_18)
FNF:19
FNH:19
FNDA:1,(anonymous_0)
FNDA:1,(anonymous_1)
FNDA:1,(anonymous_2)
FNDA:1,(anonymous_3)
FNDA:1,(anonymous_4)
FNDA:1,(anonymous_5)
FNDA:4,(anonymous_6)
FNDA:4,(anonymous_7)
FNDA:1,(anonymous_8)
FNDA:4,(anonymous_9)
FNDA:1,(anonymous_10)
FNDA:1,(anonymous_11)
FNDA:1,(anonymous_12)
FNDA:6,(anonymous_13)
FNDA:4,(anonymous_14)
FNDA:1,(anonymous_15)
FNDA:8,(anonymous_16)
FNDA:1,(anonymous_17)
FNDA:1,(anonymous_18)
DA:2,10
DA:3,10
DA:5,10
DA:22,10
DA:23,1
DA:27,1
DA:30,10
DA:31,1
DA:35,1
DA:38,10
DA:39,1
DA:42,1
DA:45,10
DA:46,1
DA:50,1
DA:53,10
DA:54,1
DA:58,1
DA:61,10
DA:62,1
DA:66,1
DA:69,10
DA:70,10
DA:71,4
DA:72,4
DA:73,4
DA:74,1
DA:76,3
DA:77,3
DA:81,3
DA:83,4
DA:84,4
DA:85,3
DA:87,1
DA:91,10
DA:92,4
DA:96,4
DA:99,10
DA:100,1
DA:104,1
DA:107,10
DA:108,1
DA:112,1
DA:115,10
DA:116,1
DA:121,10
DA:122,6
DA:128,10
DA:129,10
DA:130,4
DA:131,3
DA:132,1
DA:133,1
DA:134,1
DA:137,3
DA:141,3
DA:144,10
DA:145,8
DA:149,8
DA:152,10
DA:153,10
DA:154,1
DA:155,1
DA:156,1
LF:64
LH:64
BRDA:73,0,0,1
BRDA:73,0,1,3
BRDA:84,1,0,3
BRDA:84,1,1,1
BRDA:130,2,0,1
BRDA:131,3,0,1
BRF:6
BRH:6
end_of_record
TN:
SF:src/actions/colors.ts
FN:6,(anonymous_0)
FN:6,(anonymous_1)
FNF:2
FNH:2
FNDA:1,(anonymous_0)
FNDA:1,(anonymous_1)
DA:2,10
DA:4,10
DA:6,10
DA:7,1
DA:11,1
LF:5
LH:5
BRF:0
BRH:0
end_of_record
TN:
SF:src/actions/floatingBar.ts
FN:10,(anonymous_0)
FN:19,(anonymous_1)
FN:28,(anonymous_2)
FN:37,(anonymous_3)
FN:46,(anonymous_4)
FNF:5
FNH:5
FNDA:2,(anonymous_0)
FNDA:1,(anonymous_1)
FNDA:1,(anonymous_2)
FNDA:1,(anonymous_3)
FNDA:1,(anonymous_4)
DA:2,1
DA:10,1
DA:13,2
DA:19,1
DA:22,1
DA:28,1
DA:31,1
DA:37,1
DA:40,1
DA:46,1
DA:47,1
LF:11
LH:11
BRF:0
BRH:0
end_of_record
TN:
SF:src/actions/hive-uri.ts
FN:5,(anonymous_0)
FN:15,(anonymous_1)
FNF:2
FNH:2
FNDA:1,(anonymous_0)
FNDA:1,(anonymous_1)
DA:3,10
DA:5,10
DA:9,1
DA:15,10
DA:16,1
LF:5
LH:5
BRF:0
BRH:0
end_of_record
TN:
SF:src/actions/hive.ts
FN:37,(anonymous_1)
FN:38,(anonymous_2)
FN:51,(anonymous_3)
FN:62,(anonymous_4)
FN:63,(anonymous_5)
FN:71,(anonymous_6)
FN:71,(anonymous_7)
FN:85,(anonymous_8)
FN:85,(anonymous_9)
FN:97,(anonymous_10)
FN:97,(anonymous_11)
FN:104,(anonymous_12)
FN:105,(anonymous_13)
FN:106,(anonymous_14)
FN:121,(anonymous_15)
FN:122,(anonymous_16)
FN:123,(anonymous_17)
FN:140,(anonymous_18)
FN:141,(anonymous_19)
FN:154,(anonymous_20)
FN:155,(anonymous_21)
FN:167,(anonymous_22)
FN:167,(anonymous_23)
FN:175,(anonymous_24)
FN:176,(anonymous_25)
FN:185,(anonymous_26)
FN:186,(anonymous_27)
FN:190,(anonymous_28)
FN:199,(anonymous_29)
FN:200,(anonymous_30)
FNF:30
FNH:30
FNDA:3,(anonymous_1)
FNDA:3,(anonymous_2)
FNDA:3,(anonymous_3)
FNDA:3,(anonymous_4)
FNDA:1,(anonymous_5)
FNDA:1,(anonymous_6)
FNDA:1,(anonymous_7)
FNDA:2,(anonymous_8)
FNDA:2,(anonymous_9)
FNDA:1,(anonymous_10)
FNDA:1,(anonymous_11)
FNDA:2,(anonymous_12)
FNDA:2,(anonymous_13)
FNDA:2,(anonymous_14)
FNDA:2,(anonymous_15)
FNDA:2,(anonymous_16)
FNDA:2,(anonymous_17)
FNDA:2,(anonymous_18)
FNDA:2,(anonymous_19)
FNDA:2,(anonymous_20)
FNDA:2,(anonymous_21)
FNDA:1,(anonymous_22)
FNDA:1,(anonymous_23)
FNDA:3,(anonymous_24)
FNDA:3,(anonymous_25)
FNDA:1,(anonymous_26)
FNDA:1,(anonymous_27)
FNDA:4,(anonymous_28)
FNDA:1,(anonymous_29)
FNDA:1,(anonymous_30)
DA:2,9
DA:3,9
DA:9,9
DA:10,9
DA:11,9
DA:12,9
DA:13,9
DA:14,9
DA:20,9
DA:36,9
DA:37,9
DA:38,3
DA:39,3
DA:45,3
DA:46,3
DA:47,3
DA:48,1
DA:50,3
DA:51,3
DA:52,3
DA:62,9
DA:63,3
DA:64,1
DA:65,1
DA:71,9
DA:72,1
DA:77,1
DA:78,1
DA:82,1
DA:85,9
DA:86,2
DA:87,2
DA:88,1
DA:93,1
DA:97,9
DA:98,1
DA:103,9
DA:104,9
DA:105,2
DA:106,2
DA:108,2
DA:114,2
DA:120,9
DA:121,9
DA:122,2
DA:123,2
DA:125,2
DA:131,2
DA:132,1
DA:139,9
DA:140,9
DA:141,2
DA:142,2
DA:143,2
DA:147,1
DA:149,1
DA:153,9
DA:154,9
DA:155,2
DA:156,2
DA:157,2
DA:161,1
DA:163,1
DA:167,9
DA:168,1
DA:174,9
DA:175,9
DA:176,3
DA:177,3
DA:178,3
DA:184,9
DA:185,9
DA:186,1
DA:187,1
DA:190,4
DA:192,1
DA:198,9
DA:199,9
DA:200,1
DA:201,1
DA:202,1
LF:81
LH:81
BRDA:47,0,0,1
BRDA:131,1,0,1
BRDA:190,2,0,4
BRDA:190,2,1,2
BRF:4
BRH:4
end_of_record
TN:
SF:src/actions/hiveAuthenticationService.ts
FN:6,(anonymous_0)
FN:15,(anonymous_1)
FN:22,(anonymous_2)
FN:26,(anonymous_3)
FN:33,(anonymous_4)
FN:43,(anonymous_5)
FN:49,(anonymous_6)
FN:56,(anonymous_7)
FNF:8
FNH:8
FNDA:1,(anonymous_0)
FNDA:1,(anonymous_1)
FNDA:1,(anonymous_2)
FNDA:1,(anonymous_3)
FNDA:2,(anonymous_4)
FNDA:1,(anonymous_5)
FNDA:1,(anonymous_6)
FNDA:1,(anonymous_7)
DA:4,1
DA:6,1
DA:7,1
DA:8,1
DA:9,1
DA:15,1
DA:16,1
DA:22,1
DA:23,1
DA:26,1
DA:27,1
DA:33,1
DA:37,2
DA:43,1
DA:44,1
DA:49,1
DA:50,1
DA:56,1
DA:60,1
LF:19
LH:19
BRF:0
BRH:0
end_of_record
TN:
SF:src/actions/hiveEngine.ts
FN:31,(anonymous_1)
FN:31,(anonymous_2)
FN:40,(anonymous_3)
FN:40,(anonymous_4)
FN:64,(anonymous_5)
FN:65,(anonymous_6)
FN:75,(anonymous_7)
FN:82,(anonymous_8)
FN:111,(anonymous_9)
FN:112,(anonymous_10)
FN:114,(anonymous_11)
FN:137,(anonymous_12)
FN:186,(anonymous_13)
FN:186,(anonymous_14)
FNF:14
FNH:0
FNDA:0,(anonymous_1)
FNDA:0,(anonymous_2)
FNDA:0,(anonymous_3)
FNDA:0,(anonymous_4)
FNDA:0,(anonymous_5)
FNDA:0,(anonymous_6)
FNDA:0,(anonymous_7)
FNDA:0,(anonymous_8)
FNDA:0,(anonymous_9)
FNDA:0,(anonymous_10)
FNDA:0,(anonymous_11)
FNDA:0,(anonymous_12)
FNDA:0,(anonymous_13)
FNDA:0,(anonymous_14)
DA:1,9
DA:2,9
DA:3,9
DA:6,9
DA:7,9
DA:14,9
DA:15,9
DA:16,9
DA:17,9
DA:20,9
DA:21,9
DA:31,9
DA:32,0
DA:33,0
DA:37,0
DA:40,9
DA:41,0
DA:42,0
DA:44,0
DA:45,0
DA:53,0
DA:54,0
DA:56,0
DA:60,0
DA:63,9
DA:64,9
DA:65,0
DA:66,0
DA:67,0
DA:71,0
DA:73,0
DA:74,0
DA:75,0
DA:77,0
DA:81,0
DA:82,0
DA:83,0
DA:88,0
DA:91,0
DA:96,0
DA:97,0
DA:98,0
DA:101,0
DA:103,0
DA:110,9
DA:111,9
DA:112,0
DA:113,0
DA:114,0
DA:116,0
DA:118,0
DA:119,0
DA:121,0
DA:122,0
DA:123,0
DA:133,0
DA:134,0
DA:137,0
DA:138,0
DA:139,0
DA:142,0
DA:147,0
DA:149,0
DA:156,0
DA:162,0
DA:169,0
DA:175,0
DA:179,0
DA:183,0
DA:186,9
DA:187,0
LF:71
LH:18
BRDA:91,0,0,0
BRDA:91,0,1,0
BRDA:92,1,0,0
BRDA:92,1,1,0
BRDA:92,1,2,0
BRDA:139,2,0,0
BRDA:139,2,1,0
BRDA:139,2,2,0
BRDA:139,2,3,0
BRDA:139,2,4,0
BRDA:139,2,5,0
BRDA:139,2,6,0
BRDA:139,2,7,0
BRDA:139,2,8,0
BRF:14
BRH:0
end_of_record
TN:
SF:src/actions/index.ts
FN:15,(anonymous_5)
FN:16,(anonymous_6)
FN:35,(anonymous_7)
FN:36,(anonymous_8)
FN:84,(anonymous_9)
FN:85,(anonymous_10)
FN:142,(anonymous_11)
FNF:7
FNH:7
FNDA:1,(anonymous_5)
FNDA:1,(anonymous_6)
FNDA:12,(anonymous_7)
FNDA:9,(anonymous_8)
FNDA:7,(anonymous_9)
FNDA:7,(anonymous_10)
FNDA:1,(anonymous_11)
DA:1,9
DA:2,9
DA:3,9
DA:4,9
DA:6,9
DA:7,9
DA:8,9
DA:9,9
DA:10,9
DA:12,9
DA:14,9
DA:15,9
DA:16,1
DA:17,1
DA:18,1
DA:20,1
DA:21,1
DA:22,1
DA:27,1
DA:31,1
DA:34,9
DA:35,9
DA:36,12
DA:37,9
DA:39,9
DA:40,9
DA:41,1
DA:42,1
DA:45,8
DA:47,4
DA:48,2
DA:52,2
DA:53,2
DA:57,2
DA:58,2
DA:61,2
DA:63,4
DA:64,1
DA:67,4
DA:68,1
DA:70,3
DA:74,3
DA:75,3
DA:78,3
DA:83,9
DA:84,9
DA:85,7
DA:86,7
DA:87,7
DA:88,6
DA:89,1
DA:90,1
DA:93,5
DA:95,5
DA:96,2
DA:97,2
DA:98,1
DA:101,1
DA:102,1
DA:103,1
DA:105,1
DA:106,1
DA:107,1
DA:110,3
DA:111,3
DA:112,3
DA:115,3
DA:117,2
DA:118,2
DA:119,1
DA:120,1
DA:123,1
DA:126,1
DA:127,1
DA:128,1
DA:131,1
DA:132,1
DA:133,1
DA:135,1
DA:137,1
DA:138,1
DA:142,9
DA:143,1
DA:144,1
DA:147,9
DA:148,9
DA:149,9
DA:150,9
DA:151,9
DA:152,9
DA:153,9
DA:154,9
DA:155,9
LF:93
LH:93
BRDA:40,0,0,1
BRDA:47,1,0,2
BRDA:47,2,0,4
BRDA:47,2,1,3
BRDA:63,3,0,1
BRDA:67,4,0,1
BRDA:67,4,1,3
BRDA:88,5,0,1
BRDA:95,6,0,2
BRDA:97,7,0,1
BRDA:115,8,0,2
BRDA:115,9,0,3
BRDA:115,9,1,1
BRDA:118,10,0,1
BRF:14
BRH:14
end_of_record
TN:
SF:src/actions/interfaces.ts
FN:192,(anonymous_0)
FN:198,(anonymous_1)
FNF:2
FNH:2
FNDA:13,(anonymous_0)
FNDA:13,(anonymous_1)
DA:192,13
DA:193,13
DA:194,13
DA:195,13
DA:198,13
DA:199,13
DA:200,13
DA:201,13
LF:8
LH:8
BRDA:192,0,0,13
BRDA:192,0,1,13
BRDA:198,1,0,13
BRDA:198,1,1,13
BRF:4
BRH:4
end_of_record
TN:
SF:src/actions/message.ts
FN:5,(anonymous_0)
FN:24,(anonymous_1)
FNF:2
FNH:2
FNDA:3,(anonymous_0)
FNDA:1,(anonymous_1)
DA:3,9
DA:5,9
DA:12,3
DA:24,9
DA:25,1
LF:5
LH:5
BRF:0
BRH:0
end_of_record
TN:
SF:src/actions/navigation.ts
FN:4,(anonymous_0)
FNF:1
FNH:1
FNDA:3,(anonymous_0)
DA:2,1
DA:4,1
DA:7,3
LF:3
LH:3
BRF:0
BRH:0
end_of_record
TN:
SF:src/actions/notifications.ts
FN:8,(anonymous_0)
FN:9,(anonymous_1)
FN:21,(anonymous_2)
FNF:3
FNH:3
FNDA:2,(anonymous_0)
FNDA:2,(anonymous_1)
FNDA:1,(anonymous_2)
DA:3,1
DA:5,1
DA:7,1
DA:8,1
DA:9,2
DA:10,2
DA:15,2
DA:21,1
DA:22,1
LF:9
LH:9
BRF:0
BRH:0
end_of_record
TN:
SF:src/actions/preferences.ts
FN:5,(anonymous_0)
FN:20,(anonymous_1)
FNF:2
FNH:2
FNDA:1,(anonymous_0)
FNDA:1,(anonymous_1)
DA:3,2
DA:5,2
DA:10,1
DA:20,2
DA:25,1
LF:5
LH:5
BRF:0
BRH:0
end_of_record
TN:
SF:src/actions/rpc-switcher.ts
FN:4,(anonymous_0)
FN:11,(anonymous_1)
FNF:2
FNH:2
FNDA:1,(anonymous_0)
FNDA:2,(anonymous_1)
DA:2,10
DA:4,10
DA:5,1
DA:11,10
DA:12,2
LF:5
LH:5
BRF:0
BRH:0
end_of_record
TN:
SF:src/actions/settings.ts
FN:16,(anonymous_1)
FN:24,(anonymous_2)
FN:32,(anonymous_3)
FN:40,(anonymous_4)
FN:48,(anonymous_5)
FN:48,(anonymous_6)
FNF:6
FNH:5
FNDA:3,(anonymous_1)
FNDA:1,(anonymous_2)
FNDA:0,(anonymous_3)
FNDA:1,(anonymous_4)
FNDA:1,(anonymous_5)
FNDA:1,(anonymous_6)
DA:1,10
DA:9,10
DA:16,10
DA:17,3
DA:21,3
DA:24,10
DA:25,1
DA:29,1
DA:32,10
DA:33,0
DA:37,0
DA:40,10
DA:41,1
DA:45,1
DA:48,10
DA:49,1
DA:52,1
DA:56,1
LF:18
LH:16
BRF:0
BRH:0
end_of_record
TN:
SF:src/actions/tokensFilters.ts
FN:5,(anonymous_0)
FN:13,(anonymous_1)
FNF:2
FNH:2
FNDA:1,(anonymous_0)
FNDA:1,(anonymous_1)
DA:3,1
DA:5,1
DA:6,1
DA:10,1
DA:13,1
DA:14,1
DA:17,1
LF:7
LH:7
BRF:0
BRH:0
end_of_record
TN:
SF:src/actions/types.ts
FN:78,(anonymous_0)
FN:89,(anonymous_1)
FNF:2
FNH:2
FNDA:47,(anonymous_0)
FNDA:47,(anonymous_1)
DA:2,47
DA:3,47
DA:4,47
DA:5,47
DA:8,47
DA:9,47
DA:10,47
DA:11,47
DA:14,47
DA:15,47
DA:16,47
DA:17,47
DA:18,47
DA:19,47
DA:20,47
DA:21,47
DA:22,47
DA:23,47
DA:24,47
DA:25,47
DA:27,47
DA:28,47
DA:29,47
DA:30,47
DA:31,47
DA:32,47
DA:33,47
DA:34,47
DA:37,47
DA:38,47
DA:40,47
DA:41,47
DA:42,47
DA:43,47
DA:44,47
DA:45,47
DA:46,47
DA:48,47
DA:49,47
DA:50,47
DA:51,47
DA:52,47
DA:53,47
DA:54,47
DA:55,47
DA:56,47
DA:57,47
DA:58,47
DA:59,47
DA:60,47
DA:61,47
DA:62,47
DA:64,47
DA:65,47
DA:68,47
DA:69,47
DA:72,47
DA:73,47
DA:74,47
DA:75,47
DA:76,47
DA:78,47
DA:79,47
DA:80,47
DA:81,47
DA:82,47
DA:83,47
DA:84,47
DA:85,47
DA:86,47
DA:89,47
DA:90,47
DA:91,47
DA:95,47
DA:96,47
DA:99,47
DA:100,47
DA:103,47
DA:106,47
DA:109,47
DA:110,47
LF:81
LH:81
BRDA:78,0,0,47
BRDA:78,0,1,47
BRDA:89,1,0,47
BRDA:89,1,1,47
BRF:4
BRH:4
end_of_record
TN:
SF:src/actions/walletFilters.ts
FN:5,(anonymous_0)
FN:13,(anonymous_1)
FNF:2
FNH:2
FNDA:1,(anonymous_0)
FNDA:1,(anonymous_1)
DA:3,1
DA:5,1
DA:6,1
DA:10,1
DA:13,1
DA:14,1
DA:17,1
LF:7
LH:7
BRF:0
BRH:0
end_of_record
TN:
SF:src/api/base.api.ts
FN:1,(anonymous_0)
FN:2,(anonymous_1)
FN:8,(anonymous_2)
FN:13,(anonymous_3)
FN:16,(anonymous_4)
FN:25,(anonymous_5)
FN:26,(anonymous_6)
FN:33,(anonymous_7)
FN:38,(anonymous_8)
FN:41,(anonymous_9)
FNF:10
FNH:10
FNDA:4,(anonymous_0)
FNDA:4,(anonymous_1)
FNDA:3,(anonymous_2)
FNDA:2,(anonymous_3)
FNDA:2,(anonymous_4)
FNDA:3,(anonymous_5)
FNDA:3,(anonymous_6)
FNDA:2,(anonymous_7)
FNDA:2,(anonymous_8)
FNDA:1,(anonymous_9)
DA:1,3
DA:2,4
DA:3,4
DA:4,4
DA:9,3
DA:10,2
DA:14,2
DA:17,2
DA:20,0
DA:25,3
DA:26,3
DA:27,3
DA:28,3
DA:34,2
DA:35,1
DA:39,2
DA:42,1
DA:45,0
DA:50,3
LF:19
LH:17
BRDA:9,0,0,2
BRDA:9,1,0,3
BRDA:9,1,1,3
BRDA:34,2,0,1
BRDA:34,3,0,2
BRDA:34,3,1,2
BRF:6
BRH:6
end_of_record
TN:
SF:src/api/hiveEngine.api.ts
FN:6,(anonymous_1)
FN:12,(anonymous_2)
FN:20,(anonymous_3)
FN:24,(anonymous_4)
FN:27,(anonymous_5)
FN:39,(anonymous_6)
FN:48,(anonymous_7)
FN:57,(anonymous_8)
FNF:8
FNH:7
FNDA:1,(anonymous_1)
FNDA:1,(anonymous_2)
FNDA:2,(anonymous_3)
FNDA:2,(anonymous_4)
FNDA:0,(anonymous_5)
FNDA:2,(anonymous_6)
FNDA:1,(anonymous_7)
FNDA:1,(anonymous_8)
DA:1,12
DA:2,12
DA:4,12
DA:6,12
DA:7,1
DA:9,1
DA:12,12
DA:13,1
DA:15,1
DA:20,12
DA:21,2
DA:23,2
DA:24,2
DA:25,2
DA:26,2
DA:27,2
DA:28,2
DA:40,2
DA:41,0
DA:43,2
DA:44,1
DA:46,1
DA:49,1
DA:50,1
DA:51,0
DA:52,0
DA:54,1
DA:58,1
DA:59,1
DA:60,1
DA:61,1
DA:65,0
DA:66,0
DA:68,1
DA:74,12
LF:35
LH:30
BRDA:40,0,0,0
BRDA:43,1,0,1
BRDA:50,2,0,0
BRDA:50,3,0,1
BRDA:50,3,1,1
BRDA:61,4,0,0
BRDA:61,4,1,1
BRDA:62,5,0,1
BRDA:62,5,1,1
BRDA:62,5,2,1
BRF:10
BRH:7
end_of_record
TN:
SF:src/api/keychain.api.ts
FNF:0
FNH:0
DA:1,18
DA:3,18
LF:2
LH:2
BRF:0
BRH:0
end_of_record
TN:
SF:src/api/keychainSwap.api.ts
FN:4,(anonymous_0)
FN:9,(anonymous_1)
FN:28,(anonymous_2)
FNF:3
FNH:3
FNDA:7,(anonymous_0)
FNDA:4,(anonymous_1)
FNDA:3,(anonymous_2)
DA:1,2
DA:2,2
DA:4,2
DA:5,7
DA:6,7
DA:9,2
DA:10,4
DA:11,4
DA:13,3
DA:17,2
DA:28,2
DA:29,3
DA:30,3
DA:32,2
DA:33,1
DA:44,2
LF:16
LH:16
BRDA:13,0,0,2
BRDA:14,1,0,3
BRDA:14,1,1,2
BRDA:32,2,0,1
BRF:4
BRH:4
end_of_record
TN:
SF:src/api/peakdNotifications.api.ts
FN:4,(anonymous_0)
FN:8,(anonymous_1)
FN:12,(anonymous_2)
FNF:3
FNH:3
FNDA:2,(anonymous_0)
FNDA:1,(anonymous_1)
FNDA:1,(anonymous_2)
DA:1,2
DA:2,2
DA:4,2
DA:5,2
DA:8,2
DA:9,1
DA:12,2
DA:13,1
DA:16,2
LF:9
LH:9
BRF:0
BRH:0
end_of_record
TN:
SF:src/hooks/domainCheck.ts
FN:7,(anonymous_1)
FN:9,(anonymous_2)
FN:10,(anonymous_3)
FNF:3
FNH:3
FNDA:7,(anonymous_1)
FNDA:4,(anonymous_2)
FNDA:4,(anonymous_3)
DA:2,2
DA:3,2
DA:4,2
DA:5,2
DA:7,2
DA:8,7
DA:9,7
DA:10,4
DA:12,4
DA:14,4
DA:15,4
DA:16,4
DA:17,4
DA:18,0
DA:19,4
DA:20,3
DA:24,4
DA:27,7
LF:18
LH:17
BRDA:14,0,0,1
BRDA:15,1,0,1
BRDA:16,2,0,2
BRDA:17,3,0,0
BRDA:19,4,0,3
BRDA:24,5,0,3
BRDA:24,5,1,1
BRF:7
BRH:6
end_of_record
TN:
SF:src/hooks/redux.ts
FN:7,(anonymous_0)
FNF:1
FNH:1
FNDA:1,(anonymous_0)
DA:1,1
DA:7,1
DA:8,1
LF:3
LH:3
BRF:0
BRH:0
end_of_record
TN:
SF:src/hooks/toggle.ts
FN:3,(anonymous_0)
FN:7,(anonymous_1)
FNF:2
FNH:2
FNDA:11,(anonymous_0)
FNDA:6,(anonymous_1)
DA:3,1
DA:4,11
DA:7,1
DA:8,6
LF:4
LH:4
BRDA:8,0,0,5
BRDA:8,0,1,1
BRF:2
BRH:2
end_of_record
TN:
SF:src/hooks/useBackButtonNavigate.ts
FN:10,(anonymous_0)
FN:15,(anonymous_1)
FN:16,(anonymous_2)
FN:26,(anonymous_3)
FNF:4
FNH:3
FNDA:3,(anonymous_0)
FNDA:3,(anonymous_1)
FNDA:2,(anonymous_2)
FNDA:0,(anonymous_3)
DA:1,1
DA:2,1
DA:3,1
DA:4,1
DA:10,1
DA:14,3
DA:16,3
DA:17,2
DA:18,2
DA:21,3
DA:26,3
LF:11
LH:11
BRDA:17,0,0,1
BRF:1
BRH:1
end_of_record
TN:
SF:src/hooks/useCheckForMultisig.ts
FN:6,(anonymous_0)
FN:16,(anonymous_1)
FN:20,(anonymous_2)
FN:24,(anonymous_3)
FN:30,(anonymous_4)
FN:34,(anonymous_5)
FNF:6
FNH:6
FNDA:6,(anonymous_0)
FNDA:2,(anonymous_1)
FNDA:2,(anonymous_2)
FNDA:1,(anonymous_3)
FNDA:3,(anonymous_4)
FNDA:2,(anonymous_5)
DA:2,2
DA:3,2
DA:4,2
DA:6,2
DA:12,6
DA:13,6
DA:14,6
DA:16,6
DA:17,2
DA:20,6
DA:21,2
DA:22,1
DA:23,1
DA:24,1
DA:27,1
DA:30,6
DA:31,3
DA:34,6
DA:35,2
DA:36,2
DA:37,2
DA:38,2
DA:40,6
LF:23
LH:23
BRDA:21,0,0,1
BRDA:21,0,1,1
BRDA:21,1,0,2
BRDA:21,1,1,1
BRDA:21,1,2,1
BRDA:31,2,0,2
BRF:6
BRH:6
end_of_record
TN:
SF:src/hooks/useHasExpiration.ts
FN:4,(anonymous_0)
FN:6,(anonymous_1)
FN:8,(anonymous_2)
FNF:3
FNH:3
FNDA:4,(anonymous_0)
FNDA:3,(anonymous_1)
FNDA:3,(anonymous_2)
DA:1,1
DA:2,1
DA:4,1
DA:5,4
DA:6,3
DA:7,3
DA:8,3
DA:9,3
LF:8
LH:8
BRDA:5,0,0,1
BRDA:7,1,0,3
BRDA:7,1,1,1
BRF:3
BRH:3
end_of_record
TN:
SF:src/hooks/useLockedPortrait.ts
FN:6,(anonymous_10)
FN:7,(anonymous_11)
FN:8,(anonymous_12)
FNF:3
FNH:3
FNDA:2,(anonymous_10)
FNDA:2,(anonymous_11)
FNDA:1,(anonymous_12)
DA:2,1
DA:3,1
DA:4,1
DA:6,1
DA:7,2
DA:8,2
DA:9,1
DA:12,1
DA:15,2
LF:9
LH:9
BRF:0
BRH:0
end_of_record
TN:
SF:src/hooks/usePotentiallyAnonymousRequest.tsx
FN:14,(anonymous_10)
FN:24,(anonymous_11)
FN:28,(anonymous_12)
FN:35,(anonymous_13)
FN:39,(anonymous_14)
FN:44,(anonymous_15)
FN:48,(anonymous_16)
FN:50,(anonymous_17)
FN:51,(anonymous_18)
FN:56,(anonymous_19)
FN:57,(anonymous_20)
FN:60,(anonymous_21)
FN:61,(anonymous_22)
FN:65,(anonymous_23)
FN:72,(anonymous_24)
FNF:15
FNH:12
FNDA:5,(anonymous_10)
FNDA:5,(anonymous_11)
FNDA:1,(anonymous_12)
FNDA:0,(anonymous_13)
FNDA:4,(anonymous_14)
FNDA:0,(anonymous_15)
FNDA:5,(anonymous_16)
FNDA:1,(anonymous_17)
FNDA:1,(anonymous_18)
FNDA:1,(anonymous_19)
FNDA:1,(anonymous_20)
FNDA:1,(anonymous_21)
FNDA:1,(anonymous_22)
FNDA:2,(anonymous_23)
FNDA:0,(anonymous_24)
DA:2,2
DA:3,2
DA:4,2
DA:8,2
DA:9,2
DA:14,2
DA:15,5
DA:16,5
DA:17,5
DA:18,5
DA:22,5
DA:24,5
DA:25,5
DA:27,1
DA:28,1
DA:30,1
DA:31,1
DA:34,0
DA:35,0
DA:39,4
DA:40,4
DA:41,4
DA:44,0
DA:48,5
DA:50,5
DA:51,1
DA:56,5
DA:57,1
DA:60,5
DA:61,1
DA:65,5
DA:67,5
DA:73,0
LF:33
LH:29
BRDA:25,0,0,1
BRDA:25,0,1,4
BRDA:30,1,0,1
BRDA:35,2,0,0
BRDA:35,2,1,0
BRDA:40,3,0,4
BRDA:44,4,0,0
BRDA:44,4,1,0
BRDA:78,5,0,0
BRDA:78,5,1,0
BRF:10
BRH:4
end_of_record
TN:
SF:src/reducers/accountValueDisplay.ts
FN:4,(anonymous_0)
FNF:1
FNH:1
FNDA:65,(anonymous_0)
DA:2,7
DA:4,7
DA:5,65
DA:7,0
DA:9,65
LF:5
LH:4
BRDA:4,0,0,28
BRDA:5,1,0,0
BRDA:5,1,1,65
BRF:3
BRH:2
end_of_record
TN:
SF:src/reducers/accounts.ts
FN:11,(anonymous_0)
FN:19,(anonymous_1)
FNF:2
FNH:2
FNDA:73,(anonymous_0)
FNDA:2,(anonymous_1)
DA:2,8
DA:11,8
DA:15,73
DA:17,1
DA:19,2
DA:22,2
DA:24,1
DA:26,1
DA:28,67
LF:9
LH:9
BRDA:12,0,0,29
BRDA:15,1,0,1
BRDA:15,1,1,1
BRDA:15,1,2,1
BRDA:15,1,3,2
BRDA:15,1,4,1
BRDA:15,1,5,1
BRDA:15,1,6,67
BRF:8
BRH:8
end_of_record
TN:
SF:src/reducers/activeAccount.ts
FN:15,(anonymous_0)
FNF:1
FNH:1
FNDA:71,(anonymous_0)
DA:8,8
DA:15,8
DA:23,71
DA:25,1
DA:27,1
DA:30,2
DA:32,67
DA:36,8
LF:8
LH:8
BRDA:16,0,0,29
BRDA:23,1,0,1
BRDA:23,1,1,1
BRDA:23,1,2,1
BRDA:23,1,3,2
BRDA:23,1,4,67
BRF:6
BRH:6
end_of_record
TN:
SF:src/reducers/auth.ts
FN:4,(anonymous_0)
FNF:1
FNH:1
FNDA:70,(anonymous_0)
DA:2,8
DA:4,8
DA:8,70
DA:10,1
DA:12,1
DA:14,1
DA:16,67
DA:20,8
LF:8
LH:8
BRDA:5,0,0,29
BRDA:8,1,0,1
BRDA:8,1,1,1
BRDA:8,1,2,1
BRDA:8,1,3,67
BRF:5
BRH:5
end_of_record
TN:
SF:src/reducers/browser.ts
FN:26,(anonymous_0)
FN:29,(anonymous_1)
FN:34,(anonymous_2)
FN:43,(anonymous_3)
FN:57,(anonymous_4)
FN:62,(anonymous_5)
FN:95,(anonymous_6)
FN:146,(anonymous_7)
FN:162,(anonymous_8)
FN:171,(anonymous_9)
FN:179,(anonymous_10)
FN:183,(anonymous_11)
FN:196,(anonymous_12)
FN:200,(anonymous_13)
FN:205,(anonymous_14)
FN:210,(anonymous_15)
FN:247,(anonymous_16)
FN:260,(anonymous_17)
FNF:18
FNH:17
FNDA:11,(anonymous_0)
FNDA:20,(anonymous_1)
FNDA:0,(anonymous_2)
FNDA:14,(anonymous_3)
FNDA:11,(anonymous_4)
FNDA:14,(anonymous_5)
FNDA:4,(anonymous_6)
FNDA:95,(anonymous_7)
FNDA:1,(anonymous_8)
FNDA:1,(anonymous_9)
FNDA:1,(anonymous_10)
FNDA:1,(anonymous_11)
FNDA:1,(anonymous_12)
FNDA:1,(anonymous_13)
FNDA:1,(anonymous_14)
FNDA:9,(anonymous_15)
FNDA:1,(anonymous_16)
FNDA:6,(anonymous_17)
DA:7,8
DA:22,8
DA:24,8
DA:26,8
DA:27,11
DA:29,8
DA:30,20
DA:31,20
DA:34,8
DA:35,0
DA:36,0
DA:37,0
DA:40,0
DA:43,8
DA:47,14
DA:48,14
DA:50,0
DA:51,0
DA:57,8
DA:58,11
DA:60,11
DA:62,14
DA:65,11
DA:67,11
DA:70,11
DA:71,11
DA:72,0
DA:73,0
DA:74,0
DA:76,0
DA:80,0
DA:83,11
DA:84,11
DA:85,11
DA:86,11
DA:95,8
DA:96,4
DA:97,4
DA:98,4
DA:99,4
DA:101,4
DA:102,1
DA:108,3
DA:112,1
DA:113,2
DA:117,0
DA:119,2
DA:120,2
DA:126,2
DA:128,0
DA:130,2
DA:133,3
DA:134,3
DA:135,3
DA:136,3
DA:146,8
DA:157,95
DA:159,4
DA:160,1
DA:162,3
DA:163,1
DA:164,1
DA:166,0
DA:168,3
DA:171,1
DA:177,2
DA:178,2
DA:179,1
DA:182,2
DA:184,1
DA:187,2
DA:193,1
DA:194,1
DA:196,1
DA:198,1
DA:200,1
DA:203,1
DA:205,1
DA:209,3
DA:210,3
DA:211,9
DA:212,6
DA:213,5
DA:214,5
DA:216,3
DA:222,1
DA:227,1
DA:232,3
DA:233,2
DA:239,2
DA:245,1
DA:247,1
DA:248,1
DA:253,1
DA:258,6
DA:261,6
DA:262,5
DA:263,5
DA:265,5
DA:268,5
DA:277,1
DA:281,2
DA:285,2
DA:289,67
DA:290,1
DA:293,8
LF:106
LH:92
BRDA:30,0,0,0
BRDA:30,1,0,20
BRDA:30,1,1,20
BRDA:31,2,0,20
BRDA:31,2,1,8
BRDA:31,2,2,8
BRDA:36,3,0,0
BRDA:47,4,0,14
BRDA:58,5,0,11
BRDA:58,5,1,0
BRDA:60,6,0,8
BRDA:60,6,1,3
BRDA:60,7,0,11
BRDA:60,7,1,8
BRDA:62,8,0,14
BRDA:62,8,1,14
BRDA:65,9,0,11
BRDA:65,9,1,0
BRDA:67,10,0,8
BRDA:67,10,1,3
BRDA:71,11,0,0
BRDA:71,12,0,11
BRDA:71,12,1,11
BRDA:73,13,0,0
BRDA:73,13,1,0
BRDA:97,14,0,4
BRDA:97,14,1,0
BRDA:98,15,0,4
BRDA:98,15,1,2
BRDA:101,16,0,1
BRDA:108,17,0,1
BRDA:108,17,1,2
BRDA:109,18,0,3
BRDA:109,18,1,2
BRDA:113,19,0,0
BRDA:113,19,1,2
BRDA:114,20,0,2
BRDA:114,20,1,1
BRDA:120,21,0,2
BRDA:120,21,1,0
BRDA:147,22,0,29
BRDA:157,23,0,4
BRDA:157,23,1,2
BRDA:157,23,2,1
BRDA:157,23,3,1
BRDA:157,23,4,3
BRDA:157,23,5,1
BRDA:157,23,6,1
BRDA:157,23,7,3
BRDA:157,23,8,1
BRDA:157,23,9,1
BRDA:157,23,10,6
BRDA:157,23,11,2
BRDA:157,23,12,2
BRDA:157,23,13,67
BRDA:159,24,0,1
BRDA:163,25,0,1
BRDA:182,26,0,1
BRDA:182,26,1,1
BRDA:184,27,0,1
BRDA:184,27,1,0
BRDA:211,28,0,3
BRDA:211,29,0,9
BRDA:211,29,1,8
BRDA:212,30,0,1
BRDA:232,31,0,2
BRDA:232,31,1,1
BRDA:232,32,0,3
BRDA:232,32,1,2
BRDA:261,33,0,5
BRDA:265,34,0,4
BRDA:265,34,1,1
BRDA:265,35,0,5
BRDA:265,35,1,4
BRDA:281,36,0,1
BRDA:281,36,1,1
BRDA:285,37,0,1
BRDA:285,37,1,1
BRDA:289,38,0,66
BRF:79
BRH:68
end_of_record
TN:
SF:src/reducers/colors.ts
FN:5,(anonymous_0)
FNF:1
FNH:1
FNDA:65,(anonymous_0)
DA:2,7
DA:5,7
DA:9,65
DA:11,0
DA:13,65
DA:16,7
LF:6
LH:5
BRDA:6,0,0,28
BRDA:9,1,0,0
BRDA:9,1,1,65
BRF:3
BRH:2
end_of_record
TN:
SF:src/reducers/conversions.ts
FN:4,(anonymous_0)
FNF:1
FNH:1
FNDA:71,(anonymous_0)
DA:2,8
DA:4,8
DA:8,71
DA:10,4
DA:12,67
LF:5
LH:5
BRDA:5,0,0,29
BRDA:8,1,0,4
BRDA:8,1,1,67
BRF:3
BRH:3
end_of_record
TN:
SF:src/reducers/currencyPrices.ts
FN:4,(anonymous_0)
FNF:1
FNH:1
FNDA:70,(anonymous_0)
DA:2,8
DA:4,8
DA:8,70
DA:10,3
DA:12,67
DA:16,8
LF:6
LH:6
BRDA:5,0,0,29
BRDA:8,1,0,3
BRDA:8,1,1,67
BRF:3
BRH:3
end_of_record
TN:
SF:src/reducers/delegations.ts
FN:4,(anonymous_0)
FNF:1
FNH:1
FNDA:70,(anonymous_0)
DA:2,8
DA:4,8
DA:8,70
DA:10,2
DA:12,1
DA:14,67
DA:18,8
LF:7
LH:7
BRDA:5,0,0,29
BRDA:8,1,0,2
BRDA:8,1,1,1
BRDA:8,1,2,67
BRF:4
BRH:4
end_of_record
TN:
SF:src/reducers/ecosystem.ts
FN:5,(anonymous_0)
FNF:1
FNH:1
FNDA:65,(anonymous_0)
DA:2,7
DA:5,7
DA:9,65
DA:11,0
DA:13,65
DA:17,7
LF:6
LH:5
BRDA:6,0,0,28
BRDA:9,1,0,0
BRDA:9,1,1,65
BRF:3
BRH:2
end_of_record
TN:
SF:src/reducers/floatingBar.ts
FN:18,(anonymous_0)
FNF:1
FNH:1
FNDA:74,(anonymous_0)
DA:2,8
DA:10,8
DA:18,8
DA:22,74
DA:24,1
DA:26,1
DA:28,1
DA:30,1
DA:32,3
DA:38,67
LF:10
LH:10
BRDA:19,0,0,29
BRDA:22,1,0,1
BRDA:22,1,1,1
BRDA:22,1,2,1
BRDA:22,1,3,1
BRDA:22,1,4,3
BRDA:22,1,5,67
BRF:7
BRH:7
end_of_record
TN:
SF:src/reducers/globalProperties.ts
FN:4,(anonymous_0)
FNF:1
FNH:1
FNDA:70,(anonymous_0)
DA:2,8
DA:4,8
DA:8,70
DA:10,3
DA:12,67
DA:16,8
LF:6
LH:6
BRDA:5,0,0,29
BRDA:8,1,0,3
BRDA:8,1,1,67
BRF:3
BRH:3
end_of_record
TN:
SF:src/reducers/historyFilters.ts
FN:26,(anonymous_0)
FNF:1
FNH:1
FNDA:65,(anonymous_0)
DA:2,8
DA:3,8
DA:5,8
DA:7,8
DA:26,8
DA:30,65
DA:32,0
DA:34,0
DA:36,65
DA:40,8
LF:10
LH:8
BRDA:27,0,0,28
BRDA:30,1,0,0
BRDA:30,1,1,0
BRDA:30,1,2,65
BRF:4
BRH:2
end_of_record
TN:
SF:src/reducers/hiveUri.ts
FN:6,(anonymous_0)
FNF:1
FNH:1
FNDA:69,(anonymous_0)
DA:2,8
DA:6,8
DA:15,69
DA:17,1
DA:19,1
DA:21,67
LF:6
LH:6
BRDA:7,0,0,29
BRDA:15,1,0,1
BRDA:15,1,1,1
BRDA:15,1,2,67
BRF:4
BRH:4
end_of_record
TN:
SF:src/reducers/index.ts
FNF:0
FNH:0
DA:1,7
DA:2,7
DA:3,7
DA:4,7
DA:5,7
DA:6,7
DA:7,7
DA:8,7
DA:9,7
DA:10,7
DA:11,7
DA:12,7
DA:13,7
DA:14,7
DA:15,7
DA:16,7
DA:17,7
DA:18,7
DA:19,7
DA:20,7
DA:21,7
DA:22,7
DA:23,7
DA:24,7
DA:25,7
DA:26,7
DA:27,7
DA:28,7
DA:29,7
DA:30,7
DA:31,7
DA:33,7
LF:32
LH:32
BRF:0
BRH:0
end_of_record
TN:
SF:src/reducers/lastAccount.ts
FN:11,(anonymous_0)
FNF:1
FNH:1
FNDA:72,(anonymous_0)
DA:2,8
DA:3,8
DA:9,8
DA:11,8
DA:15,72
DA:17,1
DA:19,1
DA:21,1
DA:23,2
DA:24,1
DA:26,1
DA:29,67
DA:33,8
LF:13
LH:13
BRDA:12,0,0,29
BRDA:15,1,0,1
BRDA:15,1,1,1
BRDA:15,1,2,1
BRDA:15,1,3,2
BRDA:15,1,4,67
BRDA:23,2,0,1
BRDA:23,2,1,1
BRF:8
BRH:8
end_of_record
TN:
SF:src/reducers/message.ts
FN:10,(anonymous_0)
FNF:1
FNH:1
FNDA:69,(anonymous_0)
DA:2,8
DA:3,8
DA:5,8
DA:10,8
DA:14,69
DA:16,1
DA:18,1
DA:20,67
LF:8
LH:8
BRDA:11,0,0,29
BRDA:14,1,0,1
BRDA:14,1,1,1
BRDA:14,1,2,67
BRF:4
BRH:4
end_of_record
TN:
SF:src/reducers/navigation.ts
FN:5,(anonymous_0)
FNF:1
FNH:1
FNDA:68,(anonymous_0)
DA:2,8
DA:3,8
DA:5,8
DA:9,68
DA:11,1
DA:13,67
LF:6
LH:6
BRDA:6,0,0,29
BRDA:9,1,0,1
BRDA:9,1,1,67
BRF:3
BRH:3
end_of_record
TN:
SF:src/reducers/notifications.ts
FN:12,(anonymous_0)
FN:21,(anonymous_1)
FNF:2
FNH:2
FNDA:74,(anonymous_0)
FNDA:4,(anonymous_1)
DA:2,8
DA:12,8
DA:16,74
DA:18,3
DA:20,4
DA:21,4
DA:25,67
LF:7
LH:7
BRDA:13,0,0,29
BRDA:16,1,0,3
BRDA:16,1,1,4
BRDA:16,1,2,67
BRF:4
BRH:4
end_of_record
TN:
SF:src/reducers/phishing.ts
FN:4,(anonymous_0)
FNF:1
FNH:1
FNDA:65,(anonymous_0)
DA:2,7
DA:4,7
DA:8,65
DA:10,0
DA:12,65
LF:5
LH:4
BRDA:5,0,0,28
BRDA:8,1,0,0
BRDA:8,1,1,65
BRF:3
BRH:2
end_of_record
TN:
SF:src/reducers/preferences.ts
FN:9,(anonymous_0)
FNF:1
FNH:1
FNDA:73,(anonymous_0)
DA:2,8
DA:3,8
DA:9,8
DA:13,73
DA:15,4
DA:16,4
DA:18,2
DA:19,2
DA:22,67
DA:25,8
LF:10
LH:10
BRDA:10,0,0,29
BRDA:13,1,0,4
BRDA:13,1,1,2
BRDA:13,1,2,67
BRF:4
BRH:4
end_of_record
TN:
SF:src/reducers/recurrentTransfers.ts
FN:5,(anonymous_0)
FNF:1
FNH:1
FNDA:65,(anonymous_0)
DA:2,7
DA:5,7
DA:9,65
DA:11,0
DA:13,65
LF:5
LH:4
BRDA:6,0,0,28
BRDA:9,1,0,0
BRDA:9,1,1,65
BRF:3
BRH:2
end_of_record
TN:
SF:src/reducers/rpcSwitcher.ts
FN:8,(anonymous_0)
FNF:1
FNH:1
FNDA:70,(anonymous_0)
DA:2,8
DA:8,8
DA:12,70
DA:14,1
DA:16,2
DA:18,67
DA:22,8
LF:7
LH:7
BRDA:9,0,0,29
BRDA:12,1,0,1
BRDA:12,1,1,2
BRDA:12,1,2,67
BRF:4
BRH:4
end_of_record
TN:
SF:src/reducers/settings.ts
FN:15,(anonymous_0)
FNF:1
FNH:1
FNDA:71,(anonymous_0)
DA:2,8
DA:9,8
DA:10,8
DA:15,8
DA:30,71
DA:32,3
DA:34,1
DA:36,0
DA:38,1
DA:40,1
DA:42,65
LF:11
LH:10
BRDA:16,0,0,29
BRDA:30,1,0,3
BRDA:30,1,1,1
BRDA:30,1,2,0
BRDA:30,1,3,1
BRDA:30,1,4,1
BRDA:30,1,5,65
BRF:7
BRH:6
end_of_record
TN:
SF:src/reducers/tokenHistory.ts
FN:5,(anonymous_0)
FNF:1
FNH:1
FNDA:72,(anonymous_0)
DA:2,8
DA:5,8
DA:9,72
DA:11,3
DA:13,2
DA:15,67
LF:6
LH:6
BRDA:6,0,0,29
BRDA:9,1,0,3
BRDA:9,1,1,2
BRDA:9,1,2,67
BRF:4
BRH:4
end_of_record
TN:
SF:src/reducers/tokens.ts
FN:5,(anonymous_0)
FNF:1
FNH:1
FNDA:70,(anonymous_0)
DA:2,8
DA:5,8
DA:9,70
DA:11,3
DA:13,67
LF:5
LH:5
BRDA:6,0,0,29
BRDA:9,1,0,3
BRDA:9,1,1,67
BRF:3
BRH:3
end_of_record
TN:
SF:src/reducers/tokensFilters.ts
FN:7,(anonymous_0)
FN:29,(anonymous_1)
FNF:2
FNH:2
FNDA:8,(anonymous_0)
FNDA:65,(anonymous_1)
DA:2,8
DA:3,8
DA:5,8
DA:7,8
DA:8,8
DA:9,8
DA:10,8
DA:11,8
DA:12,8
DA:13,8
DA:15,8
DA:29,8
DA:33,65
DA:35,0
DA:37,0
DA:39,65
DA:43,8
LF:17
LH:15
BRDA:7,0,0,8
BRDA:7,0,1,8
BRDA:30,1,0,28
BRDA:33,2,0,0
BRDA:33,2,1,0
BRDA:33,2,2,65
BRF:6
BRH:4
end_of_record
TN:
SF:src/reducers/tokensMarket.ts
FN:5,(anonymous_0)
FNF:1
FNH:1
FNDA:65,(anonymous_0)
DA:2,7
DA:5,7
DA:9,65
DA:11,0
DA:13,65
LF:5
LH:4
BRDA:6,0,0,28
BRDA:9,1,0,0
BRDA:9,1,1,65
BRF:3
BRH:2
end_of_record
TN:
SF:src/reducers/transactions.ts
FN:11,(anonymous_1)
FNF:1
FNH:1
FNDA:72,(anonymous_1)
DA:2,8
DA:9,8
DA:11,8
DA:15,72
DA:17,1
DA:19,1
DA:21,1
DA:23,2
DA:29,67
LF:9
LH:9
BRDA:12,0,0,29
BRDA:15,1,0,1
BRDA:15,1,1,1
BRDA:15,1,2,1
BRDA:15,1,3,2
BRDA:15,1,4,67
BRF:6
BRH:6
end_of_record
TN:
SF:src/reducers/userTokens.ts
FN:9,(anonymous_0)
FNF:1
FNH:1
FNDA:73,(anonymous_0)
DA:2,8
DA:9,8
DA:13,73
DA:15,1
DA:17,3
DA:19,2
DA:21,67
LF:7
LH:7
BRDA:10,0,0,29
BRDA:13,1,0,1
BRDA:13,1,1,3
BRDA:13,1,2,2
BRDA:13,1,3,67
BRF:5
BRH:5
end_of_record
TN:
SF:src/reducers/configs/index.ts
FN:5,(anonymous_1)
FNF:1
FNH:1
FNDA:24,(anonymous_1)
DA:1,10
DA:3,10
DA:5,24
LF:3
LH:3
BRF:0
BRH:0
end_of_record
TN:
SF:src/reducers/hiveAuthenticationService/index.ts
FN:13,(anonymous_0)
FN:21,(anonymous_1)
FN:34,(anonymous_2)
FN:36,(anonymous_3)
FN:37,(anonymous_4)
FN:43,(anonymous_5)
FN:45,(anonymous_6)
FN:46,(anonymous_7)
FN:55,(anonymous_8)
FN:63,(anonymous_9)
FN:70,(anonymous_10)
FN:79,(anonymous_11)
FN:86,(anonymous_12)
FN:92,(anonymous_13)
FN:95,(anonymous_14)
FN:95,(anonymous_15)
FN:105,(anonymous_16)
FNF:17
FNH:17
FNDA:87,(anonymous_0)
FNDA:2,(anonymous_1)
FNDA:2,(anonymous_2)
FNDA:2,(anonymous_3)
FNDA:1,(anonymous_4)
FNDA:2,(anonymous_5)
FNDA:2,(anonymous_6)
FNDA:1,(anonymous_7)
FNDA:2,(anonymous_8)
FNDA:1,(anonymous_9)
FNDA:1,(anonymous_10)
FNDA:1,(anonymous_11)
FNDA:1,(anonymous_12)
FNDA:5,(anonymous_13)
FNDA:4,(anonymous_14)
FNDA:2,(anonymous_15)
FNDA:3,(anonymous_16)
DA:1,8
DA:13,8
DA:17,87
DA:19,4
DA:20,4
DA:21,4
DA:22,2
DA:24,4
DA:32,2
DA:34,2
DA:36,2
DA:38,1
DA:39,1
DA:43,2
DA:45,2
DA:47,1
DA:48,1
DA:53,2
DA:54,2
DA:55,2
DA:57,2
DA:58,1
DA:59,1
DA:62,2
DA:63,1
DA:65,2
DA:66,1
DA:67,1
DA:70,1
DA:76,1
DA:78,2
DA:79,1
DA:81,2
DA:82,1
DA:83,1
DA:86,1
DA:91,3
DA:92,5
DA:94,3
DA:95,4
DA:97,3
DA:103,4
DA:104,4
DA:105,4
DA:106,4
DA:107,4
DA:110,67
LF:47
LH:47
BRDA:14,0,0,29
BRDA:17,1,0,4
BRDA:17,1,1,2
BRDA:17,1,2,2
BRDA:17,1,3,2
BRDA:17,1,4,1
BRDA:17,1,5,2
BRDA:17,1,6,3
BRDA:17,1,7,4
BRDA:17,1,8,67
BRDA:21,2,0,2
BRDA:57,3,0,1
BRDA:81,4,0,1
BRF:13
BRH:13
end_of_record
TN:
SF:src/store/index.ts
FN:59,(anonymous_1)
FN:62,(anonymous_2)
FNF:2
FNH:2
FNDA:4,(anonymous_1)
FNDA:3,(anonymous_2)
DA:1,8
DA:2,8
DA:3,8
DA:10,8
DA:11,8
DA:12,8
DA:14,8
DA:29,8
DA:35,8
DA:42,8
DA:46,8
DA:53,8
DA:57,8
DA:59,8
DA:60,4
DA:61,4
DA:62,3
DA:64,4
DA:65,1
DA:66,1
DA:68,4
DA:69,4
DA:70,4
DA:71,4
DA:72,4
DA:74,8
DA:75,7
DA:78,4
DA:81,8
LF:29
LH:29
BRDA:61,0,0,2
BRDA:61,1,0,4
BRDA:61,1,1,2
BRDA:64,2,0,1
BRDA:74,3,0,7
BRDA:74,4,0,8
BRDA:74,4,1,8
BRF:7
BRH:7
end_of_record
TN:
SF:src/store/transforms.ts
FN:11,(anonymous_1)
FN:12,(anonymous_2)
FN:41,(anonymous_3)
FN:44,(anonymous_4)
FN:45,(anonymous_5)
FN:51,(anonymous_6)
FN:51,(anonymous_7)
FN:52,(anonymous_8)
FN:61,(anonymous_9)
FNF:9
FNH:9
FNDA:12,(anonymous_1)
FNDA:1,(anonymous_2)
FNDA:7,(anonymous_3)
FNDA:6,(anonymous_4)
FNDA:4,(anonymous_5)
FNDA:5,(anonymous_6)
FNDA:5,(anonymous_7)
FNDA:2,(anonymous_8)
FNDA:1,(anonymous_9)
DA:2,9
DA:4,9
DA:5,9
DA:10,9
DA:11,12
DA:13,1
DA:14,1
DA:15,1
DA:19,0
DA:20,1
DA:32,0
DA:37,9
DA:42,7
DA:43,6
DA:44,6
DA:46,4
DA:47,4
DA:49,6
DA:51,5
DA:53,2
DA:54,2
DA:55,2
DA:56,2
DA:61,1
DA:65,9
LF:25
LH:23
BRDA:13,0,0,1
BRDA:15,1,0,0
BRDA:16,2,0,1
BRDA:16,2,1,0
BRDA:16,2,2,1
BRDA:26,3,0,1
BRDA:26,3,1,0
BRDA:28,4,0,1
BRDA:28,4,1,0
BRDA:42,5,0,1
BRDA:44,6,0,6
BRDA:44,6,1,5
BRF:12
BRH:8
end_of_record
TN:
SF:src/utils/account.utils.ts
FN:12,(anonymous_0)
FN:24,(anonymous_1)
FN:40,(anonymous_2)
FN:47,(anonymous_3)
FN:70,(anonymous_4)
FN:73,(anonymous_5)
FN:85,(anonymous_6)
FN:91,(anonymous_7)
FN:99,(anonymous_8)
FN:103,(anonymous_9)
FN:107,(anonymous_10)
FN:111,(anonymous_11)
FN:135,(anonymous_12)
FN:156,(anonymous_13)
FN:180,(anonymous_14)
FN:184,(anonymous_15)
FNF:16
FNH:16
FNDA:12,(anonymous_0)
FNDA:10,(anonymous_1)
FNDA:8,(anonymous_2)
FNDA:6,(anonymous_3)
FNDA:2,(anonymous_4)
FNDA:2,(anonymous_5)
FNDA:2,(anonymous_6)
FNDA:2,(anonymous_7)
FNDA:2,(anonymous_8)
FNDA:4,(anonymous_9)
FNDA:2,(anonymous_10)
FNDA:3,(anonymous_11)
FNDA:3,(anonymous_12)
FNDA:2,(anonymous_13)
FNDA:2,(anonymous_14)
FNDA:4,(anonymous_15)
DA:7,9
DA:8,9
DA:9,9
DA:10,9
DA:12,9
DA:20,12
DA:21,2
DA:22,10
DA:24,10
DA:27,2
DA:28,1
DA:34,1
DA:36,1
DA:38,8
DA:40,8
DA:43,2
DA:44,1
DA:46,6
DA:47,6
DA:51,6
DA:53,6
DA:54,1
DA:55,0
DA:58,0
DA:60,1
DA:62,5
DA:64,5
DA:65,5
DA:67,5
DA:69,5
DA:70,2
DA:72,5
DA:73,2
DA:76,5
DA:77,2
DA:78,1
DA:83,3
DA:84,2
DA:85,2
DA:87,2
DA:89,3
DA:90,2
DA:91,2
DA:93,2
DA:96,3
DA:99,9
DA:100,2
DA:103,9
DA:104,4
DA:107,9
DA:108,2
DA:111,9
DA:112,3
DA:116,3
DA:117,3
DA:119,3
DA:120,3
DA:121,3
DA:123,3
DA:124,1
DA:125,2
DA:126,1
DA:129,3
DA:135,9
DA:136,3
DA:137,3
DA:141,1
DA:143,1
DA:153,2
DA:156,9
DA:160,2
DA:163,2
DA:167,2
DA:172,2
DA:176,2
DA:177,2
DA:180,9
DA:181,2
DA:184,9
DA:185,4
DA:186,4
DA:187,3
DA:188,3
DA:189,1
DA:191,4
DA:192,3
DA:193,3
DA:194,2
DA:196,4
DA:197,4
DA:198,4
DA:200,4
DA:203,9
DA:215,9
LF:94
LH:92
BRDA:20,0,0,2
BRDA:20,1,0,12
BRDA:20,1,1,11
BRDA:22,2,0,2
BRDA:27,3,0,1
BRDA:38,4,0,2
BRDA:38,4,1,6
BRDA:43,5,0,1
BRDA:53,6,0,1
BRDA:53,7,0,6
BRDA:53,7,1,6
BRDA:54,8,0,0
BRDA:76,9,0,2
BRDA:76,10,0,5
BRDA:76,10,1,3
BRDA:77,11,0,1
BRDA:83,12,0,2
BRDA:89,13,0,2
BRDA:123,14,0,1
BRDA:123,14,1,2
BRDA:123,15,0,3
BRDA:123,15,1,3
BRDA:125,16,0,1
BRDA:137,17,0,1
BRDA:137,17,1,2
BRDA:138,18,0,3
BRDA:138,18,1,2
BRDA:186,19,0,3
BRDA:188,20,0,1
BRDA:191,21,0,3
BRDA:193,22,0,2
BRDA:196,23,0,4
BRF:32
BRH:31
end_of_record
TN:
SF:src/utils/accountCreation.utils.ts
FN:10,(anonymous_1)
FN:35,(anonymous_2)
FN:40,(anonymous_3)
FN:48,(anonymous_4)
FN:54,(anonymous_5)
FN:111,(anonymous_6)
FN:155,(anonymous_7)
FNF:7
FNH:7
FNDA:1,(anonymous_1)
FNDA:4,(anonymous_2)
FNDA:3,(anonymous_3)
FNDA:11,(anonymous_4)
FNDA:5,(anonymous_5)
FNDA:2,(anonymous_6)
FNDA:9,(anonymous_7)
DA:1,1
DA:3,1
DA:6,1
DA:7,1
DA:8,1
DA:10,1
DA:11,1
DA:12,1
DA:13,1
DA:35,1
DA:36,4
DA:37,4
DA:40,1
DA:41,3
DA:42,3
DA:44,3
DA:45,3
DA:48,1
DA:49,11
DA:54,1
DA:64,5
DA:65,5
DA:67,2
DA:75,2
DA:78,3
DA:89,3
DA:92,5
DA:93,2
DA:104,3
DA:105,2
DA:107,1
DA:111,1
DA:119,2
DA:155,1
DA:156,9
DA:157,9
DA:159,1
DA:160,1
DA:162,1
DA:163,1
DA:165,1
DA:166,1
DA:168,1
DA:169,1
DA:171,1
DA:172,1
DA:174,1
DA:175,1
DA:177,2
DA:178,1
DA:180,1
DA:181,1
DA:184,1
DA:188,1
LF:54
LH:54
BRDA:10,0,0,1
BRDA:10,0,1,1
BRDA:37,1,0,2
BRDA:37,1,1,2
BRDA:65,2,0,2
BRDA:65,2,1,3
BRDA:92,3,0,2
BRDA:92,3,1,3
BRDA:92,4,0,5
BRDA:92,4,1,4
BRDA:104,5,0,2
BRDA:104,5,1,1
BRDA:104,6,0,3
BRDA:104,6,1,2
BRDA:157,7,0,1
BRDA:157,7,1,1
BRDA:157,7,2,1
BRDA:157,7,3,1
BRDA:157,7,4,1
BRDA:157,7,5,1
BRDA:157,7,6,2
BRDA:157,7,7,1
BRDA:177,8,0,1
BRDA:177,8,1,1
BRF:24
BRH:24
end_of_record
TN:
SF:src/utils/analytics.utils.ts
FN:6,(anonymous_0)
FNF:1
FNH:1
FNDA:4,(anonymous_0)
DA:1,1
DA:2,1
DA:6,1
DA:7,4
DA:8,4
DA:9,4
DA:11,4
DA:12,4
DA:13,4
DA:15,4
DA:21,1
LF:11
LH:11
BRDA:8,0,0,4
BRF:1
BRH:1
end_of_record
TN:
SF:src/utils/array.utils.ts
FN:1,(anonymous_0)
FN:16,(anonymous_1)
FN:26,(anonymous_2)
FNF:3
FNH:3
FNDA:10,(anonymous_0)
FNDA:7,(anonymous_1)
FNDA:8,(anonymous_2)
DA:1,9
DA:2,10
DA:3,10
DA:4,30
DA:5,67
DA:6,18
DA:8,49
DA:13,10
DA:16,9
DA:17,7
DA:18,7
DA:19,21
DA:20,10
DA:23,7
DA:26,9
DA:27,8
DA:28,8
DA:29,26
DA:30,13
DA:33,8
DA:36,9
DA:42,9
LF:22
LH:22
BRDA:5,0,0,18
BRDA:5,0,1,49
BRDA:6,1,0,4
BRDA:8,2,0,8
BRDA:19,3,0,10
BRDA:19,4,0,21
BRDA:19,4,1,7
BRDA:19,4,2,17
BRDA:20,5,0,4
BRDA:20,5,1,6
BRDA:29,6,0,13
BRDA:29,7,0,26
BRDA:29,7,1,7
BRDA:29,7,2,22
BRDA:30,8,0,4
BRDA:30,8,1,9
BRF:16
BRH:16
end_of_record
TN:
SF:src/utils/async.utils.ts
FN:1,(anonymous_0)
FN:2,(anonymous_1)
FN:3,(anonymous_2)
FNF:3
FNH:3
FNDA:6,(anonymous_0)
FNDA:6,(anonymous_1)
FNDA:6,(anonymous_2)
DA:1,1
DA:2,6
DA:3,6
DA:4,6
DA:9,1
LF:5
LH:5
BRF:0
BRH:0
end_of_record
TN:
SF:src/utils/authentication.utils.ts
FN:8,(anonymous_1)
FN:10,(anonymous_2)
FN:13,(anonymous_3)
FN:16,(anonymous_4)
FN:36,(anonymous_5)
FN:56,(anonymous_6)
FN:76,(anonymous_7)
FN:79,(anonymous_8)
FN:100,(anonymous_9)
FN:109,(anonymous_10)
FNF:10
FNH:10
FNDA:4,(anonymous_1)
FNDA:2,(anonymous_2)
FNDA:8,(anonymous_3)
FNDA:2,(anonymous_4)
FNDA:3,(anonymous_5)
FNDA:2,(anonymous_6)
FNDA:2,(anonymous_7)
FNDA:3,(anonymous_8)
FNDA:4,(anonymous_9)
FNDA:2,(anonymous_10)
DA:1,10
DA:2,10
DA:3,10
DA:6,10
DA:8,10
DA:10,10
DA:11,2
DA:13,10
DA:14,8
DA:16,10
DA:17,2
DA:18,2
DA:20,2
DA:26,2
DA:33,2
DA:36,10
DA:37,3
DA:48,3
DA:49,1
DA:52,2
DA:53,2
DA:56,10
DA:57,2
DA:68,2
DA:69,1
DA:72,1
DA:73,1
DA:76,10
DA:77,2
DA:79,10
DA:83,3
DA:90,3
DA:91,1
DA:100,10
DA:101,4
DA:109,10
DA:110,2
DA:111,2
DA:112,1
DA:114,1
DA:115,1
DA:116,1
DA:119,10
DA:130,10
LF:44
LH:44
BRDA:6,0,0,10
BRDA:6,0,1,0
BRDA:6,0,2,0
BRDA:48,1,0,1
BRDA:48,2,0,3
BRDA:48,2,1,2
BRDA:68,3,0,1
BRDA:68,4,0,2
BRDA:68,4,1,1
BRDA:81,5,0,0
BRDA:90,6,0,1
BRDA:100,7,0,0
BRDA:102,8,0,1
BRDA:102,8,1,3
BRDA:111,9,0,1
BRF:15
BRH:11
end_of_record
TN:
SF:src/utils/automatedTasks.utils.ts
FN:8,(anonymous_1)
FN:16,(anonymous_2)
FN:37,(anonymous_3)
FN:50,(anonymous_4)
FN:77,(anonymous_5)
FN:90,(anonymous_6)
FN:98,(anonymous_7)
FN:106,(anonymous_8)
FN:116,(anonymous_9)
FN:139,(anonymous_10)
FN:150,(anonymous_11)
FN:162,(anonymous_12)
FN:163,(anonymous_13)
FN:171,(anonymous_14)
FN:175,(anonymous_15)
FNF:15
FNH:8
FNDA:1,(anonymous_1)
FNDA:3,(anonymous_2)
FNDA:1,(anonymous_3)
FNDA:3,(anonymous_4)
FNDA:0,(anonymous_5)
FNDA:2,(anonymous_6)
FNDA:2,(anonymous_7)
FNDA:0,(anonymous_8)
FNDA:1,(anonymous_9)
FNDA:2,(anonymous_10)
FNDA:0,(anonymous_11)
FNDA:0,(anonymous_12)
FNDA:0,(anonymous_13)
FNDA:0,(anonymous_14)
FNDA:0,(anonymous_15)
DA:1,1
DA:4,1
DA:6,1
DA:8,1
DA:9,1
DA:10,1
DA:17,3
DA:20,1
DA:23,1
DA:26,1
DA:30,1
DA:37,1
DA:43,1
DA:44,1
DA:51,3
DA:53,1
DA:54,1
DA:55,1
DA:57,1
DA:61,1
DA:65,1
DA:70,1
DA:77,1
DA:82,0
DA:83,0
DA:87,0
DA:90,1
DA:93,2
DA:94,1
DA:98,1
DA:101,2
DA:102,1
DA:106,1
DA:109,0
DA:110,0
DA:111,0
DA:112,0
DA:116,1
DA:117,1
DA:118,1
DA:121,1
DA:122,1
DA:123,0
DA:125,1
DA:130,1
DA:135,0
DA:139,1
DA:140,2
DA:141,2
DA:144,2
DA:146,0
DA:150,1
DA:154,0
DA:155,0
DA:161,0
DA:162,0
DA:163,0
DA:164,0
DA:167,0
DA:171,1
DA:175,0
DA:176,0
DA:178,0
DA:183,0
DA:184,0
DA:185,0
DA:187,0
DA:192,0
DA:198,1
DA:211,1
LF:70
LH:45
BRDA:17,0,0,3
BRDA:17,0,1,0
BRDA:20,1,0,1
BRDA:20,1,1,0
BRDA:23,2,0,1
BRDA:23,2,1,0
BRDA:26,3,0,1
BRDA:26,3,1,0
BRDA:51,4,0,0
BRDA:51,4,1,3
BRDA:53,5,0,1
BRDA:53,5,1,0
BRDA:54,6,0,1
BRDA:54,6,1,0
BRDA:55,7,0,1
BRDA:55,7,1,0
BRDA:82,8,0,0
BRDA:82,8,1,0
BRDA:93,9,0,1
BRDA:101,10,0,1
BRDA:109,11,0,0
BRDA:109,11,1,0
BRDA:111,12,0,0
BRDA:121,13,0,0
BRDA:121,13,1,1
BRDA:122,14,0,0
BRDA:122,14,1,1
BRDA:144,15,0,1
BRDA:144,15,1,1
BRDA:144,16,0,2
BRDA:144,16,1,1
BRDA:161,17,0,0
BRDA:161,17,1,0
BRDA:161,18,0,0
BRDA:161,18,1,0
BRDA:183,19,0,0
BRDA:183,19,1,0
BRDA:184,20,0,0
BRDA:184,20,1,0
BRF:39
BRH:16
end_of_record
TN:
SF:src/utils/browser.utils.ts
FN:12,(anonymous_1)
FN:20,(anonymous_2)
FN:62,(anonymous_3)
FN:65,(anonymous_4)
FN:75,(anonymous_5)
FN:76,(anonymous_6)
FNF:6
FNH:5
FNDA:5,(anonymous_1)
FNDA:14,(anonymous_2)
FNDA:3,(anonymous_3)
FNDA:0,(anonymous_4)
FNDA:3,(anonymous_5)
FNDA:3,(anonymous_6)
DA:4,3
DA:6,3
DA:8,3
DA:9,3
DA:10,3
DA:12,3
DA:13,5
DA:14,5
DA:15,5
DA:16,5
DA:17,5
DA:20,3
DA:21,14
DA:22,0
DA:25,14
DA:26,14
DA:27,2
DA:30,12
DA:31,2
DA:37,10
DA:38,5
DA:41,5
DA:42,5
DA:43,5
DA:44,5
DA:50,1
DA:53,4
DA:58,0
DA:62,3
DA:63,3
DA:65,3
DA:68,0
DA:72,0
DA:75,3
DA:76,3
DA:79,3
LF:36
LH:32
BRDA:13,0,0,5
BRDA:13,0,1,5
BRDA:16,1,0,4
BRDA:16,1,1,1
BRDA:21,2,0,0
BRDA:26,3,0,2
BRDA:30,4,0,2
BRDA:37,5,0,5
BRDA:44,6,0,1
BRDA:45,7,0,5
BRDA:45,7,1,5
BRF:11
BRH:10
end_of_record
TN:
SF:src/utils/colors.utils.ts
FN:7,(anonymous_1)
FN:11,(anonymous_2)
FNF:2
FNH:2
FNDA:4,(anonymous_1)
FNDA:8,(anonymous_2)
DA:1,11
DA:2,11
DA:7,11
DA:8,4
DA:11,11
DA:16,8
LF:6
LH:6
BRF:0
BRH:0
end_of_record
TN:
SF:src/utils/config.utils.ts
FNF:0
FNH:0
DA:1,16
DA:2,16
DA:3,16
DA:6,16
DA:10,16
DA:14,16
DA:20,16
DA:34,16
DA:42,16
DA:61,16
DA:73,16
DA:79,16
DA:83,16
DA:92,16
DA:97,16
LF:15
LH:15
BRDA:4,0,0,16
BRDA:4,0,1,16
BRDA:75,1,0,16
BRDA:75,1,1,16
BRDA:84,2,0,16
BRDA:84,2,1,16
BRDA:85,3,0,16
BRDA:85,3,1,16
BRDA:87,4,0,0
BRDA:87,4,1,16
BRF:10
BRH:9
end_of_record
TN:
SF:src/utils/currency.utils.ts
FN:7,(anonymous_0)
FN:12,(anonymous_1)
FN:20,(anonymous_2)
FNF:3
FNH:3
FNDA:1,(anonymous_0)
FNDA:10,(anonymous_1)
FNDA:8,(anonymous_2)
DA:7,1
DA:8,1
DA:9,1
DA:12,1
DA:13,10
DA:20,1
DA:21,8
DA:22,8
DA:23,8
DA:26,1
DA:31,1
LF:11
LH:11
BRDA:7,0,0,1
BRDA:7,0,1,1
BRDA:14,1,0,3
BRDA:14,1,1,7
BRDA:15,2,0,3
BRDA:15,2,1,7
BRDA:16,3,0,3
BRDA:16,3,1,7
BRDA:23,4,0,7
BRDA:23,4,1,1
BRF:10
BRH:10
end_of_record
TN:
SF:src/utils/ecosystem.utils.ts
FN:4,(anonymous_1)
FNF:1
FNH:1
FNDA:8,(anonymous_1)
DA:1,10
DA:4,10
DA:5,8
DA:7,10
LF:4
LH:4
BRF:0
BRH:0
end_of_record
TN:
SF:src/utils/encrypt.utils.ts
FN:10,(anonymous_1)
FN:19,(anonymous_2)
FN:26,(anonymous_3)
FN:50,(anonymous_4)
FN:68,(anonymous_5)
FNF:5
FNH:5
FNDA:11,(anonymous_1)
FNDA:1,(anonymous_2)
FNDA:2,(anonymous_3)
FNDA:1,(anonymous_4)
FNDA:2,(anonymous_5)
DA:1,11
DA:2,11
DA:3,11
DA:6,11
DA:7,11
DA:8,11
DA:10,11
DA:11,11
DA:12,11
DA:19,11
DA:20,1
DA:21,1
DA:22,1
DA:26,11
DA:31,2
DA:32,2
DA:33,2
DA:35,2
DA:36,1
DA:38,1
DA:41,0
DA:42,0
DA:44,0
DA:45,0
DA:50,11
DA:51,1
DA:52,1
DA:57,1
DA:58,1
DA:63,1
DA:64,1
DA:68,11
DA:73,2
DA:74,2
DA:75,2
DA:76,2
DA:82,2
DA:87,2
LF:38
LH:34
BRDA:8,0,0,0
BRDA:8,0,1,11
BRDA:10,1,0,11
BRDA:10,1,1,11
BRDA:29,2,0,2
BRDA:35,3,0,1
BRDA:35,3,1,1
BRDA:35,4,0,2
BRDA:35,4,1,2
BRDA:41,5,0,0
BRDA:50,6,0,1
BRDA:71,7,0,0
BRDA:78,8,0,2
BRDA:78,8,1,0
BRDA:80,9,0,2
BRDA:80,9,1,0
BRF:16
BRH:11
end_of_record
TN:
SF:src/utils/escrowHistory.utils.ts
FN:4,(anonymous_0)
FNF:1
FNH:1
FNDA:1,(anonymous_0)
DA:2,1
DA:4,1
DA:7,1
LF:3
LH:3
BRF:0
BRH:0
end_of_record
TN:
SF:src/utils/exportTransactions.utils.ts
FN:21,(anonymous_1)
FN:45,(anonymous_2)
FNF:2
FNH:1
FNDA:0,(anonymous_1)
FNDA:20,(anonymous_2)
DA:6,1
DA:7,1
DA:8,1
DA:21,1
DA:22,0
DA:23,0
DA:24,0
DA:25,0
DA:45,1
DA:53,20
DA:54,20
DA:55,20
DA:56,19
DA:57,19
DA:58,19
DA:59,19
DA:61,19
DA:62,19
DA:63,19
DA:65,19
DA:66,19
DA:67,19
DA:76,19
DA:77,19
DA:78,18
DA:79,18
DA:80,18
DA:81,18
DA:83,18
DA:86,18
DA:87,18
DA:91,1
DA:93,17
DA:94,1
DA:95,1
DA:98,16
DA:109,16
DA:112,2
DA:113,2
DA:116,2
DA:123,2
DA:126,1
DA:129,1
DA:136,1
DA:139,1
DA:142,1
DA:149,1
DA:152,1
DA:155,1
DA:162,1
DA:166,1
DA:169,1
DA:176,1
DA:177,1
DA:184,1
DA:187,1
DA:190,1
DA:197,1
DA:198,1
DA:205,1
DA:208,1
DA:215,1
DA:219,1
DA:222,1
DA:228,1
DA:231,2
DA:234,2
DA:235,1
DA:241,2
DA:242,2
DA:243,1
DA:249,2
DA:252,2
DA:253,1
DA:259,2
DA:262,1
DA:265,1
DA:266,1
DA:273,1
DA:274,1
DA:275,1
DA:282,1
DA:286,2
DA:287,2
DA:288,2
DA:294,2
DA:297,1
DA:298,1
DA:299,1
DA:306,1
DA:309,1
DA:312,1
DA:313,1
DA:320,1
DA:321,1
DA:322,1
DA:329,1
DA:332,0
DA:333,0
DA:334,0
DA:341,0
DA:344,1
DA:345,1
DA:349,19
DA:351,19
DA:352,19
DA:353,18
DA:355,0
DA:356,0
DA:360,0
DA:361,0
DA:364,0
DA:366,0
DA:368,0
DA:370,19
DA:373,1
DA:377,1
DA:381,1
LF:118
LH:103
BRDA:83,0,0,0
BRDA:83,0,1,18
BRDA:87,1,0,1
BRDA:88,2,0,18
BRDA:88,2,1,18
BRDA:93,3,0,1
BRDA:93,4,0,17
BRDA:93,4,1,17
BRDA:109,5,0,1
BRDA:109,5,1,2
BRDA:109,5,2,1
BRDA:109,5,3,1
BRDA:109,5,4,1
BRDA:109,5,5,1
BRDA:109,5,6,1
BRDA:109,5,7,1
BRDA:109,5,8,2
BRDA:109,5,9,1
BRDA:109,5,10,1
BRDA:109,5,11,2
BRDA:109,5,12,1
BRDA:109,5,13,1
BRDA:109,5,14,0
BRDA:109,5,15,1
BRDA:234,6,0,1
BRDA:242,7,0,1
BRDA:252,8,0,1
BRDA:265,9,0,1
BRDA:274,10,0,1
BRDA:287,11,0,2
BRDA:298,12,0,1
BRDA:312,13,0,1
BRDA:321,14,0,1
BRDA:333,15,0,0
BRDA:349,16,0,19
BRDA:349,16,1,0
BRDA:349,17,0,19
BRDA:349,17,1,19
BRDA:364,18,0,0
BRDA:367,19,0,0
BRDA:367,19,1,0
BRF:41
BRH:34
end_of_record
TN:
SF:src/utils/favoriteUsers.utils.ts
FN:24,(anonymous_1)
FN:36,(anonymous_2)
FN:37,(anonymous_3)
FN:64,(anonymous_4)
FN:84,(anonymous_5)
FN:90,(anonymous_6)
FN:91,(anonymous_7)
FN:104,(anonymous_8)
FN:136,(anonymous_9)
FN:137,(anonymous_10)
FN:175,(anonymous_11)
FN:182,(anonymous_12)
FNF:12
FNH:8
FNDA:3,(anonymous_1)
FNDA:2,(anonymous_2)
FNDA:4,(anonymous_3)
FNDA:1,(anonymous_4)
FNDA:0,(anonymous_5)
FNDA:1,(anonymous_6)
FNDA:1,(anonymous_7)
FNDA:0,(anonymous_8)
FNDA:0,(anonymous_9)
FNDA:0,(anonymous_10)
FNDA:2,(anonymous_11)
FNDA:3,(anonymous_12)
DA:1,1
DA:3,1
DA:4,1
DA:10,1
DA:14,1
DA:22,1
DA:24,1
DA:29,3
DA:32,3
DA:33,3
DA:34,1
DA:35,2
DA:36,2
DA:37,4
DA:39,2
DA:42,3
DA:43,5
DA:44,2
DA:49,3
DA:50,1
DA:51,1
DA:56,1
DA:61,3
DA:64,1
DA:70,1
DA:71,1
DA:74,1
DA:75,1
DA:77,1
DA:78,0
DA:81,1
DA:82,1
DA:83,0
DA:84,0
DA:88,1
DA:90,1
DA:91,1
DA:93,1
DA:98,1
DA:104,1
DA:111,0
DA:114,0
DA:119,0
DA:124,0
DA:129,0
DA:133,0
DA:134,0
DA:135,0
DA:136,0
DA:137,0
DA:139,0
DA:143,0
DA:144,0
DA:145,0
DA:151,0
DA:152,0
DA:153,0
DA:158,0
DA:163,0
DA:164,0
DA:166,0
DA:167,0
DA:169,0
DA:170,0
DA:172,0
DA:175,1
DA:176,2
DA:177,2
DA:178,2
DA:180,2
DA:181,2
DA:182,2
DA:183,3
DA:184,3
DA:185,3
DA:186,0
DA:189,2
DA:190,2
DA:195,2
DA:198,1
LF:80
LH:51
BRDA:33,0,0,1
BRDA:33,1,0,3
BRDA:33,1,1,1
BRDA:35,2,0,2
BRDA:36,3,0,2
BRDA:36,3,1,2
BRDA:43,4,0,2
BRDA:49,5,0,1
BRDA:51,6,0,1
BRDA:52,7,0,1
BRDA:52,7,1,0
BRDA:52,7,2,1
BRDA:52,7,3,1
BRDA:74,8,0,1
BRDA:77,9,0,0
BRDA:82,10,0,0
BRDA:88,11,0,1
BRDA:89,12,0,1
BRDA:89,12,1,1
BRDA:89,12,2,1
BRDA:133,13,0,0
BRDA:133,14,0,0
BRDA:133,14,1,0
BRDA:135,15,0,0
BRDA:136,16,0,0
BRDA:136,16,1,0
BRDA:144,17,0,0
BRDA:151,18,0,0
BRDA:153,19,0,0
BRDA:154,20,0,0
BRDA:154,20,1,0
BRDA:154,20,2,0
BRDA:154,20,3,0
BRDA:163,21,0,0
BRDA:166,22,0,0
BRDA:169,23,0,0
BRDA:177,24,0,2
BRDA:181,25,0,0
BRDA:183,26,0,3
BRDA:183,26,1,0
BRDA:189,27,0,2
BRF:41
BRH:20
end_of_record
TN:
SF:src/utils/format.utils.ts
FN:6,(anonymous_0)
FN:11,(anonymous_1)
FN:17,(anonymous_2)
FN:28,(anonymous_3)
FN:32,(anonymous_4)
FN:45,(anonymous_5)
FN:48,(anonymous_6)
FN:53,(anonymous_7)
FN:59,(anonymous_8)
FN:63,(anonymous_9)
FN:66,(anonymous_10)
FN:70,(anonymous_11)
FN:90,(anonymous_12)
FN:96,(anonymous_13)
FN:101,(anonymous_14)
FN:108,(anonymous_15)
FN:112,(anonymous_16)
FN:153,(anonymous_17)
FN:158,(anonymous_18)
FN:162,(anonymous_19)
FN:166,(anonymous_20)
FN:180,(anonymous_21)
FNF:22
FNH:22
FNDA:17,(anonymous_0)
FNDA:17,(anonymous_1)
FNDA:5,(anonymous_2)
FNDA:1,(anonymous_3)
FNDA:3,(anonymous_4)
FNDA:3,(anonymous_5)
FNDA:7,(anonymous_6)
FNDA:3,(anonymous_7)
FNDA:2,(anonymous_8)
FNDA:3,(anonymous_9)
FNDA:2,(anonymous_10)
FNDA:6,(anonymous_11)
FNDA:14,(anonymous_12)
FNDA:3,(anonymous_13)
FNDA:5,(anonymous_14)
FNDA:9,(anonymous_15)
FNDA:9,(anonymous_16)
FNDA:1,(anonymous_17)
FNDA:3,(anonymous_18)
FNDA:2,(anonymous_19)
FNDA:10,(anonymous_20)
FNDA:2,(anonymous_21)
DA:1,15
DA:3,15
DA:6,15
DA:7,17
DA:11,15
DA:12,17
DA:17,15
DA:22,5
DA:28,15
DA:29,1
DA:32,15
DA:33,3
DA:34,3
DA:36,3
DA:37,4
DA:39,4
DA:42,3
DA:45,15
DA:46,3
DA:48,15
DA:49,7
DA:53,15
DA:54,3
DA:55,3
DA:56,3
DA:59,15
DA:60,2
DA:63,15
DA:64,3
DA:66,15
DA:67,2
DA:70,15
DA:74,6
DA:75,1
DA:77,5
DA:79,1
DA:84,1
DA:86,3
DA:90,15
DA:91,14
DA:92,10
DA:93,4
DA:96,15
DA:97,3
DA:98,3
DA:101,15
DA:105,5
DA:108,15
DA:109,9
DA:112,15
DA:113,9
DA:143,9
DA:145,9
DA:146,50
DA:147,5
DA:150,9
DA:153,15
DA:154,1
DA:155,1
DA:158,15
DA:159,3
DA:162,15
DA:163,2
DA:166,15
DA:167,10
DA:168,10
DA:170,3
DA:172,2
DA:174,2
DA:176,3
DA:180,15
DA:181,2
DA:182,2
DA:184,1
LF:74
LH:74
BRDA:6,0,0,7
BRDA:12,1,0,15
BRDA:12,1,1,2
BRDA:46,2,0,1
BRDA:46,2,1,2
BRDA:49,3,0,4
BRDA:49,3,1,3
BRDA:49,4,0,7
BRDA:49,4,1,4
BRDA:56,5,0,3
BRDA:56,5,1,0
BRDA:74,6,0,1
BRDA:74,7,0,6
BRDA:74,7,1,2
BRDA:77,8,0,1
BRDA:77,8,1,1
BRDA:77,8,2,3
BRDA:91,9,0,4
BRDA:92,10,0,6
BRDA:93,11,0,2
BRDA:146,12,0,5
BRDA:168,13,0,3
BRDA:168,13,1,2
BRDA:168,13,2,2
BRDA:168,13,3,3
BRF:25
BRH:24
end_of_record
TN:
SF:src/utils/hive.utils.ts
FN:14,(anonymous_1)
FN:37,(anonymous_2)
FN:49,(anonymous_3)
FN:83,(anonymous_4)
FN:89,(anonymous_5)
FN:93,(anonymous_6)
FN:97,(anonymous_7)
FN:104,(anonymous_8)
FN:108,(anonymous_9)
FN:110,(anonymous_10)
FN:111,(anonymous_11)
FN:114,(anonymous_12)
FN:120,(anonymous_13)
FN:130,(anonymous_14)
FN:132,(anonymous_15)
FN:134,(anonymous_16)
FN:139,(anonymous_17)
FN:148,(anonymous_18)
FN:158,(anonymous_19)
FN:163,(anonymous_20)
FN:167,(anonymous_21)
FN:171,(anonymous_22)
FN:180,(anonymous_23)
FN:183,(anonymous_24)
FN:200,(anonymous_25)
FN:205,(anonymous_26)
FN:210,(anonymous_27)
FNF:27
FNH:25
FNDA:3,(anonymous_1)
FNDA:3,(anonymous_2)
FNDA:3,(anonymous_3)
FNDA:1,(anonymous_4)
FNDA:1,(anonymous_5)
FNDA:1,(anonymous_6)
FNDA:1,(anonymous_7)
FNDA:1,(anonymous_8)
FNDA:1,(anonymous_9)
FNDA:1,(anonymous_10)
FNDA:0,(anonymous_11)
FNDA:2,(anonymous_12)
FNDA:1,(anonymous_13)
FNDA:1,(anonymous_14)
FNDA:1,(anonymous_15)
FNDA:0,(anonymous_16)
FNDA:3,(anonymous_17)
FNDA:3,(anonymous_18)
FNDA:3,(anonymous_19)
FNDA:4,(anonymous_20)
FNDA:1,(anonymous_21)
FNDA:1,(anonymous_22)
FNDA:4,(anonymous_23)
FNDA:8,(anonymous_24)
FNDA:1,(anonymous_25)
FNDA:1,(anonymous_26)
FNDA:2,(anonymous_27)
DA:1,9
DA:7,9
DA:9,9
DA:11,9
DA:12,9
DA:14,9
DA:15,3
DA:16,1
DA:19,2
DA:22,2
DA:25,2
DA:26,2
DA:28,2
DA:30,2
DA:31,1
DA:33,2
DA:34,2
DA:37,9
DA:39,3
DA:46,3
DA:49,9
DA:54,3
DA:55,2
DA:57,1
DA:58,1
DA:59,1
DA:60,1
DA:62,1
DA:63,1
DA:66,1
DA:67,1
DA:70,1
DA:72,1
DA:73,1
DA:74,1
DA:77,1
DA:78,1
DA:80,0
DA:83,9
DA:84,1
DA:85,1
DA:86,1
DA:89,9
DA:90,1
DA:93,9
DA:94,1
DA:97,9
DA:98,1
DA:104,9
DA:105,1
DA:108,9
DA:109,1
DA:110,1
DA:111,0
DA:114,9
DA:115,2
DA:120,2
DA:121,1
DA:130,9
DA:131,1
DA:132,1
DA:135,0
DA:139,9
DA:143,3
DA:147,3
DA:148,3
DA:159,3
DA:162,3
DA:163,4
DA:167,9
DA:168,1
DA:171,9
DA:172,1
DA:173,1
DA:180,9
DA:181,4
DA:183,9
DA:188,8
DA:189,2
DA:191,8
DA:192,5
DA:196,3
DA:200,9
DA:201,1
DA:202,1
DA:205,9
DA:206,1
DA:207,1
DA:210,9
DA:211,2
LF:90
LH:87
BRDA:15,0,0,1
BRDA:30,1,0,1
BRDA:54,2,0,2
BRDA:54,3,0,3
BRDA:54,3,1,2
BRDA:62,4,0,1
BRDA:62,4,1,0
BRDA:62,5,0,1
BRDA:62,5,1,1
BRDA:62,5,2,1
BRDA:62,5,3,1
BRDA:78,6,0,0
BRDA:78,6,1,1
BRDA:162,7,0,2
BRDA:162,7,1,1
BRDA:186,8,0,6
BRDA:188,9,0,2
BRDA:191,10,0,5
BRDA:191,10,1,3
BRF:19
BRH:17
end_of_record
TN:
SF:src/utils/hiveEngine.utils.ts
FN:26,(anonymous_1)
FN:46,(anonymous_2)
FN:47,(anonymous_3)
FN:48,(anonymous_4)
FN:54,(anonymous_5)
FN:73,(anonymous_6)
FN:77,(anonymous_7)
FN:88,(anonymous_8)
FN:92,(anonymous_9)
FN:95,(anonymous_10)
FN:105,(anonymous_11)
FN:115,(anonymous_12)
FN:125,(anonymous_13)
FN:128,(anonymous_14)
FN:136,(anonymous_15)
FN:146,(anonymous_16)
FN:154,(anonymous_17)
FN:162,(anonymous_18)
FN:166,(anonymous_19)
FN:175,(anonymous_20)
FN:182,(anonymous_21)
FN:202,(anonymous_22)
FNF:22
FNH:21
FNDA:2,(anonymous_1)
FNDA:2,(anonymous_2)
FNDA:2,(anonymous_3)
FNDA:2,(anonymous_4)
FNDA:4,(anonymous_5)
FNDA:8,(anonymous_6)
FNDA:5,(anonymous_7)
FNDA:4,(anonymous_8)
FNDA:1,(anonymous_9)
FNDA:0,(anonymous_10)
FNDA:1,(anonymous_11)
FNDA:1,(anonymous_12)
FNDA:1,(anonymous_13)
FNDA:2,(anonymous_14)
FNDA:2,(anonymous_15)
FNDA:2,(anonymous_16)
FNDA:3,(anonymous_17)
FNDA:4,(anonymous_18)
FNDA:2,(anonymous_19)
FNDA:2,(anonymous_20)
FNDA:4,(anonymous_21)
FNDA:17,(anonymous_22)
DA:1,10
DA:2,10
DA:3,10
DA:4,10
DA:11,10
DA:12,10
DA:14,10
DA:26,10
DA:28,2
DA:29,2
DA:30,2
DA:31,2
DA:34,2
DA:35,2
DA:36,2
DA:38,2
DA:39,1
DA:43,2
DA:46,10
DA:47,2
DA:48,2
DA:49,2
DA:54,10
DA:59,4
DA:60,3
DA:62,3
DA:70,3
DA:73,10
DA:77,8
DA:78,8
DA:79,4
DA:80,4
DA:85,4
DA:88,10
DA:89,4
DA:90,2
DA:91,1
DA:93,1
DA:96,0
DA:99,1
DA:102,3
DA:105,10
DA:109,1
DA:115,10
DA:119,1
DA:125,10
DA:126,1
DA:129,2
DA:136,10
DA:137,2
DA:147,2
DA:154,10
DA:155,3
DA:156,2
DA:158,1
DA:159,1
DA:162,10
DA:166,4
DA:167,4
DA:172,4
DA:175,10
DA:176,2
DA:179,2
DA:182,10
DA:187,4
DA:188,3
DA:192,1
DA:195,1
DA:196,1
DA:202,10
DA:203,17
DA:206,10
DA:208,10
LF:73
LH:72
BRDA:30,0,0,2
BRDA:35,1,0,2
BRDA:35,2,0,2
BRDA:35,2,1,2
BRDA:38,3,0,1
BRDA:38,4,0,2
BRDA:38,4,1,2
BRDA:57,5,0,1
BRDA:59,6,0,1
BRDA:62,7,0,2
BRDA:62,7,1,1
BRDA:78,8,0,4
BRDA:80,9,0,4
BRDA:80,9,1,0
BRDA:82,10,0,0
BRDA:82,10,1,0
BRDA:89,11,0,2
BRDA:89,12,0,4
BRDA:89,12,1,3
BRDA:90,13,0,1
BRDA:90,13,1,1
BRDA:155,14,0,2
BRDA:155,15,0,3
BRDA:155,15,1,2
BRDA:167,16,0,1
BRDA:167,16,1,3
BRDA:169,17,0,1
BRDA:169,17,1,2
BRDA:179,18,0,1
BRDA:179,18,1,1
BRDA:187,19,0,3
BRDA:187,20,0,4
BRDA:187,20,1,2
BRDA:189,21,0,1
BRDA:189,21,1,2
BRDA:192,22,0,1
BRDA:192,22,1,0
BRDA:203,23,0,7
BRDA:203,24,0,17
BRDA:203,24,1,11
BRF:40
BRH:36
end_of_record
TN:
SF:src/utils/hiveEngineConfig.utils.ts
FN:15,(anonymous_1)
FN:18,(anonymous_2)
FN:22,(anonymous_3)
FN:25,(anonymous_4)
FN:29,(anonymous_5)
FN:36,(anonymous_6)
FN:47,(anonymous_7)
FN:55,(anonymous_8)
FN:56,(anonymous_9)
FN:67,(anonymous_10)
FN:75,(anonymous_11)
FN:83,(anonymous_12)
FN:92,(anonymous_13)
FN:94,(anonymous_14)
FN:103,(anonymous_15)
FN:107,(anonymous_16)
FN:111,(anonymous_17)
FNF:17
FNH:12
FNDA:4,(anonymous_1)
FNDA:2,(anonymous_2)
FNDA:2,(anonymous_3)
FNDA:1,(anonymous_4)
FNDA:1,(anonymous_5)
FNDA:1,(anonymous_6)
FNDA:1,(anonymous_7)
FNDA:1,(anonymous_8)
FNDA:2,(anonymous_9)
FNDA:4,(anonymous_10)
FNDA:0,(anonymous_11)
FNDA:0,(anonymous_12)
FNDA:0,(anonymous_13)
FNDA:0,(anonymous_14)
FNDA:2,(anonymous_15)
FNDA:2,(anonymous_16)
FNDA:0,(anonymous_17)
DA:1,13
DA:2,13
DA:3,13
DA:11,13
DA:13,13
DA:15,13
DA:16,4
DA:18,13
DA:19,2
DA:22,13
DA:23,2
DA:25,13
DA:26,1
DA:29,13
DA:30,1
DA:31,0
DA:33,1
DA:36,13
DA:37,1
DA:38,1
DA:39,1
DA:40,1
DA:41,1
DA:47,13
DA:48,1
DA:49,1
DA:50,1
DA:55,13
DA:56,2
DA:57,1
DA:61,1
DA:67,13
DA:68,4
DA:73,4
DA:75,13
DA:76,0
DA:81,0
DA:83,13
DA:85,0
DA:86,0
DA:87,0
DA:92,13
DA:93,0
DA:94,0
DA:96,0
DA:100,0
DA:103,13
DA:104,2
DA:107,13
DA:108,2
DA:111,13
DA:112,0
DA:118,13
LF:53
LH:42
BRDA:29,0,0,1
BRDA:30,1,0,0
BRDA:73,2,0,3
BRDA:73,2,1,1
BRDA:81,3,0,0
BRDA:81,3,1,0
BRF:6
BRH:3
end_of_record
TN:
SF:src/utils/hiveLibs.utils.ts
FN:57,(anonymous_9)
FN:70,(anonymous_10)
FN:72,(anonymous_11)
FN:83,(anonymous_12)
FN:85,(anonymous_13)
FN:93,(anonymous_14)
FN:101,(anonymous_15)
FN:126,(anonymous_16)
FN:147,(anonymous_17)
FN:168,(anonymous_18)
FN:189,(anonymous_19)
FN:210,(anonymous_20)
FN:231,(anonymous_21)
FN:239,(anonymous_22)
FN:247,(anonymous_23)
FN:255,(anonymous_24)
FN:263,(anonymous_25)
FN:271,(anonymous_26)
FN:279,(anonymous_27)
FN:287,(anonymous_28)
FN:295,(anonymous_29)
FN:303,(anonymous_30)
FN:311,(anonymous_31)
FN:319,(anonymous_32)
FN:327,(anonymous_33)
FN:335,(anonymous_34)
FN:366,(anonymous_35)
FN:372,(anonymous_36)
FN:388,(anonymous_37)
FN:399,(anonymous_38)
FN:425,(anonymous_39)
FN:470,(anonymous_40)
FN:486,(anonymous_41)
FN:496,(anonymous_42)
FN:520,(anonymous_43)
FN:566,(anonymous_44)
FN:574,(anonymous_45)
FN:582,(anonymous_46)
FN:590,(anonymous_47)
FN:598,(anonymous_48)
FN:606,(anonymous_49)
FN:647,(anonymous_50)
FN:686,(anonymous_51)
FN:713,(anonymous_52)
FN:741,(anonymous_53)
FN:754,(anonymous_54)
FNF:46
FNH:44
FNDA:5,(anonymous_9)
FNDA:2,(anonymous_10)
FNDA:6,(anonymous_11)
FNDA:19,(anonymous_12)
FNDA:1,(anonymous_13)
FNDA:1,(anonymous_14)
FNDA:7,(anonymous_15)
FNDA:1,(anonymous_16)
FNDA:1,(anonymous_17)
FNDA:1,(anonymous_18)
FNDA:1,(anonymous_19)
FNDA:1,(anonymous_20)
FNDA:1,(anonymous_21)
FNDA:1,(anonymous_22)
FNDA:1,(anonymous_23)
FNDA:1,(anonymous_24)
FNDA:1,(anonymous_25)
FNDA:1,(anonymous_26)
FNDA:1,(anonymous_27)
FNDA:1,(anonymous_28)
FNDA:1,(anonymous_29)
FNDA:1,(anonymous_30)
FNDA:1,(anonymous_31)
FNDA:1,(anonymous_32)
FNDA:1,(anonymous_33)
FNDA:2,(anonymous_34)
FNDA:1,(anonymous_35)
FNDA:2,(anonymous_36)
FNDA:1,(anonymous_37)
FNDA:0,(anonymous_38)
FNDA:2,(anonymous_39)
FNDA:2,(anonymous_40)
FNDA:1,(anonymous_41)
FNDA:0,(anonymous_42)
FNDA:2,(anonymous_43)
FNDA:4,(anonymous_44)
FNDA:1,(anonymous_45)
FNDA:1,(anonymous_46)
FNDA:1,(anonymous_47)
FNDA:1,(anonymous_48)
FNDA:34,(anonymous_49)
FNDA:2,(anonymous_50)
FNDA:1,(anonymous_51)
FNDA:4,(anonymous_52)
FNDA:1,(anonymous_53)
FNDA:1,(anonymous_54)
DA:1,9
DA:2,9
DA:28,9
DA:36,9
DA:37,9
DA:46,9
DA:47,9
DA:48,9
DA:53,9
DA:54,9
DA:55,9
DA:57,9
DA:58,5
DA:59,5
DA:60,5
DA:61,5
DA:62,5
DA:64,3
DA:65,3
DA:66,3
DA:70,9
DA:72,9
DA:73,6
DA:75,2
DA:77,2
DA:79,2
DA:83,19
DA:85,9
DA:90,1
DA:93,9
DA:98,1
DA:101,9
DA:109,7
DA:126,9
DA:132,1
DA:144,1
DA:147,9
DA:153,1
DA:165,1
DA:168,9
DA:174,1
DA:186,1
DA:189,9
DA:195,1
DA:207,1
DA:210,9
DA:216,1
DA:228,1
DA:231,9
DA:236,1
DA:239,9
DA:244,1
DA:247,9
DA:252,1
DA:255,9
DA:260,1
DA:263,9
DA:268,1
DA:271,9
DA:276,1
DA:279,9
DA:284,1
DA:287,9
DA:292,1
DA:295,9
DA:300,1
DA:303,9
DA:308,1
DA:311,9
DA:316,1
DA:319,9
DA:324,1
DA:327,9
DA:332,1
DA:335,9
DA:346,2
DA:357,2
DA:358,1
DA:363,2
DA:366,9
DA:367,1
DA:368,1
DA:369,1
DA:372,9
DA:382,2
DA:383,2
DA:384,2
DA:387,2
DA:388,1
DA:390,2
DA:391,2
DA:392,1
DA:396,1
DA:398,1
DA:399,1
DA:402,1
DA:406,1
DA:411,1
DA:425,9
DA:434,2
DA:435,2
DA:436,2
DA:437,2
DA:438,2
DA:439,1
DA:440,1
DA:441,1
DA:442,1
DA:447,2
DA:448,1
DA:452,1
DA:454,1
DA:456,1
DA:470,9
DA:480,2
DA:482,2
DA:483,2
DA:486,2
DA:487,2
DA:488,2
DA:489,1
DA:493,1
DA:495,1
DA:496,1
DA:497,0
DA:501,1
DA:503,1
DA:506,1
DA:520,9
DA:529,2
DA:530,2
DA:532,2
DA:533,2
DA:534,2
DA:535,1
DA:536,1
DA:537,1
DA:538,1
DA:543,2
DA:544,1
DA:548,1
DA:550,1
DA:552,1
DA:566,9
DA:571,4
DA:574,9
DA:579,1
DA:582,9
DA:587,1
DA:590,9
DA:595,1
DA:598,9
DA:603,1
DA:606,9
DA:611,34
DA:612,34
DA:613,34
DA:614,34
DA:619,34
DA:620,34
DA:621,34
DA:622,0
DA:629,34
DA:630,34
DA:634,34
DA:635,0
DA:636,0
DA:638,34
DA:642,0
DA:643,0
DA:647,9
DA:652,2
DA:653,2
DA:654,1
DA:656,1
DA:657,2
DA:661,2
DA:662,2
DA:663,2
DA:665,2
DA:667,2
DA:676,0
DA:677,0
DA:679,0
DA:680,0
DA:681,0
DA:682,0
DA:686,9
DA:687,1
DA:688,1
DA:689,1
DA:690,1
DA:691,1
DA:694,1
DA:695,1
DA:700,1
DA:705,1
DA:706,1
DA:708,0
DA:709,0
DA:713,9
DA:718,4
DA:719,4
DA:720,4
DA:721,3
DA:723,1
DA:724,1
DA:729,1
DA:735,1
DA:736,1
DA:737,1
DA:741,9
DA:742,1
DA:743,1
DA:746,9
DA:754,9
DA:757,1
LF:217
LH:203
BRDA:58,0,0,2
BRDA:58,0,1,3
BRDA:59,1,0,2
BRDA:59,1,1,3
BRDA:59,2,0,3
BRDA:59,2,1,1
BRDA:62,3,0,3
BRDA:64,4,0,3
BRDA:64,4,1,2
BRDA:65,5,0,3
BRDA:65,5,1,2
BRDA:66,6,0,3
BRDA:66,6,1,2
BRDA:73,7,0,2
BRDA:73,7,1,2
BRDA:73,7,2,2
BRDA:75,8,0,1
BRDA:75,8,1,1
BRDA:77,9,0,1
BRDA:77,9,1,1
BRDA:79,10,0,1
BRDA:79,10,1,1
BRDA:115,11,0,6
BRDA:115,11,1,1
BRDA:116,12,0,1
BRDA:116,12,1,6
BRDA:117,13,0,6
BRDA:117,13,1,1
BRDA:357,14,0,1
BRDA:357,15,0,2
BRDA:357,15,1,1
BRDA:377,16,0,0
BRDA:391,17,0,1
BRDA:397,18,0,1
BRDA:397,18,1,0
BRDA:402,19,0,0
BRDA:402,19,1,1
BRDA:406,20,0,1
BRDA:406,20,1,0
BRDA:430,21,0,0
BRDA:440,22,0,1
BRDA:447,23,0,1
BRDA:452,24,0,0
BRDA:452,24,1,1
BRDA:454,25,0,1
BRDA:454,25,1,0
BRDA:475,26,0,0
BRDA:488,27,0,1
BRDA:494,28,0,1
BRDA:494,28,1,0
BRDA:501,29,0,0
BRDA:501,29,1,1
BRDA:503,30,0,1
BRDA:503,30,1,0
BRDA:525,31,0,0
BRDA:536,32,0,1
BRDA:543,33,0,1
BRDA:548,34,0,0
BRDA:548,34,1,1
BRDA:550,35,0,1
BRDA:550,35,1,0
BRDA:614,36,0,1
BRDA:614,36,1,33
BRDA:615,37,0,0
BRDA:615,37,1,1
BRDA:621,38,0,0
BRDA:621,38,1,34
BRDA:621,39,0,34
BRDA:621,39,1,1
BRDA:634,40,0,0
BRDA:634,40,1,34
BRDA:653,41,0,1
BRDA:653,41,1,1
BRDA:663,42,0,2
BRDA:670,43,0,1
BRDA:670,43,1,1
BRDA:680,44,0,0
BRDA:697,45,0,1
BRDA:697,45,1,0
BRDA:700,46,0,1
BRDA:700,46,1,0
BRDA:720,47,0,3
BRDA:720,47,1,1
BRDA:721,48,0,1
BRDA:721,48,1,2
BRF:85
BRH:65
end_of_record
TN:
SF:src/utils/hiveUri.utils.tsx
FN:38,(anonymous_1)
FN:45,(anonymous_2)
FN:55,(anonymous_3)
FN:237,(anonymous_4)
FN:256,(anonymous_5)
FN:267,(anonymous_6)
FNF:6
FNH:4
FNDA:2,(anonymous_1)
FNDA:4,(anonymous_2)
FNDA:23,(anonymous_3)
FNDA:4,(anonymous_4)
FNDA:0,(anonymous_5)
FNDA:0,(anonymous_6)
DA:9,2
DA:11,2
DA:13,2
DA:14,2
DA:15,2
DA:16,2
DA:17,2
DA:18,2
DA:19,2
DA:34,2
DA:35,2
DA:37,2
DA:38,2
DA:39,2
DA:40,2
DA:41,2
DA:42,2
DA:45,2
DA:46,4
DA:47,4
DA:48,3
DA:49,1
DA:51,1
DA:55,2
DA:60,23
DA:61,23
DA:62,2
DA:63,2
DA:64,2
DA:73,21
DA:74,3
DA:75,3
DA:76,1
DA:77,1
DA:80,3
DA:90,18
DA:91,1
DA:101,17
DA:102,17
DA:103,17
DA:104,17
DA:106,10
DA:107,10
DA:108,10
DA:109,9
DA:120,1
DA:133,10
DA:137,2
DA:138,2
DA:139,2
DA:150,2
DA:154,1
DA:155,1
DA:162,1
DA:165,1
DA:166,1
DA:172,1
DA:183,1
DA:184,1
DA:186,1
DA:198,1
DA:202,1
DA:203,1
DA:211,1
DA:215,1
DA:226,1
DA:229,23
DA:230,23
DA:231,22
DA:233,22
DA:234,21
DA:239,4
DA:240,0
DA:241,0
DA:243,4
DA:244,4
DA:253,4
DA:258,21
DA:263,1
DA:268,0
DA:276,1
LF:81
LH:78
BRDA:38,0,0,2
BRDA:38,0,1,2
BRDA:48,1,0,2
BRDA:61,2,0,2
BRDA:61,2,1,21
BRDA:70,3,0,2
BRDA:70,3,1,1
BRDA:73,4,0,3
BRDA:73,4,1,18
BRDA:73,5,0,21
BRDA:73,5,1,20
BRDA:75,6,0,1
BRDA:86,7,0,3
BRDA:86,7,1,3
BRDA:90,8,0,1
BRDA:90,8,1,17
BRDA:97,9,0,1
BRDA:97,9,1,0
BRDA:101,10,0,17
BRDA:104,11,0,10
BRDA:104,11,1,2
BRDA:104,11,2,1
BRDA:104,11,3,1
BRDA:104,11,4,1
BRDA:104,11,5,1
BRDA:104,11,6,1
BRDA:108,12,0,9
BRDA:108,12,1,1
BRDA:108,13,0,10
BRDA:108,13,1,2
BRDA:114,14,0,9
BRDA:114,14,1,0
BRDA:126,15,0,1
BRDA:126,15,1,0
BRDA:126,15,2,0
BRDA:143,16,0,2
BRDA:143,16,1,0
BRDA:145,17,0,1
BRDA:145,17,1,1
BRDA:157,18,0,1
BRDA:157,18,1,0
BRDA:168,19,0,1
BRDA:168,19,1,0
BRDA:191,20,0,1
BRDA:191,20,1,0
BRDA:205,21,0,1
BRDA:205,21,1,0
BRDA:221,22,0,1
BRDA:221,22,1,1
BRDA:230,23,0,22
BRDA:230,23,1,1
BRDA:230,24,0,23
BRDA:230,24,1,23
BRDA:233,25,0,21
BRDA:233,25,1,1
BRDA:239,26,0,0
BRDA:239,27,0,4
BRDA:239,27,1,0
BRDA:243,28,0,4
BRDA:246,29,0,0
BRDA:246,29,1,4
BRDA:248,30,0,4
BRDA:248,30,1,0
BRDA:250,31,0,4
BRDA:250,31,1,0
BRF:65
BRH:51
end_of_record
TN:
SF:src/utils/key.utils.ts
FN:11,(anonymous_0)
FN:15,(anonymous_1)
FN:19,(anonymous_2)
FN:23,(anonymous_3)
FN:54,(anonymous_4)
FN:70,(anonymous_5)
FN:88,(anonymous_6)
FN:102,(anonymous_7)
FN:114,(anonymous_8)
FN:118,(anonymous_9)
FN:134,(anonymous_10)
FN:144,(anonymous_11)
FN:147,(anonymous_12)
FN:160,(anonymous_13)
FN:163,(anonymous_14)
FN:179,(anonymous_15)
FN:183,(anonymous_16)
FN:185,(anonymous_17)
FNF:18
FNH:16
FNDA:3,(anonymous_0)
FNDA:7,(anonymous_1)
FNDA:3,(anonymous_2)
FNDA:6,(anonymous_3)
FNDA:6,(anonymous_4)
FNDA:22,(anonymous_5)
FNDA:7,(anonymous_6)
FNDA:3,(anonymous_7)
FNDA:14,(anonymous_8)
FNDA:2,(anonymous_9)
FNDA:4,(anonymous_10)
FNDA:2,(anonymous_11)
FNDA:0,(anonymous_12)
FNDA:1,(anonymous_13)
FNDA:0,(anonymous_14)
FNDA:2,(anonymous_15)
FNDA:2,(anonymous_16)
FNDA:2,(anonymous_17)
DA:4,9
DA:5,9
DA:6,9
DA:7,9
DA:8,9
DA:9,9
DA:11,9
DA:12,3
DA:15,9
DA:16,7
DA:19,9
DA:20,3
DA:23,9
DA:45,6
DA:46,2
DA:47,4
DA:48,2
DA:50,2
DA:54,9
DA:58,6
DA:59,3
DA:60,3
DA:64,2
DA:66,3
DA:70,9
DA:78,22
DA:79,11
DA:81,11
DA:82,11
DA:86,7
DA:88,7
DA:91,3
DA:93,4
DA:97,1
DA:99,11
DA:102,9
DA:107,3
DA:108,3
DA:110,3
DA:111,2
DA:114,3
DA:115,14
DA:117,14
DA:118,2
DA:121,14
DA:131,3
DA:134,9
DA:140,4
DA:141,4
DA:143,2
DA:144,2
DA:146,2
DA:147,0
DA:149,2
DA:153,1
DA:155,1
DA:159,1
DA:160,1
DA:162,1
DA:163,0
DA:165,1
DA:170,1
DA:173,0
DA:176,1
DA:179,9
DA:180,2
DA:183,9
DA:184,2
DA:185,2
DA:187,2
DA:188,1
DA:190,1
DA:194,9
LF:73
LH:70
BRDA:16,0,0,4
BRDA:16,0,1,3
BRDA:45,1,0,2
BRDA:45,1,1,4
BRDA:47,2,0,2
BRDA:47,2,1,2
BRDA:58,3,0,3
BRDA:58,3,1,3
BRDA:58,4,0,6
BRDA:58,4,1,4
BRDA:60,5,0,2
BRDA:61,6,0,3
BRDA:61,6,1,2
BRDA:78,7,0,11
BRDA:78,8,0,22
BRDA:78,8,1,19
BRDA:78,8,2,12
BRDA:82,9,0,7
BRDA:82,9,1,4
BRDA:83,10,0,11
BRDA:83,10,1,7
BRDA:86,11,0,3
BRDA:93,12,0,1
BRDA:94,13,0,4
BRDA:94,13,1,4
BRDA:110,14,0,2
BRDA:115,15,0,0
BRDA:141,16,0,2
BRDA:141,16,1,1
BRDA:149,17,0,1
BRDA:150,18,0,2
BRDA:150,18,1,2
BRDA:150,18,2,1
BRDA:150,18,3,0
BRDA:165,19,0,1
BRDA:166,20,0,1
BRDA:166,20,1,1
BRDA:166,20,2,0
BRDA:166,20,3,0
BRDA:187,21,0,1
BRDA:187,21,1,1
BRF:41
BRH:37
end_of_record
TN:
SF:src/utils/keyValidation.utils.ts
FN:6,(anonymous_9)
FN:10,(anonymous_10)
FN:21,(anonymous_11)
FN:39,(anonymous_12)
FN:78,(anonymous_13)
FN:88,(anonymous_14)
FN:126,(anonymous_15)
FNF:7
FNH:7
FNDA:8,(anonymous_9)
FNDA:22,(anonymous_10)
FNDA:4,(anonymous_11)
FNDA:5,(anonymous_12)
FNDA:24,(anonymous_13)
FNDA:6,(anonymous_14)
FNDA:12,(anonymous_15)
DA:3,10
DA:4,10
DA:6,10
DA:7,8
DA:10,10
DA:11,22
DA:12,22
DA:13,22
DA:14,22
DA:15,11
DA:18,11
DA:21,10
DA:26,4
DA:27,4
DA:28,1
DA:30,4
DA:31,2
DA:33,4
DA:34,1
DA:36,4
DA:39,10
DA:44,5
DA:45,5
DA:46,5
DA:47,5
DA:55,5
DA:56,5
DA:58,5
DA:59,4
DA:60,4
DA:61,2
DA:62,2
DA:64,4
DA:65,2
DA:66,2
DA:68,4
DA:69,2
DA:70,2
DA:72,4
DA:74,1
DA:78,10
DA:79,24
DA:80,24
DA:81,16
DA:82,16
DA:84,8
DA:88,10
DA:95,6
DA:96,6
DA:97,6
DA:101,2
DA:103,6
DA:107,2
DA:113,6
DA:117,2
DA:123,6
DA:126,10
DA:130,12
DA:131,12
DA:132,11
DA:133,11
DA:134,1
DA:137,10
DA:138,10
DA:139,1
DA:141,9
DA:142,4
DA:144,5
DA:146,3
LF:69
LH:69
BRDA:14,0,0,11
BRDA:27,1,0,1
BRDA:30,2,0,2
BRDA:33,3,0,1
BRDA:36,4,0,4
BRDA:36,4,1,0
BRDA:58,5,0,4
BRDA:58,5,1,1
BRDA:58,6,0,5
BRDA:58,6,1,3
BRDA:58,6,2,2
BRDA:60,7,0,2
BRDA:64,8,0,2
BRDA:68,9,0,2
BRDA:97,10,0,2
BRDA:98,11,0,6
BRDA:98,11,1,4
BRDA:103,12,0,2
BRDA:104,13,0,6
BRDA:104,13,1,2
BRDA:113,14,0,2
BRDA:114,15,0,6
BRDA:114,15,1,2
BRDA:123,16,0,4
BRDA:123,16,1,2
BRDA:133,17,0,1
BRDA:138,18,0,1
BRDA:141,19,0,4
BRF:28
BRH:27
end_of_record
TN:
SF:src/utils/keychain.utils.tsx
FN:19,(anonymous_0)
FN:27,(anonymous_1)
FN:44,(anonymous_2)
FN:56,(anonymous_3)
FN:60,(anonymous_4)
FN:63,(anonymous_5)
FN:69,(anonymous_6)
FN:72,(anonymous_7)
FN:83,(anonymous_8)
FN:97,(anonymous_9)
FN:236,(anonymous_10)
FN:277,(anonymous_11)
FN:287,(anonymous_12)
FN:291,(anonymous_13)
FN:295,(anonymous_14)
FN:299,(anonymous_15)
FN:304,(anonymous_16)
FN:308,(anonymous_17)
FN:313,(anonymous_18)
FN:323,(anonymous_19)
FN:332,(anonymous_20)
FN:342,(anonymous_21)
FN:352,(anonymous_22)
FN:356,(anonymous_23)
FN:360,(anonymous_24)
FN:366,(anonymous_25)
FN:383,(anonymous_26)
FN:406,(anonymous_27)
FN:412,(anonymous_28)
FN:430,(anonymous_29)
FN:432,(anonymous_30)
FNF:31
FNH:10
FNDA:4,(anonymous_0)
FNDA:5,(anonymous_1)
FNDA:0,(anonymous_2)
FNDA:2,(anonymous_3)
FNDA:4,(anonymous_4)
FNDA:2,(anonymous_5)
FNDA:1,(anonymous_6)
FNDA:0,(anonymous_7)
FNDA:0,(anonymous_8)
FNDA:0,(anonymous_9)
FNDA:6,(anonymous_10)
FNDA:0,(anonymous_11)
FNDA:0,(anonymous_12)
FNDA:0,(anonymous_13)
FNDA:0,(anonymous_14)
FNDA:0,(anonymous_15)
FNDA:0,(anonymous_16)
FNDA:0,(anonymous_17)
FNDA:0,(anonymous_18)
FNDA:0,(anonymous_19)
FNDA:0,(anonymous_20)
FNDA:0,(anonymous_21)
FNDA:0,(anonymous_22)
FNDA:0,(anonymous_23)
FNDA:0,(anonymous_24)
FNDA:0,(anonymous_25)
FNDA:0,(anonymous_26)
FNDA:0,(anonymous_27)
FNDA:3,(anonymous_28)
FNDA:1,(anonymous_29)
FNDA:1,(anonymous_30)
DA:2,10
DA:5,10
DA:6,10
DA:7,10
DA:19,10
DA:23,4
DA:24,4
DA:25,3
DA:26,3
DA:27,5
DA:28,3
DA:29,1
DA:34,2
DA:35,1
DA:43,0
DA:44,0
DA:45,0
DA:53,1
DA:56,10
DA:60,4
DA:63,10
DA:64,2
DA:65,1
DA:66,1
DA:69,1
DA:72,10
DA:76,0
DA:83,10
DA:87,0
DA:88,0
DA:90,0
DA:97,10
DA:98,0
DA:234,10
DA:236,10
DA:237,6
DA:247,1
DA:250,1
DA:252,0
DA:256,0
DA:272,4
DA:277,10
DA:278,0
DA:279,0
DA:280,0
DA:281,0
DA:283,0
DA:287,10
DA:288,0
DA:291,10
DA:292,0
DA:295,10
DA:296,0
DA:299,10
DA:300,0
DA:301,0
DA:304,10
DA:305,0
DA:308,10
DA:309,0
DA:310,0
DA:313,10
DA:314,0
DA:323,10
DA:324,0
DA:332,10
DA:333,0
DA:342,10
DA:343,0
DA:352,10
DA:353,0
DA:356,10
DA:357,0
DA:360,10
DA:361,0
DA:366,10
DA:367,0
DA:368,0
DA:370,0
DA:371,0
DA:372,0
DA:374,0
DA:379,0
DA:383,10
DA:384,0
DA:385,0
DA:387,0
DA:390,0
DA:394,0
DA:396,0
DA:406,10
DA:407,0
DA:412,10
DA:413,3
DA:414,1
DA:416,2
DA:417,2
DA:418,1
DA:419,1
DA:420,1
DA:422,0
DA:424,2
DA:425,0
DA:427,2
DA:430,10
DA:432,1
DA:433,1
LF:107
LH:61
BRDA:24,0,0,1
BRDA:26,1,0,3
BRDA:26,1,1,0
BRDA:28,2,0,1
BRDA:34,3,0,1
BRDA:43,4,0,0
BRDA:44,5,0,0
BRDA:64,6,0,1
BRDA:64,7,0,2
BRDA:64,7,1,2
BRDA:87,8,0,0
BRDA:99,9,0,0
BRDA:99,9,1,0
BRDA:99,9,2,0
BRDA:99,9,3,0
BRDA:99,9,4,0
BRDA:99,9,5,0
BRDA:99,9,6,0
BRDA:99,9,7,0
BRDA:99,9,8,0
BRDA:99,9,9,0
BRDA:99,9,10,0
BRDA:99,9,11,0
BRDA:99,9,12,0
BRDA:99,9,13,0
BRDA:99,9,14,0
BRDA:99,9,15,0
BRDA:99,9,16,0
BRDA:99,9,17,0
BRDA:99,9,18,0
BRDA:99,9,19,0
BRDA:99,9,20,0
BRDA:99,9,21,0
BRDA:99,9,22,0
BRDA:99,9,23,0
BRDA:99,9,24,0
BRDA:99,9,25,0
BRDA:99,9,26,0
BRDA:99,9,27,0
BRDA:99,9,28,0
BRDA:99,9,29,0
BRDA:99,9,30,0
BRDA:99,9,31,0
BRDA:99,9,32,0
BRDA:99,9,33,0
BRDA:99,9,34,0
BRDA:99,9,35,0
BRDA:99,9,36,0
BRDA:99,9,37,0
BRDA:99,9,38,0
BRDA:99,9,39,0
BRDA:99,9,40,0
BRDA:99,9,41,0
BRDA:99,9,42,0
BRDA:99,9,43,0
BRDA:99,9,44,0
BRDA:99,9,45,0
BRDA:99,9,46,0
BRDA:99,9,47,0
BRDA:99,9,48,0
BRDA:99,9,49,0
BRDA:99,9,50,0
BRDA:99,9,51,0
BRDA:99,9,52,0
BRDA:99,9,53,0
BRDA:99,9,54,0
BRDA:99,9,55,0
BRDA:99,9,56,0
BRDA:99,9,57,0
BRDA:99,9,58,0
BRDA:99,9,59,0
BRDA:99,9,60,0
BRDA:99,9,61,0
BRDA:99,9,62,0
BRDA:99,9,63,0
BRDA:99,9,64,0
BRDA:99,9,65,0
BRDA:99,9,66,0
BRDA:99,9,67,0
BRDA:99,9,68,0
BRDA:99,9,69,0
BRDA:99,9,70,0
BRDA:99,9,71,0
BRDA:99,9,72,0
BRDA:99,9,73,0
BRDA:99,9,74,0
BRDA:99,9,75,0
BRDA:99,9,76,0
BRDA:99,9,77,0
BRDA:99,9,78,0
BRDA:99,9,79,0
BRDA:99,9,80,0
BRDA:99,9,81,0
BRDA:99,9,82,0
BRDA:99,9,83,0
BRDA:99,9,84,0
BRDA:99,9,85,0
BRDA:99,9,86,0
BRDA:99,9,87,0
BRDA:99,9,88,0
BRDA:99,9,89,0
BRDA:99,9,90,0
BRDA:99,9,91,0
BRDA:99,9,92,0
BRDA:99,9,93,0
BRDA:99,9,94,0
BRDA:99,9,95,0
BRDA:99,9,96,0
BRDA:99,9,97,0
BRDA:99,9,98,0
BRDA:99,9,99,0
BRDA:99,9,100,0
BRDA:99,9,101,0
BRDA:99,9,102,0
BRDA:99,9,103,0
BRDA:99,9,104,0
BRDA:99,9,105,0
BRDA:99,9,106,0
BRDA:99,9,107,0
BRDA:99,9,108,0
BRDA:99,9,109,0
BRDA:99,9,110,0
BRDA:99,9,111,0
BRDA:99,9,112,0
BRDA:99,9,113,0
BRDA:99,9,114,0
BRDA:99,9,115,0
BRDA:99,9,116,0
BRDA:99,9,117,0
BRDA:99,9,118,0
BRDA:99,9,119,0
BRDA:99,9,120,0
BRDA:99,9,121,0
BRDA:99,9,122,0
BRDA:99,9,123,0
BRDA:99,9,124,0
BRDA:99,9,125,0
BRDA:99,9,126,0
BRDA:99,9,127,0
BRDA:99,9,128,0
BRDA:99,9,129,0
BRDA:99,9,130,0
BRDA:99,9,131,0
BRDA:99,9,132,0
BRDA:99,9,133,0
BRDA:99,9,134,0
BRDA:99,9,135,0
BRDA:99,9,136,0
BRDA:99,9,137,0
BRDA:99,9,138,0
BRDA:99,9,139,0
BRDA:237,10,0,1
BRDA:237,10,1,1
BRDA:237,10,2,1
BRDA:237,10,3,1
BRDA:237,10,4,1
BRDA:237,10,5,1
BRDA:237,10,6,1
BRDA:237,10,7,1
BRDA:237,10,8,1
BRDA:237,10,9,0
BRDA:237,10,10,1
BRDA:237,10,11,0
BRDA:237,10,12,0
BRDA:237,10,13,4
BRDA:237,10,14,4
BRDA:237,10,15,4
BRDA:237,10,16,4
BRDA:237,10,17,4
BRDA:237,10,18,4
BRDA:237,10,19,4
BRDA:237,10,20,4
BRDA:237,10,21,4
BRDA:237,10,22,4
BRDA:237,10,23,4
BRDA:237,10,24,4
BRDA:237,10,25,4
BRDA:237,10,26,4
BRDA:237,10,27,4
BRDA:253,11,0,0
BRDA:253,11,1,0
BRDA:278,12,0,0
BRDA:278,12,1,0
BRDA:280,13,0,0
BRDA:280,13,1,0
BRDA:280,14,0,0
BRDA:280,14,1,0
BRDA:288,15,0,0
BRDA:288,15,1,0
BRDA:296,16,0,0
BRDA:296,16,1,0
BRDA:301,17,0,0
BRDA:301,17,1,0
BRDA:305,18,0,0
BRDA:305,18,1,0
BRDA:313,19,0,0
BRDA:315,20,0,0
BRDA:315,20,1,0
BRDA:315,20,2,0
BRDA:315,20,3,0
BRDA:315,20,4,0
BRDA:325,21,0,0
BRDA:325,21,1,0
BRDA:325,21,2,0
BRDA:325,21,3,0
BRDA:325,21,4,0
BRDA:325,21,5,0
BRDA:334,22,0,0
BRDA:334,22,1,0
BRDA:334,22,2,0
BRDA:334,22,3,0
BRDA:334,22,4,0
BRDA:344,23,0,0
BRDA:344,23,1,0
BRDA:344,23,2,0
BRDA:344,23,3,0
BRDA:344,23,4,0
BRDA:353,24,0,0
BRDA:353,24,1,0
BRDA:353,24,2,0
BRDA:357,25,0,0
BRDA:357,25,1,0
BRDA:362,26,0,0
BRDA:362,26,1,0
BRDA:362,26,2,0
BRDA:362,26,3,0
BRDA:367,27,0,0
BRDA:371,28,0,0
BRDA:374,29,0,0
BRDA:375,30,0,0
BRDA:375,30,1,0
BRDA:375,30,2,0
BRDA:384,31,0,0
BRDA:390,32,0,0
BRDA:391,33,0,0
BRDA:391,33,1,0
BRDA:397,34,0,0
BRDA:397,34,1,0
BRDA:397,34,2,0
BRDA:397,34,3,0
BRDA:397,34,4,0
BRDA:397,34,5,0
BRDA:407,35,0,0
BRDA:407,35,1,0
BRDA:409,36,0,0
BRDA:409,36,1,0
BRDA:413,37,0,1
BRDA:417,38,0,1
BRDA:417,38,1,1
BRDA:419,39,0,1
BRDA:419,39,1,0
BRDA:424,40,0,0
BRF:252
BRH:36
end_of_record
TN:
SF:src/utils/linking.utils.ts
FN:17,(anonymous_10)
FN:18,(anonymous_11)
FN:25,(anonymous_12)
FN:34,(anonymous_13)
FN:95,(anonymous_14)
FN:147,(anonymous_15)
FNF:6
FNH:3
FNDA:0,(anonymous_10)
FNDA:0,(anonymous_11)
FNDA:0,(anonymous_12)
FNDA:3,(anonymous_13)
FNDA:2,(anonymous_14)
FNDA:2,(anonymous_15)
DA:1,1
DA:2,1
DA:3,1
DA:5,1
DA:6,1
DA:7,1
DA:8,1
DA:9,1
DA:10,1
DA:11,1
DA:12,1
DA:13,1
DA:14,1
DA:15,1
DA:17,1
DA:18,0
DA:19,0
DA:20,0
DA:25,0
DA:26,0
DA:27,0
DA:31,0
DA:34,1
DA:35,3
DA:36,1
DA:37,1
DA:38,1
DA:39,1
DA:40,0
DA:42,1
DA:44,2
DA:45,1
DA:46,0
DA:48,1
DA:49,1
DA:50,1
DA:51,1
DA:53,1
DA:54,0
DA:55,0
DA:56,0
DA:57,0
DA:58,0
DA:74,0
DA:78,1
DA:79,1
DA:80,0
DA:83,1
DA:84,0
DA:85,0
DA:86,0
DA:88,0
DA:95,1
DA:101,2
DA:102,2
DA:103,2
DA:105,0
DA:106,0
DA:108,2
DA:109,2
DA:115,1
DA:117,1
DA:118,1
DA:119,1
DA:126,1
DA:127,0
DA:133,0
DA:136,1
DA:138,2
DA:139,2
DA:143,0
DA:147,1
DA:148,2
DA:149,1
LF:74
LH:49
BRDA:19,0,0,0
BRDA:26,1,0,0
BRDA:34,2,0,0
BRDA:35,3,0,1
BRDA:35,3,1,2
BRDA:36,4,0,1
BRDA:39,5,0,0
BRDA:44,6,0,1
BRDA:44,6,1,1
BRDA:45,7,0,0
BRDA:48,8,0,1
BRDA:53,9,0,0
BRDA:53,9,1,1
BRDA:78,10,0,1
BRDA:78,10,1,0
BRDA:79,11,0,0
BRDA:84,12,0,0
BRDA:84,12,1,0
BRDA:97,13,0,0
BRDA:98,14,0,0
BRDA:109,15,0,1
BRDA:109,15,1,1
BRDA:110,16,0,2
BRDA:110,16,1,1
BRDA:110,16,2,1
BRDA:110,16,3,0
BRDA:126,17,0,0
BRDA:138,18,0,2
BRDA:138,18,1,0
BRDA:148,19,0,1
BRF:30
BRH:15
end_of_record
TN:
SF:src/utils/localize.ts
FN:14,(anonymous_1)
FN:18,(anonymous_2)
FN:30,(anonymous_3)
FN:32,(anonymous_4)
FN:36,(anonymous_5)
FN:37,(anonymous_6)
FN:42,(anonymous_7)
FN:45,(anonymous_8)
FN:63,(anonymous_9)
FNF:9
FNH:7
FNDA:2,(anonymous_1)
FNDA:8,(anonymous_2)
FNDA:2,(anonymous_3)
FNDA:1,(anonymous_4)
FNDA:0,(anonymous_5)
FNDA:0,(anonymous_6)
FNDA:1,(anonymous_7)
FNDA:1,(anonymous_8)
FNDA:7,(anonymous_9)
DA:1,1
DA:2,1
DA:3,1
DA:4,1
DA:5,1
DA:6,1
DA:7,1
DA:8,1
DA:9,1
DA:10,1
DA:12,1
DA:14,1
DA:15,2
DA:18,1
DA:19,8
DA:29,1
DA:30,1
DA:31,2
DA:32,2
DA:33,1
DA:36,1
DA:37,0
DA:40,1
DA:42,1
DA:43,1
DA:44,1
DA:45,1
DA:46,1
DA:47,1
DA:49,0
DA:51,1
DA:52,0
DA:58,1
DA:60,1
DA:61,1
DA:63,1
DA:64,7
DA:65,1
LF:38
LH:35
BRDA:43,0,0,1
BRDA:46,1,0,1
BRDA:46,1,1,0
BRDA:46,2,0,1
BRDA:46,2,1,0
BRDA:51,3,0,0
BRF:6
BRH:3
end_of_record
TN:
SF:src/utils/lockout.utils.ts
FN:12,(anonymous_10)
FN:30,(anonymous_11)
FN:39,(anonymous_12)
FN:47,(anonymous_13)
FN:54,(anonymous_14)
FN:73,(anonymous_15)
FN:89,(anonymous_16)
FN:99,(anonymous_17)
FN:143,(anonymous_18)
FN:156,(anonymous_19)
FN:161,(anonymous_20)
FNF:11
FNH:11
FNDA:1,(anonymous_10)
FNDA:5,(anonymous_11)
FNDA:5,(anonymous_12)
FNDA:1,(anonymous_13)
FNDA:8,(anonymous_14)
FNDA:5,(anonymous_15)
FNDA:1,(anonymous_16)
FNDA:9,(anonymous_17)
FNDA:3,(anonymous_18)
FNDA:1,(anonymous_19)
FNDA:5,(anonymous_20)
DA:1,9
DA:2,9
DA:3,9
DA:4,9
DA:5,9
DA:12,9
DA:13,1
DA:14,1
DA:15,1
DA:16,1
DA:18,1
DA:19,1
DA:20,1
DA:21,1
DA:23,1
DA:24,1
DA:25,1
DA:26,1
DA:27,1
DA:30,9
DA:31,5
DA:32,4
DA:33,4
DA:34,4
DA:35,3
DA:36,3
DA:39,9
DA:40,5
DA:41,1
DA:47,9
DA:48,1
DA:49,1
DA:54,9
DA:55,8
DA:56,8
DA:63,8
DA:64,7
DA:68,0
DA:70,1
DA:73,9
DA:74,5
DA:75,5
DA:84,0
DA:85,0
DA:89,9
DA:90,1
DA:91,1
DA:95,0
DA:99,9
DA:101,9
DA:104,9
DA:105,9
DA:108,0
DA:110,0
DA:115,0
DA:116,0
DA:119,0
DA:120,0
DA:124,0
DA:128,0
DA:134,0
DA:139,0
DA:143,9
DA:145,3
DA:147,3
DA:148,3
DA:149,3
DA:150,1
DA:151,1
DA:153,2
DA:156,9
DA:157,1
DA:158,1
DA:161,9
DA:162,5
DA:164,5
DA:165,5
DA:167,5
DA:169,5
DA:170,5
DA:171,2
DA:173,2
DA:182,2
DA:186,3
DA:189,5
DA:192,9
DA:198,9
LF:87
LH:73
BRDA:21,0,0,1
BRDA:21,0,1,0
BRDA:24,1,0,0
BRDA:25,2,0,1
BRDA:26,3,0,0
BRDA:26,4,0,1
BRDA:26,4,1,1
BRDA:31,5,0,1
BRDA:32,6,0,0
BRDA:33,7,0,0
BRDA:34,8,0,1
BRDA:35,9,0,0
BRDA:40,10,0,1
BRDA:63,11,0,7
BRDA:104,12,0,9
BRDA:115,13,0,0
BRDA:115,13,1,0
BRDA:115,14,0,0
BRDA:115,14,1,0
BRDA:116,15,0,0
BRDA:116,15,1,0
BRDA:116,16,0,0
BRDA:116,16,1,0
BRDA:119,17,0,0
BRDA:119,18,0,0
BRDA:119,18,1,0
BRDA:149,19,0,1
BRDA:149,20,0,3
BRDA:149,20,1,2
BRDA:170,21,0,2
BRDA:170,21,1,3
BRDA:173,22,0,1
BRDA:173,22,1,1
BRDA:175,23,0,0
BRDA:175,23,1,1
BRDA:177,24,0,0
BRDA:177,24,1,1
BRDA:179,25,0,1
BRDA:179,25,1,0
BRF:39
BRH:19
end_of_record
TN:
SF:src/utils/multisig.utils.ts
FN:67,(anonymous_1)
FN:75,(anonymous_2)
FN:90,(anonymous_3)
FN:259,(anonymous_4)
FN:266,(anonymous_5)
FN:274,(anonymous_6)
FN:288,(anonymous_7)
FN:314,(anonymous_8)
FN:318,(anonymous_9)
FN:323,(anonymous_10)
FN:327,(anonymous_11)
FN:342,(anonymous_12)
FN:349,(anonymous_13)
FN:356,(anonymous_14)
FN:379,(anonymous_15)
FN:380,(anonymous_16)
FN:386,(anonymous_17)
FN:391,(anonymous_18)
FN:394,(anonymous_19)
FN:403,(anonymous_20)
FN:427,(anonymous_21)
FN:428,(anonymous_22)
FN:453,(anonymous_23)
FN:454,(anonymous_24)
FNF:24
FNH:17
FNDA:3,(anonymous_1)
FNDA:2,(anonymous_2)
FNDA:10,(anonymous_3)
FNDA:1,(anonymous_4)
FNDA:1,(anonymous_5)
FNDA:2,(anonymous_6)
FNDA:3,(anonymous_7)
FNDA:5,(anonymous_8)
FNDA:2,(anonymous_9)
FNDA:1,(anonymous_10)
FNDA:1,(anonymous_11)
FNDA:6,(anonymous_12)
FNDA:4,(anonymous_13)
FNDA:2,(anonymous_14)
FNDA:0,(anonymous_15)
FNDA:0,(anonymous_16)
FNDA:0,(anonymous_17)
FNDA:0,(anonymous_18)
FNDA:0,(anonymous_19)
FNDA:4,(anonymous_20)
FNDA:2,(anonymous_21)
FNDA:0,(anonymous_22)
FNDA:1,(anonymous_23)
FNDA:0,(anonymous_24)
DA:55,2
DA:57,2
DA:58,2
DA:60,2
DA:61,2
DA:63,2
DA:64,2
DA:65,2
DA:67,2
DA:68,3
DA:71,3
DA:72,2
DA:75,2
DA:79,2
DA:82,2
DA:83,2
DA:84,2
DA:90,2
DA:92,10
DA:93,9
DA:94,11
DA:96,10
DA:98,1
DA:99,1
DA:101,0
DA:102,0
DA:104,1
DA:105,1
DA:107,0
DA:108,0
DA:110,0
DA:111,0
DA:113,0
DA:114,0
DA:116,0
DA:117,0
DA:119,0
DA:121,0
DA:123,0
DA:124,0
DA:126,0
DA:127,0
DA:129,0
DA:130,0
DA:132,0
DA:133,0
DA:135,0
DA:136,0
DA:138,0
DA:139,0
DA:141,0
DA:142,0
DA:144,0
DA:145,0
DA:147,0
DA:148,0
DA:150,0
DA:155,0
DA:157,1
DA:160,1
DA:162,0
DA:163,0
DA:165,1
DA:166,1
DA:168,0
DA:169,0
DA:171,0
DA:172,0
DA:174,0
DA:175,0
DA:177,0
DA:178,0
DA:180,0
DA:181,0
DA:183,0
DA:184,0
DA:186,0
DA:187,0
DA:189,0
DA:190,0
DA:192,0
DA:193,0
DA:195,0
DA:196,0
DA:198,0
DA:199,0
DA:201,0
DA:202,0
DA:204,0
DA:206,0
DA:208,0
DA:209,0
DA:211,0
DA:212,0
DA:214,0
DA:215,0
DA:217,4
DA:218,4
DA:220,0
DA:221,0
DA:223,0
DA:224,0
DA:226,0
DA:227,0
DA:229,2
DA:230,2
DA:232,0
DA:233,0
DA:235,0
DA:236,0
DA:238,0
DA:239,0
DA:241,0
DA:242,0
DA:244,0
DA:245,0
DA:247,0
DA:248,0
DA:250,0
DA:251,0
DA:253,10
DA:254,9
DA:256,7
DA:259,2
DA:264,1
DA:266,2
DA:271,1
DA:274,2
DA:278,2
DA:279,2
DA:280,1
DA:281,1
DA:282,1
DA:284,1
DA:288,2
DA:294,3
DA:295,3
DA:296,3
DA:297,2
DA:298,2
DA:299,2
DA:300,2
DA:301,2
DA:305,2
DA:306,3
DA:313,3
DA:314,5
DA:318,2
DA:319,2
DA:320,2
DA:321,2
DA:323,1
DA:324,1
DA:327,1
DA:328,1
DA:331,0
DA:334,0
DA:342,2
DA:347,6
DA:349,4
DA:350,4
DA:352,4
DA:355,2
DA:357,2
DA:360,2
DA:363,6
DA:364,0
DA:366,6
DA:369,6
DA:370,6
DA:371,6
DA:372,6
DA:373,5
DA:376,6
DA:379,2
DA:380,0
DA:381,0
DA:382,0
DA:387,0
DA:388,0
DA:392,0
DA:395,0
DA:398,0
DA:403,2
DA:407,4
DA:408,4
DA:410,4
DA:412,3
DA:413,3
DA:421,3
DA:422,2
DA:426,2
DA:428,2
DA:429,0
DA:434,3
DA:437,1
DA:438,1
DA:447,1
DA:448,1
DA:452,1
DA:454,1
DA:455,0
DA:460,1
DA:463,4
DA:466,2
LF:205
LH:106
BRDA:71,0,0,1
BRDA:82,1,0,1
BRDA:92,2,0,1
BRDA:92,3,0,10
BRDA:92,3,1,10
BRDA:94,4,0,1
BRDA:94,5,0,11
BRDA:94,5,1,11
BRDA:94,5,2,11
BRDA:96,6,0,1
BRDA:96,6,1,0
BRDA:96,6,2,1
BRDA:96,6,3,0
BRDA:96,6,4,0
BRDA:96,6,5,0
BRDA:96,6,6,0
BRDA:96,6,7,0
BRDA:96,6,8,0
BRDA:96,6,9,0
BRDA:96,6,10,0
BRDA:96,6,11,0
BRDA:96,6,12,0
BRDA:96,6,13,0
BRDA:96,6,14,0
BRDA:96,6,15,0
BRDA:96,6,16,0
BRDA:96,6,17,0
BRDA:96,6,18,1
BRDA:96,6,19,0
BRDA:96,6,20,1
BRDA:96,6,21,0
BRDA:96,6,22,0
BRDA:96,6,23,0
BRDA:96,6,24,0
BRDA:96,6,25,0
BRDA:96,6,26,0
BRDA:96,6,27,0
BRDA:96,6,28,0
BRDA:96,6,29,0
BRDA:96,6,30,0
BRDA:96,6,31,0
BRDA:96,6,32,0
BRDA:96,6,33,0
BRDA:96,6,34,0
BRDA:96,6,35,0
BRDA:96,6,36,0
BRDA:96,6,37,4
BRDA:96,6,38,0
BRDA:96,6,39,0
BRDA:96,6,40,0
BRDA:96,6,41,2
BRDA:96,6,42,0
BRDA:96,6,43,0
BRDA:96,6,44,0
BRDA:96,6,45,0
BRDA:96,6,46,0
BRDA:96,6,47,0
BRDA:96,6,48,0
BRDA:151,7,0,0
BRDA:151,7,1,0
BRDA:151,7,2,0
BRDA:151,7,3,0
BRDA:158,8,0,1
BRDA:158,8,1,0
BRDA:253,9,0,1
BRDA:253,9,1,9
BRDA:253,10,0,10
BRDA:253,10,1,2
BRDA:294,11,0,2
BRDA:294,11,1,1
BRDA:296,12,0,2
BRDA:299,13,0,2
BRDA:320,14,0,2
BRDA:321,15,0,1
BRDA:321,15,1,1
BRDA:321,15,2,0
BRDA:347,16,0,4
BRDA:347,16,1,2
BRDA:363,17,0,0
BRDA:371,18,0,6
BRDA:371,18,1,0
BRDA:372,19,0,5
BRDA:387,20,0,0
BRDA:387,21,0,0
BRDA:387,21,1,0
BRDA:410,22,0,3
BRDA:410,22,1,1
BRDA:412,23,0,3
BRDA:416,24,0,1
BRDA:416,24,1,2
BRDA:421,25,0,2
BRDA:437,26,0,1
BRDA:441,27,0,0
BRDA:441,27,1,1
BRDA:447,28,0,1
BRF:95
BRH:40
end_of_record
TN:
[...]
BRH:3
end_of_record
TN:
SF:src/utils/requestWithoutConfirmation.utils.ts
FN:27,(anonymous_0)
FNF:1
FNH:1
FNDA:1,(anonymous_0)
DA:2,1
DA:3,1
DA:4,1
DA:5,1
DA:6,1
DA:7,1
DA:8,1
DA:9,1
DA:11,1
DA:27,1
DA:35,1
DA:37,1
DA:38,1
DA:45,1
DA:47,0
DA:48,0
DA:55,0
DA:57,0
DA:58,0
DA:66,0
DA:68,0
DA:69,0
DA:77,0
DA:79,0
DA:80,0
DA:88,0
DA:90,0
DA:91,0
DA:99,0
DA:101,0
DA:102,0
DA:109,0
DA:111,0
DA:112,0
DA:119,0
LF:35
LH:14
BRDA:35,0,0,1
BRDA:35,0,1,0
BRDA:35,0,2,0
BRDA:35,0,3,0
BRDA:35,0,4,0
BRDA:35,0,5,0
BRDA:35,0,6,0
BRDA:35,0,7,0
BRF:8
BRH:1
end_of_record
TN:
SF:src/utils/rewards.utils.ts
FN:5,(anonymous_0)
FN:25,(anonymous_1)
FNF:2
FNH:2
FNDA:2,(anonymous_0)
FNDA:5,(anonymous_1)
DA:2,1
DA:3,1
DA:5,1
DA:12,2
DA:25,1
DA:30,5
DA:37,1
LF:7
LH:7
BRDA:31,0,0,5
BRDA:31,0,1,3
BRDA:31,0,2,2
BRF:3
BRH:3
end_of_record
TN:
SF:src/utils/rpc.utils.ts
FN:6,(anonymous_1)
FN:21,(anonymous_2)
FN:23,(anonymous_3)
FN:32,(anonymous_4)
FN:33,(anonymous_5)
FN:40,(anonymous_6)
FN:44,(anonymous_7)
FN:46,(anonymous_8)
FN:49,(anonymous_9)
FNF:9
FNH:8
FNDA:5,(anonymous_1)
FNDA:2,(anonymous_2)
FNDA:1,(anonymous_3)
FNDA:1,(anonymous_4)
FNDA:2,(anonymous_5)
FNDA:2,(anonymous_6)
FNDA:6,(anonymous_7)
FNDA:3,(anonymous_8)
FNDA:0,(anonymous_9)
DA:1,10
DA:3,10
DA:4,10
DA:6,10
DA:8,5
DA:11,5
DA:12,3
DA:13,3
DA:15,1
DA:18,5
DA:21,10
DA:22,2
DA:23,2
DA:24,1
DA:25,1
DA:32,10
DA:33,2
DA:34,1
DA:40,10
DA:41,2
DA:44,10
DA:45,6
DA:47,3
DA:50,0
DA:53,6
DA:54,6
DA:62,5
DA:63,1
DA:65,4
DA:67,1
DA:68,1
LF:31
LH:30
BRDA:11,0,0,3
BRDA:18,1,0,2
BRDA:18,1,1,3
BRDA:23,2,0,1
BRDA:41,3,0,1
BRDA:41,3,1,1
BRDA:55,4,0,2
BRDA:55,4,1,4
BRDA:62,5,0,1
BRF:9
BRH:9
end_of_record
TN:
SF:src/utils/rpcSwitcher.utils.ts
FN:10,(anonymous_1)
FN:18,(anonymous_2)
FNF:2
FNH:2
FNDA:5,(anonymous_1)
FNDA:24,(anonymous_2)
DA:1,10
DA:2,10
DA:4,10
DA:5,10
DA:6,10
DA:7,10
DA:8,10
DA:10,10
DA:11,5
DA:14,5
DA:16,5
DA:17,5
DA:18,24
DA:20,6
DA:21,4
DA:22,3
DA:24,1
DA:25,1
DA:27,4
LF:19
LH:19
BRDA:14,0,0,5
BRDA:14,0,1,3
BRDA:16,1,0,5
BRDA:16,1,1,5
BRDA:18,2,0,24
BRDA:18,2,1,22
BRDA:20,3,0,4
BRDA:21,4,0,3
BRDA:21,4,1,1
BRF:9
BRH:9
end_of_record
TN:
SF:src/utils/savings.utils.ts
FN:16,(anonymous_0)
FN:22,(anonymous_1)
FNF:2
FNH:2
FNDA:10,(anonymous_0)
FNDA:3,(anonymous_1)
DA:1,1
DA:3,1
DA:16,1
DA:17,10
DA:22,1
DA:23,3
DA:24,3
DA:25,3
DA:26,3
DA:27,1
DA:40,2
DA:41,1
DA:49,1
DA:52,1
DA:56,1
LF:15
LH:15
BRDA:17,0,0,9
BRDA:17,0,1,1
BRDA:26,1,0,1
BRDA:26,1,1,2
BRDA:40,2,0,1
BRDA:40,2,1,1
BRF:6
BRH:6
end_of_record
TN:
SF:src/utils/swapToken.utils.ts
FN:21,(anonymous_1)
FN:24,(anonymous_2)
FN:26,(anonymous_3)
FN:49,(anonymous_4)
FN:51,(anonymous_5)
FN:71,(anonymous_6)
FN:94,(anonymous_7)
FN:135,(anonymous_8)
FN:160,(anonymous_9)
FN:164,(anonymous_10)
FN:169,(anonymous_11)
FN:174,(anonymous_12)
FN:180,(anonymous_13)
FN:188,(anonymous_14)
FNF:14
FNH:6
FNDA:0,(anonymous_1)
FNDA:0,(anonymous_2)
FNDA:0,(anonymous_3)
FNDA:0,(anonymous_4)
FNDA:2,(anonymous_5)
FNDA:0,(anonymous_6)
FNDA:0,(anonymous_7)
FNDA:0,(anonymous_8)
FNDA:1,(anonymous_9)
FNDA:1,(anonymous_10)
FNDA:1,(anonymous_11)
FNDA:1,(anonymous_12)
FNDA:2,(anonymous_13)
FNDA:0,(anonymous_14)
DA:1,1
DA:2,1
DA:4,1
DA:5,1
DA:10,1
DA:16,1
DA:17,1
DA:18,1
DA:19,1
DA:21,1
DA:22,0
DA:23,0
DA:24,0
DA:26,0
DA:27,0
DA:29,0
DA:30,0
DA:36,0
DA:37,0
DA:46,0
DA:49,1
DA:51,1
DA:57,2
DA:58,2
DA:62,2
DA:63,1
DA:64,1
DA:67,1
DA:71,1
DA:79,0
DA:87,0
DA:88,0
DA:90,0
DA:94,1
DA:102,0
DA:103,0
DA:104,0
DA:114,0
DA:116,0
DA:119,0
DA:120,0
DA:131,0
DA:135,1
DA:136,0
DA:137,0
DA:138,0
DA:140,0
DA:141,0
DA:146,0
DA:147,0
DA:157,0
DA:160,1
DA:161,1
DA:164,1
DA:165,1
DA:166,1
DA:169,1
DA:170,1
DA:171,1
DA:174,1
DA:175,1
DA:180,1
DA:181,2
DA:184,2
DA:185,1
DA:188,1
DA:189,0
DA:190,0
DA:191,0
DA:195,1
LF:70
LH:37
BRDA:27,0,0,0
BRDA:27,0,1,0
BRDA:29,1,0,0
BRDA:36,2,0,0
BRDA:57,3,0,2
BRDA:57,4,0,2
BRDA:57,4,1,2
BRDA:57,4,2,2
BRDA:57,4,3,2
BRDA:62,5,0,1
BRDA:87,6,0,0
BRDA:87,6,1,0
BRDA:102,7,0,0
BRDA:102,7,1,0
BRDA:102,8,0,0
BRDA:102,8,1,0
BRDA:131,9,0,0
BRDA:131,9,1,0
BRDA:131,10,0,0
BRDA:131,10,1,0
BRDA:137,11,0,0
BRDA:146,12,0,0
BRDA:146,13,0,0
BRDA:146,13,1,0
BRDA:150,14,0,0
BRDA:150,14,1,0
BRDA:152,15,0,0
BRDA:152,15,1,0
BRDA:184,16,0,1
BRDA:184,16,1,1
BRDA:190,17,0,0
BRF:31
BRH:8
end_of_record
TN:
SF:src/utils/tokenTransaction.utils.ts
FN:31,(anonymous_1)
FN:39,(anonymous_2)
FN:51,(anonymous_3)
FN:58,(anonymous_4)
FN:69,(anonymous_5)
FN:77,(anonymous_6)
FN:81,(anonymous_7)
FNF:7
FNH:5
FNDA:0,(anonymous_1)
FNDA:6,(anonymous_2)
FNDA:2,(anonymous_3)
FNDA:2,(anonymous_4)
FNDA:0,(anonymous_5)
FNDA:2,(anonymous_6)
FNDA:4,(anonymous_7)
DA:1,1
DA:2,1
DA:13,1
DA:18,1
DA:25,1
DA:31,1
DA:35,0
DA:36,0
DA:39,1
DA:43,6
DA:44,6
DA:51,1
DA:52,2
DA:53,2
DA:58,1
DA:62,2
DA:63,2
DA:69,1
DA:73,0
DA:74,0
DA:77,1
DA:81,2
DA:82,4
DA:103,1
LF:24
LH:20
BRDA:45,0,0,6
BRDA:45,0,1,5
BRDA:45,0,2,4
BRDA:54,1,0,2
BRDA:54,1,1,1
BRDA:64,2,0,2
BRDA:64,2,1,1
BRDA:83,3,0,4
BRDA:83,3,1,0
BRDA:83,3,2,4
BRDA:83,3,3,3
BRDA:83,3,4,4
BRDA:83,3,5,1
BRDA:83,3,6,4
BRDA:83,3,7,0
BRDA:83,3,8,4
BRDA:83,3,9,0
BRDA:83,3,10,4
BRDA:83,3,11,3
BRDA:83,3,12,2
BRDA:83,3,13,0
BRF:21
BRH:17
end_of_record
TN:
SF:src/utils/tokens.utils.ts
FN:14,(anonymous_0)
FN:18,(anonymous_1)
FN:37,(anonymous_2)
FN:38,(anonymous_3)
FN:39,(anonymous_4)
FN:58,(anonymous_5)
FN:69,(anonymous_6)
FN:80,(anonymous_7)
FN:90,(anonymous_8)
FN:98,(anonymous_9)
FN:108,(anonymous_10)
FN:116,(anonymous_11)
FN:124,(anonymous_12)
FN:139,(anonymous_13)
FNF:14
FNH:14
FNDA:3,(anonymous_0)
FNDA:3,(anonymous_1)
FNDA:1,(anonymous_2)
FNDA:1,(anonymous_3)
FNDA:1,(anonymous_4)
FNDA:1,(anonymous_5)
FNDA:1,(anonymous_6)
FNDA:2,(anonymous_7)
FNDA:1500,(anonymous_8)
FNDA:2,(anonymous_9)
FNDA:2,(anonymous_10)
FNDA:3,(anonymous_11)
FNDA:1,(anonymous_12)
FNDA:1,(anonymous_13)
DA:1,10
DA:14,10
DA:18,3
DA:19,3
DA:20,23
DA:23,23
DA:26,3
DA:27,3
DA:28,2
DA:30,2
DA:33,3
DA:37,10
DA:38,1
DA:39,1
DA:40,1
DA:58,10
DA:59,1
DA:69,10
DA:70,1
DA:71,1
DA:72,1
DA:73,2
DA:74,2
DA:75,2
DA:77,1
DA:80,10
DA:81,2
DA:91,1500
DA:98,10
DA:99,2
DA:109,2
DA:116,10
DA:117,3
DA:118,2
DA:120,1
DA:121,1
DA:124,10
DA:128,1
DA:139,1
DA:140,1
DA:148,10
DA:149,10
LF:42
LH:42
BRDA:23,0,0,2
BRDA:27,1,0,2
BRDA:27,2,0,3
BRDA:27,2,1,2
BRDA:30,3,0,1
BRDA:30,4,0,2
BRDA:30,4,1,1
BRDA:117,5,0,2
BRDA:117,6,0,3
BRDA:117,6,1,2
BRDA:141,7,0,1
BRDA:141,7,1,1
BRDA:141,7,2,1
BRDA:143,8,0,1
BRDA:143,8,1,0
BRF:15
BRH:14
end_of_record
TN:
SF:src/utils/transactions.utils.ts
FN:53,(anonymous_0)
FN:282,(anonymous_1)
FN:312,(anonymous_2)
FN:328,(anonymous_3)
FN:339,(anonymous_4)
FN:358,(anonymous_5)
FNF:6
FNH:6
FNDA:33,(anonymous_0)
FNDA:2,(anonymous_1)
FNDA:3,(anonymous_2)
FNDA:3,(anonymous_3)
FNDA:14,(anonymous_4)
FNDA:2,(anonymous_5)
DA:1,9
DA:6,9
DA:33,9
DA:34,9
DA:35,9
DA:37,9
DA:38,9
DA:39,9
DA:40,9
DA:46,9
DA:53,9
DA:59,33
DA:60,33
DA:61,33
DA:86,33
DA:88,33
DA:91,31
DA:97,29
DA:98,29
DA:99,29
DA:100,29
DA:102,7
DA:103,7
DA:108,7
DA:109,7
DA:110,7
DA:113,1
DA:114,1
DA:118,1
DA:119,1
DA:120,1
DA:123,2
DA:125,2
DA:129,2
DA:132,2
DA:134,2
DA:135,2
DA:136,2
DA:138,2
DA:142,2
DA:143,2
DA:144,2
DA:147,1
DA:148,1
DA:149,1
DA:150,1
DA:154,1
DA:157,1
DA:158,1
DA:162,1
DA:165,1
DA:166,1
DA:167,1
DA:168,1
DA:171,1
DA:172,1
DA:173,1
DA:174,1
DA:178,1
DA:181,1
DA:182,1
DA:183,1
DA:184,1
DA:187,1
DA:188,1
DA:189,1
DA:190,1
DA:193,1
DA:194,1
DA:195,1
DA:196,1
DA:199,1
DA:200,1
DA:201,1
DA:202,1
DA:205,1
DA:206,1
DA:207,1
DA:208,1
DA:211,1
DA:212,1
DA:213,1
DA:214,1
DA:217,1
DA:218,1
DA:219,1
DA:220,1
DA:223,1
DA:224,1
DA:225,1
DA:226,1
DA:229,1
DA:230,1
DA:231,1
DA:232,1
DA:235,1
DA:236,1
DA:237,1
DA:238,1
DA:241,1
DA:242,1
DA:243,1
DA:244,1
DA:247,1
DA:248,1
DA:251,1
DA:252,1
DA:255,1
DA:256,1
DA:259,1
DA:260,1
DA:263,29
DA:279,29
DA:281,29
DA:283,2
DA:286,29
DA:287,2
DA:290,29
DA:295,2
DA:297,29
DA:299,2
DA:300,1
DA:302,1
DA:312,9
DA:316,3
DA:317,3
DA:322,3
DA:328,3
DA:329,3
DA:331,3
DA:339,9
DA:340,14
DA:341,14
DA:342,3
DA:343,2
DA:344,2
DA:345,1
DA:346,1
DA:348,1
DA:351,1
DA:352,1
DA:355,11
DA:358,9
DA:359,2
DA:360,2
DA:361,2
DA:366,2
DA:372,2
DA:377,9
DA:384,9
LF:150
LH:150
BRDA:88,0,0,2
BRDA:100,1,0,7
BRDA:100,1,1,1
BRDA:100,1,2,2
BRDA:100,1,3,1
BRDA:100,1,4,1
BRDA:100,1,5,1
BRDA:100,1,6,1
BRDA:100,1,7,1
BRDA:100,1,8,1
BRDA:100,1,9,1
BRDA:100,1,10,1
BRDA:100,1,11,1
BRDA:100,1,12,1
BRDA:100,1,13,1
BRDA:100,1,14,1
BRDA:100,1,15,1
BRDA:100,1,16,1
BRDA:100,1,17,1
BRDA:100,1,18,1
BRDA:100,1,19,1
BRDA:100,1,20,1
BRDA:100,1,21,1
BRDA:125,2,0,1
BRDA:125,2,1,1
BRDA:129,3,0,1
BRDA:129,3,1,1
BRDA:265,4,0,29
BRDA:265,4,1,6
BRDA:272,5,0,1
BRDA:272,5,1,28
BRDA:286,6,0,2
BRDA:286,7,0,29
BRDA:286,7,1,2
BRDA:290,8,0,2
BRDA:291,9,0,29
BRDA:291,9,1,29
BRDA:291,9,2,2
BRDA:299,10,0,1
BRDA:299,10,1,1
BRDA:299,11,0,2
BRDA:299,11,1,2
BRDA:332,12,0,3
BRDA:332,12,1,2
BRDA:332,12,2,1
BRDA:341,13,0,3
BRDA:342,14,0,2
BRDA:342,14,1,1
BRDA:372,15,0,1
BRDA:372,15,1,1
BRF:50
BRH:50
end_of_record
TN:
SF:src/utils/transfer.utils.ts
FN:9,(anonymous_0)
FN:48,(anonymous_1)
FN:58,(anonymous_2)
FN:62,(anonymous_3)
FN:65,(anonymous_4)
FNF:5
FNH:5
FNDA:3,(anonymous_0)
FNDA:1,(anonymous_1)
FNDA:3,(anonymous_2)
FNDA:3,(anonymous_3)
FNDA:2,(anonymous_4)
DA:1,9
DA:6,9
DA:7,9
DA:9,9
DA:17,3
DA:26,3
DA:28,1
DA:30,1
DA:32,0
DA:34,0
DA:38,0
DA:42,0
DA:44,1
DA:48,9
DA:51,1
DA:55,1
DA:58,9
DA:62,3
DA:63,3
DA:64,1
DA:66,2
DA:70,1
DA:73,9
LF:23
LH:19
BRDA:26,0,0,1
BRDA:26,0,1,1
BRDA:26,0,2,0
BRDA:26,0,3,0
BRDA:26,0,4,0
BRDA:26,0,5,0
BRDA:26,0,6,1
BRDA:63,1,0,2
BRDA:66,2,0,2
BRDA:66,2,1,0
BRDA:66,3,0,2
BRDA:66,3,1,1
BRF:12
BRH:7
end_of_record
TN:
SF:src/utils/version.utils.ts
FN:10,(anonymous_1)
FN:15,(anonymous_2)
FNF:2
FNH:2
FNDA:5,(anonymous_1)
FNDA:4,(anonymous_2)
DA:1,2
DA:2,2
DA:3,2
DA:10,2
DA:11,5
DA:12,5
DA:15,2
DA:16,4
DA:17,3
DA:20,2
LF:10
LH:10
BRF:0
BRH:0
end_of_record
TN:
SF:src/utils/vestingRoutes.utils.ts
FN:15,(anonymous_1)
FN:23,(anonymous_2)
FN:33,(anonymous_3)
FN:49,(anonymous_4)
FN:56,(anonymous_5)
FN:59,(anonymous_6)
FN:69,(anonymous_7)
FN:69,(anonymous_8)
FN:88,(anonymous_9)
FN:91,(anonymous_10)
FN:105,(anonymous_11)
FN:120,(anonymous_12)
FN:126,(anonymous_13)
FN:150,(anonymous_14)
FN:158,(anonymous_15)
FN:163,(anonymous_16)
FN:170,(anonymous_17)
FN:187,(anonymous_18)
FN:204,(anonymous_19)
FN:209,(anonymous_20)
FN:210,(anonymous_21)
FN:213,(anonymous_22)
FN:222,(anonymous_23)
FN:229,(anonymous_24)
FN:235,(anonymous_25)
FN:237,(anonymous_26)
FNF:26
FNH:25
FNDA:13,(anonymous_1)
FNDA:9,(anonymous_2)
FNDA:8,(anonymous_3)
FNDA:12,(anonymous_4)
FNDA:6,(anonymous_5)
FNDA:7,(anonymous_6)
FNDA:6,(anonymous_7)
FNDA:6,(anonymous_8)
FNDA:6,(anonymous_9)
FNDA:7,(anonymous_10)
FNDA:1,(anonymous_11)
FNDA:1,(anonymous_12)
FNDA:0,(anonymous_13)
FNDA:4,(anonymous_14)
FNDA:3,(anonymous_15)
FNDA:6,(anonymous_16)
FNDA:1,(anonymous_17)
FNDA:7,(anonymous_18)
FNDA:3,(anonymous_19)
FNDA:3,(anonymous_20)
FNDA:3,(anonymous_21)
FNDA:1,(anonymous_22)
FNDA:1,(anonymous_23)
FNDA:4,(anonymous_24)
FNDA:4,(anonymous_25)
FNDA:3,(anonymous_26)
DA:2,1
DA:10,1
DA:11,1
DA:13,1
DA:15,1
DA:19,13
DA:23,13
DA:24,9
DA:33,1
DA:37,8
DA:38,8
DA:39,9
DA:40,9
DA:41,9
DA:46,8
DA:49,1
DA:50,12
DA:53,11
DA:56,1
DA:58,6
DA:59,7
DA:62,6
DA:64,6
DA:65,1
DA:66,1
DA:68,5
DA:69,6
DA:72,5
DA:73,1
DA:80,5
DA:82,5
DA:83,6
DA:87,6
DA:88,6
DA:90,6
DA:91,7
DA:95,6
DA:96,1
DA:100,5
DA:101,3
DA:102,3
DA:103,2
DA:104,2
DA:105,1
DA:107,2
DA:108,0
DA:109,0
DA:112,2
DA:114,2
DA:116,3
DA:117,3
DA:118,2
DA:119,2
DA:120,1
DA:122,2
DA:123,0
DA:124,0
DA:127,0
DA:131,0
DA:137,2
DA:139,2
DA:140,2
DA:145,5
DA:147,3
DA:150,4
DA:156,5
DA:158,3
DA:163,1
DA:164,6
DA:170,1
DA:177,1
DA:187,1
DA:193,7
DA:204,1
DA:208,3
DA:209,3
DA:210,3
DA:211,3
DA:212,1
DA:213,1
DA:215,1
DA:216,1
DA:218,2
DA:219,1
DA:220,1
DA:221,1
DA:222,1
DA:226,3
DA:229,1
DA:234,4
DA:235,4
DA:236,4
DA:237,3
DA:238,3
DA:239,2
DA:240,2
DA:243,1
DA:244,1
DA:245,1
DA:250,3
DA:251,3
DA:253,1
DA:258,1
LF:103
LH:97
BRDA:53,0,0,11
BRDA:53,0,1,2
BRDA:64,1,0,1
BRDA:64,1,1,5
BRDA:72,2,0,1
BRDA:95,3,0,1
BRDA:100,4,0,3
BRDA:101,5,0,3
BRDA:107,6,0,0
BRDA:107,6,1,2
BRDA:108,7,0,0
BRDA:116,8,0,3
BRDA:122,9,0,0
BRDA:122,9,1,2
BRDA:123,10,0,0
BRDA:124,11,0,0
BRDA:127,12,0,0
BRDA:127,12,1,0
BRDA:139,13,0,2
BRDA:139,14,0,2
BRDA:139,14,1,2
BRDA:145,15,0,3
BRDA:156,16,0,3
BRDA:156,16,1,2
BRDA:156,17,0,5
BRDA:156,17,1,5
BRDA:156,17,2,3
BRDA:211,18,0,1
BRDA:211,18,1,2
BRDA:211,19,0,3
BRDA:211,19,1,2
BRDA:215,20,0,1
BRDA:215,21,0,1
BRDA:215,21,1,1
BRDA:218,22,0,1
BRDA:218,22,1,1
BRDA:220,23,0,1
BRDA:236,24,0,3
BRDA:238,25,0,2
BRDA:238,25,1,1
BRDA:243,26,0,1
BRF:41
BRH:34
end_of_record
TN:
SF:src/utils/walletHistoryUtils.ts
FN:30,(anonymous_1)
FN:45,(anonymous_2)
FN:52,(anonymous_3)
FN:59,(anonymous_4)
FN:66,(anonymous_5)
FN:82,(anonymous_6)
FN:89,(anonymous_7)
FN:99,(anonymous_8)
FN:115,(anonymous_9)
FN:123,(anonymous_10)
FN:126,(anonymous_11)
FN:157,(anonymous_12)
FNF:12
FNH:7
FNDA:3,(anonymous_1)
FNDA:1,(anonymous_2)
FNDA:1,(anonymous_3)
FNDA:1,(anonymous_4)
FNDA:1,(anonymous_5)
FNDA:1,(anonymous_6)
FNDA:1,(anonymous_7)
FNDA:0,(anonymous_8)
FNDA:0,(anonymous_9)
FNDA:0,(anonymous_10)
FNDA:0,(anonymous_11)
FNDA:0,(anonymous_12)
DA:2,1
DA:3,1
DA:25,1
DA:30,1
DA:35,3
DA:45,1
DA:46,1
DA:52,1
DA:56,1
DA:59,1
DA:63,1
DA:66,1
DA:71,1
DA:82,1
DA:86,1
DA:89,1
DA:93,1
DA:99,1
DA:103,0
DA:115,1
DA:120,0
DA:123,0
DA:125,0
DA:127,0
DA:128,0
DA:132,0
DA:136,0
DA:151,0
DA:157,0
DA:158,0
DA:249,1
LF:31
LH:20
BRDA:36,0,0,3
BRDA:36,0,1,2
BRDA:36,0,2,1
BRDA:36,0,3,1
BRDA:36,0,4,0
BRDA:36,0,5,0
BRDA:72,1,0,1
BRDA:72,1,1,1
BRDA:72,1,2,1
BRDA:72,1,3,0
BRDA:72,1,4,0
BRDA:104,2,0,0
BRDA:104,2,1,0
BRDA:127,3,0,0
BRDA:127,3,1,0
BRDA:128,4,0,0
BRDA:129,5,0,0
BRDA:129,5,1,0
BRDA:132,6,0,0
BRDA:132,6,1,0
BRDA:133,7,0,0
BRDA:133,7,1,0
BRDA:137,8,0,0
BRDA:137,8,1,0
BRDA:137,8,2,0
BRDA:137,8,3,0
BRDA:137,8,4,0
BRDA:137,8,5,0
BRDA:137,8,6,0
BRDA:137,8,7,0
BRDA:137,8,8,0
BRDA:137,8,9,0
BRDA:159,9,0,0
BRDA:159,9,1,0
BRDA:159,9,2,0
BRDA:159,9,3,0
BRDA:159,9,4,0
BRDA:159,9,5,0
BRDA:159,9,6,0
BRDA:159,9,7,0
BRDA:159,9,8,0
BRDA:159,9,9,0
BRDA:159,9,10,0
BRDA:159,9,11,0
BRDA:159,9,12,0
BRDA:159,9,13,0
BRDA:159,9,14,0
BRDA:159,9,15,0
BRDA:159,9,16,0
BRDA:159,9,17,0
BRDA:159,9,18,0
BRDA:159,9,19,0
BRDA:159,9,20,0
BRDA:159,9,21,0
BRDA:159,9,22,0
BRDA:159,9,23,0
BRDA:159,9,24,0
BRDA:159,9,25,0
BRDA:159,9,26,0
BRDA:159,9,27,0
BRDA:159,9,28,0
BRDA:159,9,29,0
BRDA:159,9,30,0
BRDA:159,9,31,0
BRDA:159,9,32,0
BRDA:159,9,33,0
BRF:66
BRH:7
end_of_record
TN:
SF:src/utils/whatsNew.utils.ts
FN:5,(anonymous_1)
FNF:1
FNH:1
FNDA:3,(anonymous_1)
DA:1,1
DA:2,1
DA:3,1
DA:5,1
DA:6,3
DA:11,3
DA:17,1
LF:7
LH:7
BRF:0
BRH:0
end_of_record
TN:
SF:src/utils/widget.utils.ts
FN:16,(anonymous_1)
FN:37,(anonymous_2)
FN:47,(anonymous_3)
FN:64,(anonymous_4)
FN:68,(anonymous_5)
FN:78,(anonymous_6)
FN:85,(anonymous_7)
FN:88,(anonymous_8)
FN:94,(anonymous_9)
FNF:9
FNH:8
FNDA:0,(anonymous_1)
FNDA:2,(anonymous_2)
FNDA:1,(anonymous_3)
FNDA:1,(anonymous_4)
FNDA:2,(anonymous_5)
FNDA:1,(anonymous_6)
FNDA:1,(anonymous_7)
FNDA:2,(anonymous_8)
FNDA:1,(anonymous_9)
DA:1,9
DA:3,9
DA:4,9
DA:6,9
DA:16,9
DA:17,0
DA:18,0
DA:20,0
DA:21,0
DA:25,0
DA:26,0
DA:32,0
DA:33,0
DA:37,9
DA:41,2
DA:44,2
DA:46,1
DA:47,1
DA:48,1
DA:49,1
DA:54,1
DA:55,0
DA:57,1
DA:64,9
DA:65,1
DA:69,2
DA:78,9
DA:79,1
DA:82,1
DA:84,1
DA:85,1
DA:86,1
DA:88,2
DA:94,9
DA:95,1
DA:98,9
LF:36
LH:27
BRDA:20,0,0,0
BRDA:44,1,0,1
BRDA:44,1,1,1
BRDA:47,2,0,1
BRDA:54,3,0,0
BRDA:54,3,1,1
BRDA:54,4,0,1
BRDA:54,4,1,1
BRDA:82,5,0,1
BRDA:85,6,0,1
BRF:10
BRH:8
end_of_record
TN:
SF:src/utils/witness.utils.ts
FN:29,(anonymous_1)
FN:109,(anonymous_2)
FN:117,(anonymous_3)
FN:134,(anonymous_4)
FN:141,(anonymous_5)
FNF:5
FNH:3
FNDA:1,(anonymous_1)
FNDA:1,(anonymous_2)
FNDA:0,(anonymous_3)
FNDA:0,(anonymous_4)
FNDA:1,(anonymous_5)
DA:2,1
DA:4,1
DA:5,1
DA:6,1
DA:13,1
DA:14,1
DA:22,1
DA:24,1
DA:26,1
DA:29,1
DA:35,1
DA:41,1
DA:42,1
DA:44,1
DA:107,1
DA:109,1
DA:110,1
DA:111,1
DA:112,1
DA:114,1
DA:117,1
DA:121,0
DA:124,0
DA:125,0
DA:127,0
DA:128,0
DA:134,1
DA:135,0
DA:138,0
DA:141,1
DA:146,1
LF:31
LH:24
BRDA:54,0,0,1
BRDA:54,0,1,1
BRDA:55,1,0,1
BRDA:55,1,1,0
BRDA:75,2,0,1
BRDA:75,2,1,0
BRDA:77,3,0,1
BRDA:77,3,1,0
BRDA:81,4,0,1
BRDA:81,4,1,0
BRDA:85,5,0,1
BRDA:85,5,1,1
BRDA:87,6,0,1
BRDA:87,6,1,1
BRDA:91,7,0,1
BRDA:91,7,1,1
BRDA:95,8,0,1
BRDA:95,8,1,1
BRDA:97,9,0,1
BRDA:97,9,1,1
BRDA:101,10,0,1
BRDA:101,10,1,1
BRDA:124,11,0,0
BRDA:138,12,0,0
BRDA:138,12,1,0
BRF:25
BRH:18
end_of_record
TN:
SF:src/utils/hiveAuthenticationService/static.ts
FN:5,(anonymous_1)
FN:27,(anonymous_2)
FN:29,(anonymous_3)
FN:33,(anonymous_4)
FN:35,(anonymous_5)
FNF:5
FNH:5
FNDA:10,(anonymous_1)
FNDA:3,(anonymous_2)
FNDA:3,(anonymous_3)
FNDA:4,(anonymous_4)
FNDA:5,(anonymous_5)
DA:1,1
DA:2,1
DA:5,1
DA:6,10
DA:8,8
DA:12,7
DA:16,5
DA:20,3
DA:27,1
DA:28,3
DA:29,3
DA:33,1
DA:34,4
DA:36,5
DA:37,1
DA:42,1
LF:16
LH:16
BRDA:6,0,0,8
BRDA:9,1,0,8
BRDA:9,1,1,8
BRDA:13,2,0,7
BRDA:13,2,1,6
BRDA:17,3,0,5
BRDA:17,3,1,4
BRDA:36,4,0,4
BRDA:36,4,1,1
BRF:9
BRH:9
end_of_record
TN:
SF:src/utils/storage/encryptedStorage.utils.ts
FN:5,(anonymous_1)
FN:14,(anonymous_2)
FN:23,(anonymous_3)
FN:27,(anonymous_4)
FNF:4
FNH:4
FNDA:2,(anonymous_1)
FNDA:1,(anonymous_2)
FNDA:1,(anonymous_3)
FNDA:1,(anonymous_4)
DA:1,10
DA:3,10
DA:5,10
DA:9,2
DA:10,2
DA:11,2
DA:14,10
DA:19,1
DA:20,1
DA:23,10
DA:24,1
DA:27,10
DA:28,1
DA:31,10
LF:14
LH:14
BRDA:10,0,0,1
BRDA:10,0,1,1
BRF:2
BRH:2
end_of_record
TN:
SF:src/utils/storage/keychainStorage.utils.ts
FN:5,(anonymous_9)
FN:7,(anonymous_10)
FN:28,(anonymous_11)
FN:57,(anonymous_12)
FNF:4
FNH:4
FNDA:1,(anonymous_9)
FNDA:2,(anonymous_10)
FNDA:2,(anonymous_11)
FNDA:3,(anonymous_12)
DA:1,11
DA:2,11
DA:3,11
DA:5,11
DA:6,1
DA:7,2
DA:8,1
DA:11,1
DA:12,2
DA:16,2
DA:17,0
DA:19,0
DA:20,0
DA:22,0
DA:24,2
DA:28,11
DA:29,2
DA:30,2
DA:31,2
DA:34,2
DA:35,1
DA:36,1
DA:37,2
DA:40,2
DA:41,1
DA:45,2
DA:46,2
DA:47,2
DA:48,2
DA:50,0
DA:53,1
DA:57,11
DA:58,3
DA:61,3
DA:62,1
DA:63,1
DA:64,1
DA:65,2
DA:66,2
DA:68,1
LF:40
LH:35
BRDA:16,0,0,0
BRDA:16,1,0,2
BRDA:16,1,1,1
BRDA:34,2,0,1
BRDA:40,3,0,1
BRDA:47,4,0,2
BRDA:61,5,0,1
BRF:7
BRH:6
end_of_record
TN:
SF:src/utils/storage/secureStore.utils.ts
FN:10,(anonymous_9)
FN:33,(anonymous_10)
FN:46,(anonymous_11)
FN:57,(anonymous_12)
FN:63,(anonymous_13)
FN:75,(anonymous_14)
FNF:6
FNH:6
FNDA:2,(anonymous_9)
FNDA:1,(anonymous_10)
FNDA:1,(anonymous_11)
FNDA:1,(anonymous_12)
FNDA:3,(anonymous_13)
FNDA:15,(anonymous_14)
DA:1,10
DA:2,10
DA:3,10
DA:10,10
DA:16,2
DA:19,2
DA:33,10
DA:39,1
DA:46,10
DA:51,1
DA:57,10
DA:58,1
DA:63,10
DA:64,3
DA:72,3
DA:74,3
DA:76,15
DA:81,10
DA:88,10
LF:19
LH:19
BRDA:16,0,0,2
BRDA:16,0,1,0
BRDA:23,1,0,2
BRDA:23,1,1,0
BRDA:26,2,0,2
BRDA:26,2,1,2
BRDA:26,2,2,0
BRDA:49,3,0,1
BRF:8
BRH:5
end_of_record
TN:
SF:src/utils/storage/storage.utils.ts
FN:17,(anonymous_10)
FN:24,(anonymous_11)
FN:50,(anonymous_12)
FN:65,(anonymous_13)
FN:77,(anonymous_14)
FN:118,(anonymous_15)
FN:140,(anonymous_16)
FN:146,(anonymous_17)
FNF:8
FNH:3
FNDA:0,(anonymous_10)
FNDA:0,(anonymous_11)
FNDA:1,(anonymous_12)
FNDA:1,(anonymous_13)
FNDA:0,(anonymous_14)
FNDA:0,(anonymous_15)
FNDA:8,(anonymous_16)
FNDA:0,(anonymous_17)
DA:1,8
DA:2,8
DA:3,8
DA:4,8
DA:5,8
DA:6,8
DA:7,8
DA:8,8
DA:9,8
DA:10,8
DA:11,8
DA:12,8
DA:13,8
DA:15,8
DA:17,8
DA:18,0
DA:21,0
DA:24,8
DA:25,0
DA:26,0
DA:27,0
DA:33,0
DA:34,0
DA:40,0
DA:41,0
DA:45,0
DA:46,0
DA:47,0
DA:50,8
DA:51,1
DA:52,1
DA:53,0
DA:54,0
DA:60,1
DA:65,8
DA:66,1
DA:71,1
DA:77,8
DA:82,0
DA:83,0
DA:86,0
DA:92,0
DA:93,0
DA:101,0
DA:104,0
DA:105,0
DA:107,0
DA:112,0
DA:118,8
DA:119,0
DA:120,0
DA:121,0
DA:122,0
DA:126,0
DA:127,0
DA:128,0
DA:129,0
DA:130,0
DA:135,0
DA:137,0
DA:140,8
DA:141,8
DA:142,8
DA:143,8
DA:146,8
DA:150,0
DA:151,0
DA:152,0
DA:153,0
DA:154,0
DA:155,0
DA:160,0
DA:161,0
DA:166,0
DA:170,0
DA:174,0
DA:180,8
DA:190,8
LF:78
LH:32
BRDA:21,0,0,0
BRDA:21,0,1,0
BRDA:26,1,0,0
BRDA:33,2,0,0
BRDA:52,3,0,0
BRDA:52,3,1,1
BRDA:53,4,0,0
BRDA:83,5,0,0
BRDA:86,6,0,0
BRDA:86,6,1,0
BRDA:92,7,0,0
BRDA:120,8,0,0
BRDA:126,9,0,0
BRDA:129,10,0,0
BRDA:140,11,0,8
BRDA:140,11,1,8
BRDA:148,12,0,0
BRDA:150,13,0,0
BRDA:152,14,0,0
BRDA:152,14,1,0
BRDA:154,15,0,0
BRDA:160,16,0,0
BRDA:166,17,0,0
BRDA:166,17,1,0
BRDA:174,18,0,0
BRDA:174,18,1,0
BRF:26
BRH:3
end_of_record
