TN:
SF:src/actions/accountValueDisplay.ts
FN:4,(anonymous_0)
FNF:1
FNH:1
FNDA:3,(anonymous_0)
DA:2,2
DA:4,2
DA:7,3
LF:3
LH:3
BRF:0
BRH:0
end_of_record
TN:
SF:src/actions/accounts.ts
FN:29,(anonymous_1)
FN:37,(anonymous_2)
FN:46,(anonymous_3)
FN:68,(anonymous_4)
FN:85,(anonymous_5)
FN:85,(anonymous_6)
FN:94,(anonymous_7)
FN:95,(anonymous_8)
FN:98,(anonymous_9)
FN:117,(anonymous_10)
FN:118,(anonymous_11)
FN:121,(anonymous_12)
FN:131,(anonymous_13)
FN:152,(anonymous_14)
FN:153,(anonymous_15)
FN:163,(anonymous_16)
FN:178,(anonymous_17)
FN:179,(anonymous_18)
FN:193,(anonymous_19)
FN:194,(anonymous_20)
FNF:20
FNH:20
FNDA:10,(anonymous_1)
FNDA:10,(anonymous_2)
FNDA:5,(anonymous_3)
FNDA:7,(anonymous_4)
FNDA:2,(anonymous_5)
FNDA:2,(anonymous_6)
FNDA:3,(anonymous_7)
FNDA:2,(anonymous_8)
FNDA:3,(anonymous_9)
FNDA:3,(anonymous_10)
FNDA:3,(anonymous_11)
FNDA:4,(anonymous_12)
FNDA:3,(anonymous_13)
FNDA:4,(anonymous_14)
FNDA:4,(anonymous_15)
FNDA:4,(anonymous_16)
FNDA:1,(anonymous_17)
FNDA:1,(anonymous_18)
FNDA:4,(anonymous_19)
FNDA:4,(anonymous_20)
DA:1,3
DA:2,2
DA:3,2
DA:4,2
DA:6,2
DA:7,2
DA:8,2
DA:9,2
DA:10,2
DA:11,2
DA:12,2
DA:20,2
DA:21,2
DA:28,2
DA:29,2
DA:37,10
DA:38,10
DA:39,10
DA:40,10
DA:41,5
DA:46,10
DA:47,4
DA:48,4
DA:49,3
DA:50,3
DA:52,3
DA:54,6
DA:58,6
DA:59,6
DA:60,6
DA:66,6
DA:68,7
DA:71,6
DA:72,1
DA:73,1
DA:75,5
DA:76,5
DA:77,5
DA:85,2
DA:86,2
DA:87,2
DA:90,2
DA:93,2
DA:94,2
DA:95,3
DA:96,2
DA:97,2
DA:98,3
DA:99,2
DA:100,1
DA:105,1
DA:109,1
DA:110,1
DA:112,1
DA:116,2
DA:117,2
DA:118,3
DA:120,3
DA:121,4
DA:124,3
DA:125,1
DA:126,1
DA:130,2
DA:132,3
DA:133,2
DA:134,2
DA:135,2
DA:136,2
DA:137,2
DA:139,1
DA:143,2
DA:151,2
DA:152,2
DA:153,4
DA:154,4
DA:155,4
DA:156,1
DA:157,3
DA:158,1
DA:162,2
DA:164,4
DA:165,2
DA:167,2
DA:171,2
DA:177,2
DA:178,2
DA:179,1
DA:180,1
DA:181,1
DA:186,1
DA:193,2
DA:194,4
DA:195,4
DA:196,4
DA:197,4
DA:198,4
DA:203,4
DA:207,4
LF:98
LH:98
BRDA:35,0,0,8
BRDA:40,1,0,5
BRDA:46,2,0,4
BRDA:48,3,0,1
BRDA:49,4,0,3
BRDA:50,5,0,1
BRDA:50,5,1,2
BRDA:71,6,0,1
BRDA:75,7,0,5
BRDA:77,8,0,2
BRDA:77,8,1,3
BRDA:78,9,0,1
BRDA:78,9,1,1
BRDA:99,10,0,1
BRDA:99,10,1,1
BRDA:124,11,0,1
BRDA:124,11,1,2
BRDA:132,12,0,2
BRDA:132,12,1,1
BRDA:155,13,0,1
BRDA:155,13,1,3
BRDA:157,14,0,1
BRDA:157,14,1,2
BRDA:164,15,0,2
BRDA:164,15,1,2
BRF:25
BRH:25
end_of_record
TN:
SF:src/actions/browser.ts
FN:22,(anonymous_0)
FN:30,(anonymous_1)
FN:38,(anonymous_2)
FN:45,(anonymous_3)
FN:53,(anonymous_4)
FN:61,(anonymous_5)
FN:70,(anonymous_6)
FN:71,(anonymous_7)
FN:72,(anonymous_8)
FN:91,(anonymous_9)
FN:99,(anonymous_10)
FN:107,(anonymous_11)
FN:115,(anonymous_12)
FN:121,(anonymous_13)
FN:129,(anonymous_14)
FN:133,(anonymous_15)
FN:144,(anonymous_16)
FN:153,(anonymous_17)
FN:154,(anonymous_18)
FNF:19
FNH:19
FNDA:1,(anonymous_0)
FNDA:1,(anonymous_1)
FNDA:1,(anonymous_2)
FNDA:1,(anonymous_3)
FNDA:1,(anonymous_4)
FNDA:1,(anonymous_5)
FNDA:4,(anonymous_6)
FNDA:4,(anonymous_7)
FNDA:1,(anonymous_8)
FNDA:4,(anonymous_9)
FNDA:1,(anonymous_10)
FNDA:1,(anonymous_11)
FNDA:1,(anonymous_12)
FNDA:6,(anonymous_13)
FNDA:4,(anonymous_14)
FNDA:1,(anonymous_15)
FNDA:8,(anonymous_16)
FNDA:1,(anonymous_17)
FNDA:1,(anonymous_18)
DA:2,2
DA:3,2
DA:5,2
DA:22,2
DA:23,1
DA:27,1
DA:30,2
DA:31,1
DA:35,1
DA:38,2
DA:39,1
DA:42,1
DA:45,2
DA:46,1
DA:50,1
DA:53,2
DA:54,1
DA:58,1
DA:61,2
DA:62,1
DA:66,1
DA:69,2
DA:70,2
DA:71,4
DA:72,4
DA:73,4
DA:74,1
DA:76,3
DA:77,3
DA:81,3
DA:83,4
DA:84,4
DA:85,3
DA:87,1
DA:91,2
DA:92,4
DA:96,4
DA:99,2
DA:100,1
DA:104,1
DA:107,2
DA:108,1
DA:112,1
DA:115,2
DA:116,1
DA:121,2
DA:122,6
DA:128,2
DA:129,2
DA:130,4
DA:131,3
DA:132,1
DA:133,1
DA:134,1
DA:137,3
DA:141,3
DA:144,2
DA:145,8
DA:149,8
DA:152,2
DA:153,2
DA:154,1
DA:155,1
DA:156,1
LF:64
LH:64
BRDA:73,0,0,1
BRDA:73,0,1,3
BRDA:84,1,0,3
BRDA:84,1,1,1
BRDA:130,2,0,1
BRDA:131,3,0,1
BRF:6
BRH:6
end_of_record
TN:
SF:src/actions/colors.ts
FN:6,(anonymous_0)
FN:6,(anonymous_1)
FNF:2
FNH:2
FNDA:1,(anonymous_0)
FNDA:1,(anonymous_1)
DA:2,2
DA:4,2
DA:6,2
DA:7,1
DA:11,1
LF:5
LH:5
BRF:0
BRH:0
end_of_record
TN:
SF:src/actions/floatingBar.ts
FN:10,(anonymous_0)
FN:19,(anonymous_1)
FN:28,(anonymous_2)
FN:37,(anonymous_3)
FN:46,(anonymous_4)
FNF:5
FNH:5
FNDA:2,(anonymous_0)
FNDA:1,(anonymous_1)
FNDA:1,(anonymous_2)
FNDA:1,(anonymous_3)
FNDA:1,(anonymous_4)
DA:2,1
DA:10,1
DA:13,2
DA:19,1
DA:22,1
DA:28,1
DA:31,1
DA:37,1
DA:40,1
DA:46,1
DA:47,1
LF:11
LH:11
BRF:0
BRH:0
end_of_record
TN:
SF:src/actions/hive-uri.ts
FN:5,(anonymous_0)
FN:15,(anonymous_1)
FNF:2
FNH:2
FNDA:1,(anonymous_0)
FNDA:1,(anonymous_1)
DA:3,2
DA:5,2
DA:9,1
DA:15,2
DA:16,1
LF:5
LH:5
BRF:0
BRH:0
end_of_record
TN:
SF:src/actions/hive.ts
FN:37,(anonymous_1)
FN:38,(anonymous_2)
FN:51,(anonymous_3)
FN:62,(anonymous_4)
FN:63,(anonymous_5)
FN:71,(anonymous_6)
FN:71,(anonymous_7)
FN:85,(anonymous_8)
FN:85,(anonymous_9)
FN:97,(anonymous_10)
FN:97,(anonymous_11)
FN:104,(anonymous_12)
FN:105,(anonymous_13)
FN:106,(anonymous_14)
FN:121,(anonymous_15)
FN:122,(anonymous_16)
FN:123,(anonymous_17)
FN:140,(anonymous_18)
FN:141,(anonymous_19)
FN:154,(anonymous_20)
FN:155,(anonymous_21)
FN:167,(anonymous_22)
FN:167,(anonymous_23)
FN:175,(anonymous_24)
FN:176,(anonymous_25)
FN:185,(anonymous_26)
FN:186,(anonymous_27)
FN:190,(anonymous_28)
FN:199,(anonymous_29)
FN:200,(anonymous_30)
FNF:30
FNH:30
FNDA:3,(anonymous_1)
FNDA:3,(anonymous_2)
FNDA:3,(anonymous_3)
FNDA:3,(anonymous_4)
FNDA:1,(anonymous_5)
FNDA:1,(anonymous_6)
FNDA:1,(anonymous_7)
FNDA:2,(anonymous_8)
FNDA:2,(anonymous_9)
FNDA:1,(anonymous_10)
FNDA:1,(anonymous_11)
FNDA:2,(anonymous_12)
FNDA:2,(anonymous_13)
FNDA:2,(anonymous_14)
FNDA:2,(anonymous_15)
FNDA:2,(anonymous_16)
FNDA:2,(anonymous_17)
FNDA:2,(anonymous_18)
FNDA:2,(anonymous_19)
FNDA:2,(anonymous_20)
FNDA:2,(anonymous_21)
FNDA:1,(anonymous_22)
FNDA:1,(anonymous_23)
FNDA:3,(anonymous_24)
FNDA:3,(anonymous_25)
FNDA:1,(anonymous_26)
FNDA:1,(anonymous_27)
FNDA:4,(anonymous_28)
FNDA:1,(anonymous_29)
FNDA:1,(anonymous_30)
DA:2,3
DA:3,2
DA:9,2
DA:10,2
DA:11,2
DA:12,2
DA:13,2
DA:14,2
DA:20,2
DA:36,2
DA:37,2
DA:38,3
DA:39,3
DA:45,3
DA:46,3
DA:47,3
DA:48,1
DA:50,3
DA:51,3
DA:52,3
DA:62,2
DA:63,3
DA:64,1
DA:65,1
DA:71,2
DA:72,1
DA:77,1
DA:78,1
DA:82,1
DA:85,2
DA:86,2
DA:87,2
DA:88,1
DA:93,1
DA:97,2
DA:98,1
DA:103,2
DA:104,2
DA:105,2
DA:106,2
DA:108,2
DA:114,2
DA:120,2
DA:121,2
DA:122,2
DA:123,2
DA:125,2
DA:131,2
DA:132,1
DA:139,2
DA:140,2
DA:141,2
DA:142,2
DA:143,2
DA:147,1
DA:149,1
DA:153,2
DA:154,2
DA:155,2
DA:156,2
DA:157,2
DA:161,1
DA:163,1
DA:167,2
DA:168,1
DA:174,2
DA:175,2
DA:176,3
DA:177,3
DA:178,3
DA:184,2
DA:185,2
DA:186,1
DA:187,1
DA:190,4
DA:192,1
DA:198,2
DA:199,2
DA:200,1
DA:201,1
DA:202,1
LF:81
LH:81
BRDA:47,0,0,1
BRDA:131,1,0,1
BRDA:190,2,0,4
BRDA:190,2,1,2
BRF:4
BRH:4
end_of_record
TN:
SF:src/actions/hiveAuthenticationService.ts
FN:6,(anonymous_0)
FN:15,(anonymous_1)
FN:22,(anonymous_2)
FN:26,(anonymous_3)
FN:33,(anonymous_4)
FN:43,(anonymous_5)
FN:49,(anonymous_6)
FN:56,(anonymous_7)
FNF:8
FNH:8
FNDA:1,(anonymous_0)
FNDA:1,(anonymous_1)
FNDA:1,(anonymous_2)
FNDA:1,(anonymous_3)
FNDA:2,(anonymous_4)
FNDA:1,(anonymous_5)
FNDA:1,(anonymous_6)
FNDA:1,(anonymous_7)
DA:4,1
DA:6,1
DA:7,1
DA:8,1
DA:9,1
DA:15,1
DA:16,1
DA:22,1
DA:23,1
DA:26,1
DA:27,1
DA:33,1
DA:37,2
DA:43,1
DA:44,1
DA:49,1
DA:50,1
DA:56,1
DA:60,1
LF:19
LH:19
BRF:0
BRH:0
end_of_record
TN:
SF:src/actions/hiveEngine.ts
FN:31,(anonymous_1)
FN:31,(anonymous_2)
FN:40,(anonymous_3)
FN:40,(anonymous_4)
FN:64,(anonymous_5)
FN:65,(anonymous_6)
FN:73,(anonymous_7)
FN:80,(anonymous_8)
FN:103,(anonymous_9)
FN:104,(anonymous_10)
FN:106,(anonymous_11)
FN:129,(anonymous_12)
FN:178,(anonymous_13)
FN:178,(anonymous_14)
FNF:14
FNH:0
FNDA:0,(anonymous_1)
FNDA:0,(anonymous_2)
FNDA:0,(anonymous_3)
FNDA:0,(anonymous_4)
FNDA:0,(anonymous_5)
FNDA:0,(anonymous_6)
FNDA:0,(anonymous_7)
FNDA:0,(anonymous_8)
FNDA:0,(anonymous_9)
FNDA:0,(anonymous_10)
FNDA:0,(anonymous_11)
FNDA:0,(anonymous_12)
FNDA:0,(anonymous_13)
FNDA:0,(anonymous_14)
DA:1,1
DA:2,1
DA:3,1
DA:4,1
DA:6,1
DA:7,1
DA:14,1
DA:15,1
DA:16,1
DA:17,1
DA:19,1
DA:20,1
DA:21,1
DA:31,1
DA:32,0
DA:33,0
DA:37,0
DA:40,1
DA:41,0
DA:42,0
DA:44,0
DA:45,0
DA:53,0
DA:54,0
DA:56,0
DA:60,0
DA:63,1
DA:64,1
DA:65,0
DA:66,0
DA:67,0
DA:71,0
DA:72,0
DA:73,0
DA:75,0
DA:79,0
DA:80,0
DA:81,0
DA:86,0
DA:89,0
DA:94,0
DA:95,0
DA:96,0
DA:98,0
DA:102,1
DA:103,1
DA:104,0
DA:105,0
DA:106,0
DA:108,0
DA:110,0
DA:111,0
DA:113,0
DA:114,0
DA:115,0
DA:125,0
DA:126,0
DA:129,0
DA:130,0
DA:131,0
DA:134,0
DA:139,0
DA:141,0
DA:148,0
DA:154,0
DA:161,0
DA:167,0
DA:171,0
DA:175,0
DA:178,1
DA:179,0
LF:71
LH:20
BRDA:89,0,0,0
BRDA:89,0,1,0
BRDA:90,1,0,0
BRDA:90,1,1,0
BRDA:90,1,2,0
BRDA:131,2,0,0
BRDA:131,2,1,0
BRDA:131,2,2,0
BRDA:131,2,3,0
BRDA:131,2,4,0
BRDA:131,2,5,0
BRDA:131,2,6,0
BRDA:131,2,7,0
BRDA:131,2,8,0
BRF:14
BRH:0
end_of_record
TN:
SF:src/actions/index.ts
FN:13,(anonymous_5)
FN:21,(anonymous_6)
FN:22,(anonymous_7)
FN:72,(anonymous_8)
FNF:4
FNH:4
FNDA:1,(anonymous_5)
FNDA:9,(anonymous_6)
FNDA:9,(anonymous_7)
FNDA:1,(anonymous_8)
DA:1,2
DA:2,2
DA:3,2
DA:4,2
DA:6,2
DA:7,2
DA:8,2
DA:9,2
DA:11,2
DA:13,2
DA:14,1
DA:15,1
DA:16,1
DA:17,1
DA:20,2
DA:21,2
DA:22,9
DA:23,9
DA:25,9
DA:26,9
DA:27,1
DA:28,1
DA:31,8
DA:33,4
DA:34,2
DA:38,2
DA:39,2
DA:43,2
DA:44,2
DA:47,2
DA:49,4
DA:50,1
DA:53,4
DA:54,1
DA:56,3
DA:59,3
DA:61,3
DA:62,3
DA:64,1
DA:67,3
DA:72,2
DA:73,1
DA:74,1
DA:77,2
DA:78,1
DA:79,1
DA:80,1
DA:81,1
DA:82,1
DA:83,1
DA:84,1
DA:85,1
LF:52
LH:52
BRDA:26,0,0,1
BRDA:27,1,0,1
BRDA:33,2,0,2
BRDA:33,3,0,4
BRDA:33,3,1,3
BRDA:49,4,0,1
BRDA:53,5,0,1
BRDA:53,5,1,3
BRF:8
BRH:8
end_of_record
TN:
SF:src/actions/interfaces.ts
FN:186,(anonymous_0)
FN:192,(anonymous_1)
FNF:2
FNH:2
FNDA:12,(anonymous_0)
FNDA:12,(anonymous_1)
DA:186,12
DA:187,12
DA:188,12
DA:189,12
DA:192,12
DA:193,12
DA:194,12
DA:195,12
LF:8
LH:8
BRDA:186,0,0,12
BRDA:186,0,1,12
BRDA:192,1,0,12
BRDA:192,1,1,12
BRF:4
BRH:4
end_of_record
TN:
SF:src/actions/message.ts
FN:5,(anonymous_0)
FN:24,(anonymous_1)
FNF:2
FNH:2
FNDA:3,(anonymous_0)
FNDA:1,(anonymous_1)
DA:3,2
DA:5,2
DA:12,3
DA:24,2
DA:25,1
LF:5
LH:5
BRF:0
BRH:0
end_of_record
TN:
SF:src/actions/navigation.ts
FN:4,(anonymous_0)
FNF:1
FNH:1
FNDA:3,(anonymous_0)
DA:2,1
DA:4,1
DA:7,3
LF:3
LH:3
BRF:0
BRH:0
end_of_record
TN:
SF:src/actions/notifications.ts
FN:8,(anonymous_0)
FN:9,(anonymous_1)
FN:21,(anonymous_2)
FNF:3
FNH:3
FNDA:2,(anonymous_0)
FNDA:2,(anonymous_1)
FNDA:1,(anonymous_2)
DA:3,1
DA:5,1
DA:7,1
DA:8,1
DA:9,2
DA:10,2
DA:15,2
DA:21,1
DA:22,1
LF:9
LH:9
BRF:0
BRH:0
end_of_record
TN:
SF:src/actions/preferences.ts
FN:5,(anonymous_0)
FN:20,(anonymous_1)
FNF:2
FNH:2
FNDA:1,(anonymous_0)
FNDA:1,(anonymous_1)
DA:3,2
DA:5,2
DA:10,1
DA:20,2
DA:25,1
LF:5
LH:5
BRF:0
BRH:0
end_of_record
TN:
SF:src/actions/rpc-switcher.ts
FN:4,(anonymous_0)
FN:11,(anonymous_1)
FNF:2
FNH:2
FNDA:1,(anonymous_0)
FNDA:2,(anonymous_1)
DA:2,2
DA:4,2
DA:5,1
DA:11,2
DA:12,2
LF:5
LH:5
BRF:0
BRH:0
end_of_record
TN:
SF:src/actions/settings.ts
FN:15,(anonymous_1)
FN:23,(anonymous_2)
FN:31,(anonymous_3)
FN:39,(anonymous_4)
FN:39,(anonymous_5)
FNF:5
FNH:5
FNDA:1,(anonymous_1)
FNDA:1,(anonymous_2)
FNDA:1,(anonymous_3)
FNDA:1,(anonymous_4)
FNDA:1,(anonymous_5)
DA:1,2
DA:9,2
DA:15,2
DA:16,1
DA:20,1
DA:23,2
DA:24,1
DA:28,1
DA:31,2
DA:32,1
DA:36,1
DA:39,2
DA:40,1
DA:43,1
DA:47,1
LF:15
LH:15
BRF:0
BRH:0
end_of_record
TN:
SF:src/actions/tokensFilters.ts
FN:5,(anonymous_0)
FN:13,(anonymous_1)
FNF:2
FNH:2
FNDA:1,(anonymous_0)
FNDA:1,(anonymous_1)
DA:3,1
DA:5,1
DA:6,1
DA:10,1
DA:13,1
DA:14,1
DA:17,1
LF:7
LH:7
BRF:0
BRH:0
end_of_record
TN:
SF:src/actions/types.ts
FN:77,(anonymous_0)
FN:88,(anonymous_1)
FNF:2
FNH:2
FNDA:41,(anonymous_0)
FNDA:41,(anonymous_1)
DA:2,41
DA:3,41
DA:4,41
DA:5,41
DA:8,41
DA:9,41
DA:10,41
DA:11,41
DA:14,41
DA:15,41
DA:16,41
DA:17,41
DA:18,41
DA:19,41
DA:20,41
DA:21,41
DA:22,41
DA:23,41
DA:24,41
DA:25,41
DA:27,41
DA:28,41
DA:29,41
DA:30,41
DA:31,41
DA:32,41
DA:33,41
DA:34,41
DA:37,41
DA:38,41
DA:40,41
DA:41,41
DA:42,41
DA:43,41
DA:44,41
DA:45,41
DA:47,41
DA:48,41
DA:49,41
DA:50,41
DA:51,41
DA:52,41
DA:53,41
DA:54,41
DA:55,41
DA:56,41
DA:57,41
DA:58,41
DA:59,41
DA:60,41
DA:61,41
DA:63,41
DA:64,41
DA:67,41
DA:68,41
DA:71,41
DA:72,41
DA:73,41
DA:74,41
DA:75,41
DA:77,41
DA:78,41
DA:79,41
DA:80,41
DA:81,41
DA:82,41
DA:83,41
DA:84,41
DA:85,41
DA:88,41
DA:89,41
DA:90,41
DA:94,41
DA:95,41
DA:98,41
DA:99,41
DA:102,41
DA:105,41
DA:108,41
DA:109,41
LF:80
LH:80
BRDA:77,0,0,41
BRDA:77,0,1,41
BRDA:88,1,0,41
BRDA:88,1,1,41
BRF:4
BRH:4
end_of_record
TN:
SF:src/actions/walletFilters.ts
FN:5,(anonymous_0)
FN:13,(anonymous_1)
FNF:2
FNH:2
FNDA:1,(anonymous_0)
FNDA:1,(anonymous_1)
DA:3,1
DA:5,1
DA:6,1
DA:10,1
DA:13,1
DA:14,1
DA:17,1
LF:7
LH:7
BRF:0
BRH:0
end_of_record
